[INFO][FMUCHK] FMI compliance checker 2.0.3b2 [FMILibrary: 2.0.2b3] build date: Apr 28 2016
[INFO][FMUCHK] Called with following options:
[INFO][FMUCHK] fmuCheck.win64.exe -k me -e Rectifier_cc.log -o Rectifier_cc.csv -h 2e-7 -s 0.1 Rectifier.fmu
[INFO][FMUCHK] Will process FMU Rectifier.fmu
[INFO][FMILIB] XML specifies FMI standard version 2.0
[INFO][FMUCHK] Model name: Rectifier
[INFO][FMUCHK] Model GUID: {0faa409e-5fa3-4c53-a892-30f489061351}
[INFO][FMUCHK] Model version: 
[INFO][FMUCHK] FMU kind: ModelExchange
[INFO][FMUCHK] The FMU contains:
3 constants
23 parameters
6 discrete variables
113 continuous variables
0 inputs
8 outputs
159 local variables
0 independent variables
0 calculated parameters
184 real variables
0 integer variables
0 enumeration variables
6 boolean variables
0 string variables

[INFO][FMUCHK] Printing output file header
[INFO][FMUCHK] Model identifier for ModelExchange: Rectifier
[INFO][FMILIB] Loading 'win64' binary with 'default' platform types
[INFO][FMUCHK] Version returned from ME FMU: '2.0'

[INFO][FMUCHK] Initialized FMU for simulation starting at time 0
[INFO][FMUCHK] Simulation finished successfully at time 0.1
FMU check summary:
FMU reported:
	0 warning(s) and error(s)
Checker reported:
	0 Warning(s)
	0 Error(s)
