[INFO][FMUCHK] FMI compliance checker Test [FMILibrary: Test] build date: Nov  5 2015
[INFO][FMUCHK] Called with following options:
[INFO][FMUCHK] fmuCheck.linux64 -f -e fuelrail_cs_cc.log -o fuelrail_cs_cc.csv -l 4 -h 1e-6 -s 0.03 fuelrail_cs.fmu
[INFO][FMUCHK] Will process FMU fuelrail_cs.fmu
[INFO][FMILIB] XML specifies FMI standard version 2.0
[INFO][FMUCHK] Model name: fuelrail_cs
[INFO][FMUCHK] Model GUID: 2352668240
[INFO][FMUCHK] Model version: 
[INFO][FMUCHK] FMU kind: CoSimulation
[INFO][FMUCHK] The FMU contains:
0 constants
10 parameters
0 discrete variables
3 continuous variables
0 inputs
0 outputs
3 local variables
0 independent variables
0 calculated parameters
6 real variables
7 integer variables
0 enumeration variables
0 boolean variables
0 string variables

[INFO][FMUCHK] Printing output file header
[INFO][FMUCHK] Model identifier for CoSimulation: fuelrail_cs
[INFO][FMILIB] Loading 'linux64' binary with 'default' platform types
[INFO][FMUCHK] Version returned from CS FMU:   2.0
	[FMU][warning][FMU status:Warning] fuelrail_cs_fmi2Instantiate: the AME environment variable is undefined. Simulation could fail if the model requires datas from the LMS Amesim distribution
[INFO][FMUCHK] Initialized FMU for simulation starting at time 0
[INFO][FMUCHK] Simulation finished successfully at time 0.03
FMU check summary:
FMU reported:
	1 warning(s) and error(s)
Checker reported:
	0 Warning(s)
	0 Error(s)
