[INFO][FMUCHK] FMI compliance checker 2.0.3b2 [FMILibrary: 2.0.2b3] build date: Apr 28 2016
[INFO][FMUCHK] Called with following options:
[INFO][FMUCHK] e:\users\R38\adele\CSR418PRJ_r38\CATSysExecModelica.tst\FunctionTests\InputData\CATSysExecExportFMUForCheck.rec\bin\win64\fmuCheck.win64.exe -e e:\users\R38\adele\CSR418PRJ_r38\CATSysExecModelica.tst\FunctionTests\InputData\CATSysExecExportFMUForCheck.rec\bin\win64\ControlledTemperature_cc.log -o e:\users\R38\adele\CSR418PRJ_r38\CATSysExecModelica.tst\FunctionTests\InputData\CATSysExecExportFMUForCheck.rec\bin\win64\ControlledTemperature_cc.csv -h 1e0 -s 25 e:\users\R38\adele\CSR418PRJ_r38\CATSysExecModelica.tst\FunctionTests\InputData\CATSysExecExportFMUForCheck.rec\bin\win64\ControlledTemperature.fmu
[INFO][FMUCHK] Will process FMU e:\users\R38\adele\CSR418PRJ_r38\CATSysExecModelica.tst\FunctionTests\InputData\CATSysExecExportFMUForCheck.rec\bin\win64\ControlledTemperature.fmu
[INFO][FMILIB] XML specifies FMI standard version 2.0
[INFO][FMUCHK] Model name: ControlledTemperature
[INFO][FMUCHK] Model GUID: {b8aadd22-a6e0-4402-9332-66a2a9c88f38}
[INFO][FMUCHK] Model version: 
[INFO][FMUCHK] FMU kind: CoSimulation
[INFO][FMUCHK] The FMU contains:
7 constants
15 parameters
5 discrete variables
41 continuous variables
0 inputs
3 outputs
54 local variables
0 independent variables
0 calculated parameters
66 real variables
0 integer variables
0 enumeration variables
6 boolean variables
0 string variables

[INFO][FMUCHK] Printing output file header
[INFO][FMUCHK] Model identifier for CoSimulation: ControlledTemperature
[INFO][FMILIB] Loading 'win64' binary with 'default' platform types
[INFO][FMUCHK] Version returned from CS FMU:   2.0
[INFO][FMUCHK] Initialized FMU for simulation starting at time 0
[INFO][FMUCHK] Simulation finished successfully at time 25
FMU check summary:
FMU reported:
	0 warning(s) and error(s)
Checker reported:
	0 Warning(s)
	0 Error(s)
