[INFO][FMUCHK] FMI compliance checker 2.0.2b1 [FMILibrary: rev7051] build date: Dec 22 2014
[INFO][FMUCHK] Called with following options:
[INFO][FMUCHK] fmuCheck.win64.exe -k cs -e BouncingBalls_sf_cc.log -o BouncingBalls_sf_cc.csv -h 1e-3 -s 10 BouncingBalls_sf.fmu
[INFO][FMUCHK] Will process FMU BouncingBalls_sf.fmu
[INFO][FMILIB] XML specifies FMI standard version 2.0
[INFO][FMUCHK] Model name: BouncingBalls_sf
[INFO][FMUCHK] Model GUID: {167b7a97-2109-4391-897d-974f3c8effe6}
[INFO][FMUCHK] Model version: 1.4
[INFO][FMUCHK] FMU kind: CoSimulation
[INFO][FMUCHK] The FMU contains:
0 constants
0 parameters
0 discrete variables
12 continuous variables
0 inputs
4 outputs
8 local variables
0 independent variables
0 calculated parameters
12 real variables
0 integer variables
0 enumeration variables
0 boolean variables
0 string variables

[INFO][FMUCHK] Printing output file header
[INFO][FMUCHK] Model identifier for CoSimulation: BouncingBalls_sf
[INFO][FMILIB] Loading 'win64' binary with 'default' platform types
[INFO][FMUCHK] Version returned from CS FMU:   2.0
[INFO][FMUCHK] Initialized FMU for simulation starting at time 0
[INFO][FMUCHK] Simulation finished successfully at time 10
FMU check summary:
FMU reported:
	0 warning(s) and error(s)
Checker reported:
	0 Warning(s)
	0 Error(s)
