[INFO][FMUCHK] FMI compliance checker 2.0.3b2 [FMILibrary: 2.0.2b3] build date: Apr 28 2016
[INFO][FMUCHK] Called with following options:
[INFO][FMUCHK] e:\users\R38\adele\CSR418PRJ_r38\CATSysExecModelica.tst\FunctionTests\InputData\CATSysExecExportFMUForCheck.rec\bin\win64\fmuCheck.win64.exe -e e:\users\R38\adele\CSR418PRJ_r38\CATSysExecModelica.tst\FunctionTests\InputData\CATSysExecExportFMUForCheck.rec\bin\win64\BooleanNetwork1_cc.log -o e:\users\R38\adele\CSR418PRJ_r38\CATSysExecModelica.tst\FunctionTests\InputData\CATSysExecExportFMUForCheck.rec\bin\win64\BooleanNetwork1_cc.csv -h 1e0 -s 25 e:\users\R38\adele\CSR418PRJ_r38\CATSysExecModelica.tst\FunctionTests\InputData\CATSysExecExportFMUForCheck.rec\bin\win64\BooleanNetwork1.fmu
[INFO][FMUCHK] Will process FMU e:\users\R38\adele\CSR418PRJ_r38\CATSysExecModelica.tst\FunctionTests\InputData\CATSysExecExportFMUForCheck.rec\bin\win64\BooleanNetwork1.fmu
[INFO][FMILIB] XML specifies FMI standard version 2.0
[INFO][FMUCHK] Model name: BooleanNetwork1
[INFO][FMUCHK] Model GUID: {fe07d355-68fe-4dd2-a47e-7a212998c347}
[INFO][FMUCHK] Model version: 
[INFO][FMUCHK] FMU kind: ModelExchange
[INFO][FMUCHK] The FMU contains:
2 constants
26 parameters
67 discrete variables
0 continuous variables
1 inputs
9 outputs
60 local variables
0 independent variables
0 calculated parameters
18 real variables
7 integer variables
0 enumeration variables
71 boolean variables
0 string variables

[INFO][FMUCHK] No input data provided. In case of simulation initial values from FMU will be used.
[INFO][FMUCHK] Printing output file header
[INFO][FMUCHK] Model identifier for ModelExchange: BooleanNetwork1
[INFO][FMILIB] Loading 'win64' binary with 'default' platform types
[INFO][FMUCHK] Version returned from ME FMU: '2.0'

[INFO][FMUCHK] Initialized FMU for simulation starting at time 0
[INFO][FMUCHK] Simulation finished successfully at time 25
FMU check summary:
FMU reported:
	0 warning(s) and error(s)
Checker reported:
	0 Warning(s)
	0 Error(s)
