[INFO][FMUCHK] FMI compliance checker Test [FMILibrary: Test] build date: Oct  3 2017
[INFO][FMUCHK] Called with following options:
[INFO][FMUCHK] /maple/cbat/maple2017_3/2017-10-04/1267140/toolbox_source/FMIConnector/bin.X86_64_LINUX/FMUChecker-2.0.3/fmuCheck.linux64 -e /maple/cbat/maple2017_3/2017-10-04/1267140/toolbox_source/FMIConnector/maple/tst/temp/rdgegiant1.maplesoft.com/ControlledTemperature_CS_cc.log -o /maple/cbat/maple2017_3/2017-10-04/1267140/toolbox_source/FMIConnector/maple/tst/temp/rdgegiant1.maplesoft.com/ControlledTemperature_CS_cc.csv -n 500 -s 10 -h 1e-3 -t /usr/local/tmp/maple/tester20/tester.3444/FOSC5xlm/ /usr/local/tmp/maple/tester20/tester.3444/FOSC5xlm//ControlledTemperature.fmu
[INFO][FMUCHK] Will process FMU /usr/local/tmp/maple/tester20/tester.3444/FOSC5xlm//ControlledTemperature.fmu
[INFO][FMILIB] XML specifies FMI standard version 2.0
[INFO][FMUCHK] Model name: ControlledTemperature
[INFO][FMUCHK] Model GUID: {f51086e2-4ce0-7504-2739-e2ab03acecc7}
[INFO][FMUCHK] Model version: 
[INFO][FMUCHK] FMU kind: CoSimulation
[INFO][FMUCHK] The FMU contains:
0 constants
4 parameters
7 discrete variables
28 continuous variables
0 inputs
2 outputs
33 local variables
0 independent variables
0 calculated parameters
38 real variables
0 integer variables
0 enumeration variables
0 boolean variables
1 string variables

[INFO][FMUCHK] Printing output file header
[INFO][FMUCHK] Model identifier for CoSimulation: ControlledTemperature
[INFO][FMILIB] Loading 'linux64' binary with 'default' platform types
[INFO][FMUCHK] Version returned from CS FMU:   2.0
[INFO][FMUCHK] Initialized FMU for simulation starting at time 0
[INFO][FMUCHK] Simulation finished successfully at time 10
FMU check summary:
FMU reported:
	0 warning(s) and error(s)
Checker reported:
	0 Warning(s)
	0 Error(s)
