[INFO][FMUCHK] FMI compliance checker rev215 [FMILibrary: 2.0.2] build date: Sep 30 2016
[INFO][FMUCHK] Called with following options:
[INFO][FMUCHK] fmuCheck.win64.exe -e Engine1b_cc.log -o Engine1b_cc.csv -s 0.5 -h 1e-5 Engine1b.fmu
[INFO][FMUCHK] Will process FMU Engine1b.fmu
[INFO][FMILIB] XML specifies FMI standard version 2.0
[INFO][FMUCHK] Model name: Engine1b
[INFO][FMUCHK] Model GUID: 86f4f3f76b84a13dba928756be23dac5
[INFO][FMUCHK] Model version: 
[INFO][FMUCHK] FMU kind: ModelExchange
[INFO][FMUCHK] The FMU contains:
2091 constants
206 parameters
0 discrete variables
769 continuous variables
0 inputs
0 outputs
2860 local variables
0 independent variables
616 calculated parameters
3320 real variables
211 integer variables
5 enumeration variables
108 boolean variables
38 string variables

[INFO][FMUCHK] Printing output file header
[INFO][FMUCHK] Model identifier for ModelExchange: Engine1b
[INFO][FMILIB] Loading 'win64' binary with 'default' platform types
[INFO][FMUCHK] Version returned from ME FMU: '2.0'

[INFO][FMUCHK] Initialized FMU for simulation starting at time 0
[INFO][FMUCHK] Simulation finished successfully at time 0.5
FMU check summary:
FMU reported:
	0 warning(s) and error(s)
Checker reported:
	0 Warning(s)
	0 Error(s)
