[INFO][FMUCHK] FMI compliance checker rev215 [FMILibrary: 2.0.2] build date: Sep 30 2016
[INFO][FMUCHK] Called with following options:
[INFO][FMUCHK] ./fmuCheck.linux64 -e forklift_cc.log -o forklift_cc.csv -i forklift_in.csv -n 0 -h 0.001 -s 10 forklift.fmu
[INFO][FMUCHK] Will process FMU forklift.fmu
[INFO][FMILIB] XML specifies FMI standard version 2.0
[INFO][FMUCHK] Model name: forklift
[INFO][FMUCHK] Model GUID: {186af424-3cd5-453d-97d8-cc4a1f0d5dcb}
[INFO][FMUCHK] Model version: 
[INFO][FMUCHK] FMU kind: CoSimulation
[INFO][FMUCHK] The FMU contains:
0 constants
1 parameters
0 discrete variables
2 continuous variables
1 inputs
1 outputs
0 local variables
0 independent variables
0 calculated parameters
3 real variables
0 integer variables
0 enumeration variables
0 boolean variables
0 string variables

[INFO][FMUCHK] Printing output file header
[INFO][FMUCHK] Opening input file forklift_in.csv
[INFO][FMUCHK] Detected separator character in input file: ,
[INFO][FMUCHK] Model identifier for CoSimulation: forklift
[INFO][FMILIB] Loading 'linux64' binary with 'default' platform types
[INFO][FMUCHK] Version returned from CS FMU:   2.0
[INFO][FMUCHK] Initialized FMU for simulation starting at time 0
[INFO][FMUCHK] Simulation finished successfully at time 10
FMU check summary:
FMU reported:
	0 warning(s) and error(s)
Checker reported:
	0 Warning(s)
	0 Error(s)
