[INFO][FMUCHK] FMI compliance checker Test [FMILibrary: Test] build date: Nov 11 2016
[INFO][FMUCHK] Will process FMU ControlledTemperature.fmu
[INFO][FMILIB] XML specifies FMI standard version 2.0
[INFO][FMUCHK] Model name: ControlledTemperature
[INFO][FMUCHK] Model GUID: {d068fbe0-6724-456b-b84d-6a430a72c20c}
[INFO][FMUCHK] Model version: 
[INFO][FMUCHK] FMU kind: CoSimulation
[INFO][FMUCHK] The FMU contains:
6 constants
15 parameters
2 discrete variables
45 continuous variables
0 inputs
2 outputs
51 local variables
0 independent variables
3 calculated parameters
65 real variables
0 integer variables
0 enumeration variables
6 boolean variables
0 string variables

[INFO][FMUCHK] Printing output file header
[INFO][FMUCHK] Model identifier for CoSimulation: ControlledTemperature
[INFO][FMILIB] Loading 'win64' binary with 'default' platform types
[INFO][FMUCHK] Version returned from CS FMU:   2.0
	[FMU][logMessage][FMU status:OK] Simulation started at Time = 0 using integration method EULER
[INFO][FMUCHK] Initialized FMU for simulation starting at time 0
[INFO][FMUCHK] Simulation finished successfully at time 10
FMU check summary:
FMU reported:
	0 warning(s) and error(s)
Checker reported:
	0 Warning(s)
	0 Error(s)
