[INFO][FMUCHK] FMI compliance checker 2.0.1 [FMILibrary: 2.0.1] build date: Oct 24 2014
[INFO][FMUCHK] Called with following options:
[INFO][FMUCHK] Z:/maple2016_1/2016-04-18/1132425\toolbox_source\FMIConnector\bin.X86_64_WINDOWS\FMUChecker-2.0.1\fmuCheck.win64.exe -i Z:/maple2016_1/2016-04-18/1132425\toolbox_source\FMIConnector\maple\tst\data\CoupledClutches_in.csv -e Z:/maple2016_1/2016-04-18/1132425\toolbox_source\FMIConnector\maple\tst\temp\RDWICHARON.maplesoft.com\CoupledClutches_CS_cc.log -o Z:/maple2016_1/2016-04-18/1132425\toolbox_source\FMIConnector\maple\tst\temp\RDWICHARON.maplesoft.com\CoupledClutches_CS_cc.csv -n 151 -s 1.5 -h 1e-2 -t C:/temp/tester6/tester.8828/YnOT3wVE/ C:/temp/tester6/tester.8828/YnOT3wVE/\CoupledClutches.fmu
[INFO][FMUCHK] Will process FMU C:/temp/tester6/tester.8828/YnOT3wVE/\CoupledClutches.fmu
[INFO][FMILIB] XML specifies FMI standard version 2.0
[INFO][FMUCHK] Model name: CoupledClutches
[INFO][FMUCHK] Model GUID: {ae5b2771-c8d5-a0b9-ac4c-4cc835ae9947}
[INFO][FMUCHK] Model version: 
[INFO][FMUCHK] FMU kind: CoSimulation
[INFO][FMUCHK] The FMU contains:
0 constants
2 parameters
38 discrete variables
106 continuous variables
1 inputs
4 outputs
139 local variables
0 independent variables
0 calculated parameters
146 real variables
0 integer variables
0 enumeration variables
0 boolean variables
0 string variables

[INFO][FMUCHK] Printing output file header
[INFO][FMUCHK] Opening input file Z:/maple2016_1/2016-04-18/1132425\toolbox_source\FMIConnector\maple\tst\data\CoupledClutches_in.csv
[INFO][FMUCHK] Detected separator character in input file: ,
[INFO][FMUCHK] Model identifier for CoSimulation: CoupledClutches
[INFO][FMILIB] Loading 'win64' binary with 'default' platform types
[INFO][FMUCHK] Version returned from CS FMU:   2.0
[INFO][FMUCHK] Initialized FMU for simulation starting at time 0
[INFO][FMUCHK] Simulation finished successfully at time 1.5
FMU check summary:
FMU reported:
	0 warning(s) and error(s)
Checker reported:
	0 Warning(s)
	0 Error(s)
