[INFO][FMUCHK] FMI compliance checker 2.0.2b1 [FMILibrary: rev7051] build date: Dec 22 2014
[INFO][FMUCHK] Called with following options:
[INFO][FMUCHK] fmuCheck.win64.exe -e IntegrateSignal_cc.log -o IntegrateSignal_cc.csv -s 10.000000 -h 0.001000 -i IntegrateSignal_in.csv -c , IntegrateSignal.fmu
[INFO][FMUCHK] Will process FMU IntegrateSignal.fmu
[INFO][FMILIB] XML specifies FMI standard version 2.0
[INFO][FMUCHK] Model name: IntegrateSignal
[INFO][FMUCHK] Model GUID: 30423e8a999432ec45b9295b1fc6a0c6
[INFO][FMUCHK] Model version: 1.2
[INFO][FMUCHK] FMU kind: ModelExchange
[INFO][FMUCHK] The FMU contains:
0 constants
1 parameters
0 discrete variables
4 continuous variables
1 inputs
1 outputs
2 local variables
0 independent variables
0 calculated parameters
5 real variables
0 integer variables
0 enumeration variables
0 boolean variables
0 string variables

[INFO][FMUCHK] Printing output file header
[INFO][FMUCHK] Opening input file IntegrateSignal_in.csv
[INFO][FMUCHK] Detected separator character in input file: ,
[INFO][FMUCHK] Model identifier for ModelExchange: IntegrateSignal
[INFO][FMILIB] Loading 'win64' binary with 'default' platform types
[INFO][FMUCHK] Version returned from ME FMU: '2.0'

[INFO][FMUCHK] Initialized FMU for simulation starting at time 0
[INFO][FMUCHK] Simulation finished successfully at time 10
FMU check summary:
FMU reported:
	0 warning(s) and error(s)
Checker reported:
	0 Warning(s)
	0 Error(s)
