[INFO][FMUCHK] FMI compliance checker 2.0.3b2 [FMILibrary: 2.0.2b3] build date: Apr 28 2016
[INFO][FMUCHK] Called with following options:
[INFO][FMUCHK] C:\temp\FMIcc\FMI_2.0\ModelExchange\win32\SimulationX\3.7\Engine1b\fmuCheck.win32.exe -e C:\temp\FMIcc\FMI_2.0\ModelExchange\win32\SimulationX\3.7\Engine1b\Engine1b_cc.log -o C:\temp\FMIcc\FMI_2.0\ModelExchange\win32\SimulationX\3.7\Engine1b\Engine1b_cc.csv -l 4 -h 1e-7 -s 0.5 C:\temp\FMIcc\FMI_2.0\ModelExchange\win32\SimulationX\3.7\Engine1b\Engine1b.fmu
[INFO][FMUCHK] Will process FMU C:\temp\FMIcc\FMI_2.0\ModelExchange\win32\SimulationX\3.7\Engine1b\Engine1b.fmu
[INFO][FMILIB] XML specifies FMI standard version 2.0
[INFO][FMUCHK] Model name: Engine1b
[INFO][FMUCHK] Model GUID: {575C387D-73E5-4CC5-AFE0-73C7FAC26843}
[INFO][FMUCHK] Model version: 
[INFO][FMUCHK] FMU kind: ModelExchange
[INFO][FMUCHK] The FMU contains:
0 constants
0 parameters
0 discrete variables
8 continuous variables
0 inputs
4 outputs
4 local variables
0 independent variables
0 calculated parameters
8 real variables
0 integer variables
0 enumeration variables
0 boolean variables
0 string variables

[INFO][FMUCHK] Printing output file header
[INFO][FMUCHK] Model identifier for ModelExchange: Engine1b
[INFO][FMILIB] Loading 'win32' binary with 'default' platform types
[INFO][FMUCHK] Version returned from ME FMU: '2.0'

[INFO][FMUCHK] Initialized FMU for simulation starting at time 0
[INFO][FMUCHK] Simulation finished successfully at time 0.5
FMU check summary:
FMU reported:
	0 warning(s) and error(s)
Checker reported:
	0 Warning(s)
	0 Error(s)
