[INFO][FMUCHK] FMI compliance checker Test [FMILibrary: Test] build date: Mar 10 2015
[INFO][FMUCHK] Called with following options:
[INFO][FMUCHK] ./fmuCheck.linux64 -e batch_cc.log -o batch_cc.csv -s 60 -h 1e-2 -f -c ; batch.fmu
[INFO][FMUCHK] Will process FMU batch.fmu
[INFO][FMILIB] XML specifies FMI standard version 2.0
[INFO][FMUCHK] Model name: batch
[INFO][FMUCHK] Model GUID: 2895233557
[INFO][FMUCHK] Model version: 
[INFO][FMUCHK] FMU kind: CoSimulation
[INFO][FMUCHK] The FMU contains:
0 constants
0 parameters
93 discrete variables
0 continuous variables
0 inputs
93 outputs
0 local variables
0 independent variables
0 calculated parameters
32 real variables
7 integer variables
0 enumeration variables
54 boolean variables
0 string variables

[INFO][FMUCHK] Printing output file header
[INFO][FMUCHK] Model identifier for CoSimulation: batch
[INFO][FMILIB] Loading 'linux64' binary with 'default' platform types
[INFO][FMUCHK] Version returned from CS FMU:   2.0
[INFO][FMUCHK] Initialized FMU for simulation starting at time 0
[INFO][FMUCHK] Simulation finished successfully at time 60
FMU check summary:
FMU reported:
	0 warning(s) and error(s)
Checker reported:
	0 Warning(s)
	0 Error(s)
