[INFO][FMUCHK] Will process FMU e:\users\R38\adele\CSR417MDrel_r38\CATSysExecModelica.tst\FunctionTests\InputData\CATSysExecExportFMUForCheck.rec\bin\win64\BooleanNetwork1.fmu
[INFO][FMILIB] XML specifies FMI standard version 2.0
[INFO][FMUCHK] Model name: BooleanNetwork1
[INFO][FMUCHK] Model GUID: {01a5f1bb-eaec-42ce-bae0-afffd097f4ea}
[INFO][FMUCHK] Model version: 
[INFO][FMUCHK] FMU kind: ModelExchange
[INFO][FMUCHK] The FMU contains:
4 constants
26 parameters
72 discrete variables
0 continuous variables
1 inputs
9 outputs
67 local variables
0 independent variables
0 calculated parameters
20 real variables
11 integer variables
0 enumeration variables
72 boolean variables
0 string variables

[INFO][FMUCHK] Printing output file header
[INFO][FMUCHK] Model identifier for ModelExchange: BooleanNetwork1
[INFO][FMILIB] Loading 'win64' binary with 'default' platform types
[INFO][FMUCHK] Version returned from ME FMU: '2.0'

	[FMU][FMU status:OK] fmiInstantiateModel completed
	[FMU][FMU status:OK] fmiSetTime to 0
	[FMU][FMU status:OK] fmiEnterModelInitializationMode...
	[FMU][FMU status:OK] fmiEnterModelInitializationMode completed
	[FMU][FMU status:OK] fmiExitModelInitializationMode...
	[FMU][FMU status:OK] fmiExitModelInitializationMode completed
	[FMU][FMU status:OK] fmiNewDiscreteStates...
	[FMU][FMU status:OK] fmiNewDiscreteStates completed
	[FMU][FMU status:OK] fmiEnterContinuousTimeMode...
	[FMU][FMU status:OK] fmiEnterContinuousTimeMode done
[INFO][FMUCHK] Initialized FMU for simulation starting at time 0
	[FMU][FMU status:OK] fmiGetBoolean: y = 0
	[FMU][FMU status:OK] fmiGetBoolean: y2 = 1
	[FMU][FMU status:OK] fmiGetBoolean: y3 = 0
	[FMU][FMU status:OK] fmiGetInteger: y1 = 0
	[FMU][FMU status:OK] fmiGetBoolean: y4 = 1
	[FMU][FMU status:OK] fmiGetBoolean: y5 = 0
	[FMU][FMU status:OK] fmiGetBoolean: y6 = 0
	[FMU][FMU status:OK] fmiGetBoolean: Q = 1
	[FMU][FMU status:OK] fmiGetBoolean: QI = 0
	[FMU][FMU status:OK] fmiSetTime to 0.2
	[FMU][FMU status:OK] fmiCompletedIntegratorStep
	[FMU][FMU status:OK] fmiEnterEventMode...
	[FMU][FMU status:OK] fmiEnterEventMode done
	[FMU][FMU status:OK] fmiNewDiscreteStates...
	[FMU][FMU status:OK] fmiNewDiscreteStates completed
	[FMU][FMU status:OK] fmiEnterContinuousTimeMode...
	[FMU][FMU status:OK] fmiEnterContinuousTimeMode done
	[FMU][FMU status:OK] fmiSetTime to 0.3
	[FMU][FMU status:OK] fmiCompletedIntegratorStep
	[FMU][FMU status:OK] fmiEnterEventMode...
	[FMU][FMU status:OK] fmiEnterEventMode done
	[FMU][FMU status:OK] fmiNewDiscreteStates...
	[FMU][FMU status:OK] fmiNewDiscreteStates completed
	[FMU][FMU status:OK] fmiNewDiscreteStates...
	[FMU][FMU status:OK] fmiNewDiscreteStates completed
	[FMU][FMU status:OK] fmiEnterContinuousTimeMode...
	[FMU][FMU status:OK] fmiEnterContinuousTimeMode done
	[FMU][FMU status:OK] fmiSetTime to 0.5
	[FMU][FMU status:OK] fmiCompletedIntegratorStep
	[FMU][FMU status:OK] fmiEnterEventMode...
	[FMU][FMU status:OK] fmiEnterEventMode done
	[FMU][FMU status:OK] fmiNewDiscreteStates...
	[FMU][FMU status:OK] fmiNewDiscreteStates completed
	[FMU][FMU status:OK] fmiNewDiscreteStates...
	[FMU][FMU status:OK] fmiNewDiscreteStates completed
	[FMU][FMU status:OK] fmiEnterContinuousTimeMode...
	[FMU][FMU status:OK] fmiEnterContinuousTimeMode done
	[FMU][FMU status:OK] fmiSetTime to 0.8
	[FMU][FMU status:OK] fmiCompletedIntegratorStep
	[FMU][FMU status:OK] fmiEnterEventMode...
	[FMU][FMU status:OK] fmiEnterEventMode done
	[FMU][FMU status:OK] fmiNewDiscreteStates...
	[FMU][FMU status:OK] fmiNewDiscreteStates completed
	[FMU][FMU status:OK] fmiNewDiscreteStates...
	[FMU][FMU status:OK] fmiNewDiscreteStates completed
	[FMU][FMU status:OK] fmiEnterContinuousTimeMode...
	[FMU][FMU status:OK] fmiEnterContinuousTimeMode done
	[FMU][FMU status:OK] fmiSetTime to 1
	[FMU][FMU status:OK] fmiCompletedIntegratorStep
	[FMU][FMU status:OK] fmiEnterEventMode...
	[FMU][FMU status:OK] fmiEnterEventMode done
	[FMU][FMU status:OK] fmiNewDiscreteStates...
	[FMU][FMU status:OK] fmiNewDiscreteStates completed
	[FMU][FMU status:OK] fmiNewDiscreteStates...
	[FMU][FMU status:OK] fmiNewDiscreteStates completed
	[FMU][FMU status:OK] fmiEnterContinuousTimeMode...
	[FMU][FMU status:OK] fmiEnterContinuousTimeMode done
	[FMU][FMU status:OK] fmiGetBoolean: y = 0
	[FMU][FMU status:OK] fmiGetBoolean: y2 = 1
	[FMU][FMU status:OK] fmiGetBoolean: y3 = 0
	[FMU][FMU status:OK] fmiGetInteger: y1 = 4
	[FMU][FMU status:OK] fmiGetBoolean: y4 = 1
	[FMU][FMU status:OK] fmiGetBoolean: y5 = 0
	[FMU][FMU status:OK] fmiGetBoolean: y6 = 0
	[FMU][FMU status:OK] fmiGetBoolean: Q = 1
	[FMU][FMU status:OK] fmiGetBoolean: QI = 0
	[FMU][FMU status:OK] fmiSetTime to 1.2
	[FMU][FMU status:OK] fmiCompletedIntegratorStep
	[FMU][FMU status:OK] fmiEnterEventMode...
	[FMU][FMU status:OK] fmiEnterEventMode done
	[FMU][FMU status:OK] fmiNewDiscreteStates...
	[FMU][FMU status:OK] fmiNewDiscreteStates completed
	[FMU][FMU status:OK] fmiEnterContinuousTimeMode...
	[FMU][FMU status:OK] fmiEnterContinuousTimeMode done
	[FMU][FMU status:OK] fmiSetTime to 1.3
	[FMU][FMU status:OK] fmiCompletedIntegratorStep
	[FMU][FMU status:OK] fmiEnterEventMode...
	[FMU][FMU status:OK] fmiEnterEventMode done
	[FMU][FMU status:OK] fmiNewDiscreteStates...
	[FMU][FMU status:OK] fmiNewDiscreteStates completed
	[FMU][FMU status:OK] fmiNewDiscreteStates...
	[FMU][FMU status:OK] fmiNewDiscreteStates completed
	[FMU][FMU status:OK] fmiEnterContinuousTimeMode...
	[FMU][FMU status:OK] fmiEnterContinuousTimeMode done
	[FMU][FMU status:OK] fmiSetTime to 1.5
	[FMU][FMU status:OK] fmiCompletedIntegratorStep
	[FMU][FMU status:OK] fmiEnterEventMode...
	[FMU][FMU status:OK] fmiEnterEventMode done
	[FMU][FMU status:OK] fmiNewDiscreteStates...
	[FMU][FMU status:OK] fmiNewDiscreteStates completed
	[FMU][FMU status:OK] fmiNewDiscreteStates...
	[FMU][FMU status:OK] fmiNewDiscreteStates completed
	[FMU][FMU status:OK] fmiEnterContinuousTimeMode...
	[FMU][FMU status:OK] fmiEnterContinuousTimeMode done
	[FMU][FMU status:OK] fmiSetTime to 1.8
	[FMU][FMU status:OK] fmiCompletedIntegratorStep
	[FMU][FMU status:OK] fmiEnterEventMode...
	[FMU][FMU status:OK] fmiEnterEventMode done
	[FMU][FMU status:OK] fmiNewDiscreteStates...
	[FMU][FMU status:OK] fmiNewDiscreteStates completed
	[FMU][FMU status:OK] fmiNewDiscreteStates...
	[FMU][FMU status:OK] fmiNewDiscreteStates completed
	[FMU][FMU status:OK] fmiEnterContinuousTimeMode...
	[FMU][FMU status:OK] fmiEnterContinuousTimeMode done
	[FMU][FMU status:OK] fmiSetTime to 2
	[FMU][FMU status:OK] fmiCompletedIntegratorStep
	[FMU][FMU status:OK] fmiEnterEventMode...
	[FMU][FMU status:OK] fmiEnterEventMode done
	[FMU][FMU status:OK] fmiNewDiscreteStates...
	[FMU][FMU status:OK] fmiNewDiscreteStates completed
	[FMU][FMU status:OK] fmiNewDiscreteStates...
	[FMU][FMU status:OK] fmiNewDiscreteStates completed
	[FMU][FMU status:OK] fmiEnterContinuousTimeMode...
	[FMU][FMU status:OK] fmiEnterContinuousTimeMode done
	[FMU][FMU status:OK] fmiGetBoolean: y = 0
	[FMU][FMU status:OK] fmiGetBoolean: y2 = 1
	[FMU][FMU status:OK] fmiGetBoolean: y3 = 0
	[FMU][FMU status:OK] fmiGetInteger: y1 = 8
	[FMU][FMU status:OK] fmiGetBoolean: y4 = 1
	[FMU][FMU status:OK] fmiGetBoolean: y5 = 0
	[FMU][FMU status:OK] fmiGetBoolean: y6 = 0
	[FMU][FMU status:OK] fmiGetBoolean: Q = 1
	[FMU][FMU status:OK] fmiGetBoolean: QI = 0
	[FMU][FMU status:OK] fmiSetTime to 2.2
	[FMU][FMU status:OK] fmiCompletedIntegratorStep
	[FMU][FMU status:OK] fmiEnterEventMode...
	[FMU][FMU status:OK] fmiEnterEventMode done
	[FMU][FMU status:OK] fmiNewDiscreteStates...
	[FMU][FMU status:OK] fmiNewDiscreteStates completed
	[FMU][FMU status:OK] fmiEnterContinuousTimeMode...
	[FMU][FMU status:OK] fmiEnterContinuousTimeMode done
	[FMU][FMU status:OK] fmiSetTime to 2.3
	[FMU][FMU status:OK] fmiCompletedIntegratorStep
	[FMU][FMU status:OK] fmiEnterEventMode...
	[FMU][FMU status:OK] fmiEnterEventMode done
	[FMU][FMU status:OK] fmiNewDiscreteStates...
	[FMU][FMU status:OK] fmiNewDiscreteStates completed
	[FMU][FMU status:OK] fmiNewDiscreteStates...
	[FMU][FMU status:OK] fmiNewDiscreteStates completed
	[FMU][FMU status:OK] fmiEnterContinuousTimeMode...
	[FMU][FMU status:OK] fmiEnterContinuousTimeMode done
	[FMU][FMU status:OK] fmiSetTime to 2.5
	[FMU][FMU status:OK] fmiCompletedIntegratorStep
	[FMU][FMU status:OK] fmiEnterEventMode...
	[FMU][FMU status:OK] fmiEnterEventMode done
	[FMU][FMU status:OK] fmiNewDiscreteStates...
	[FMU][FMU status:OK] fmiNewDiscreteStates completed
	[FMU][FMU status:OK] fmiNewDiscreteStates...
	[FMU][FMU status:OK] fmiNewDiscreteStates completed
	[FMU][FMU status:OK] fmiEnterContinuousTimeMode...
	[FMU][FMU status:OK] fmiEnterContinuousTimeMode done
	[FMU][FMU status:OK] fmiSetTime to 2.8
	[FMU][FMU status:OK] fmiCompletedIntegratorStep
	[FMU][FMU status:OK] fmiEnterEventMode...
	[FMU][FMU status:OK] fmiEnterEventMode done
	[FMU][FMU status:OK] fmiNewDiscreteStates...
	[FMU][FMU status:OK] fmiNewDiscreteStates completed
	[FMU][FMU status:OK] fmiNewDiscreteStates...
	[FMU][FMU status:OK] fmiNewDiscreteStates completed
	[FMU][FMU status:OK] fmiEnterContinuousTimeMode...
	[FMU][FMU status:OK] fmiEnterContinuousTimeMode done
	[FMU][FMU status:OK] fmiSetTime to 3
	[FMU][FMU status:OK] fmiCompletedIntegratorStep
	[FMU][FMU status:OK] fmiEnterEventMode...
	[FMU][FMU status:OK] fmiEnterEventMode done
	[FMU][FMU status:OK] fmiNewDiscreteStates...
	[FMU][FMU status:OK] fmiNewDiscreteStates completed
	[FMU][FMU status:OK] fmiNewDiscreteStates...
	[FMU][FMU status:OK] fmiNewDiscreteStates completed
	[FMU][FMU status:OK] fmiEnterContinuousTimeMode...
	[FMU][FMU status:OK] fmiEnterContinuousTimeMode done
	[FMU][FMU status:OK] fmiGetBoolean: y = 0
	[FMU][FMU status:OK] fmiGetBoolean: y2 = 1
	[FMU][FMU status:OK] fmiGetBoolean: y3 = 0
	[FMU][FMU status:OK] fmiGetInteger: y1 = 12
	[FMU][FMU status:OK] fmiGetBoolean: y4 = 1
	[FMU][FMU status:OK] fmiGetBoolean: y5 = 0
	[FMU][FMU status:OK] fmiGetBoolean: y6 = 1
	[FMU][FMU status:OK] fmiGetBoolean: Q = 1
	[FMU][FMU status:OK] fmiGetBoolean: QI = 0
	[FMU][FMU status:OK] fmiSetTime to 3.2
	[FMU][FMU status:OK] fmiCompletedIntegratorStep
	[FMU][FMU status:OK] fmiEnterEventMode...
	[FMU][FMU status:OK] fmiEnterEventMode done
	[FMU][FMU status:OK] fmiNewDiscreteStates...
	[FMU][FMU status:OK] fmiNewDiscreteStates completed
	[FMU][FMU status:OK] fmiEnterContinuousTimeMode...
	[FMU][FMU status:OK] fmiEnterContinuousTimeMode done
	[FMU][FMU status:OK] fmiSetTime to 3.3
	[FMU][FMU status:OK] fmiCompletedIntegratorStep
	[FMU][FMU status:OK] fmiEnterEventMode...
	[FMU][FMU status:OK] fmiEnterEventMode done
	[FMU][FMU status:OK] fmiNewDiscreteStates...
	[FMU][FMU status:OK] fmiNewDiscreteStates completed
	[FMU][FMU status:OK] fmiNewDiscreteStates...
	[FMU][FMU status:OK] fmiNewDiscreteStates completed
	[FMU][FMU status:OK] fmiEnterContinuousTimeMode...
	[FMU][FMU status:OK] fmiEnterContinuousTimeMode done
	[FMU][FMU status:OK] fmiSetTime to 3.5
	[FMU][FMU status:OK] fmiCompletedIntegratorStep
	[FMU][FMU status:OK] fmiEnterEventMode...
	[FMU][FMU status:OK] fmiEnterEventMode done
	[FMU][FMU status:OK] fmiNewDiscreteStates...
	[FMU][FMU status:OK] fmiNewDiscreteStates completed
	[FMU][FMU status:OK] fmiNewDiscreteStates...
	[FMU][FMU status:OK] fmiNewDiscreteStates completed
	[FMU][FMU status:OK] fmiEnterContinuousTimeMode...
	[FMU][FMU status:OK] fmiEnterContinuousTimeMode done
	[FMU][FMU status:OK] fmiSetTime to 3.8
	[FMU][FMU status:OK] fmiCompletedIntegratorStep
	[FMU][FMU status:OK] fmiEnterEventMode...
	[FMU][FMU status:OK] fmiEnterEventMode done
	[FMU][FMU status:OK] fmiNewDiscreteStates...
	[FMU][FMU status:OK] fmiNewDiscreteStates completed
	[FMU][FMU status:OK] fmiNewDiscreteStates...
	[FMU][FMU status:OK] fmiNewDiscreteStates completed
	[FMU][FMU status:OK] fmiEnterContinuousTimeMode...
	[FMU][FMU status:OK] fmiEnterContinuousTimeMode done
	[FMU][FMU status:OK] fmiSetTime to 4
	[FMU][FMU status:OK] fmiCompletedIntegratorStep
	[FMU][FMU status:OK] fmiEnterEventMode...
	[FMU][FMU status:OK] fmiEnterEventMode done
	[FMU][FMU status:OK] fmiNewDiscreteStates...
	[FMU][FMU status:OK] fmiNewDiscreteStates completed
	[FMU][FMU status:OK] fmiNewDiscreteStates...
	[FMU][FMU status:OK] fmiNewDiscreteStates completed
	[FMU][FMU status:OK] fmiEnterContinuousTimeMode...
	[FMU][FMU status:OK] fmiEnterContinuousTimeMode done
	[FMU][FMU status:OK] fmiGetBoolean: y = 0
	[FMU][FMU status:OK] fmiGetBoolean: y2 = 1
	[FMU][FMU status:OK] fmiGetBoolean: y3 = 0
	[FMU][FMU status:OK] fmiGetInteger: y1 = 16
	[FMU][FMU status:OK] fmiGetBoolean: y4 = 1
	[FMU][FMU status:OK] fmiGetBoolean: y5 = 0
	[FMU][FMU status:OK] fmiGetBoolean: y6 = 0
	[FMU][FMU status:OK] fmiGetBoolean: Q = 1
	[FMU][FMU status:OK] fmiGetBoolean: QI = 0
	[FMU][FMU status:OK] fmiSetTime to 4.2
	[FMU][FMU status:OK] fmiCompletedIntegratorStep
	[FMU][FMU status:OK] fmiEnterEventMode...
	[FMU][FMU status:OK] fmiEnterEventMode done
	[FMU][FMU status:OK] fmiNewDiscreteStates...
	[FMU][FMU status:OK] fmiNewDiscreteStates completed
	[FMU][FMU status:OK] fmiEnterContinuousTimeMode...
	[FMU][FMU status:OK] fmiEnterContinuousTimeMode done
	[FMU][FMU status:OK] fmiSetTime to 4.3
	[FMU][FMU status:OK] fmiCompletedIntegratorStep
	[FMU][FMU status:OK] fmiEnterEventMode...
	[FMU][FMU status:OK] fmiEnterEventMode done
	[FMU][FMU status:OK] fmiNewDiscreteStates...
	[FMU][FMU status:OK] fmiNewDiscreteStates completed
	[FMU][FMU status:OK] fmiNewDiscreteStates...
	[FMU][FMU status:OK] fmiNewDiscreteStates completed
	[FMU][FMU status:OK] fmiEnterContinuousTimeMode...
	[FMU][FMU status:OK] fmiEnterContinuousTimeMode done
	[FMU][FMU status:OK] fmiSetTime to 4.5
	[FMU][FMU status:OK] fmiCompletedIntegratorStep
	[FMU][FMU status:OK] fmiEnterEventMode...
	[FMU][FMU status:OK] fmiEnterEventMode done
	[FMU][FMU status:OK] fmiNewDiscreteStates...
	[FMU][FMU status:OK] fmiNewDiscreteStates completed
	[FMU][FMU status:OK] fmiNewDiscreteStates...
	[FMU][FMU status:OK] fmiNewDiscreteStates completed
	[FMU][FMU status:OK] fmiEnterContinuousTimeMode...
	[FMU][FMU status:OK] fmiEnterContinuousTimeMode done
	[FMU][FMU status:OK] fmiSetTime to 4.8
	[FMU][FMU status:OK] fmiCompletedIntegratorStep
	[FMU][FMU status:OK] fmiEnterEventMode...
	[FMU][FMU status:OK] fmiEnterEventMode done
	[FMU][FMU status:OK] fmiNewDiscreteStates...
	[FMU][FMU status:OK] fmiNewDiscreteStates completed
	[FMU][FMU status:OK] fmiNewDiscreteStates...
	[FMU][FMU status:OK] fmiNewDiscreteStates completed
	[FMU][FMU status:OK] fmiEnterContinuousTimeMode...
	[FMU][FMU status:OK] fmiEnterContinuousTimeMode done
	[FMU][FMU status:OK] fmiSetTime to 5
	[FMU][FMU status:OK] fmiCompletedIntegratorStep
	[FMU][FMU status:OK] fmiEnterEventMode...
	[FMU][FMU status:OK] fmiEnterEventMode done
	[FMU][FMU status:OK] fmiNewDiscreteStates...
	[FMU][FMU status:OK] fmiNewDiscreteStates completed
	[FMU][FMU status:OK] fmiNewDiscreteStates...
	[FMU][FMU status:OK] fmiNewDiscreteStates completed
	[FMU][FMU status:OK] fmiEnterContinuousTimeMode...
	[FMU][FMU status:OK] fmiEnterContinuousTimeMode done
	[FMU][FMU status:OK] fmiGetBoolean: y = 0
	[FMU][FMU status:OK] fmiGetBoolean: y2 = 1
	[FMU][FMU status:OK] fmiGetBoolean: y3 = 0
	[FMU][FMU status:OK] fmiGetInteger: y1 = 20
	[FMU][FMU status:OK] fmiGetBoolean: y4 = 1
	[FMU][FMU status:OK] fmiGetBoolean: y5 = 0
	[FMU][FMU status:OK] fmiGetBoolean: y6 = 0
	[FMU][FMU status:OK] fmiGetBoolean: Q = 1
	[FMU][FMU status:OK] fmiGetBoolean: QI = 0
	[FMU][FMU status:OK] fmiSetTime to 5.2
	[FMU][FMU status:OK] fmiCompletedIntegratorStep
	[FMU][FMU status:OK] fmiEnterEventMode...
	[FMU][FMU status:OK] fmiEnterEventMode done
	[FMU][FMU status:OK] fmiNewDiscreteStates...
	[FMU][FMU status:OK] fmiNewDiscreteStates completed
	[FMU][FMU status:OK] fmiEnterContinuousTimeMode...
	[FMU][FMU status:OK] fmiEnterContinuousTimeMode done
	[FMU][FMU status:OK] fmiSetTime to 5.3
	[FMU][FMU status:OK] fmiCompletedIntegratorStep
	[FMU][FMU status:OK] fmiEnterEventMode...
	[FMU][FMU status:OK] fmiEnterEventMode done
	[FMU][FMU status:OK] fmiNewDiscreteStates...
	[FMU][FMU status:OK] fmiNewDiscreteStates completed
	[FMU][FMU status:OK] fmiNewDiscreteStates...
	[FMU][FMU status:OK] fmiNewDiscreteStates completed
	[FMU][FMU status:OK] fmiEnterContinuousTimeMode...
	[FMU][FMU status:OK] fmiEnterContinuousTimeMode done
	[FMU][FMU status:OK] fmiSetTime to 5.5
	[FMU][FMU status:OK] fmiCompletedIntegratorStep
	[FMU][FMU status:OK] fmiEnterEventMode...
	[FMU][FMU status:OK] fmiEnterEventMode done
	[FMU][FMU status:OK] fmiNewDiscreteStates...
	[FMU][FMU status:OK] fmiNewDiscreteStates completed
	[FMU][FMU status:OK] fmiNewDiscreteStates...
	[FMU][FMU status:OK] fmiNewDiscreteStates completed
	[FMU][FMU status:OK] fmiEnterContinuousTimeMode...
	[FMU][FMU status:OK] fmiEnterContinuousTimeMode done
	[FMU][FMU status:OK] fmiSetTime to 5.8
	[FMU][FMU status:OK] fmiCompletedIntegratorStep
	[FMU][FMU status:OK] fmiEnterEventMode...
	[FMU][FMU status:OK] fmiEnterEventMode done
	[FMU][FMU status:OK] fmiNewDiscreteStates...
	[FMU][FMU status:OK] fmiNewDiscreteStates completed
	[FMU][FMU status:OK] fmiNewDiscreteStates...
	[FMU][FMU status:OK] fmiNewDiscreteStates completed
	[FMU][FMU status:OK] fmiEnterContinuousTimeMode...
	[FMU][FMU status:OK] fmiEnterContinuousTimeMode done
	[FMU][FMU status:OK] fmiSetTime to 6
	[FMU][FMU status:OK] fmiCompletedIntegratorStep
	[FMU][FMU status:OK] fmiEnterEventMode...
	[FMU][FMU status:OK] fmiEnterEventMode done
	[FMU][FMU status:OK] fmiNewDiscreteStates...
	[FMU][FMU status:OK] fmiNewDiscreteStates completed
	[FMU][FMU status:OK] fmiNewDiscreteStates...
	[FMU][FMU status:OK] fmiNewDiscreteStates completed
	[FMU][FMU status:OK] fmiEnterContinuousTimeMode...
	[FMU][FMU status:OK] fmiEnterContinuousTimeMode done
	[FMU][FMU status:OK] fmiGetBoolean: y = 0
	[FMU][FMU status:OK] fmiGetBoolean: y2 = 1
	[FMU][FMU status:OK] fmiGetBoolean: y3 = 0
	[FMU][FMU status:OK] fmiGetInteger: y1 = 24
	[FMU][FMU status:OK] fmiGetBoolean: y4 = 1
	[FMU][FMU status:OK] fmiGetBoolean: y5 = 0
	[FMU][FMU status:OK] fmiGetBoolean: y6 = 0
	[FMU][FMU status:OK] fmiGetBoolean: Q = 1
	[FMU][FMU status:OK] fmiGetBoolean: QI = 0
	[FMU][FMU status:OK] fmiSetTime to 6.2
	[FMU][FMU status:OK] fmiCompletedIntegratorStep
	[FMU][FMU status:OK] fmiEnterEventMode...
	[FMU][FMU status:OK] fmiEnterEventMode done
	[FMU][FMU status:OK] fmiNewDiscreteStates...
	[FMU][FMU status:OK] fmiNewDiscreteStates completed
	[FMU][FMU status:OK] fmiEnterContinuousTimeMode...
	[FMU][FMU status:OK] fmiEnterContinuousTimeMode done
	[FMU][FMU status:OK] fmiSetTime to 6.3
	[FMU][FMU status:OK] fmiCompletedIntegratorStep
	[FMU][FMU status:OK] fmiEnterEventMode...
	[FMU][FMU status:OK] fmiEnterEventMode done
	[FMU][FMU status:OK] fmiNewDiscreteStates...
	[FMU][FMU status:OK] fmiNewDiscreteStates completed
	[FMU][FMU status:OK] fmiNewDiscreteStates...
	[FMU][FMU status:OK] fmiNewDiscreteStates completed
	[FMU][FMU status:OK] fmiEnterContinuousTimeMode...
	[FMU][FMU status:OK] fmiEnterContinuousTimeMode done
	[FMU][FMU status:OK] fmiSetTime to 6.5
	[FMU][FMU status:OK] fmiCompletedIntegratorStep
	[FMU][FMU status:OK] fmiEnterEventMode...
	[FMU][FMU status:OK] fmiEnterEventMode done
	[FMU][FMU status:OK] fmiNewDiscreteStates...
	[FMU][FMU status:OK] fmiNewDiscreteStates completed
	[FMU][FMU status:OK] fmiNewDiscreteStates...
	[FMU][FMU status:OK] fmiNewDiscreteStates completed
	[FMU][FMU status:OK] fmiEnterContinuousTimeMode...
	[FMU][FMU status:OK] fmiEnterContinuousTimeMode done
	[FMU][FMU status:OK] fmiSetTime to 6.8
	[FMU][FMU status:OK] fmiCompletedIntegratorStep
	[FMU][FMU status:OK] fmiEnterEventMode...
	[FMU][FMU status:OK] fmiEnterEventMode done
	[FMU][FMU status:OK] fmiNewDiscreteStates...
	[FMU][FMU status:OK] fmiNewDiscreteStates completed
	[FMU][FMU status:OK] fmiNewDiscreteStates...
	[FMU][FMU status:OK] fmiNewDiscreteStates completed
	[FMU][FMU status:OK] fmiEnterContinuousTimeMode...
	[FMU][FMU status:OK] fmiEnterContinuousTimeMode done
	[FMU][FMU status:OK] fmiSetTime to 7
	[FMU][FMU status:OK] fmiCompletedIntegratorStep
	[FMU][FMU status:OK] fmiEnterEventMode...
	[FMU][FMU status:OK] fmiEnterEventMode done
	[FMU][FMU status:OK] fmiNewDiscreteStates...
	[FMU][FMU status:OK] fmiNewDiscreteStates completed
	[FMU][FMU status:OK] fmiNewDiscreteStates...
	[FMU][FMU status:OK] fmiNewDiscreteStates completed
	[FMU][FMU status:OK] fmiEnterContinuousTimeMode...
	[FMU][FMU status:OK] fmiEnterContinuousTimeMode done
	[FMU][FMU status:OK] fmiGetBoolean: y = 0
	[FMU][FMU status:OK] fmiGetBoolean: y2 = 1
	[FMU][FMU status:OK] fmiGetBoolean: y3 = 0
	[FMU][FMU status:OK] fmiGetInteger: y1 = 28
	[FMU][FMU status:OK] fmiGetBoolean: y4 = 1
	[FMU][FMU status:OK] fmiGetBoolean: y5 = 0
	[FMU][FMU status:OK] fmiGetBoolean: y6 = 0
	[FMU][FMU status:OK] fmiGetBoolean: Q = 1
	[FMU][FMU status:OK] fmiGetBoolean: QI = 0
	[FMU][FMU status:OK] fmiSetTime to 7.2
	[FMU][FMU status:OK] fmiCompletedIntegratorStep
	[FMU][FMU status:OK] fmiEnterEventMode...
	[FMU][FMU status:OK] fmiEnterEventMode done
	[FMU][FMU status:OK] fmiNewDiscreteStates...
	[FMU][FMU status:OK] fmiNewDiscreteStates completed
	[FMU][FMU status:OK] fmiEnterContinuousTimeMode...
	[FMU][FMU status:OK] fmiEnterContinuousTimeMode done
	[FMU][FMU status:OK] fmiSetTime to 7.3
	[FMU][FMU status:OK] fmiCompletedIntegratorStep
	[FMU][FMU status:OK] fmiEnterEventMode...
	[FMU][FMU status:OK] fmiEnterEventMode done
	[FMU][FMU status:OK] fmiNewDiscreteStates...
	[FMU][FMU status:OK] fmiNewDiscreteStates completed
	[FMU][FMU status:OK] fmiNewDiscreteStates...
	[FMU][FMU status:OK] fmiNewDiscreteStates completed
	[FMU][FMU status:OK] fmiEnterContinuousTimeMode...
	[FMU][FMU status:OK] fmiEnterContinuousTimeMode done
	[FMU][FMU status:OK] fmiSetTime to 7.5
	[FMU][FMU status:OK] fmiCompletedIntegratorStep
	[FMU][FMU status:OK] fmiEnterEventMode...
	[FMU][FMU status:OK] fmiEnterEventMode done
	[FMU][FMU status:OK] fmiNewDiscreteStates...
	[FMU][FMU status:OK] fmiNewDiscreteStates completed
	[FMU][FMU status:OK] fmiNewDiscreteStates...
	[FMU][FMU status:OK] fmiNewDiscreteStates completed
	[FMU][FMU status:OK] fmiEnterContinuousTimeMode...
	[FMU][FMU status:OK] fmiEnterContinuousTimeMode done
	[FMU][FMU status:OK] fmiSetTime to 7.8
	[FMU][FMU status:OK] fmiCompletedIntegratorStep
	[FMU][FMU status:OK] fmiEnterEventMode...
	[FMU][FMU status:OK] fmiEnterEventMode done
	[FMU][FMU status:OK] fmiNewDiscreteStates...
	[FMU][FMU status:OK] fmiNewDiscreteStates completed
	[FMU][FMU status:OK] fmiNewDiscreteStates...
	[FMU][FMU status:OK] fmiNewDiscreteStates completed
	[FMU][FMU status:OK] fmiEnterContinuousTimeMode...
	[FMU][FMU status:OK] fmiEnterContinuousTimeMode done
	[FMU][FMU status:OK] fmiSetTime to 8
	[FMU][FMU status:OK] fmiCompletedIntegratorStep
	[FMU][FMU status:OK] fmiEnterEventMode...
	[FMU][FMU status:OK] fmiEnterEventMode done
	[FMU][FMU status:OK] fmiNewDiscreteStates...
	[FMU][FMU status:OK] fmiNewDiscreteStates completed
	[FMU][FMU status:OK] fmiNewDiscreteStates...
	[FMU][FMU status:OK] fmiNewDiscreteStates completed
	[FMU][FMU status:OK] fmiEnterContinuousTimeMode...
	[FMU][FMU status:OK] fmiEnterContinuousTimeMode done
	[FMU][FMU status:OK] fmiGetBoolean: y = 0
	[FMU][FMU status:OK] fmiGetBoolean: y2 = 1
	[FMU][FMU status:OK] fmiGetBoolean: y3 = 0
	[FMU][FMU status:OK] fmiGetInteger: y1 = 32
	[FMU][FMU status:OK] fmiGetBoolean: y4 = 1
	[FMU][FMU status:OK] fmiGetBoolean: y5 = 0
	[FMU][FMU status:OK] fmiGetBoolean: y6 = 1
	[FMU][FMU status:OK] fmiGetBoolean: Q = 1
	[FMU][FMU status:OK] fmiGetBoolean: QI = 0
	[FMU][FMU status:OK] fmiSetTime to 8.2
	[FMU][FMU status:OK] fmiCompletedIntegratorStep
	[FMU][FMU status:OK] fmiEnterEventMode...
	[FMU][FMU status:OK] fmiEnterEventMode done
	[FMU][FMU status:OK] fmiNewDiscreteStates...
	[FMU][FMU status:OK] fmiNewDiscreteStates completed
	[FMU][FMU status:OK] fmiEnterContinuousTimeMode...
	[FMU][FMU status:OK] fmiEnterContinuousTimeMode done
	[FMU][FMU status:OK] fmiSetTime to 8.3
	[FMU][FMU status:OK] fmiCompletedIntegratorStep
	[FMU][FMU status:OK] fmiEnterEventMode...
	[FMU][FMU status:OK] fmiEnterEventMode done
	[FMU][FMU status:OK] fmiNewDiscreteStates...
	[FMU][FMU status:OK] fmiNewDiscreteStates completed
	[FMU][FMU status:OK] fmiNewDiscreteStates...
	[FMU][FMU status:OK] fmiNewDiscreteStates completed
	[FMU][FMU status:OK] fmiEnterContinuousTimeMode...
	[FMU][FMU status:OK] fmiEnterContinuousTimeMode done
	[FMU][FMU status:OK] fmiSetTime to 8.5
	[FMU][FMU status:OK] fmiCompletedIntegratorStep
	[FMU][FMU status:OK] fmiEnterEventMode...
	[FMU][FMU status:OK] fmiEnterEventMode done
	[FMU][FMU status:OK] fmiNewDiscreteStates...
	[FMU][FMU status:OK] fmiNewDiscreteStates completed
	[FMU][FMU status:OK] fmiNewDiscreteStates...
	[FMU][FMU status:OK] fmiNewDiscreteStates completed
	[FMU][FMU status:OK] fmiEnterContinuousTimeMode...
	[FMU][FMU status:OK] fmiEnterContinuousTimeMode done
	[FMU][FMU status:OK] fmiSetTime to 8.8
	[FMU][FMU status:OK] fmiCompletedIntegratorStep
	[FMU][FMU status:OK] fmiEnterEventMode...
	[FMU][FMU status:OK] fmiEnterEventMode done
	[FMU][FMU status:OK] fmiNewDiscreteStates...
	[FMU][FMU status:OK] fmiNewDiscreteStates completed
	[FMU][FMU status:OK] fmiNewDiscreteStates...
	[FMU][FMU status:OK] fmiNewDiscreteStates completed
	[FMU][FMU status:OK] fmiEnterContinuousTimeMode...
	[FMU][FMU status:OK] fmiEnterContinuousTimeMode done
	[FMU][FMU status:OK] fmiSetTime to 9
	[FMU][FMU status:OK] fmiCompletedIntegratorStep
	[FMU][FMU status:OK] fmiEnterEventMode...
	[FMU][FMU status:OK] fmiEnterEventMode done
	[FMU][FMU status:OK] fmiNewDiscreteStates...
	[FMU][FMU status:OK] fmiNewDiscreteStates completed
	[FMU][FMU status:OK] fmiNewDiscreteStates...
	[FMU][FMU status:OK] fmiNewDiscreteStates completed
	[FMU][FMU status:OK] fmiEnterContinuousTimeMode...
	[FMU][FMU status:OK] fmiEnterContinuousTimeMode done
	[FMU][FMU status:OK] fmiGetBoolean: y = 0
	[FMU][FMU status:OK] fmiGetBoolean: y2 = 1
	[FMU][FMU status:OK] fmiGetBoolean: y3 = 0
	[FMU][FMU status:OK] fmiGetInteger: y1 = 36
	[FMU][FMU status:OK] fmiGetBoolean: y4 = 1
	[FMU][FMU status:OK] fmiGetBoolean: y5 = 0
	[FMU][FMU status:OK] fmiGetBoolean: y6 = 0
	[FMU][FMU status:OK] fmiGetBoolean: Q = 1
	[FMU][FMU status:OK] fmiGetBoolean: QI = 0
	[FMU][FMU status:OK] fmiSetTime to 9.2
	[FMU][FMU status:OK] fmiCompletedIntegratorStep
	[FMU][FMU status:OK] fmiEnterEventMode...
	[FMU][FMU status:OK] fmiEnterEventMode done
	[FMU][FMU status:OK] fmiNewDiscreteStates...
	[FMU][FMU status:OK] fmiNewDiscreteStates completed
	[FMU][FMU status:OK] fmiEnterContinuousTimeMode...
	[FMU][FMU status:OK] fmiEnterContinuousTimeMode done
	[FMU][FMU status:OK] fmiSetTime to 9.3
	[FMU][FMU status:OK] fmiCompletedIntegratorStep
	[FMU][FMU status:OK] fmiEnterEventMode...
	[FMU][FMU status:OK] fmiEnterEventMode done
	[FMU][FMU status:OK] fmiNewDiscreteStates...
	[FMU][FMU status:OK] fmiNewDiscreteStates completed
	[FMU][FMU status:OK] fmiNewDiscreteStates...
	[FMU][FMU status:OK] fmiNewDiscreteStates completed
	[FMU][FMU status:OK] fmiEnterContinuousTimeMode...
	[FMU][FMU status:OK] fmiEnterContinuousTimeMode done
	[FMU][FMU status:OK] fmiSetTime to 9.5
	[FMU][FMU status:OK] fmiCompletedIntegratorStep
	[FMU][FMU status:OK] fmiEnterEventMode...
	[FMU][FMU status:OK] fmiEnterEventMode done
	[FMU][FMU status:OK] fmiNewDiscreteStates...
	[FMU][FMU status:OK] fmiNewDiscreteStates completed
	[FMU][FMU status:OK] fmiNewDiscreteStates...
	[FMU][FMU status:OK] fmiNewDiscreteStates completed
	[FMU][FMU status:OK] fmiEnterContinuousTimeMode...
	[FMU][FMU status:OK] fmiEnterContinuousTimeMode done
	[FMU][FMU status:OK] fmiSetTime to 9.8
	[FMU][FMU status:OK] fmiCompletedIntegratorStep
	[FMU][FMU status:OK] fmiEnterEventMode...
	[FMU][FMU status:OK] fmiEnterEventMode done
	[FMU][FMU status:OK] fmiNewDiscreteStates...
	[FMU][FMU status:OK] fmiNewDiscreteStates completed
	[FMU][FMU status:OK] fmiNewDiscreteStates...
	[FMU][FMU status:OK] fmiNewDiscreteStates completed
	[FMU][FMU status:OK] fmiEnterContinuousTimeMode...
	[FMU][FMU status:OK] fmiEnterContinuousTimeMode done
	[FMU][FMU status:OK] fmiSetTime to 10
	[FMU][FMU status:OK] fmiCompletedIntegratorStep
	[FMU][FMU status:OK] fmiEnterEventMode...
	[FMU][FMU status:OK] fmiEnterEventMode done
	[FMU][FMU status:OK] fmiNewDiscreteStates...
	[FMU][FMU status:OK] fmiNewDiscreteStates completed
	[FMU][FMU status:OK] fmiNewDiscreteStates...
	[FMU][FMU status:OK] fmiNewDiscreteStates completed
	[FMU][FMU status:OK] fmiEnterContinuousTimeMode...
	[FMU][FMU status:OK] fmiEnterContinuousTimeMode done
	[FMU][FMU status:OK] fmiGetBoolean: y = 0
	[FMU][FMU status:OK] fmiGetBoolean: y2 = 1
	[FMU][FMU status:OK] fmiGetBoolean: y3 = 0
	[FMU][FMU status:OK] fmiGetInteger: y1 = 40
	[FMU][FMU status:OK] fmiGetBoolean: y4 = 1
	[FMU][FMU status:OK] fmiGetBoolean: y5 = 0
	[FMU][FMU status:OK] fmiGetBoolean: y6 = 0
	[FMU][FMU status:OK] fmiGetBoolean: Q = 1
	[FMU][FMU status:OK] fmiGetBoolean: QI = 0
	[FMU][FMU status:OK] fmiSetTime to 10.2
	[FMU][FMU status:OK] fmiCompletedIntegratorStep
	[FMU][FMU status:OK] fmiEnterEventMode...
	[FMU][FMU status:OK] fmiEnterEventMode done
	[FMU][FMU status:OK] fmiNewDiscreteStates...
	[FMU][FMU status:OK] fmiNewDiscreteStates completed
	[FMU][FMU status:OK] fmiEnterContinuousTimeMode...
	[FMU][FMU status:OK] fmiEnterContinuousTimeMode done
	[FMU][FMU status:OK] fmiSetTime to 10.3
	[FMU][FMU status:OK] fmiCompletedIntegratorStep
	[FMU][FMU status:OK] fmiEnterEventMode...
	[FMU][FMU status:OK] fmiEnterEventMode done
	[FMU][FMU status:OK] fmiNewDiscreteStates...
	[FMU][FMU status:OK] fmiNewDiscreteStates completed
	[FMU][FMU status:OK] fmiNewDiscreteStates...
	[FMU][FMU status:OK] fmiNewDiscreteStates completed
	[FMU][FMU status:OK] fmiEnterContinuousTimeMode...
	[FMU][FMU status:OK] fmiEnterContinuousTimeMode done
	[FMU][FMU status:OK] fmiSetTime to 10.5
	[FMU][FMU status:OK] fmiCompletedIntegratorStep
	[FMU][FMU status:OK] fmiEnterEventMode...
	[FMU][FMU status:OK] fmiEnterEventMode done
	[FMU][FMU status:OK] fmiNewDiscreteStates...
	[FMU][FMU status:OK] fmiNewDiscreteStates completed
	[FMU][FMU status:OK] fmiNewDiscreteStates...
	[FMU][FMU status:OK] fmiNewDiscreteStates completed
	[FMU][FMU status:OK] fmiEnterContinuousTimeMode...
	[FMU][FMU status:OK] fmiEnterContinuousTimeMode done
	[FMU][FMU status:OK] fmiSetTime to 10.8
	[FMU][FMU status:OK] fmiCompletedIntegratorStep
	[FMU][FMU status:OK] fmiEnterEventMode...
	[FMU][FMU status:OK] fmiEnterEventMode done
	[FMU][FMU status:OK] fmiNewDiscreteStates...
	[FMU][FMU status:OK] fmiNewDiscreteStates completed
	[FMU][FMU status:OK] fmiNewDiscreteStates...
	[FMU][FMU status:OK] fmiNewDiscreteStates completed
	[FMU][FMU status:OK] fmiEnterContinuousTimeMode...
	[FMU][FMU status:OK] fmiEnterContinuousTimeMode done
	[FMU][FMU status:OK] fmiSetTime to 11
	[FMU][FMU status:OK] fmiCompletedIntegratorStep
	[FMU][FMU status:OK] fmiEnterEventMode...
	[FMU][FMU status:OK] fmiEnterEventMode done
	[FMU][FMU status:OK] fmiNewDiscreteStates...
	[FMU][FMU status:OK] fmiNewDiscreteStates completed
	[FMU][FMU status:OK] fmiNewDiscreteStates...
	[FMU][FMU status:OK] fmiNewDiscreteStates completed
	[FMU][FMU status:OK] fmiEnterContinuousTimeMode...
	[FMU][FMU status:OK] fmiEnterContinuousTimeMode done
	[FMU][FMU status:OK] fmiGetBoolean: y = 0
	[FMU][FMU status:OK] fmiGetBoolean: y2 = 1
	[FMU][FMU status:OK] fmiGetBoolean: y3 = 0
	[FMU][FMU status:OK] fmiGetInteger: y1 = 44
	[FMU][FMU status:OK] fmiGetBoolean: y4 = 1
	[FMU][FMU status:OK] fmiGetBoolean: y5 = 0
	[FMU][FMU status:OK] fmiGetBoolean: y6 = 0
	[FMU][FMU status:OK] fmiGetBoolean: Q = 1
	[FMU][FMU status:OK] fmiGetBoolean: QI = 0
	[FMU][FMU status:OK] fmiSetTime to 11.2
	[FMU][FMU status:OK] fmiCompletedIntegratorStep
	[FMU][FMU status:OK] fmiEnterEventMode...
	[FMU][FMU status:OK] fmiEnterEventMode done
	[FMU][FMU status:OK] fmiNewDiscreteStates...
	[FMU][FMU status:OK] fmiNewDiscreteStates completed
	[FMU][FMU status:OK] fmiEnterContinuousTimeMode...
	[FMU][FMU status:OK] fmiEnterContinuousTimeMode done
	[FMU][FMU status:OK] fmiSetTime to 11.3
	[FMU][FMU status:OK] fmiCompletedIntegratorStep
	[FMU][FMU status:OK] fmiEnterEventMode...
	[FMU][FMU status:OK] fmiEnterEventMode done
	[FMU][FMU status:OK] fmiNewDiscreteStates...
	[FMU][FMU status:OK] fmiNewDiscreteStates completed
	[FMU][FMU status:OK] fmiNewDiscreteStates...
	[FMU][FMU status:OK] fmiNewDiscreteStates completed
	[FMU][FMU status:OK] fmiEnterContinuousTimeMode...
	[FMU][FMU status:OK] fmiEnterContinuousTimeMode done
	[FMU][FMU status:OK] fmiSetTime to 11.5
	[FMU][FMU status:OK] fmiCompletedIntegratorStep
	[FMU][FMU status:OK] fmiEnterEventMode...
	[FMU][FMU status:OK] fmiEnterEventMode done
	[FMU][FMU status:OK] fmiNewDiscreteStates...
	[FMU][FMU status:OK] fmiNewDiscreteStates completed
	[FMU][FMU status:OK] fmiNewDiscreteStates...
	[FMU][FMU status:OK] fmiNewDiscreteStates completed
	[FMU][FMU status:OK] fmiEnterContinuousTimeMode...
	[FMU][FMU status:OK] fmiEnterContinuousTimeMode done
	[FMU][FMU status:OK] fmiSetTime to 11.8
	[FMU][FMU status:OK] fmiCompletedIntegratorStep
	[FMU][FMU status:OK] fmiEnterEventMode...
	[FMU][FMU status:OK] fmiEnterEventMode done
	[FMU][FMU status:OK] fmiNewDiscreteStates...
	[FMU][FMU status:OK] fmiNewDiscreteStates completed
	[FMU][FMU status:OK] fmiNewDiscreteStates...
	[FMU][FMU status:OK] fmiNewDiscreteStates completed
	[FMU][FMU status:OK] fmiEnterContinuousTimeMode...
	[FMU][FMU status:OK] fmiEnterContinuousTimeMode done
	[FMU][FMU status:OK] fmiSetTime to 12
	[FMU][FMU status:OK] fmiCompletedIntegratorStep
	[FMU][FMU status:OK] fmiEnterEventMode...
	[FMU][FMU status:OK] fmiEnterEventMode done
	[FMU][FMU status:OK] fmiNewDiscreteStates...
	[FMU][FMU status:OK] fmiNewDiscreteStates completed
	[FMU][FMU status:OK] fmiNewDiscreteStates...
	[FMU][FMU status:OK] fmiNewDiscreteStates completed
	[FMU][FMU status:OK] fmiEnterContinuousTimeMode...
	[FMU][FMU status:OK] fmiEnterContinuousTimeMode done
	[FMU][FMU status:OK] fmiGetBoolean: y = 0
	[FMU][FMU status:OK] fmiGetBoolean: y2 = 1
	[FMU][FMU status:OK] fmiGetBoolean: y3 = 0
	[FMU][FMU status:OK] fmiGetInteger: y1 = 48
	[FMU][FMU status:OK] fmiGetBoolean: y4 = 1
	[FMU][FMU status:OK] fmiGetBoolean: y5 = 0
	[FMU][FMU status:OK] fmiGetBoolean: y6 = 1
	[FMU][FMU status:OK] fmiGetBoolean: Q = 1
	[FMU][FMU status:OK] fmiGetBoolean: QI = 0
	[FMU][FMU status:OK] fmiSetTime to 12.2
	[FMU][FMU status:OK] fmiCompletedIntegratorStep
	[FMU][FMU status:OK] fmiEnterEventMode...
	[FMU][FMU status:OK] fmiEnterEventMode done
	[FMU][FMU status:OK] fmiNewDiscreteStates...
	[FMU][FMU status:OK] fmiNewDiscreteStates completed
	[FMU][FMU status:OK] fmiEnterContinuousTimeMode...
	[FMU][FMU status:OK] fmiEnterContinuousTimeMode done
	[FMU][FMU status:OK] fmiSetTime to 12.3
	[FMU][FMU status:OK] fmiCompletedIntegratorStep
	[FMU][FMU status:OK] fmiEnterEventMode...
	[FMU][FMU status:OK] fmiEnterEventMode done
	[FMU][FMU status:OK] fmiNewDiscreteStates...
	[FMU][FMU status:OK] fmiNewDiscreteStates completed
	[FMU][FMU status:OK] fmiNewDiscreteStates...
	[FMU][FMU status:OK] fmiNewDiscreteStates completed
	[FMU][FMU status:OK] fmiEnterContinuousTimeMode...
	[FMU][FMU status:OK] fmiEnterContinuousTimeMode done
	[FMU][FMU status:OK] fmiSetTime to 12.5
	[FMU][FMU status:OK] fmiCompletedIntegratorStep
	[FMU][FMU status:OK] fmiEnterEventMode...
	[FMU][FMU status:OK] fmiEnterEventMode done
	[FMU][FMU status:OK] fmiNewDiscreteStates...
	[FMU][FMU status:OK] fmiNewDiscreteStates completed
	[FMU][FMU status:OK] fmiNewDiscreteStates...
	[FMU][FMU status:OK] fmiNewDiscreteStates completed
	[FMU][FMU status:OK] fmiEnterContinuousTimeMode...
	[FMU][FMU status:OK] fmiEnterContinuousTimeMode done
	[FMU][FMU status:OK] fmiSetTime to 12.8
	[FMU][FMU status:OK] fmiCompletedIntegratorStep
	[FMU][FMU status:OK] fmiEnterEventMode...
	[FMU][FMU status:OK] fmiEnterEventMode done
	[FMU][FMU status:OK] fmiNewDiscreteStates...
	[FMU][FMU status:OK] fmiNewDiscreteStates completed
	[FMU][FMU status:OK] fmiNewDiscreteStates...
	[FMU][FMU status:OK] fmiNewDiscreteStates completed
	[FMU][FMU status:OK] fmiEnterContinuousTimeMode...
	[FMU][FMU status:OK] fmiEnterContinuousTimeMode done
	[FMU][FMU status:OK] fmiSetTime to 13
	[FMU][FMU status:OK] fmiCompletedIntegratorStep
	[FMU][FMU status:OK] fmiEnterEventMode...
	[FMU][FMU status:OK] fmiEnterEventMode done
	[FMU][FMU status:OK] fmiNewDiscreteStates...
	[FMU][FMU status:OK] fmiNewDiscreteStates completed
	[FMU][FMU status:OK] fmiNewDiscreteStates...
	[FMU][FMU status:OK] fmiNewDiscreteStates completed
	[FMU][FMU status:OK] fmiEnterContinuousTimeMode...
	[FMU][FMU status:OK] fmiEnterContinuousTimeMode done
	[FMU][FMU status:OK] fmiGetBoolean: y = 0
	[FMU][FMU status:OK] fmiGetBoolean: y2 = 1
	[FMU][FMU status:OK] fmiGetBoolean: y3 = 0
	[FMU][FMU status:OK] fmiGetInteger: y1 = 52
	[FMU][FMU status:OK] fmiGetBoolean: y4 = 1
	[FMU][FMU status:OK] fmiGetBoolean: y5 = 0
	[FMU][FMU status:OK] fmiGetBoolean: y6 = 1
	[FMU][FMU status:OK] fmiGetBoolean: Q = 1
	[FMU][FMU status:OK] fmiGetBoolean: QI = 0
	[FMU][FMU status:OK] fmiSetTime to 13.2
	[FMU][FMU status:OK] fmiCompletedIntegratorStep
	[FMU][FMU status:OK] fmiEnterEventMode...
	[FMU][FMU status:OK] fmiEnterEventMode done
	[FMU][FMU status:OK] fmiNewDiscreteStates...
	[FMU][FMU status:OK] fmiNewDiscreteStates completed
	[FMU][FMU status:OK] fmiEnterContinuousTimeMode...
	[FMU][FMU status:OK] fmiEnterContinuousTimeMode done
	[FMU][FMU status:OK] fmiSetTime to 13.3
	[FMU][FMU status:OK] fmiCompletedIntegratorStep
	[FMU][FMU status:OK] fmiEnterEventMode...
	[FMU][FMU status:OK] fmiEnterEventMode done
	[FMU][FMU status:OK] fmiNewDiscreteStates...
	[FMU][FMU status:OK] fmiNewDiscreteStates completed
	[FMU][FMU status:OK] fmiNewDiscreteStates...
	[FMU][FMU status:OK] fmiNewDiscreteStates completed
	[FMU][FMU status:OK] fmiEnterContinuousTimeMode...
	[FMU][FMU status:OK] fmiEnterContinuousTimeMode done
	[FMU][FMU status:OK] fmiSetTime to 13.5
	[FMU][FMU status:OK] fmiCompletedIntegratorStep
	[FMU][FMU status:OK] fmiEnterEventMode...
	[FMU][FMU status:OK] fmiEnterEventMode done
	[FMU][FMU status:OK] fmiNewDiscreteStates...
	[FMU][FMU status:OK] fmiNewDiscreteStates completed
	[FMU][FMU status:OK] fmiNewDiscreteStates...
	[FMU][FMU status:OK] fmiNewDiscreteStates completed
	[FMU][FMU status:OK] fmiEnterContinuousTimeMode...
	[FMU][FMU status:OK] fmiEnterContinuousTimeMode done
	[FMU][FMU status:OK] fmiSetTime to 13.8
	[FMU][FMU status:OK] fmiCompletedIntegratorStep
	[FMU][FMU status:OK] fmiEnterEventMode...
	[FMU][FMU status:OK] fmiEnterEventMode done
	[FMU][FMU status:OK] fmiNewDiscreteStates...
	[FMU][FMU status:OK] fmiNewDiscreteStates completed
	[FMU][FMU status:OK] fmiNewDiscreteStates...
	[FMU][FMU status:OK] fmiNewDiscreteStates completed
	[FMU][FMU status:OK] fmiEnterContinuousTimeMode...
	[FMU][FMU status:OK] fmiEnterContinuousTimeMode done
	[FMU][FMU status:OK] fmiSetTime to 14
	[FMU][FMU status:OK] fmiCompletedIntegratorStep
	[FMU][FMU status:OK] fmiEnterEventMode...
	[FMU][FMU status:OK] fmiEnterEventMode done
	[FMU][FMU status:OK] fmiNewDiscreteStates...
	[FMU][FMU status:OK] fmiNewDiscreteStates completed
	[FMU][FMU status:OK] fmiNewDiscreteStates...
	[FMU][FMU status:OK] fmiNewDiscreteStates completed
	[FMU][FMU status:OK] fmiEnterContinuousTimeMode...
	[FMU][FMU status:OK] fmiEnterContinuousTimeMode done
	[FMU][FMU status:OK] fmiGetBoolean: y = 0
	[FMU][FMU status:OK] fmiGetBoolean: y2 = 1
	[FMU][FMU status:OK] fmiGetBoolean: y3 = 0
	[FMU][FMU status:OK] fmiGetInteger: y1 = 56
	[FMU][FMU status:OK] fmiGetBoolean: y4 = 1
	[FMU][FMU status:OK] fmiGetBoolean: y5 = 0
	[FMU][FMU status:OK] fmiGetBoolean: y6 = 1
	[FMU][FMU status:OK] fmiGetBoolean: Q = 1
	[FMU][FMU status:OK] fmiGetBoolean: QI = 0
	[FMU][FMU status:OK] fmiSetTime to 14.2
	[FMU][FMU status:OK] fmiCompletedIntegratorStep
	[FMU][FMU status:OK] fmiEnterEventMode...
	[FMU][FMU status:OK] fmiEnterEventMode done
	[FMU][FMU status:OK] fmiNewDiscreteStates...
	[FMU][FMU status:OK] fmiNewDiscreteStates completed
	[FMU][FMU status:OK] fmiEnterContinuousTimeMode...
	[FMU][FMU status:OK] fmiEnterContinuousTimeMode done
	[FMU][FMU status:OK] fmiSetTime to 14.3
	[FMU][FMU status:OK] fmiCompletedIntegratorStep
	[FMU][FMU status:OK] fmiEnterEventMode...
	[FMU][FMU status:OK] fmiEnterEventMode done
	[FMU][FMU status:OK] fmiNewDiscreteStates...
	[FMU][FMU status:OK] fmiNewDiscreteStates completed
	[FMU][FMU status:OK] fmiNewDiscreteStates...
	[FMU][FMU status:OK] fmiNewDiscreteStates completed
	[FMU][FMU status:OK] fmiEnterContinuousTimeMode...
	[FMU][FMU status:OK] fmiEnterContinuousTimeMode done
	[FMU][FMU status:OK] fmiSetTime to 14.5
	[FMU][FMU status:OK] fmiCompletedIntegratorStep
	[FMU][FMU status:OK] fmiEnterEventMode...
	[FMU][FMU status:OK] fmiEnterEventMode done
	[FMU][FMU status:OK] fmiNewDiscreteStates...
	[FMU][FMU status:OK] fmiNewDiscreteStates completed
	[FMU][FMU status:OK] fmiNewDiscreteStates...
	[FMU][FMU status:OK] fmiNewDiscreteStates completed
	[FMU][FMU status:OK] fmiEnterContinuousTimeMode...
	[FMU][FMU status:OK] fmiEnterContinuousTimeMode done
	[FMU][FMU status:OK] fmiSetTime to 14.8
	[FMU][FMU status:OK] fmiCompletedIntegratorStep
	[FMU][FMU status:OK] fmiEnterEventMode...
	[FMU][FMU status:OK] fmiEnterEventMode done
	[FMU][FMU status:OK] fmiNewDiscreteStates...
	[FMU][FMU status:OK] fmiNewDiscreteStates completed
	[FMU][FMU status:OK] fmiNewDiscreteStates...
	[FMU][FMU status:OK] fmiNewDiscreteStates completed
	[FMU][FMU status:OK] fmiEnterContinuousTimeMode...
	[FMU][FMU status:OK] fmiEnterContinuousTimeMode done
	[FMU][FMU status:OK] fmiSetTime to 15
	[FMU][FMU status:OK] fmiCompletedIntegratorStep
	[FMU][FMU status:OK] fmiEnterEventMode...
	[FMU][FMU status:OK] fmiEnterEventMode done
	[FMU][FMU status:OK] fmiNewDiscreteStates...
	[FMU][FMU status:OK] fmiNewDiscreteStates completed
	[FMU][FMU status:OK] fmiNewDiscreteStates...
	[FMU][FMU status:OK] fmiNewDiscreteStates completed
	[FMU][FMU status:OK] fmiEnterContinuousTimeMode...
	[FMU][FMU status:OK] fmiEnterContinuousTimeMode done
	[FMU][FMU status:OK] fmiGetBoolean: y = 0
	[FMU][FMU status:OK] fmiGetBoolean: y2 = 1
	[FMU][FMU status:OK] fmiGetBoolean: y3 = 0
	[FMU][FMU status:OK] fmiGetInteger: y1 = 60
	[FMU][FMU status:OK] fmiGetBoolean: y4 = 1
	[FMU][FMU status:OK] fmiGetBoolean: y5 = 0
	[FMU][FMU status:OK] fmiGetBoolean: y6 = 1
	[FMU][FMU status:OK] fmiGetBoolean: Q = 1
	[FMU][FMU status:OK] fmiGetBoolean: QI = 0
	[FMU][FMU status:OK] fmiSetTime to 15.2
	[FMU][FMU status:OK] fmiCompletedIntegratorStep
	[FMU][FMU status:OK] fmiEnterEventMode...
	[FMU][FMU status:OK] fmiEnterEventMode done
	[FMU][FMU status:OK] fmiNewDiscreteStates...
	[FMU][FMU status:OK] fmiNewDiscreteStates completed
	[FMU][FMU status:OK] fmiEnterContinuousTimeMode...
	[FMU][FMU status:OK] fmiEnterContinuousTimeMode done
	[FMU][FMU status:OK] fmiSetTime to 15.3
	[FMU][FMU status:OK] fmiCompletedIntegratorStep
	[FMU][FMU status:OK] fmiEnterEventMode...
	[FMU][FMU status:OK] fmiEnterEventMode done
	[FMU][FMU status:OK] fmiNewDiscreteStates...
	[FMU][FMU status:OK] fmiNewDiscreteStates completed
	[FMU][FMU status:OK] fmiNewDiscreteStates...
	[FMU][FMU status:OK] fmiNewDiscreteStates completed
	[FMU][FMU status:OK] fmiEnterContinuousTimeMode...
	[FMU][FMU status:OK] fmiEnterContinuousTimeMode done
	[FMU][FMU status:OK] fmiSetTime to 15.5
	[FMU][FMU status:OK] fmiCompletedIntegratorStep
	[FMU][FMU status:OK] fmiEnterEventMode...
	[FMU][FMU status:OK] fmiEnterEventMode done
	[FMU][FMU status:OK] fmiNewDiscreteStates...
	[FMU][FMU status:OK] fmiNewDiscreteStates completed
	[FMU][FMU status:OK] fmiNewDiscreteStates...
	[FMU][FMU status:OK] fmiNewDiscreteStates completed
	[FMU][FMU status:OK] fmiEnterContinuousTimeMode...
	[FMU][FMU status:OK] fmiEnterContinuousTimeMode done
	[FMU][FMU status:OK] fmiSetTime to 15.8
	[FMU][FMU status:OK] fmiCompletedIntegratorStep
	[FMU][FMU status:OK] fmiEnterEventMode...
	[FMU][FMU status:OK] fmiEnterEventMode done
	[FMU][FMU status:OK] fmiNewDiscreteStates...
	[FMU][FMU status:OK] fmiNewDiscreteStates completed
	[FMU][FMU status:OK] fmiNewDiscreteStates...
	[FMU][FMU status:OK] fmiNewDiscreteStates completed
	[FMU][FMU status:OK] fmiEnterContinuousTimeMode...
	[FMU][FMU status:OK] fmiEnterContinuousTimeMode done
	[FMU][FMU status:OK] fmiSetTime to 16
	[FMU][FMU status:OK] fmiCompletedIntegratorStep
	[FMU][FMU status:OK] fmiEnterEventMode...
	[FMU][FMU status:OK] fmiEnterEventMode done
	[FMU][FMU status:OK] fmiNewDiscreteStates...
	[FMU][FMU status:OK] fmiNewDiscreteStates completed
	[FMU][FMU status:OK] fmiNewDiscreteStates...
	[FMU][FMU status:OK] fmiNewDiscreteStates completed
	[FMU][FMU status:OK] fmiEnterContinuousTimeMode...
	[FMU][FMU status:OK] fmiEnterContinuousTimeMode done
	[FMU][FMU status:OK] fmiGetBoolean: y = 0
	[FMU][FMU status:OK] fmiGetBoolean: y2 = 1
	[FMU][FMU status:OK] fmiGetBoolean: y3 = 0
	[FMU][FMU status:OK] fmiGetInteger: y1 = 64
	[FMU][FMU status:OK] fmiGetBoolean: y4 = 1
	[FMU][FMU status:OK] fmiGetBoolean: y5 = 0
	[FMU][FMU status:OK] fmiGetBoolean: y6 = 1
	[FMU][FMU status:OK] fmiGetBoolean: Q = 1
	[FMU][FMU status:OK] fmiGetBoolean: QI = 0
	[FMU][FMU status:OK] fmiSetTime to 16.2
	[FMU][FMU status:OK] fmiCompletedIntegratorStep
	[FMU][FMU status:OK] fmiEnterEventMode...
	[FMU][FMU status:OK] fmiEnterEventMode done
	[FMU][FMU status:OK] fmiNewDiscreteStates...
	[FMU][FMU status:OK] fmiNewDiscreteStates completed
	[FMU][FMU status:OK] fmiEnterContinuousTimeMode...
	[FMU][FMU status:OK] fmiEnterContinuousTimeMode done
	[FMU][FMU status:OK] fmiSetTime to 16.3
	[FMU][FMU status:OK] fmiCompletedIntegratorStep
	[FMU][FMU status:OK] fmiEnterEventMode...
	[FMU][FMU status:OK] fmiEnterEventMode done
	[FMU][FMU status:OK] fmiNewDiscreteStates...
	[FMU][FMU status:OK] fmiNewDiscreteStates completed
	[FMU][FMU status:OK] fmiNewDiscreteStates...
	[FMU][FMU status:OK] fmiNewDiscreteStates completed
	[FMU][FMU status:OK] fmiEnterContinuousTimeMode...
	[FMU][FMU status:OK] fmiEnterContinuousTimeMode done
	[FMU][FMU status:OK] fmiSetTime to 16.5
	[FMU][FMU status:OK] fmiCompletedIntegratorStep
	[FMU][FMU status:OK] fmiEnterEventMode...
	[FMU][FMU status:OK] fmiEnterEventMode done
	[FMU][FMU status:OK] fmiNewDiscreteStates...
	[FMU][FMU status:OK] fmiNewDiscreteStates completed
	[FMU][FMU status:OK] fmiNewDiscreteStates...
	[FMU][FMU status:OK] fmiNewDiscreteStates completed
	[FMU][FMU status:OK] fmiEnterContinuousTimeMode...
	[FMU][FMU status:OK] fmiEnterContinuousTimeMode done
	[FMU][FMU status:OK] fmiSetTime to 16.8
	[FMU][FMU status:OK] fmiCompletedIntegratorStep
	[FMU][FMU status:OK] fmiEnterEventMode...
	[FMU][FMU status:OK] fmiEnterEventMode done
	[FMU][FMU status:OK] fmiNewDiscreteStates...
	[FMU][FMU status:OK] fmiNewDiscreteStates completed
	[FMU][FMU status:OK] fmiNewDiscreteStates...
	[FMU][FMU status:OK] fmiNewDiscreteStates completed
	[FMU][FMU status:OK] fmiEnterContinuousTimeMode...
	[FMU][FMU status:OK] fmiEnterContinuousTimeMode done
	[FMU][FMU status:OK] fmiSetTime to 17
	[FMU][FMU status:OK] fmiCompletedIntegratorStep
	[FMU][FMU status:OK] fmiEnterEventMode...
	[FMU][FMU status:OK] fmiEnterEventMode done
	[FMU][FMU status:OK] fmiNewDiscreteStates...
	[FMU][FMU status:OK] fmiNewDiscreteStates completed
	[FMU][FMU status:OK] fmiNewDiscreteStates...
	[FMU][FMU status:OK] fmiNewDiscreteStates completed
	[FMU][FMU status:OK] fmiEnterContinuousTimeMode...
	[FMU][FMU status:OK] fmiEnterContinuousTimeMode done
	[FMU][FMU status:OK] fmiGetBoolean: y = 0
	[FMU][FMU status:OK] fmiGetBoolean: y2 = 1
	[FMU][FMU status:OK] fmiGetBoolean: y3 = 0
	[FMU][FMU status:OK] fmiGetInteger: y1 = 68
	[FMU][FMU status:OK] fmiGetBoolean: y4 = 1
	[FMU][FMU status:OK] fmiGetBoolean: y5 = 0
	[FMU][FMU status:OK] fmiGetBoolean: y6 = 1
	[FMU][FMU status:OK] fmiGetBoolean: Q = 1
	[FMU][FMU status:OK] fmiGetBoolean: QI = 0
	[FMU][FMU status:OK] fmiSetTime to 17.2
	[FMU][FMU status:OK] fmiCompletedIntegratorStep
	[FMU][FMU status:OK] fmiEnterEventMode...
	[FMU][FMU status:OK] fmiEnterEventMode done
	[FMU][FMU status:OK] fmiNewDiscreteStates...
	[FMU][FMU status:OK] fmiNewDiscreteStates completed
	[FMU][FMU status:OK] fmiEnterContinuousTimeMode...
	[FMU][FMU status:OK] fmiEnterContinuousTimeMode done
	[FMU][FMU status:OK] fmiSetTime to 17.3
	[FMU][FMU status:OK] fmiCompletedIntegratorStep
	[FMU][FMU status:OK] fmiEnterEventMode...
	[FMU][FMU status:OK] fmiEnterEventMode done
	[FMU][FMU status:OK] fmiNewDiscreteStates...
	[FMU][FMU status:OK] fmiNewDiscreteStates completed
	[FMU][FMU status:OK] fmiNewDiscreteStates...
	[FMU][FMU status:OK] fmiNewDiscreteStates completed
	[FMU][FMU status:OK] fmiEnterContinuousTimeMode...
	[FMU][FMU status:OK] fmiEnterContinuousTimeMode done
	[FMU][FMU status:OK] fmiSetTime to 17.5
	[FMU][FMU status:OK] fmiCompletedIntegratorStep
	[FMU][FMU status:OK] fmiEnterEventMode...
	[FMU][FMU status:OK] fmiEnterEventMode done
	[FMU][FMU status:OK] fmiNewDiscreteStates...
	[FMU][FMU status:OK] fmiNewDiscreteStates completed
	[FMU][FMU status:OK] fmiNewDiscreteStates...
	[FMU][FMU status:OK] fmiNewDiscreteStates completed
	[FMU][FMU status:OK] fmiEnterContinuousTimeMode...
	[FMU][FMU status:OK] fmiEnterContinuousTimeMode done
	[FMU][FMU status:OK] fmiSetTime to 17.8
	[FMU][FMU status:OK] fmiCompletedIntegratorStep
	[FMU][FMU status:OK] fmiEnterEventMode...
	[FMU][FMU status:OK] fmiEnterEventMode done
	[FMU][FMU status:OK] fmiNewDiscreteStates...
	[FMU][FMU status:OK] fmiNewDiscreteStates completed
	[FMU][FMU status:OK] fmiNewDiscreteStates...
	[FMU][FMU status:OK] fmiNewDiscreteStates completed
	[FMU][FMU status:OK] fmiEnterContinuousTimeMode...
	[FMU][FMU status:OK] fmiEnterContinuousTimeMode done
	[FMU][FMU status:OK] fmiSetTime to 18
	[FMU][FMU status:OK] fmiCompletedIntegratorStep
	[FMU][FMU status:OK] fmiEnterEventMode...
	[FMU][FMU status:OK] fmiEnterEventMode done
	[FMU][FMU status:OK] fmiNewDiscreteStates...
	[FMU][FMU status:OK] fmiNewDiscreteStates completed
	[FMU][FMU status:OK] fmiNewDiscreteStates...
	[FMU][FMU status:OK] fmiNewDiscreteStates completed
	[FMU][FMU status:OK] fmiEnterContinuousTimeMode...
	[FMU][FMU status:OK] fmiEnterContinuousTimeMode done
	[FMU][FMU status:OK] fmiGetBoolean: y = 0
	[FMU][FMU status:OK] fmiGetBoolean: y2 = 1
	[FMU][FMU status:OK] fmiGetBoolean: y3 = 0
	[FMU][FMU status:OK] fmiGetInteger: y1 = 72
	[FMU][FMU status:OK] fmiGetBoolean: y4 = 1
	[FMU][FMU status:OK] fmiGetBoolean: y5 = 0
	[FMU][FMU status:OK] fmiGetBoolean: y6 = 1
	[FMU][FMU status:OK] fmiGetBoolean: Q = 1
	[FMU][FMU status:OK] fmiGetBoolean: QI = 0
	[FMU][FMU status:OK] fmiSetTime to 18.2
	[FMU][FMU status:OK] fmiCompletedIntegratorStep
	[FMU][FMU status:OK] fmiEnterEventMode...
	[FMU][FMU status:OK] fmiEnterEventMode done
	[FMU][FMU status:OK] fmiNewDiscreteStates...
	[FMU][FMU status:OK] fmiNewDiscreteStates completed
	[FMU][FMU status:OK] fmiEnterContinuousTimeMode...
	[FMU][FMU status:OK] fmiEnterContinuousTimeMode done
	[FMU][FMU status:OK] fmiSetTime to 18.3
	[FMU][FMU status:OK] fmiCompletedIntegratorStep
	[FMU][FMU status:OK] fmiEnterEventMode...
	[FMU][FMU status:OK] fmiEnterEventMode done
	[FMU][FMU status:OK] fmiNewDiscreteStates...
	[FMU][FMU status:OK] fmiNewDiscreteStates completed
	[FMU][FMU status:OK] fmiNewDiscreteStates...
	[FMU][FMU status:OK] fmiNewDiscreteStates completed
	[FMU][FMU status:OK] fmiEnterContinuousTimeMode...
	[FMU][FMU status:OK] fmiEnterContinuousTimeMode done
	[FMU][FMU status:OK] fmiSetTime to 18.5
	[FMU][FMU status:OK] fmiCompletedIntegratorStep
	[FMU][FMU status:OK] fmiEnterEventMode...
	[FMU][FMU status:OK] fmiEnterEventMode done
	[FMU][FMU status:OK] fmiNewDiscreteStates...
	[FMU][FMU status:OK] fmiNewDiscreteStates completed
	[FMU][FMU status:OK] fmiNewDiscreteStates...
	[FMU][FMU status:OK] fmiNewDiscreteStates completed
	[FMU][FMU status:OK] fmiEnterContinuousTimeMode...
	[FMU][FMU status:OK] fmiEnterContinuousTimeMode done
	[FMU][FMU status:OK] fmiSetTime to 18.8
	[FMU][FMU status:OK] fmiCompletedIntegratorStep
	[FMU][FMU status:OK] fmiEnterEventMode...
	[FMU][FMU status:OK] fmiEnterEventMode done
	[FMU][FMU status:OK] fmiNewDiscreteStates...
	[FMU][FMU status:OK] fmiNewDiscreteStates completed
	[FMU][FMU status:OK] fmiNewDiscreteStates...
	[FMU][FMU status:OK] fmiNewDiscreteStates completed
	[FMU][FMU status:OK] fmiEnterContinuousTimeMode...
	[FMU][FMU status:OK] fmiEnterContinuousTimeMode done
	[FMU][FMU status:OK] fmiSetTime to 19
	[FMU][FMU status:OK] fmiCompletedIntegratorStep
	[FMU][FMU status:OK] fmiEnterEventMode...
	[FMU][FMU status:OK] fmiEnterEventMode done
	[FMU][FMU status:OK] fmiNewDiscreteStates...
	[FMU][FMU status:OK] fmiNewDiscreteStates completed
	[FMU][FMU status:OK] fmiNewDiscreteStates...
	[FMU][FMU status:OK] fmiNewDiscreteStates completed
	[FMU][FMU status:OK] fmiEnterContinuousTimeMode...
	[FMU][FMU status:OK] fmiEnterContinuousTimeMode done
	[FMU][FMU status:OK] fmiGetBoolean: y = 0
	[FMU][FMU status:OK] fmiGetBoolean: y2 = 1
	[FMU][FMU status:OK] fmiGetBoolean: y3 = 0
	[FMU][FMU status:OK] fmiGetInteger: y1 = 76
	[FMU][FMU status:OK] fmiGetBoolean: y4 = 1
	[FMU][FMU status:OK] fmiGetBoolean: y5 = 0
	[FMU][FMU status:OK] fmiGetBoolean: y6 = 1
	[FMU][FMU status:OK] fmiGetBoolean: Q = 1
	[FMU][FMU status:OK] fmiGetBoolean: QI = 0
	[FMU][FMU status:OK] fmiSetTime to 19.2
	[FMU][FMU status:OK] fmiCompletedIntegratorStep
	[FMU][FMU status:OK] fmiEnterEventMode...
	[FMU][FMU status:OK] fmiEnterEventMode done
	[FMU][FMU status:OK] fmiNewDiscreteStates...
	[FMU][FMU status:OK] fmiNewDiscreteStates completed
	[FMU][FMU status:OK] fmiEnterContinuousTimeMode...
	[FMU][FMU status:OK] fmiEnterContinuousTimeMode done
	[FMU][FMU status:OK] fmiSetTime to 19.3
	[FMU][FMU status:OK] fmiCompletedIntegratorStep
	[FMU][FMU status:OK] fmiEnterEventMode...
	[FMU][FMU status:OK] fmiEnterEventMode done
	[FMU][FMU status:OK] fmiNewDiscreteStates...
	[FMU][FMU status:OK] fmiNewDiscreteStates completed
	[FMU][FMU status:OK] fmiNewDiscreteStates...
	[FMU][FMU status:OK] fmiNewDiscreteStates completed
	[FMU][FMU status:OK] fmiEnterContinuousTimeMode...
	[FMU][FMU status:OK] fmiEnterContinuousTimeMode done
	[FMU][FMU status:OK] fmiSetTime to 19.5
	[FMU][FMU status:OK] fmiCompletedIntegratorStep
	[FMU][FMU status:OK] fmiEnterEventMode...
	[FMU][FMU status:OK] fmiEnterEventMode done
	[FMU][FMU status:OK] fmiNewDiscreteStates...
	[FMU][FMU status:OK] fmiNewDiscreteStates completed
	[FMU][FMU status:OK] fmiNewDiscreteStates...
	[FMU][FMU status:OK] fmiNewDiscreteStates completed
	[FMU][FMU status:OK] fmiEnterContinuousTimeMode...
	[FMU][FMU status:OK] fmiEnterContinuousTimeMode done
	[FMU][FMU status:OK] fmiSetTime to 19.8
	[FMU][FMU status:OK] fmiCompletedIntegratorStep
	[FMU][FMU status:OK] fmiEnterEventMode...
	[FMU][FMU status:OK] fmiEnterEventMode done
	[FMU][FMU status:OK] fmiNewDiscreteStates...
	[FMU][FMU status:OK] fmiNewDiscreteStates completed
	[FMU][FMU status:OK] fmiNewDiscreteStates...
	[FMU][FMU status:OK] fmiNewDiscreteStates completed
	[FMU][FMU status:OK] fmiEnterContinuousTimeMode...
	[FMU][FMU status:OK] fmiEnterContinuousTimeMode done
	[FMU][FMU status:OK] fmiSetTime to 20
	[FMU][FMU status:OK] fmiCompletedIntegratorStep
	[FMU][FMU status:OK] fmiEnterEventMode...
	[FMU][FMU status:OK] fmiEnterEventMode done
	[FMU][FMU status:OK] fmiNewDiscreteStates...
	[FMU][FMU status:OK] fmiNewDiscreteStates completed
	[FMU][FMU status:OK] fmiNewDiscreteStates...
	[FMU][FMU status:OK] fmiNewDiscreteStates completed
	[FMU][FMU status:OK] fmiEnterContinuousTimeMode...
	[FMU][FMU status:OK] fmiEnterContinuousTimeMode done
	[FMU][FMU status:OK] fmiGetBoolean: y = 0
	[FMU][FMU status:OK] fmiGetBoolean: y2 = 1
	[FMU][FMU status:OK] fmiGetBoolean: y3 = 0
	[FMU][FMU status:OK] fmiGetInteger: y1 = 80
	[FMU][FMU status:OK] fmiGetBoolean: y4 = 1
	[FMU][FMU status:OK] fmiGetBoolean: y5 = 0
	[FMU][FMU status:OK] fmiGetBoolean: y6 = 1
	[FMU][FMU status:OK] fmiGetBoolean: Q = 1
	[FMU][FMU status:OK] fmiGetBoolean: QI = 0
	[FMU][FMU status:OK] fmiSetTime to 20.2
	[FMU][FMU status:OK] fmiCompletedIntegratorStep
	[FMU][FMU status:OK] fmiEnterEventMode...
	[FMU][FMU status:OK] fmiEnterEventMode done
	[FMU][FMU status:OK] fmiNewDiscreteStates...
	[FMU][FMU status:OK] fmiNewDiscreteStates completed
	[FMU][FMU status:OK] fmiEnterContinuousTimeMode...
	[FMU][FMU status:OK] fmiEnterContinuousTimeMode done
	[FMU][FMU status:OK] fmiSetTime to 20.3
	[FMU][FMU status:OK] fmiCompletedIntegratorStep
	[FMU][FMU status:OK] fmiEnterEventMode...
	[FMU][FMU status:OK] fmiEnterEventMode done
	[FMU][FMU status:OK] fmiNewDiscreteStates...
	[FMU][FMU status:OK] fmiNewDiscreteStates completed
	[FMU][FMU status:OK] fmiNewDiscreteStates...
	[FMU][FMU status:OK] fmiNewDiscreteStates completed
	[FMU][FMU status:OK] fmiEnterContinuousTimeMode...
	[FMU][FMU status:OK] fmiEnterContinuousTimeMode done
	[FMU][FMU status:OK] fmiSetTime to 20.5
	[FMU][FMU status:OK] fmiCompletedIntegratorStep
	[FMU][FMU status:OK] fmiEnterEventMode...
	[FMU][FMU status:OK] fmiEnterEventMode done
	[FMU][FMU status:OK] fmiNewDiscreteStates...
	[FMU][FMU status:OK] fmiNewDiscreteStates completed
	[FMU][FMU status:OK] fmiNewDiscreteStates...
	[FMU][FMU status:OK] fmiNewDiscreteStates completed
	[FMU][FMU status:OK] fmiEnterContinuousTimeMode...
	[FMU][FMU status:OK] fmiEnterContinuousTimeMode done
	[FMU][FMU status:OK] fmiSetTime to 20.8
	[FMU][FMU status:OK] fmiCompletedIntegratorStep
	[FMU][FMU status:OK] fmiEnterEventMode...
	[FMU][FMU status:OK] fmiEnterEventMode done
	[FMU][FMU status:OK] fmiNewDiscreteStates...
	[FMU][FMU status:OK] fmiNewDiscreteStates completed
	[FMU][FMU status:OK] fmiNewDiscreteStates...
	[FMU][FMU status:OK] fmiNewDiscreteStates completed
	[FMU][FMU status:OK] fmiEnterContinuousTimeMode...
	[FMU][FMU status:OK] fmiEnterContinuousTimeMode done
	[FMU][FMU status:OK] fmiSetTime to 21
	[FMU][FMU status:OK] fmiCompletedIntegratorStep
	[FMU][FMU status:OK] fmiEnterEventMode...
	[FMU][FMU status:OK] fmiEnterEventMode done
	[FMU][FMU status:OK] fmiNewDiscreteStates...
	[FMU][FMU status:OK] fmiNewDiscreteStates completed
	[FMU][FMU status:OK] fmiNewDiscreteStates...
	[FMU][FMU status:OK] fmiNewDiscreteStates completed
	[FMU][FMU status:OK] fmiEnterContinuousTimeMode...
	[FMU][FMU status:OK] fmiEnterContinuousTimeMode done
	[FMU][FMU status:OK] fmiGetBoolean: y = 0
	[FMU][FMU status:OK] fmiGetBoolean: y2 = 1
	[FMU][FMU status:OK] fmiGetBoolean: y3 = 0
	[FMU][FMU status:OK] fmiGetInteger: y1 = 84
	[FMU][FMU status:OK] fmiGetBoolean: y4 = 1
	[FMU][FMU status:OK] fmiGetBoolean: y5 = 0
	[FMU][FMU status:OK] fmiGetBoolean: y6 = 1
	[FMU][FMU status:OK] fmiGetBoolean: Q = 1
	[FMU][FMU status:OK] fmiGetBoolean: QI = 0
	[FMU][FMU status:OK] fmiSetTime to 21.2
	[FMU][FMU status:OK] fmiCompletedIntegratorStep
	[FMU][FMU status:OK] fmiEnterEventMode...
	[FMU][FMU status:OK] fmiEnterEventMode done
	[FMU][FMU status:OK] fmiNewDiscreteStates...
	[FMU][FMU status:OK] fmiNewDiscreteStates completed
	[FMU][FMU status:OK] fmiEnterContinuousTimeMode...
	[FMU][FMU status:OK] fmiEnterContinuousTimeMode done
	[FMU][FMU status:OK] fmiSetTime to 21.3
	[FMU][FMU status:OK] fmiCompletedIntegratorStep
	[FMU][FMU status:OK] fmiEnterEventMode...
	[FMU][FMU status:OK] fmiEnterEventMode done
	[FMU][FMU status:OK] fmiNewDiscreteStates...
	[FMU][FMU status:OK] fmiNewDiscreteStates completed
	[FMU][FMU status:OK] fmiNewDiscreteStates...
	[FMU][FMU status:OK] fmiNewDiscreteStates completed
	[FMU][FMU status:OK] fmiEnterContinuousTimeMode...
	[FMU][FMU status:OK] fmiEnterContinuousTimeMode done
	[FMU][FMU status:OK] fmiSetTime to 21.5
	[FMU][FMU status:OK] fmiCompletedIntegratorStep
	[FMU][FMU status:OK] fmiEnterEventMode...
	[FMU][FMU status:OK] fmiEnterEventMode done
	[FMU][FMU status:OK] fmiNewDiscreteStates...
	[FMU][FMU status:OK] fmiNewDiscreteStates completed
	[FMU][FMU status:OK] fmiNewDiscreteStates...
	[FMU][FMU status:OK] fmiNewDiscreteStates completed
	[FMU][FMU status:OK] fmiEnterContinuousTimeMode...
	[FMU][FMU status:OK] fmiEnterContinuousTimeMode done
	[FMU][FMU status:OK] fmiSetTime to 21.8
	[FMU][FMU status:OK] fmiCompletedIntegratorStep
	[FMU][FMU status:OK] fmiEnterEventMode...
	[FMU][FMU status:OK] fmiEnterEventMode done
	[FMU][FMU status:OK] fmiNewDiscreteStates...
	[FMU][FMU status:OK] fmiNewDiscreteStates completed
	[FMU][FMU status:OK] fmiNewDiscreteStates...
	[FMU][FMU status:OK] fmiNewDiscreteStates completed
	[FMU][FMU status:OK] fmiEnterContinuousTimeMode...
	[FMU][FMU status:OK] fmiEnterContinuousTimeMode done
	[FMU][FMU status:OK] fmiSetTime to 22
	[FMU][FMU status:OK] fmiCompletedIntegratorStep
	[FMU][FMU status:OK] fmiEnterEventMode...
	[FMU][FMU status:OK] fmiEnterEventMode done
	[FMU][FMU status:OK] fmiNewDiscreteStates...
	[FMU][FMU status:OK] fmiNewDiscreteStates completed
	[FMU][FMU status:OK] fmiNewDiscreteStates...
	[FMU][FMU status:OK] fmiNewDiscreteStates completed
	[FMU][FMU status:OK] fmiEnterContinuousTimeMode...
	[FMU][FMU status:OK] fmiEnterContinuousTimeMode done
	[FMU][FMU status:OK] fmiGetBoolean: y = 0
	[FMU][FMU status:OK] fmiGetBoolean: y2 = 1
	[FMU][FMU status:OK] fmiGetBoolean: y3 = 0
	[FMU][FMU status:OK] fmiGetInteger: y1 = 88
	[FMU][FMU status:OK] fmiGetBoolean: y4 = 1
	[FMU][FMU status:OK] fmiGetBoolean: y5 = 0
	[FMU][FMU status:OK] fmiGetBoolean: y6 = 1
	[FMU][FMU status:OK] fmiGetBoolean: Q = 1
	[FMU][FMU status:OK] fmiGetBoolean: QI = 0
	[FMU][FMU status:OK] fmiSetTime to 22.2
	[FMU][FMU status:OK] fmiCompletedIntegratorStep
	[FMU][FMU status:OK] fmiEnterEventMode...
	[FMU][FMU status:OK] fmiEnterEventMode done
	[FMU][FMU status:OK] fmiNewDiscreteStates...
	[FMU][FMU status:OK] fmiNewDiscreteStates completed
	[FMU][FMU status:OK] fmiEnterContinuousTimeMode...
	[FMU][FMU status:OK] fmiEnterContinuousTimeMode done
	[FMU][FMU status:OK] fmiSetTime to 22.3
	[FMU][FMU status:OK] fmiCompletedIntegratorStep
	[FMU][FMU status:OK] fmiEnterEventMode...
	[FMU][FMU status:OK] fmiEnterEventMode done
	[FMU][FMU status:OK] fmiNewDiscreteStates...
	[FMU][FMU status:OK] fmiNewDiscreteStates completed
	[FMU][FMU status:OK] fmiNewDiscreteStates...
	[FMU][FMU status:OK] fmiNewDiscreteStates completed
	[FMU][FMU status:OK] fmiEnterContinuousTimeMode...
	[FMU][FMU status:OK] fmiEnterContinuousTimeMode done
	[FMU][FMU status:OK] fmiSetTime to 22.5
	[FMU][FMU status:OK] fmiCompletedIntegratorStep
	[FMU][FMU status:OK] fmiEnterEventMode...
	[FMU][FMU status:OK] fmiEnterEventMode done
	[FMU][FMU status:OK] fmiNewDiscreteStates...
	[FMU][FMU status:OK] fmiNewDiscreteStates completed
	[FMU][FMU status:OK] fmiNewDiscreteStates...
	[FMU][FMU status:OK] fmiNewDiscreteStates completed
	[FMU][FMU status:OK] fmiEnterContinuousTimeMode...
	[FMU][FMU status:OK] fmiEnterContinuousTimeMode done
	[FMU][FMU status:OK] fmiSetTime to 22.8
	[FMU][FMU status:OK] fmiCompletedIntegratorStep
	[FMU][FMU status:OK] fmiEnterEventMode...
	[FMU][FMU status:OK] fmiEnterEventMode done
	[FMU][FMU status:OK] fmiNewDiscreteStates...
	[FMU][FMU status:OK] fmiNewDiscreteStates completed
	[FMU][FMU status:OK] fmiNewDiscreteStates...
	[FMU][FMU status:OK] fmiNewDiscreteStates completed
	[FMU][FMU status:OK] fmiEnterContinuousTimeMode...
	[FMU][FMU status:OK] fmiEnterContinuousTimeMode done
	[FMU][FMU status:OK] fmiSetTime to 23
	[FMU][FMU status:OK] fmiCompletedIntegratorStep
	[FMU][FMU status:OK] fmiEnterEventMode...
	[FMU][FMU status:OK] fmiEnterEventMode done
	[FMU][FMU status:OK] fmiNewDiscreteStates...
	[FMU][FMU status:OK] fmiNewDiscreteStates completed
	[FMU][FMU status:OK] fmiNewDiscreteStates...
	[FMU][FMU status:OK] fmiNewDiscreteStates completed
	[FMU][FMU status:OK] fmiEnterContinuousTimeMode...
	[FMU][FMU status:OK] fmiEnterContinuousTimeMode done
	[FMU][FMU status:OK] fmiGetBoolean: y = 0
	[FMU][FMU status:OK] fmiGetBoolean: y2 = 1
	[FMU][FMU status:OK] fmiGetBoolean: y3 = 0
	[FMU][FMU status:OK] fmiGetInteger: y1 = 92
	[FMU][FMU status:OK] fmiGetBoolean: y4 = 1
	[FMU][FMU status:OK] fmiGetBoolean: y5 = 0
	[FMU][FMU status:OK] fmiGetBoolean: y6 = 1
	[FMU][FMU status:OK] fmiGetBoolean: Q = 1
	[FMU][FMU status:OK] fmiGetBoolean: QI = 0
	[FMU][FMU status:OK] fmiSetTime to 23.2
	[FMU][FMU status:OK] fmiCompletedIntegratorStep
	[FMU][FMU status:OK] fmiEnterEventMode...
	[FMU][FMU status:OK] fmiEnterEventMode done
	[FMU][FMU status:OK] fmiNewDiscreteStates...
	[FMU][FMU status:OK] fmiNewDiscreteStates completed
	[FMU][FMU status:OK] fmiEnterContinuousTimeMode...
	[FMU][FMU status:OK] fmiEnterContinuousTimeMode done
	[FMU][FMU status:OK] fmiSetTime to 23.3
	[FMU][FMU status:OK] fmiCompletedIntegratorStep
	[FMU][FMU status:OK] fmiEnterEventMode...
	[FMU][FMU status:OK] fmiEnterEventMode done
	[FMU][FMU status:OK] fmiNewDiscreteStates...
	[FMU][FMU status:OK] fmiNewDiscreteStates completed
	[FMU][FMU status:OK] fmiNewDiscreteStates...
	[FMU][FMU status:OK] fmiNewDiscreteStates completed
	[FMU][FMU status:OK] fmiEnterContinuousTimeMode...
	[FMU][FMU status:OK] fmiEnterContinuousTimeMode done
	[FMU][FMU status:OK] fmiSetTime to 23.5
	[FMU][FMU status:OK] fmiCompletedIntegratorStep
	[FMU][FMU status:OK] fmiEnterEventMode...
	[FMU][FMU status:OK] fmiEnterEventMode done
	[FMU][FMU status:OK] fmiNewDiscreteStates...
	[FMU][FMU status:OK] fmiNewDiscreteStates completed
	[FMU][FMU status:OK] fmiNewDiscreteStates...
	[FMU][FMU status:OK] fmiNewDiscreteStates completed
	[FMU][FMU status:OK] fmiEnterContinuousTimeMode...
	[FMU][FMU status:OK] fmiEnterContinuousTimeMode done
	[FMU][FMU status:OK] fmiSetTime to 23.8
	[FMU][FMU status:OK] fmiCompletedIntegratorStep
	[FMU][FMU status:OK] fmiEnterEventMode...
	[FMU][FMU status:OK] fmiEnterEventMode done
	[FMU][FMU status:OK] fmiNewDiscreteStates...
	[FMU][FMU status:OK] fmiNewDiscreteStates completed
	[FMU][FMU status:OK] fmiNewDiscreteStates...
	[FMU][FMU status:OK] fmiNewDiscreteStates completed
	[FMU][FMU status:OK] fmiEnterContinuousTimeMode...
	[FMU][FMU status:OK] fmiEnterContinuousTimeMode done
	[FMU][FMU status:OK] fmiSetTime to 24
	[FMU][FMU status:OK] fmiCompletedIntegratorStep
	[FMU][FMU status:OK] fmiEnterEventMode...
	[FMU][FMU status:OK] fmiEnterEventMode done
	[FMU][FMU status:OK] fmiNewDiscreteStates...
	[FMU][FMU status:OK] fmiNewDiscreteStates completed
	[FMU][FMU status:OK] fmiNewDiscreteStates...
	[FMU][FMU status:OK] fmiNewDiscreteStates completed
	[FMU][FMU status:OK] fmiEnterContinuousTimeMode...
	[FMU][FMU status:OK] fmiEnterContinuousTimeMode done
	[FMU][FMU status:OK] fmiGetBoolean: y = 0
	[FMU][FMU status:OK] fmiGetBoolean: y2 = 1
	[FMU][FMU status:OK] fmiGetBoolean: y3 = 0
	[FMU][FMU status:OK] fmiGetInteger: y1 = 96
	[FMU][FMU status:OK] fmiGetBoolean: y4 = 1
	[FMU][FMU status:OK] fmiGetBoolean: y5 = 0
	[FMU][FMU status:OK] fmiGetBoolean: y6 = 1
	[FMU][FMU status:OK] fmiGetBoolean: Q = 1
	[FMU][FMU status:OK] fmiGetBoolean: QI = 0
	[FMU][FMU status:OK] fmiSetTime to 24.2
	[FMU][FMU status:OK] fmiCompletedIntegratorStep
	[FMU][FMU status:OK] fmiEnterEventMode...
	[FMU][FMU status:OK] fmiEnterEventMode done
	[FMU][FMU status:OK] fmiNewDiscreteStates...
	[FMU][FMU status:OK] fmiNewDiscreteStates completed
	[FMU][FMU status:OK] fmiEnterContinuousTimeMode...
	[FMU][FMU status:OK] fmiEnterContinuousTimeMode done
	[FMU][FMU status:OK] fmiSetTime to 24.3
	[FMU][FMU status:OK] fmiCompletedIntegratorStep
	[FMU][FMU status:OK] fmiEnterEventMode...
	[FMU][FMU status:OK] fmiEnterEventMode done
	[FMU][FMU status:OK] fmiNewDiscreteStates...
	[FMU][FMU status:OK] fmiNewDiscreteStates completed
	[FMU][FMU status:OK] fmiNewDiscreteStates...
	[FMU][FMU status:OK] fmiNewDiscreteStates completed
	[FMU][FMU status:OK] fmiEnterContinuousTimeMode...
	[FMU][FMU status:OK] fmiEnterContinuousTimeMode done
	[FMU][FMU status:OK] fmiSetTime to 24.5
	[FMU][FMU status:OK] fmiCompletedIntegratorStep
	[FMU][FMU status:OK] fmiEnterEventMode...
	[FMU][FMU status:OK] fmiEnterEventMode done
	[FMU][FMU status:OK] fmiNewDiscreteStates...
	[FMU][FMU status:OK] fmiNewDiscreteStates completed
	[FMU][FMU status:OK] fmiNewDiscreteStates...
	[FMU][FMU status:OK] fmiNewDiscreteStates completed
	[FMU][FMU status:OK] fmiEnterContinuousTimeMode...
	[FMU][FMU status:OK] fmiEnterContinuousTimeMode done
	[FMU][FMU status:OK] fmiSetTime to 24.8
	[FMU][FMU status:OK] fmiCompletedIntegratorStep
	[FMU][FMU status:OK] fmiEnterEventMode...
	[FMU][FMU status:OK] fmiEnterEventMode done
	[FMU][FMU status:OK] fmiNewDiscreteStates...
	[FMU][FMU status:OK] fmiNewDiscreteStates completed
	[FMU][FMU status:OK] fmiNewDiscreteStates...
	[FMU][FMU status:OK] fmiNewDiscreteStates completed
	[FMU][FMU status:OK] fmiEnterContinuousTimeMode...
	[FMU][FMU status:OK] fmiEnterContinuousTimeMode done
	[FMU][FMU status:OK] fmiSetTime to 25
	[FMU][FMU status:OK] fmiCompletedIntegratorStep
	[FMU][FMU status:OK] fmiEnterEventMode...
	[FMU][FMU status:OK] fmiEnterEventMode done
	[FMU][FMU status:OK] fmiNewDiscreteStates...
	[FMU][FMU status:OK] fmiNewDiscreteStates completed
	[FMU][FMU status:OK] fmiNewDiscreteStates...
	[FMU][FMU status:OK] fmiNewDiscreteStates completed
	[FMU][FMU status:OK] fmiEnterContinuousTimeMode...
	[FMU][FMU status:OK] fmiEnterContinuousTimeMode done
	[FMU][FMU status:OK] fmiGetBoolean: y = 0
	[FMU][FMU status:OK] fmiGetBoolean: y2 = 1
	[FMU][FMU status:OK] fmiGetBoolean: y3 = 0
	[FMU][FMU status:OK] fmiGetInteger: y1 = 100
	[FMU][FMU status:OK] fmiGetBoolean: y4 = 1
	[FMU][FMU status:OK] fmiGetBoolean: y5 = 0
	[FMU][FMU status:OK] fmiGetBoolean: y6 = 1
	[FMU][FMU status:OK] fmiGetBoolean: Q = 1
	[FMU][FMU status:OK] fmiGetBoolean: QI = 0
[INFO][FMUCHK] Simulation finished successfully at time 25
	[FMU][FMU status:OK] fmiTerminateModel
	[FMU][FMU status:OK] fmiFreeModelInstance
FMU check summary:
FMU reported:
	0 warning(s) and error(s)
Checker reported:
	0 Warning(s)
	0 Error(s)
