[INFO][FMUCHK] FMI compliance checker Test [FMILibrary: Test] build date: Apr 14 2015
[INFO][FMUCHK] Called with following options:
[INFO][FMUCHK] /maple/cbat/maple2016_1/2016-04-18/1132425/toolbox_source/FMIConnector/bin.X86_64_LINUX/FMUChecker-2.0.1/fmuCheck.linux64 -e /maple/cbat/maple2016_1/2016-04-18/1132425/toolbox_source/FMIConnector/maple/tst/temp/rdctpluto.maplesoft.com/ControlledTemperature_CS_cc.log -o /maple/cbat/maple2016_1/2016-04-18/1132425/toolbox_source/FMIConnector/maple/tst/temp/rdctpluto.maplesoft.com/ControlledTemperature_CS_cc.csv -n 500 -s 10 -h 1e-3 -t /usr/local/tmp/maple/tester1/tester.5121/VhSGwgVc/ /usr/local/tmp/maple/tester1/tester.5121/VhSGwgVc//ControlledTemperature.fmu
[INFO][FMUCHK] Will process FMU /usr/local/tmp/maple/tester1/tester.5121/VhSGwgVc//ControlledTemperature.fmu
[INFO][FMILIB] XML specifies FMI standard version 2.0
[INFO][FMUCHK] Model name: ControlledTemperature
[INFO][FMUCHK] Model GUID: {ae950fdb-68c5-7391-8f41-183b533fdfd0}
[INFO][FMUCHK] Model version: 
[INFO][FMUCHK] FMU kind: CoSimulation
[INFO][FMUCHK] The FMU contains:
0 constants
2 parameters
7 discrete variables
28 continuous variables
0 inputs
2 outputs
33 local variables
0 independent variables
0 calculated parameters
37 real variables
0 integer variables
0 enumeration variables
0 boolean variables
0 string variables

[INFO][FMUCHK] Printing output file header
[INFO][FMUCHK] Model identifier for CoSimulation: ControlledTemperature
[INFO][FMILIB] Loading 'linux64' binary with 'default' platform types
[INFO][FMUCHK] Version returned from CS FMU:   2.0
[INFO][FMUCHK] Initialized FMU for simulation starting at time 0
[INFO][FMUCHK] Simulation finished successfully at time 10
FMU check summary:
FMU reported:
	0 warning(s) and error(s)
Checker reported:
	0 Warning(s)
	0 Error(s)
