[INFO][FMUCHK] FMI compliance checker Test [FMILibrary: Test] build date: Nov 11 2016
[INFO][FMUCHK] Will process FMU BooleanNetwork1.fmu
[INFO][FMILIB] XML specifies FMI standard version 2.0
[INFO][FMUCHK] Model name: BooleanNetwork1
[INFO][FMUCHK] Model GUID: {4000829e-ac56-4c68-a840-be0e5bef4cc0}
[INFO][FMUCHK] Model version: 
[INFO][FMUCHK] FMU kind: ModelExchange
[INFO][FMUCHK] The FMU contains:
2 constants
26 parameters
35 discrete variables
32 continuous variables
1 inputs
9 outputs
59 local variables
0 independent variables
1 calculated parameters
18 real variables
7 integer variables
0 enumeration variables
71 boolean variables
0 string variables

[INFO][FMUCHK] Printing output file header
[INFO][FMUCHK] Opening input file BooleanNetwork1_in.csv
[INFO][FMUCHK] Detected separator character in input file: ,
[INFO][FMUCHK] Model identifier for ModelExchange: BooleanNetwork1
[INFO][FMILIB] Loading 'win32' binary with 'default' platform types
[INFO][FMUCHK] Version returned from ME FMU: '2.0'

[INFO][FMUCHK] Initialized FMU for simulation starting at time 0
[INFO][FMUCHK] Simulation finished successfully at time 10
FMU check summary:
FMU reported:
	0 warning(s) and error(s)
Checker reported:
	0 Warning(s)
	0 Error(s)
