[INFO][FMUCHK] FMI compliance checker 2.0.1 [FMILibrary: 2.0.1] build date: Oct 24 2014
[INFO][FMUCHK] Called with following options:
[INFO][FMUCHK] Z:/maple2016_1/2016-04-18/1132425\toolbox_source\FMIConnector\bin.X86_64_WINDOWS\FMUChecker-2.0.1\fmuCheck.win64.exe -e Z:/maple2016_1/2016-04-18/1132425\toolbox_source\FMIConnector\maple\tst\temp\RDWICHARON.maplesoft.com\ControlledTemperature_ME_cc.log -o Z:/maple2016_1/2016-04-18/1132425\toolbox_source\FMIConnector\maple\tst\temp\RDWICHARON.maplesoft.com\ControlledTemperature_ME_cc.csv -n 500 -s 10 -h 1e-3 -t C:/temp/tester6/tester.8828/YnOT3wVE/ C:/temp/tester6/tester.8828/YnOT3wVE/\ControlledTemperature.fmu
[INFO][FMUCHK] Will process FMU C:/temp/tester6/tester.8828/YnOT3wVE/\ControlledTemperature.fmu
[INFO][FMILIB] XML specifies FMI standard version 2.0
[INFO][FMUCHK] Model name: ControlledTemperature
[INFO][FMUCHK] Model GUID: {0127a8dd-5fbf-3602-c4e5-8ef942d9e168}
[INFO][FMUCHK] Model version: 
[INFO][FMUCHK] FMU kind: ModelExchange
[INFO][FMUCHK] The FMU contains:
0 constants
2 parameters
7 discrete variables
28 continuous variables
0 inputs
2 outputs
33 local variables
0 independent variables
0 calculated parameters
37 real variables
0 integer variables
0 enumeration variables
0 boolean variables
0 string variables

[INFO][FMUCHK] Printing output file header
[INFO][FMUCHK] Model identifier for ModelExchange: ControlledTemperature
[INFO][FMILIB] Loading 'win64' binary with 'default' platform types
[INFO][FMUCHK] Version returned from ME FMU: '2.0'

[INFO][FMUCHK] Initialized FMU for simulation starting at time 0
[INFO][FMUCHK] Simulation finished successfully at time 10
FMU check summary:
FMU reported:
	0 warning(s) and error(s)
Checker reported:
	0 Warning(s)
	0 Error(s)
