[INFO][FMUCHK] FMI compliance checker 2.0.1 [FMILibrary: 2.0.1] build date: Oct 24 2014
[INFO][FMUCHK] Called with following options:
[INFO][FMUCHK] E:\ez5b\source\L06229-03\Easy5\EASY52017\thirdparty\FMI\ComplianceChecker\win64\fmuCheck.win64.exe -e E:\ez5b\EASY52017\nt\build\applibs\xi\demos\FMU_Export\VanDerPol\Cosim_v2\lib_em64t_IFORT\CleanTest\testVanDerPol.log -o E:\ez5b\EASY52017\nt\build\applibs\xi\demos\FMU_Export\VanDerPol\Cosim_v2\lib_em64t_IFORT\CleanTest\testVanDerPol.csv -c , -h 0.001 -s 8.0 -n 0 E:\ez5b\EASY52017\nt\build\applibs\xi\demos\FMU_Export\VanDerPol\Cosim_v2\lib_em64t_IFORT\VanDerPol.fmu
[INFO][FMUCHK] Will process FMU E:\ez5b\EASY52017\nt\build\applibs\xi\demos\FMU_Export\VanDerPol\Cosim_v2\lib_em64t_IFORT\VanDerPol.fmu
[INFO][FMILIB] XML specifies FMI standard version 2.0
[INFO][FMUCHK] Model name: VanDerPol
[INFO][FMUCHK] Model GUID: 320d4c74-279e-44cd-b907-b45d0cead110
[INFO][FMUCHK] Model version: 
[INFO][FMUCHK] FMU kind: CoSimulation
[INFO][FMUCHK] The FMU contains:
0 constants
1 parameters
0 discrete variables
3 continuous variables
1 inputs
2 outputs
0 local variables
0 independent variables
0 calculated parameters
4 real variables
0 integer variables
0 enumeration variables
0 boolean variables
0 string variables

[INFO][FMUCHK] No input data provided. In case of simulation initial values from FMU will be used.
[INFO][FMUCHK] Printing output file header
[INFO][FMUCHK] Model identifier for CoSimulation: VanDerPol
[INFO][FMILIB] Loading 'win64' binary with 'default' platform types
[INFO][FMUCHK] Version returned from CS FMU:   2.0
[INFO][FMUCHK] Initialized FMU for simulation starting at time 0
[WARNING][FMUCHK] FMU does not support variable communication stepsize. Stepsize may not be altered to reach stopTime exactly.
[INFO][FMUCHK] Simulation finished successfully at time 8
FMU check summary:
FMU reported:
	0 warning(s) and error(s)
Checker reported:
	1 Warning(s)
	0 Error(s)
