[INFO][FMUCHK] FMI compliance checker 2.0.2b1 [FMILibrary: rev7051] build date: Dec 22 2014
[INFO][FMUCHK] Called with following options:
[INFO][FMUCHK] fmuCheck.win64.exe -e batch_cc.log -o batch_cc.csv -h 1e-2 -s 300.0 batch.fmu
[INFO][FMUCHK] Will process FMU batch.fmu
[INFO][FMILIB] XML specifies FMI standard version 2.0
[INFO][FMUCHK] Model name: batch
[INFO][FMUCHK] Model GUID: 2895233557
[INFO][FMUCHK] Model version: 
[INFO][FMUCHK] FMU kind: CoSimulation
[INFO][FMUCHK] The FMU contains:
0 constants
0 parameters
93 discrete variables
0 continuous variables
0 inputs
93 outputs
0 local variables
0 independent variables
0 calculated parameters
32 real variables
7 integer variables
0 enumeration variables
54 boolean variables
0 string variables

[INFO][FMUCHK] Printing output file header
[INFO][FMUCHK] Model identifier for CoSimulation: batch
[INFO][FMILIB] Loading 'win64' binary with 'default' platform types
[INFO][FMUCHK] Version returned from CS FMU:   2.0
[INFO][FMUCHK] Initialized FMU for simulation starting at time 0
[INFO][FMUCHK] Simulation finished successfully at time 300
FMU check summary:
FMU reported:
	0 warning(s) and error(s)
Checker reported:
	0 Warning(s)
	0 Error(s)
