[INFO][FMUCHK] FMI compliance checker Test [FMILibrary: Test] build date: Nov 11 2016
[INFO][FMUCHK] Will process FMU CoupledClutches.fmu
[INFO][FMILIB] XML specifies FMI standard version 2.0
[INFO][FMUCHK] Model name: CoupledClutches
[INFO][FMUCHK] Model GUID: {9a5214b3-5f57-472a-998e-6aecf74c979b}
[INFO][FMUCHK] Model version: 
[INFO][FMUCHK] FMU kind: ModelExchange
[INFO][FMUCHK] The FMU contains:
19 constants
37 parameters
15 discrete variables
101 continuous variables
1 inputs
4 outputs
130 local variables
0 independent variables
2 calculated parameters
144 real variables
18 integer variables
0 enumeration variables
12 boolean variables
0 string variables

[INFO][FMUCHK] Printing output file header
[INFO][FMUCHK] Opening input file CoupledClutches_in.csv
[INFO][FMUCHK] Detected separator character in input file: ,
[INFO][FMUCHK] Model identifier for ModelExchange: CoupledClutches
[INFO][FMILIB] Loading 'win32' binary with 'default' platform types
[INFO][FMUCHK] Version returned from ME FMU: '2.0'

[INFO][FMUCHK] Initialized FMU for simulation starting at time 0
[INFO][FMUCHK] Simulation finished successfully at time 1.5
FMU check summary:
FMU reported:
	0 warning(s) and error(s)
Checker reported:
	0 Warning(s)
	0 Error(s)
