[INFO][FMUCHK] FMI compliance checker Test [FMILibrary: Test] build date: Apr 14 2015
[INFO][FMUCHK] Called with following options:
[INFO][FMUCHK] /maple/cbat/maple2016_1/2016-04-18/1132425/toolbox_source/FMIConnector/bin.APPLE_UNIVERSAL_OSX/FMUChecker-2.0.1/fmuCheck.darwin64 -i /maple/cbat/maple2016_1/2016-04-18/1132425/toolbox_source/FMIConnector/maple/tst/data/CoupledClutches_in.csv -e /maple/cbat/maple2016_1/2016-04-18/1132425/toolbox_source/FMIConnector/maple/tst/temp/rdmxant5.maplesoft.com/CoupledClutches_CS_cc.log -o /maple/cbat/maple2016_1/2016-04-18/1132425/toolbox_source/FMIConnector/maple/tst/temp/rdmxant5.maplesoft.com/CoupledClutches_CS_cc.csv -n 151 -s 1.5 -h 1e-2 -t /usr/local/tmp/maple/tester3/tester.71984/wpqJ8Jlj/ /usr/local/tmp/maple/tester3/tester.71984/wpqJ8Jlj//CoupledClutches.fmu
[INFO][FMUCHK] Will process FMU /usr/local/tmp/maple/tester3/tester.71984/wpqJ8Jlj//CoupledClutches.fmu
[INFO][FMILIB] XML specifies FMI standard version 2.0
[INFO][FMUCHK] Model name: CoupledClutches
[INFO][FMUCHK] Model GUID: {56f044ad-b711-44c0-1a83-6d7624d972b3}
[INFO][FMUCHK] Model version: 
[INFO][FMUCHK] FMU kind: CoSimulation
[INFO][FMUCHK] The FMU contains:
0 constants
2 parameters
38 discrete variables
106 continuous variables
1 inputs
4 outputs
139 local variables
0 independent variables
0 calculated parameters
146 real variables
0 integer variables
0 enumeration variables
0 boolean variables
0 string variables

[INFO][FMUCHK] Printing output file header
[INFO][FMUCHK] Opening input file /maple/cbat/maple2016_1/2016-04-18/1132425/toolbox_source/FMIConnector/maple/tst/data/CoupledClutches_in.csv
[INFO][FMUCHK] Detected separator character in input file: ,
[INFO][FMUCHK] Model identifier for CoSimulation: CoupledClutches
[INFO][FMILIB] Loading 'darwin64' binary with 'default' platform types
[INFO][FMUCHK] Version returned from CS FMU:   2.0
[INFO][FMUCHK] Initialized FMU for simulation starting at time 0
[INFO][FMUCHK] Simulation finished successfully at time 1.5
FMU check summary:
FMU reported:
	0 warning(s) and error(s)
Checker reported:
	0 Warning(s)
	0 Error(s)
