[INFO][FMUCHK] FMI compliance checker 2.0.2b1 [FMILibrary: rev7051] build date: Dec 22 2014
[INFO][FMUCHK] Called with following options:
[INFO][FMUCHK] fmuCheck.win64.exe -k me -e IntegerNetwork1_cc.log -o IntegerNetwork1_cc.csv -i IntegerNetwork1_in.csv -h 1e-2 -s 10 IntegerNetwork1.fmu
[INFO][FMUCHK] Will process FMU IntegerNetwork1.fmu
[INFO][FMILIB] XML specifies FMI standard version 2.0
[INFO][FMUCHK] Model name: IntegerNetwork1
[INFO][FMUCHK] Model GUID: {5819ed93-739b-4490-985f-8e02be7a3966}
[INFO][FMUCHK] Model version: 
[INFO][FMUCHK] FMU kind: ModelExchange
[INFO][FMUCHK] The FMU contains:
4 constants
17 parameters
27 discrete variables
2 continuous variables
1 inputs
4 outputs
28 local variables
0 independent variables
0 calculated parameters
14 real variables
31 integer variables
0 enumeration variables
5 boolean variables
0 string variables

[INFO][FMUCHK] Printing output file header
[INFO][FMUCHK] Opening input file IntegerNetwork1_in.csv
[INFO][FMUCHK] Detected separator character in input file: ,
[INFO][FMUCHK] Model identifier for ModelExchange: IntegerNetwork1
[INFO][FMILIB] Loading 'win64' binary with 'default' platform types
[INFO][FMUCHK] Version returned from ME FMU: '2.0'

[INFO][FMUCHK] Initialized FMU for simulation starting at time 0
[INFO][FMUCHK] Simulation finished successfully at time 10
FMU check summary:
FMU reported:
	0 warning(s) and error(s)
Checker reported:
	0 Warning(s)
	0 Error(s)
