[VERBOSE][FMUCHK] Setting log level to [DEBUG]
[VERBOSE][FMUCHK] This binary is build without debug log messages.
 Reconfigure with FMUCHK_ENABLE_LOG_LEVEL_DEBUG=ON and rebuild to enable debug level logging
[INFO][FMUCHK] FMI compliance checker 2.0.1 [FMILibrary: 2.0.1] build date: Oct 24 2014
[INFO][FMUCHK] Called with following options:
[INFO][FMUCHK] fmuCheck.win32.exe -e Compute_cc.log -i Compute_in.csv -o Compute_cc.csv -l 6 -h 0.01 -s 4.00 Compute.fmu
[INFO][FMUCHK] Will process FMU Compute.fmu
[VERBOSE][FMILIB] Allocating FMIL context
[VERBOSE][FMILIB] Detecting FMI standard version
[VERBOSE][FMIZIP] Unpacking FMU into C:\Users\adrian\AppData\Local\Temp\fmucktmpa36932
[VERBOSE][FMIXML] Parsing XML to detect FMI standard version
[VERBOSE][FMIXML] XML specifies FMI 2.0
[INFO][FMILIB] XML specifies FMI standard version 2.0
[VERBOSE][FMILIB] Parsing model description XML
[VERBOSE][FMI2XML] Parsing XML element fmiModelDescription
[VERBOSE][FMI2XML] Parsing XML element CoSimulation
[VERBOSE][FMI2XML] Parsing XML element LogCategories
[VERBOSE][FMI2XML] Parsing XML element ModelVariables
[VERBOSE][FMI2XML] Building alias index
[VERBOSE][FMI2XML] Parsing XML element ModelStructure
[VERBOSE][FMI2XML] Parsing XML element Outputs
[VERBOSE][FMI2XML] Parsing XML element InitialUnknowns
[VERBOSE][FMILIB] Parsing finished successfully
[INFO][FMUCHK] Model name: Compute
[INFO][FMUCHK] Model GUID: {1a0e1d1f-2b48-266f-4926-6e4a5f327368}
[INFO][FMUCHK] Model version: 
[INFO][FMUCHK] FMU kind: CoSimulation
[INFO][FMUCHK] The FMU contains:
0 constants
1 parameters
0 discrete variables
7 continuous variables
3 inputs
3 outputs
1 local variables
0 independent variables
0 calculated parameters
8 real variables
0 integer variables
0 enumeration variables
0 boolean variables
0 string variables

[INFO][FMUCHK] Printing output file header
[INFO][FMUCHK] Opening input file Compute_in.csv
[INFO][FMUCHK] Detected separator character in input file: ,
[INFO][FMUCHK] Model identifier for CoSimulation: Compute
[INFO][FMILIB] Loading 'win32' binary with 'default' platform types
[VERBOSE][FMICAPI] Loaded FMU binary from C:\Users\adrian\AppData\Local\Temp\fmucktmpa36932\binaries\win32\Compute.dll
[VERBOSE][FMICAPI] Loading functions for the co-simulation interface
[VERBOSE][FMILIB] Successfully loaded all the interface functions
[INFO][FMUCHK] Version returned from CS FMU:   2.0
[VERBOSE][FMICAPI] Calling fmi2GetModelTypesPlatform
	[FMU][FMU internal][FMU status:OK] Created GUID: {1a0e1d1f-2b48-266f-4926-6e4a5f327368}
[VERBOSE][FMICAPI] Calling fmi2SetupExperiment
[VERBOSE][FMICAPI] Calling fmi2EnterInitializationMode
	[FMU][FMU internal][FMU status:OK] running task_init
[VERBOSE][FMICAPI] Calling fmi2ExitInitializationMode
[INFO][FMUCHK] Initialized FMU for simulation starting at time 0
[VERBOSE][FMUCHK] Writing simulation output for start time
[VERBOSE][FMUCHK] Simulation step from time: 0 until: 0.01
	[FMU][FMU internal][FMU status:OK] running task_10
	[FMU][FMU internal][FMU status:OK] running task_20
	[FMU][FMU internal][FMU status:OK] running task_40
[VERBOSE][FMUCHK] Simulation step from time: 0.01 until: 0.02
	[FMU][FMU internal][FMU status:OK] running task_10
[VERBOSE][FMUCHK] Simulation step from time: 0.02 until: 0.03
	[FMU][FMU internal][FMU status:OK] running task_10
	[FMU][FMU internal][FMU status:OK] running task_20
[VERBOSE][FMUCHK] Simulation step from time: 0.03 until: 0.04
	[FMU][FMU internal][FMU status:OK] running task_10
[VERBOSE][FMUCHK] Simulation step from time: 0.04 until: 0.05
	[FMU][FMU internal][FMU status:OK] running task_10
	[FMU][FMU internal][FMU status:OK] running task_20
	[FMU][FMU internal][FMU status:OK] running task_40
[VERBOSE][FMUCHK] Simulation step from time: 0.05 until: 0.06
	[FMU][FMU internal][FMU status:OK] running task_10
[VERBOSE][FMUCHK] Simulation step from time: 0.06 until: 0.07
	[FMU][FMU internal][FMU status:OK] running task_10
	[FMU][FMU internal][FMU status:OK] running task_20
[VERBOSE][FMUCHK] Simulation step from time: 0.07 until: 0.08
	[FMU][FMU internal][FMU status:OK] running task_10
[VERBOSE][FMUCHK] Simulation step from time: 0.08 until: 0.09
	[FMU][FMU internal][FMU status:OK] running task_10
	[FMU][FMU internal][FMU status:OK] running task_20
	[FMU][FMU internal][FMU status:OK] running task_40
[VERBOSE][FMUCHK] Simulation step from time: 0.09 until: 0.1
	[FMU][FMU internal][FMU status:OK] running task_10
[VERBOSE][FMUCHK] Simulation step from time: 0.1 until: 0.11
	[FMU][FMU internal][FMU status:OK] running task_10
	[FMU][FMU internal][FMU status:OK] running task_20
[VERBOSE][FMUCHK] Simulation step from time: 0.11 until: 0.12
	[FMU][FMU internal][FMU status:OK] running task_10
[VERBOSE][FMUCHK] Simulation step from time: 0.12 until: 0.13
	[FMU][FMU internal][FMU status:OK] running task_10
	[FMU][FMU internal][FMU status:OK] running task_20
	[FMU][FMU internal][FMU status:OK] running task_40
[VERBOSE][FMUCHK] Simulation step from time: 0.13 until: 0.14
	[FMU][FMU internal][FMU status:OK] running task_10
[VERBOSE][FMUCHK] Simulation step from time: 0.14 until: 0.15
	[FMU][FMU internal][FMU status:OK] running task_10
	[FMU][FMU internal][FMU status:OK] running task_20
[VERBOSE][FMUCHK] Simulation step from time: 0.15 until: 0.16
	[FMU][FMU internal][FMU status:OK] running task_10
[VERBOSE][FMUCHK] Simulation step from time: 0.16 until: 0.17
	[FMU][FMU internal][FMU status:OK] running task_10
	[FMU][FMU internal][FMU status:OK] running task_20
	[FMU][FMU internal][FMU status:OK] running task_40
[VERBOSE][FMUCHK] Simulation step from time: 0.17 until: 0.18
	[FMU][FMU internal][FMU status:OK] running task_10
[VERBOSE][FMUCHK] Simulation step from time: 0.18 until: 0.19
	[FMU][FMU internal][FMU status:OK] running task_10
	[FMU][FMU internal][FMU status:OK] running task_20
[VERBOSE][FMUCHK] Simulation step from time: 0.19 until: 0.2
	[FMU][FMU internal][FMU status:OK] running task_10
[VERBOSE][FMUCHK] Simulation step from time: 0.2 until: 0.21
	[FMU][FMU internal][FMU status:OK] running task_10
	[FMU][FMU internal][FMU status:OK] running task_20
	[FMU][FMU internal][FMU status:OK] running task_40
[VERBOSE][FMUCHK] Simulation step from time: 0.21 until: 0.22
	[FMU][FMU internal][FMU status:OK] running task_10
[VERBOSE][FMUCHK] Simulation step from time: 0.22 until: 0.23
	[FMU][FMU internal][FMU status:OK] running task_10
	[FMU][FMU internal][FMU status:OK] running task_20
[VERBOSE][FMUCHK] Simulation step from time: 0.23 until: 0.24
	[FMU][FMU internal][FMU status:OK] running task_10
[VERBOSE][FMUCHK] Simulation step from time: 0.24 until: 0.25
	[FMU][FMU internal][FMU status:OK] running task_10
	[FMU][FMU internal][FMU status:OK] running task_20
	[FMU][FMU internal][FMU status:OK] running task_40
[VERBOSE][FMUCHK] Simulation step from time: 0.25 until: 0.26
	[FMU][FMU internal][FMU status:OK] running task_10
[VERBOSE][FMUCHK] Simulation step from time: 0.26 until: 0.27
	[FMU][FMU internal][FMU status:OK] running task_10
	[FMU][FMU internal][FMU status:OK] running task_20
[VERBOSE][FMUCHK] Simulation step from time: 0.27 until: 0.28
	[FMU][FMU internal][FMU status:OK] running task_10
[VERBOSE][FMUCHK] Simulation step from time: 0.28 until: 0.29
	[FMU][FMU internal][FMU status:OK] running task_10
	[FMU][FMU internal][FMU status:OK] running task_20
	[FMU][FMU internal][FMU status:OK] running task_40
[VERBOSE][FMUCHK] Simulation step from time: 0.29 until: 0.3
	[FMU][FMU internal][FMU status:OK] running task_10
[VERBOSE][FMUCHK] Simulation step from time: 0.3 until: 0.31
	[FMU][FMU internal][FMU status:OK] running task_10
	[FMU][FMU internal][FMU status:OK] running task_20
[VERBOSE][FMUCHK] Simulation step from time: 0.31 until: 0.32
	[FMU][FMU internal][FMU status:OK] running task_10
[VERBOSE][FMUCHK] Simulation step from time: 0.32 until: 0.33
	[FMU][FMU internal][FMU status:OK] running task_10
	[FMU][FMU internal][FMU status:OK] running task_20
	[FMU][FMU internal][FMU status:OK] running task_40
[VERBOSE][FMUCHK] Simulation step from time: 0.33 until: 0.34
	[FMU][FMU internal][FMU status:OK] running task_10
[VERBOSE][FMUCHK] Simulation step from time: 0.34 until: 0.35
	[FMU][FMU internal][FMU status:OK] running task_10
	[FMU][FMU internal][FMU status:OK] running task_20
[VERBOSE][FMUCHK] Simulation step from time: 0.35 until: 0.36
	[FMU][FMU internal][FMU status:OK] running task_10
[VERBOSE][FMUCHK] Simulation step from time: 0.36 until: 0.37
	[FMU][FMU internal][FMU status:OK] running task_10
	[FMU][FMU internal][FMU status:OK] running task_20
	[FMU][FMU internal][FMU status:OK] running task_40
[VERBOSE][FMUCHK] Simulation step from time: 0.37 until: 0.38
	[FMU][FMU internal][FMU status:OK] running task_10
[VERBOSE][FMUCHK] Simulation step from time: 0.38 until: 0.39
	[FMU][FMU internal][FMU status:OK] running task_10
	[FMU][FMU internal][FMU status:OK] running task_20
[VERBOSE][FMUCHK] Simulation step from time: 0.39 until: 0.4
	[FMU][FMU internal][FMU status:OK] running task_10
[VERBOSE][FMUCHK] Simulation step from time: 0.4 until: 0.41
	[FMU][FMU internal][FMU status:OK] running task_10
	[FMU][FMU internal][FMU status:OK] running task_20
	[FMU][FMU internal][FMU status:OK] running task_40
[VERBOSE][FMUCHK] Simulation step from time: 0.41 until: 0.42
	[FMU][FMU internal][FMU status:OK] running task_10
[VERBOSE][FMUCHK] Simulation step from time: 0.42 until: 0.43
	[FMU][FMU internal][FMU status:OK] running task_10
	[FMU][FMU internal][FMU status:OK] running task_20
[VERBOSE][FMUCHK] Simulation step from time: 0.43 until: 0.44
	[FMU][FMU internal][FMU status:OK] running task_10
[VERBOSE][FMUCHK] Simulation step from time: 0.44 until: 0.45
	[FMU][FMU internal][FMU status:OK] running task_10
	[FMU][FMU internal][FMU status:OK] running task_20
	[FMU][FMU internal][FMU status:OK] running task_40
[VERBOSE][FMUCHK] Simulation step from time: 0.45 until: 0.46
	[FMU][FMU internal][FMU status:OK] running task_10
[VERBOSE][FMUCHK] Simulation step from time: 0.46 until: 0.47
	[FMU][FMU internal][FMU status:OK] running task_10
	[FMU][FMU internal][FMU status:OK] running task_20
[VERBOSE][FMUCHK] Simulation step from time: 0.47 until: 0.48
	[FMU][FMU internal][FMU status:OK] running task_10
[VERBOSE][FMUCHK] Simulation step from time: 0.48 until: 0.49
	[FMU][FMU internal][FMU status:OK] running task_10
	[FMU][FMU internal][FMU status:OK] running task_20
	[FMU][FMU internal][FMU status:OK] running task_40
[VERBOSE][FMUCHK] Simulation step from time: 0.49 until: 0.5
	[FMU][FMU internal][FMU status:OK] running task_10
[VERBOSE][FMUCHK] Simulation step from time: 0.5 until: 0.51
	[FMU][FMU internal][FMU status:OK] running task_10
	[FMU][FMU internal][FMU status:OK] running task_20
[VERBOSE][FMUCHK] Simulation step from time: 0.51 until: 0.52
	[FMU][FMU internal][FMU status:OK] running task_10
[VERBOSE][FMUCHK] Simulation step from time: 0.52 until: 0.53
	[FMU][FMU internal][FMU status:OK] running task_10
	[FMU][FMU internal][FMU status:OK] running task_20
	[FMU][FMU internal][FMU status:OK] running task_40
[VERBOSE][FMUCHK] Simulation step from time: 0.53 until: 0.54
	[FMU][FMU internal][FMU status:OK] running task_10
[VERBOSE][FMUCHK] Simulation step from time: 0.54 until: 0.55
	[FMU][FMU internal][FMU status:OK] running task_10
	[FMU][FMU internal][FMU status:OK] running task_20
[VERBOSE][FMUCHK] Simulation step from time: 0.55 until: 0.56
	[FMU][FMU internal][FMU status:OK] running task_10
[VERBOSE][FMUCHK] Simulation step from time: 0.56 until: 0.57
	[FMU][FMU internal][FMU status:OK] running task_10
	[FMU][FMU internal][FMU status:OK] running task_20
	[FMU][FMU internal][FMU status:OK] running task_40
[VERBOSE][FMUCHK] Simulation step from time: 0.57 until: 0.58
	[FMU][FMU internal][FMU status:OK] running task_10
[VERBOSE][FMUCHK] Simulation step from time: 0.58 until: 0.59
	[FMU][FMU internal][FMU status:OK] running task_10
	[FMU][FMU internal][FMU status:OK] running task_20
[VERBOSE][FMUCHK] Simulation step from time: 0.59 until: 0.6
	[FMU][FMU internal][FMU status:OK] running task_10
[VERBOSE][FMUCHK] Simulation step from time: 0.6 until: 0.61
	[FMU][FMU internal][FMU status:OK] running task_10
	[FMU][FMU internal][FMU status:OK] running task_20
	[FMU][FMU internal][FMU status:OK] running task_40
[VERBOSE][FMUCHK] Simulation step from time: 0.61 until: 0.62
	[FMU][FMU internal][FMU status:OK] running task_10
[VERBOSE][FMUCHK] Simulation step from time: 0.62 until: 0.63
	[FMU][FMU internal][FMU status:OK] running task_10
	[FMU][FMU internal][FMU status:OK] running task_20
[VERBOSE][FMUCHK] Simulation step from time: 0.63 until: 0.64
	[FMU][FMU internal][FMU status:OK] running task_10
[VERBOSE][FMUCHK] Simulation step from time: 0.64 until: 0.65
	[FMU][FMU internal][FMU status:OK] running task_10
	[FMU][FMU internal][FMU status:OK] running task_20
	[FMU][FMU internal][FMU status:OK] running task_40
[VERBOSE][FMUCHK] Simulation step from time: 0.65 until: 0.66
	[FMU][FMU internal][FMU status:OK] running task_10
[VERBOSE][FMUCHK] Simulation step from time: 0.66 until: 0.67
	[FMU][FMU internal][FMU status:OK] running task_10
	[FMU][FMU internal][FMU status:OK] running task_20
[VERBOSE][FMUCHK] Simulation step from time: 0.67 until: 0.68
	[FMU][FMU internal][FMU status:OK] running task_10
[VERBOSE][FMUCHK] Simulation step from time: 0.68 until: 0.69
	[FMU][FMU internal][FMU status:OK] running task_10
	[FMU][FMU internal][FMU status:OK] running task_20
	[FMU][FMU internal][FMU status:OK] running task_40
[VERBOSE][FMUCHK] Simulation step from time: 0.69 until: 0.7
	[FMU][FMU internal][FMU status:OK] running task_10
[VERBOSE][FMUCHK] Simulation step from time: 0.7 until: 0.71
	[FMU][FMU internal][FMU status:OK] running task_10
	[FMU][FMU internal][FMU status:OK] running task_20
[VERBOSE][FMUCHK] Simulation step from time: 0.71 until: 0.72
	[FMU][FMU internal][FMU status:OK] running task_10
[VERBOSE][FMUCHK] Simulation step from time: 0.72 until: 0.73
	[FMU][FMU internal][FMU status:OK] running task_10
	[FMU][FMU internal][FMU status:OK] running task_20
	[FMU][FMU internal][FMU status:OK] running task_40
[VERBOSE][FMUCHK] Simulation step from time: 0.73 until: 0.74
	[FMU][FMU internal][FMU status:OK] running task_10
[VERBOSE][FMUCHK] Simulation step from time: 0.74 until: 0.75
	[FMU][FMU internal][FMU status:OK] running task_10
	[FMU][FMU internal][FMU status:OK] running task_20
[VERBOSE][FMUCHK] Simulation step from time: 0.75 until: 0.76
	[FMU][FMU internal][FMU status:OK] running task_10
[VERBOSE][FMUCHK] Simulation step from time: 0.76 until: 0.77
	[FMU][FMU internal][FMU status:OK] running task_10
	[FMU][FMU internal][FMU status:OK] running task_20
	[FMU][FMU internal][FMU status:OK] running task_40
[VERBOSE][FMUCHK] Simulation step from time: 0.77 until: 0.78
	[FMU][FMU internal][FMU status:OK] running task_10
[VERBOSE][FMUCHK] Simulation step from time: 0.78 until: 0.79
	[FMU][FMU internal][FMU status:OK] running task_10
	[FMU][FMU internal][FMU status:OK] running task_20
[VERBOSE][FMUCHK] Simulation step from time: 0.79 until: 0.8
	[FMU][FMU internal][FMU status:OK] running task_10
[VERBOSE][FMUCHK] Simulation step from time: 0.8 until: 0.81
	[FMU][FMU internal][FMU status:OK] running task_10
	[FMU][FMU internal][FMU status:OK] running task_20
	[FMU][FMU internal][FMU status:OK] running task_40
[VERBOSE][FMUCHK] Simulation step from time: 0.81 until: 0.82
	[FMU][FMU internal][FMU status:OK] running task_10
[VERBOSE][FMUCHK] Simulation step from time: 0.82 until: 0.83
	[FMU][FMU internal][FMU status:OK] running task_10
	[FMU][FMU internal][FMU status:OK] running task_20
[VERBOSE][FMUCHK] Simulation step from time: 0.83 until: 0.84
	[FMU][FMU internal][FMU status:OK] running task_10
[VERBOSE][FMUCHK] Simulation step from time: 0.84 until: 0.85
	[FMU][FMU internal][FMU status:OK] running task_10
	[FMU][FMU internal][FMU status:OK] running task_20
	[FMU][FMU internal][FMU status:OK] running task_40
[VERBOSE][FMUCHK] Simulation step from time: 0.85 until: 0.86
	[FMU][FMU internal][FMU status:OK] running task_10
[VERBOSE][FMUCHK] Simulation step from time: 0.86 until: 0.87
	[FMU][FMU internal][FMU status:OK] running task_10
	[FMU][FMU internal][FMU status:OK] running task_20
[VERBOSE][FMUCHK] Simulation step from time: 0.87 until: 0.88
	[FMU][FMU internal][FMU status:OK] running task_10
[VERBOSE][FMUCHK] Simulation step from time: 0.88 until: 0.89
	[FMU][FMU internal][FMU status:OK] running task_10
	[FMU][FMU internal][FMU status:OK] running task_20
	[FMU][FMU internal][FMU status:OK] running task_40
[VERBOSE][FMUCHK] Simulation step from time: 0.89 until: 0.9
	[FMU][FMU internal][FMU status:OK] running task_10
[VERBOSE][FMUCHK] Simulation step from time: 0.9 until: 0.91
	[FMU][FMU internal][FMU status:OK] running task_10
	[FMU][FMU internal][FMU status:OK] running task_20
[VERBOSE][FMUCHK] Simulation step from time: 0.91 until: 0.92
	[FMU][FMU internal][FMU status:OK] running task_10
[VERBOSE][FMUCHK] Simulation step from time: 0.92 until: 0.93
	[FMU][FMU internal][FMU status:OK] running task_10
	[FMU][FMU internal][FMU status:OK] running task_20
	[FMU][FMU internal][FMU status:OK] running task_40
[VERBOSE][FMUCHK] Simulation step from time: 0.93 until: 0.94
	[FMU][FMU internal][FMU status:OK] running task_10
[VERBOSE][FMUCHK] Simulation step from time: 0.94 until: 0.95
	[FMU][FMU internal][FMU status:OK] running task_10
	[FMU][FMU internal][FMU status:OK] running task_20
[VERBOSE][FMUCHK] Simulation step from time: 0.95 until: 0.96
	[FMU][FMU internal][FMU status:OK] running task_10
[VERBOSE][FMUCHK] Simulation step from time: 0.96 until: 0.97
	[FMU][FMU internal][FMU status:OK] running task_10
	[FMU][FMU internal][FMU status:OK] running task_20
	[FMU][FMU internal][FMU status:OK] running task_40
[VERBOSE][FMUCHK] Simulation step from time: 0.97 until: 0.98
	[FMU][FMU internal][FMU status:OK] running task_10
[VERBOSE][FMUCHK] Simulation step from time: 0.98 until: 0.99
	[FMU][FMU internal][FMU status:OK] running task_10
	[FMU][FMU internal][FMU status:OK] running task_20
[VERBOSE][FMUCHK] Simulation step from time: 0.99 until: 1
	[FMU][FMU internal][FMU status:OK] running task_10
[VERBOSE][FMUCHK] Simulation step from time: 1 until: 1.01
	[FMU][FMU internal][FMU status:OK] running task_10
	[FMU][FMU internal][FMU status:OK] running task_20
	[FMU][FMU internal][FMU status:OK] running task_40
[VERBOSE][FMUCHK] Simulation step from time: 1.01 until: 1.02
	[FMU][FMU internal][FMU status:OK] running task_10
[VERBOSE][FMUCHK] Simulation step from time: 1.02 until: 1.03
	[FMU][FMU internal][FMU status:OK] running task_10
	[FMU][FMU internal][FMU status:OK] running task_20
[VERBOSE][FMUCHK] Simulation step from time: 1.03 until: 1.04
	[FMU][FMU internal][FMU status:OK] running task_10
[VERBOSE][FMUCHK] Simulation step from time: 1.04 until: 1.05
	[FMU][FMU internal][FMU status:OK] running task_10
	[FMU][FMU internal][FMU status:OK] running task_20
	[FMU][FMU internal][FMU status:OK] running task_40
[VERBOSE][FMUCHK] Simulation step from time: 1.05 until: 1.06
	[FMU][FMU internal][FMU status:OK] running task_10
[VERBOSE][FMUCHK] Simulation step from time: 1.06 until: 1.07
	[FMU][FMU internal][FMU status:OK] running task_10
	[FMU][FMU internal][FMU status:OK] running task_20
[VERBOSE][FMUCHK] Simulation step from time: 1.07 until: 1.08
	[FMU][FMU internal][FMU status:OK] running task_10
[VERBOSE][FMUCHK] Simulation step from time: 1.08 until: 1.09
	[FMU][FMU internal][FMU status:OK] running task_10
	[FMU][FMU internal][FMU status:OK] running task_20
	[FMU][FMU internal][FMU status:OK] running task_40
[VERBOSE][FMUCHK] Simulation step from time: 1.09 until: 1.1
	[FMU][FMU internal][FMU status:OK] running task_10
[VERBOSE][FMUCHK] Simulation step from time: 1.1 until: 1.11
	[FMU][FMU internal][FMU status:OK] running task_10
	[FMU][FMU internal][FMU status:OK] running task_20
[VERBOSE][FMUCHK] Simulation step from time: 1.11 until: 1.12
	[FMU][FMU internal][FMU status:OK] running task_10
[VERBOSE][FMUCHK] Simulation step from time: 1.12 until: 1.13
	[FMU][FMU internal][FMU status:OK] running task_10
	[FMU][FMU internal][FMU status:OK] running task_20
	[FMU][FMU internal][FMU status:OK] running task_40
[VERBOSE][FMUCHK] Simulation step from time: 1.13 until: 1.14
	[FMU][FMU internal][FMU status:OK] running task_10
[VERBOSE][FMUCHK] Simulation step from time: 1.14 until: 1.15
	[FMU][FMU internal][FMU status:OK] running task_10
	[FMU][FMU internal][FMU status:OK] running task_20
[VERBOSE][FMUCHK] Simulation step from time: 1.15 until: 1.16
	[FMU][FMU internal][FMU status:OK] running task_10
[VERBOSE][FMUCHK] Simulation step from time: 1.16 until: 1.17
	[FMU][FMU internal][FMU status:OK] running task_10
	[FMU][FMU internal][FMU status:OK] running task_20
	[FMU][FMU internal][FMU status:OK] running task_40
[VERBOSE][FMUCHK] Simulation step from time: 1.17 until: 1.18
	[FMU][FMU internal][FMU status:OK] running task_10
[VERBOSE][FMUCHK] Simulation step from time: 1.18 until: 1.19
	[FMU][FMU internal][FMU status:OK] running task_10
	[FMU][FMU internal][FMU status:OK] running task_20
[VERBOSE][FMUCHK] Simulation step from time: 1.19 until: 1.2
	[FMU][FMU internal][FMU status:OK] running task_10
[VERBOSE][FMUCHK] Simulation step from time: 1.2 until: 1.21
	[FMU][FMU internal][FMU status:OK] running task_10
	[FMU][FMU internal][FMU status:OK] running task_20
	[FMU][FMU internal][FMU status:OK] running task_40
[VERBOSE][FMUCHK] Simulation step from time: 1.21 until: 1.22
	[FMU][FMU internal][FMU status:OK] running task_10
[VERBOSE][FMUCHK] Simulation step from time: 1.22 until: 1.23
	[FMU][FMU internal][FMU status:OK] running task_10
	[FMU][FMU internal][FMU status:OK] running task_20
[VERBOSE][FMUCHK] Simulation step from time: 1.23 until: 1.24
	[FMU][FMU internal][FMU status:OK] running task_10
[VERBOSE][FMUCHK] Simulation step from time: 1.24 until: 1.25
	[FMU][FMU internal][FMU status:OK] running task_10
	[FMU][FMU internal][FMU status:OK] running task_20
	[FMU][FMU internal][FMU status:OK] running task_40
[VERBOSE][FMUCHK] Simulation step from time: 1.25 until: 1.26
	[FMU][FMU internal][FMU status:OK] running task_10
[VERBOSE][FMUCHK] Simulation step from time: 1.26 until: 1.27
	[FMU][FMU internal][FMU status:OK] running task_10
	[FMU][FMU internal][FMU status:OK] running task_20
[VERBOSE][FMUCHK] Simulation step from time: 1.27 until: 1.28
	[FMU][FMU internal][FMU status:OK] running task_10
[VERBOSE][FMUCHK] Simulation step from time: 1.28 until: 1.29
	[FMU][FMU internal][FMU status:OK] running task_10
	[FMU][FMU internal][FMU status:OK] running task_20
	[FMU][FMU internal][FMU status:OK] running task_40
[VERBOSE][FMUCHK] Simulation step from time: 1.29 until: 1.3
	[FMU][FMU internal][FMU status:OK] running task_10
[VERBOSE][FMUCHK] Simulation step from time: 1.3 until: 1.31
	[FMU][FMU internal][FMU status:OK] running task_10
	[FMU][FMU internal][FMU status:OK] running task_20
[VERBOSE][FMUCHK] Simulation step from time: 1.31 until: 1.32
	[FMU][FMU internal][FMU status:OK] running task_10
[VERBOSE][FMUCHK] Simulation step from time: 1.32 until: 1.33
	[FMU][FMU internal][FMU status:OK] running task_10
	[FMU][FMU internal][FMU status:OK] running task_20
	[FMU][FMU internal][FMU status:OK] running task_40
[VERBOSE][FMUCHK] Simulation step from time: 1.33 until: 1.34
	[FMU][FMU internal][FMU status:OK] running task_10
[VERBOSE][FMUCHK] Simulation step from time: 1.34 until: 1.35
	[FMU][FMU internal][FMU status:OK] running task_10
	[FMU][FMU internal][FMU status:OK] running task_20
[VERBOSE][FMUCHK] Simulation step from time: 1.35 until: 1.36
	[FMU][FMU internal][FMU status:OK] running task_10
[VERBOSE][FMUCHK] Simulation step from time: 1.36 until: 1.37
	[FMU][FMU internal][FMU status:OK] running task_10
	[FMU][FMU internal][FMU status:OK] running task_20
	[FMU][FMU internal][FMU status:OK] running task_40
[VERBOSE][FMUCHK] Simulation step from time: 1.37 until: 1.38
	[FMU][FMU internal][FMU status:OK] running task_10
[VERBOSE][FMUCHK] Simulation step from time: 1.38 until: 1.39
	[FMU][FMU internal][FMU status:OK] running task_10
	[FMU][FMU internal][FMU status:OK] running task_20
[VERBOSE][FMUCHK] Simulation step from time: 1.39 until: 1.4
	[FMU][FMU internal][FMU status:OK] running task_10
[VERBOSE][FMUCHK] Simulation step from time: 1.4 until: 1.41
	[FMU][FMU internal][FMU status:OK] running task_10
	[FMU][FMU internal][FMU status:OK] running task_20
	[FMU][FMU internal][FMU status:OK] running task_40
[VERBOSE][FMUCHK] Simulation step from time: 1.41 until: 1.42
	[FMU][FMU internal][FMU status:OK] running task_10
[VERBOSE][FMUCHK] Simulation step from time: 1.42 until: 1.43
	[FMU][FMU internal][FMU status:OK] running task_10
	[FMU][FMU internal][FMU status:OK] running task_20
[VERBOSE][FMUCHK] Simulation step from time: 1.43 until: 1.44
	[FMU][FMU internal][FMU status:OK] running task_10
[VERBOSE][FMUCHK] Simulation step from time: 1.44 until: 1.45
	[FMU][FMU internal][FMU status:OK] running task_10
	[FMU][FMU internal][FMU status:OK] running task_20
	[FMU][FMU internal][FMU status:OK] running task_40
[VERBOSE][FMUCHK] Simulation step from time: 1.45 until: 1.46
	[FMU][FMU internal][FMU status:OK] running task_10
[VERBOSE][FMUCHK] Simulation step from time: 1.46 until: 1.47
	[FMU][FMU internal][FMU status:OK] running task_10
	[FMU][FMU internal][FMU status:OK] running task_20
[VERBOSE][FMUCHK] Simulation step from time: 1.47 until: 1.48
	[FMU][FMU internal][FMU status:OK] running task_10
[VERBOSE][FMUCHK] Simulation step from time: 1.48 until: 1.49
	[FMU][FMU internal][FMU status:OK] running task_10
	[FMU][FMU internal][FMU status:OK] running task_20
	[FMU][FMU internal][FMU status:OK] running task_40
[VERBOSE][FMUCHK] Simulation step from time: 1.49 until: 1.5
	[FMU][FMU internal][FMU status:OK] running task_10
[VERBOSE][FMUCHK] Simulation step from time: 1.5 until: 1.51
	[FMU][FMU internal][FMU status:OK] running task_10
	[FMU][FMU internal][FMU status:OK] running task_20
[VERBOSE][FMUCHK] Simulation step from time: 1.51 until: 1.52
	[FMU][FMU internal][FMU status:OK] running task_10
[VERBOSE][FMUCHK] Simulation step from time: 1.52 until: 1.53
	[FMU][FMU internal][FMU status:OK] running task_10
	[FMU][FMU internal][FMU status:OK] running task_20
	[FMU][FMU internal][FMU status:OK] running task_40
[VERBOSE][FMUCHK] Simulation step from time: 1.53 until: 1.54
	[FMU][FMU internal][FMU status:OK] running task_10
[VERBOSE][FMUCHK] Simulation step from time: 1.54 until: 1.55
	[FMU][FMU internal][FMU status:OK] running task_10
	[FMU][FMU internal][FMU status:OK] running task_20
[VERBOSE][FMUCHK] Simulation step from time: 1.55 until: 1.56
	[FMU][FMU internal][FMU status:OK] running task_10
[VERBOSE][FMUCHK] Simulation step from time: 1.56 until: 1.57
	[FMU][FMU internal][FMU status:OK] running task_10
	[FMU][FMU internal][FMU status:OK] running task_20
	[FMU][FMU internal][FMU status:OK] running task_40
[VERBOSE][FMUCHK] Simulation step from time: 1.57 until: 1.58
	[FMU][FMU internal][FMU status:OK] running task_10
[VERBOSE][FMUCHK] Simulation step from time: 1.58 until: 1.59
	[FMU][FMU internal][FMU status:OK] running task_10
	[FMU][FMU internal][FMU status:OK] running task_20
[VERBOSE][FMUCHK] Simulation step from time: 1.59 until: 1.6
	[FMU][FMU internal][FMU status:OK] running task_10
[VERBOSE][FMUCHK] Simulation step from time: 1.6 until: 1.61
	[FMU][FMU internal][FMU status:OK] running task_10
	[FMU][FMU internal][FMU status:OK] running task_20
	[FMU][FMU internal][FMU status:OK] running task_40
[VERBOSE][FMUCHK] Simulation step from time: 1.61 until: 1.62
	[FMU][FMU internal][FMU status:OK] running task_10
[VERBOSE][FMUCHK] Simulation step from time: 1.62 until: 1.63
	[FMU][FMU internal][FMU status:OK] running task_10
	[FMU][FMU internal][FMU status:OK] running task_20
[VERBOSE][FMUCHK] Simulation step from time: 1.63 until: 1.64
	[FMU][FMU internal][FMU status:OK] running task_10
[VERBOSE][FMUCHK] Simulation step from time: 1.64 until: 1.65
	[FMU][FMU internal][FMU status:OK] running task_10
	[FMU][FMU internal][FMU status:OK] running task_20
	[FMU][FMU internal][FMU status:OK] running task_40
[VERBOSE][FMUCHK] Simulation step from time: 1.65 until: 1.66
	[FMU][FMU internal][FMU status:OK] running task_10
[VERBOSE][FMUCHK] Simulation step from time: 1.66 until: 1.67
	[FMU][FMU internal][FMU status:OK] running task_10
	[FMU][FMU internal][FMU status:OK] running task_20
[VERBOSE][FMUCHK] Simulation step from time: 1.67 until: 1.68
	[FMU][FMU internal][FMU status:OK] running task_10
[VERBOSE][FMUCHK] Simulation step from time: 1.68 until: 1.69
	[FMU][FMU internal][FMU status:OK] running task_10
	[FMU][FMU internal][FMU status:OK] running task_20
	[FMU][FMU internal][FMU status:OK] running task_40
[VERBOSE][FMUCHK] Simulation step from time: 1.69 until: 1.7
	[FMU][FMU internal][FMU status:OK] running task_10
[VERBOSE][FMUCHK] Simulation step from time: 1.7 until: 1.71
	[FMU][FMU internal][FMU status:OK] running task_10
	[FMU][FMU internal][FMU status:OK] running task_20
[VERBOSE][FMUCHK] Simulation step from time: 1.71 until: 1.72
	[FMU][FMU internal][FMU status:OK] running task_10
[VERBOSE][FMUCHK] Simulation step from time: 1.72 until: 1.73
	[FMU][FMU internal][FMU status:OK] running task_10
	[FMU][FMU internal][FMU status:OK] running task_20
	[FMU][FMU internal][FMU status:OK] running task_40
[VERBOSE][FMUCHK] Simulation step from time: 1.73 until: 1.74
	[FMU][FMU internal][FMU status:OK] running task_10
[VERBOSE][FMUCHK] Simulation step from time: 1.74 until: 1.75
	[FMU][FMU internal][FMU status:OK] running task_10
	[FMU][FMU internal][FMU status:OK] running task_20
[VERBOSE][FMUCHK] Simulation step from time: 1.75 until: 1.76
	[FMU][FMU internal][FMU status:OK] running task_10
[VERBOSE][FMUCHK] Simulation step from time: 1.76 until: 1.77
	[FMU][FMU internal][FMU status:OK] running task_10
	[FMU][FMU internal][FMU status:OK] running task_20
	[FMU][FMU internal][FMU status:OK] running task_40
[VERBOSE][FMUCHK] Simulation step from time: 1.77 until: 1.78
	[FMU][FMU internal][FMU status:OK] running task_10
[VERBOSE][FMUCHK] Simulation step from time: 1.78 until: 1.79
	[FMU][FMU internal][FMU status:OK] running task_10
	[FMU][FMU internal][FMU status:OK] running task_20
[VERBOSE][FMUCHK] Simulation step from time: 1.79 until: 1.8
	[FMU][FMU internal][FMU status:OK] running task_10
[VERBOSE][FMUCHK] Simulation step from time: 1.8 until: 1.81
	[FMU][FMU internal][FMU status:OK] running task_10
	[FMU][FMU internal][FMU status:OK] running task_20
	[FMU][FMU internal][FMU status:OK] running task_40
[VERBOSE][FMUCHK] Simulation step from time: 1.81 until: 1.82
	[FMU][FMU internal][FMU status:OK] running task_10
[VERBOSE][FMUCHK] Simulation step from time: 1.82 until: 1.83
	[FMU][FMU internal][FMU status:OK] running task_10
	[FMU][FMU internal][FMU status:OK] running task_20
[VERBOSE][FMUCHK] Simulation step from time: 1.83 until: 1.84
	[FMU][FMU internal][FMU status:OK] running task_10
[VERBOSE][FMUCHK] Simulation step from time: 1.84 until: 1.85
	[FMU][FMU internal][FMU status:OK] running task_10
	[FMU][FMU internal][FMU status:OK] running task_20
	[FMU][FMU internal][FMU status:OK] running task_40
[VERBOSE][FMUCHK] Simulation step from time: 1.85 until: 1.86
	[FMU][FMU internal][FMU status:OK] running task_10
[VERBOSE][FMUCHK] Simulation step from time: 1.86 until: 1.87
	[FMU][FMU internal][FMU status:OK] running task_10
	[FMU][FMU internal][FMU status:OK] running task_20
[VERBOSE][FMUCHK] Simulation step from time: 1.87 until: 1.88
	[FMU][FMU internal][FMU status:OK] running task_10
[VERBOSE][FMUCHK] Simulation step from time: 1.88 until: 1.89
	[FMU][FMU internal][FMU status:OK] running task_10
	[FMU][FMU internal][FMU status:OK] running task_20
	[FMU][FMU internal][FMU status:OK] running task_40
[VERBOSE][FMUCHK] Simulation step from time: 1.89 until: 1.9
	[FMU][FMU internal][FMU status:OK] running task_10
[VERBOSE][FMUCHK] Simulation step from time: 1.9 until: 1.91
	[FMU][FMU internal][FMU status:OK] running task_10
	[FMU][FMU internal][FMU status:OK] running task_20
[VERBOSE][FMUCHK] Simulation step from time: 1.91 until: 1.92
	[FMU][FMU internal][FMU status:OK] running task_10
[VERBOSE][FMUCHK] Simulation step from time: 1.92 until: 1.93
	[FMU][FMU internal][FMU status:OK] running task_10
	[FMU][FMU internal][FMU status:OK] running task_20
	[FMU][FMU internal][FMU status:OK] running task_40
[VERBOSE][FMUCHK] Simulation step from time: 1.93 until: 1.94
	[FMU][FMU internal][FMU status:OK] running task_10
[VERBOSE][FMUCHK] Simulation step from time: 1.94 until: 1.95
	[FMU][FMU internal][FMU status:OK] running task_10
	[FMU][FMU internal][FMU status:OK] running task_20
[VERBOSE][FMUCHK] Simulation step from time: 1.95 until: 1.96
	[FMU][FMU internal][FMU status:OK] running task_10
[VERBOSE][FMUCHK] Simulation step from time: 1.96 until: 1.97
	[FMU][FMU internal][FMU status:OK] running task_10
	[FMU][FMU internal][FMU status:OK] running task_20
	[FMU][FMU internal][FMU status:OK] running task_40
[VERBOSE][FMUCHK] Simulation step from time: 1.97 until: 1.98
	[FMU][FMU internal][FMU status:OK] running task_10
[VERBOSE][FMUCHK] Simulation step from time: 1.98 until: 1.99
	[FMU][FMU internal][FMU status:OK] running task_10
	[FMU][FMU internal][FMU status:OK] running task_20
[VERBOSE][FMUCHK] Simulation step from time: 1.99 until: 2
	[FMU][FMU internal][FMU status:OK] running task_10
[VERBOSE][FMUCHK] Simulation step from time: 2 until: 2.01
	[FMU][FMU internal][FMU status:OK] running task_10
	[FMU][FMU internal][FMU status:OK] running task_20
	[FMU][FMU internal][FMU status:OK] running task_40
[VERBOSE][FMUCHK] Simulation step from time: 2.01 until: 2.02
	[FMU][FMU internal][FMU status:OK] running task_10
[VERBOSE][FMUCHK] Simulation step from time: 2.02 until: 2.03
	[FMU][FMU internal][FMU status:OK] running task_10
	[FMU][FMU internal][FMU status:OK] running task_20
[VERBOSE][FMUCHK] Simulation step from time: 2.03 until: 2.04
	[FMU][FMU internal][FMU status:OK] running task_10
[VERBOSE][FMUCHK] Simulation step from time: 2.04 until: 2.05
	[FMU][FMU internal][FMU status:OK] running task_10
	[FMU][FMU internal][FMU status:OK] running task_20
	[FMU][FMU internal][FMU status:OK] running task_40
[VERBOSE][FMUCHK] Simulation step from time: 2.05 until: 2.06
	[FMU][FMU internal][FMU status:OK] running task_10
[VERBOSE][FMUCHK] Simulation step from time: 2.06 until: 2.07
	[FMU][FMU internal][FMU status:OK] running task_10
	[FMU][FMU internal][FMU status:OK] running task_20
[VERBOSE][FMUCHK] Simulation step from time: 2.07 until: 2.08
	[FMU][FMU internal][FMU status:OK] running task_10
[VERBOSE][FMUCHK] Simulation step from time: 2.08 until: 2.09
	[FMU][FMU internal][FMU status:OK] running task_10
	[FMU][FMU internal][FMU status:OK] running task_20
	[FMU][FMU internal][FMU status:OK] running task_40
[VERBOSE][FMUCHK] Simulation step from time: 2.09 until: 2.1
	[FMU][FMU internal][FMU status:OK] running task_10
[VERBOSE][FMUCHK] Simulation step from time: 2.1 until: 2.11
	[FMU][FMU internal][FMU status:OK] running task_10
	[FMU][FMU internal][FMU status:OK] running task_20
[VERBOSE][FMUCHK] Simulation step from time: 2.11 until: 2.12
	[FMU][FMU internal][FMU status:OK] running task_10
[VERBOSE][FMUCHK] Simulation step from time: 2.12 until: 2.13
	[FMU][FMU internal][FMU status:OK] running task_10
	[FMU][FMU internal][FMU status:OK] running task_20
	[FMU][FMU internal][FMU status:OK] running task_40
[VERBOSE][FMUCHK] Simulation step from time: 2.13 until: 2.14
	[FMU][FMU internal][FMU status:OK] running task_10
[VERBOSE][FMUCHK] Simulation step from time: 2.14 until: 2.15
	[FMU][FMU internal][FMU status:OK] running task_10
	[FMU][FMU internal][FMU status:OK] running task_20
[VERBOSE][FMUCHK] Simulation step from time: 2.15 until: 2.16
	[FMU][FMU internal][FMU status:OK] running task_10
[VERBOSE][FMUCHK] Simulation step from time: 2.16 until: 2.17
	[FMU][FMU internal][FMU status:OK] running task_10
	[FMU][FMU internal][FMU status:OK] running task_20
	[FMU][FMU internal][FMU status:OK] running task_40
[VERBOSE][FMUCHK] Simulation step from time: 2.17 until: 2.18
	[FMU][FMU internal][FMU status:OK] running task_10
[VERBOSE][FMUCHK] Simulation step from time: 2.18 until: 2.19
	[FMU][FMU internal][FMU status:OK] running task_10
	[FMU][FMU internal][FMU status:OK] running task_20
[VERBOSE][FMUCHK] Simulation step from time: 2.19 until: 2.2
	[FMU][FMU internal][FMU status:OK] running task_10
[VERBOSE][FMUCHK] Simulation step from time: 2.2 until: 2.21
	[FMU][FMU internal][FMU status:OK] running task_10
	[FMU][FMU internal][FMU status:OK] running task_20
	[FMU][FMU internal][FMU status:OK] running task_40
[VERBOSE][FMUCHK] Simulation step from time: 2.21 until: 2.22
	[FMU][FMU internal][FMU status:OK] running task_10
[VERBOSE][FMUCHK] Simulation step from time: 2.22 until: 2.23
	[FMU][FMU internal][FMU status:OK] running task_10
	[FMU][FMU internal][FMU status:OK] running task_20
[VERBOSE][FMUCHK] Simulation step from time: 2.23 until: 2.24
	[FMU][FMU internal][FMU status:OK] running task_10
[VERBOSE][FMUCHK] Simulation step from time: 2.24 until: 2.25
	[FMU][FMU internal][FMU status:OK] running task_10
	[FMU][FMU internal][FMU status:OK] running task_20
	[FMU][FMU internal][FMU status:OK] running task_40
[VERBOSE][FMUCHK] Simulation step from time: 2.25 until: 2.26
	[FMU][FMU internal][FMU status:OK] running task_10
[VERBOSE][FMUCHK] Simulation step from time: 2.26 until: 2.27
	[FMU][FMU internal][FMU status:OK] running task_10
	[FMU][FMU internal][FMU status:OK] running task_20
[VERBOSE][FMUCHK] Simulation step from time: 2.27 until: 2.28
	[FMU][FMU internal][FMU status:OK] running task_10
[VERBOSE][FMUCHK] Simulation step from time: 2.28 until: 2.29
	[FMU][FMU internal][FMU status:OK] running task_10
	[FMU][FMU internal][FMU status:OK] running task_20
	[FMU][FMU internal][FMU status:OK] running task_40
[VERBOSE][FMUCHK] Simulation step from time: 2.29 until: 2.3
	[FMU][FMU internal][FMU status:OK] running task_10
[VERBOSE][FMUCHK] Simulation step from time: 2.3 until: 2.31
	[FMU][FMU internal][FMU status:OK] running task_10
	[FMU][FMU internal][FMU status:OK] running task_20
[VERBOSE][FMUCHK] Simulation step from time: 2.31 until: 2.32
	[FMU][FMU internal][FMU status:OK] running task_10
[VERBOSE][FMUCHK] Simulation step from time: 2.32 until: 2.33
	[FMU][FMU internal][FMU status:OK] running task_10
	[FMU][FMU internal][FMU status:OK] running task_20
	[FMU][FMU internal][FMU status:OK] running task_40
[VERBOSE][FMUCHK] Simulation step from time: 2.33 until: 2.34
	[FMU][FMU internal][FMU status:OK] running task_10
[VERBOSE][FMUCHK] Simulation step from time: 2.34 until: 2.35
	[FMU][FMU internal][FMU status:OK] running task_10
	[FMU][FMU internal][FMU status:OK] running task_20
[VERBOSE][FMUCHK] Simulation step from time: 2.35 until: 2.36
	[FMU][FMU internal][FMU status:OK] running task_10
[VERBOSE][FMUCHK] Simulation step from time: 2.36 until: 2.37
	[FMU][FMU internal][FMU status:OK] running task_10
	[FMU][FMU internal][FMU status:OK] running task_20
	[FMU][FMU internal][FMU status:OK] running task_40
[VERBOSE][FMUCHK] Simulation step from time: 2.37 until: 2.38
	[FMU][FMU internal][FMU status:OK] running task_10
[VERBOSE][FMUCHK] Simulation step from time: 2.38 until: 2.39
	[FMU][FMU internal][FMU status:OK] running task_10
	[FMU][FMU internal][FMU status:OK] running task_20
[VERBOSE][FMUCHK] Simulation step from time: 2.39 until: 2.4
	[FMU][FMU internal][FMU status:OK] running task_10
[VERBOSE][FMUCHK] Simulation step from time: 2.4 until: 2.41
	[FMU][FMU internal][FMU status:OK] running task_10
	[FMU][FMU internal][FMU status:OK] running task_20
	[FMU][FMU internal][FMU status:OK] running task_40
[VERBOSE][FMUCHK] Simulation step from time: 2.41 until: 2.42
	[FMU][FMU internal][FMU status:OK] running task_10
[VERBOSE][FMUCHK] Simulation step from time: 2.42 until: 2.43
	[FMU][FMU internal][FMU status:OK] running task_10
	[FMU][FMU internal][FMU status:OK] running task_20
[VERBOSE][FMUCHK] Simulation step from time: 2.43 until: 2.44
	[FMU][FMU internal][FMU status:OK] running task_10
[VERBOSE][FMUCHK] Simulation step from time: 2.44 until: 2.45
	[FMU][FMU internal][FMU status:OK] running task_10
	[FMU][FMU internal][FMU status:OK] running task_20
	[FMU][FMU internal][FMU status:OK] running task_40
[VERBOSE][FMUCHK] Simulation step from time: 2.45 until: 2.46
	[FMU][FMU internal][FMU status:OK] running task_10
[VERBOSE][FMUCHK] Simulation step from time: 2.46 until: 2.47
	[FMU][FMU internal][FMU status:OK] running task_10
	[FMU][FMU internal][FMU status:OK] running task_20
[VERBOSE][FMUCHK] Simulation step from time: 2.47 until: 2.48
	[FMU][FMU internal][FMU status:OK] running task_10
[VERBOSE][FMUCHK] Simulation step from time: 2.48 until: 2.49
	[FMU][FMU internal][FMU status:OK] running task_10
	[FMU][FMU internal][FMU status:OK] running task_20
	[FMU][FMU internal][FMU status:OK] running task_40
[VERBOSE][FMUCHK] Simulation step from time: 2.49 until: 2.5
	[FMU][FMU internal][FMU status:OK] running task_10
[VERBOSE][FMUCHK] Simulation step from time: 2.5 until: 2.51
	[FMU][FMU internal][FMU status:OK] running task_10
	[FMU][FMU internal][FMU status:OK] running task_20
[VERBOSE][FMUCHK] Simulation step from time: 2.51 until: 2.52
	[FMU][FMU internal][FMU status:OK] running task_10
[VERBOSE][FMUCHK] Simulation step from time: 2.52 until: 2.53
	[FMU][FMU internal][FMU status:OK] running task_10
	[FMU][FMU internal][FMU status:OK] running task_20
	[FMU][FMU internal][FMU status:OK] running task_40
[VERBOSE][FMUCHK] Simulation step from time: 2.53 until: 2.54
	[FMU][FMU internal][FMU status:OK] running task_10
[VERBOSE][FMUCHK] Simulation step from time: 2.54 until: 2.55
	[FMU][FMU internal][FMU status:OK] running task_10
	[FMU][FMU internal][FMU status:OK] running task_20
[VERBOSE][FMUCHK] Simulation step from time: 2.55 until: 2.56
	[FMU][FMU internal][FMU status:OK] running task_10
[VERBOSE][FMUCHK] Simulation step from time: 2.56 until: 2.57
	[FMU][FMU internal][FMU status:OK] running task_10
	[FMU][FMU internal][FMU status:OK] running task_20
	[FMU][FMU internal][FMU status:OK] running task_40
[VERBOSE][FMUCHK] Simulation step from time: 2.57 until: 2.58
	[FMU][FMU internal][FMU status:OK] running task_10
[VERBOSE][FMUCHK] Simulation step from time: 2.58 until: 2.59
	[FMU][FMU internal][FMU status:OK] running task_10
	[FMU][FMU internal][FMU status:OK] running task_20
[VERBOSE][FMUCHK] Simulation step from time: 2.59 until: 2.6
	[FMU][FMU internal][FMU status:OK] running task_10
[VERBOSE][FMUCHK] Simulation step from time: 2.6 until: 2.61
	[FMU][FMU internal][FMU status:OK] running task_10
	[FMU][FMU internal][FMU status:OK] running task_20
	[FMU][FMU internal][FMU status:OK] running task_40
[VERBOSE][FMUCHK] Simulation step from time: 2.61 until: 2.62
	[FMU][FMU internal][FMU status:OK] running task_10
[VERBOSE][FMUCHK] Simulation step from time: 2.62 until: 2.63
	[FMU][FMU internal][FMU status:OK] running task_10
	[FMU][FMU internal][FMU status:OK] running task_20
[VERBOSE][FMUCHK] Simulation step from time: 2.63 until: 2.64
	[FMU][FMU internal][FMU status:OK] running task_10
[VERBOSE][FMUCHK] Simulation step from time: 2.64 until: 2.65
	[FMU][FMU internal][FMU status:OK] running task_10
	[FMU][FMU internal][FMU status:OK] running task_20
	[FMU][FMU internal][FMU status:OK] running task_40
[VERBOSE][FMUCHK] Simulation step from time: 2.65 until: 2.66
	[FMU][FMU internal][FMU status:OK] running task_10
[VERBOSE][FMUCHK] Simulation step from time: 2.66 until: 2.67
	[FMU][FMU internal][FMU status:OK] running task_10
	[FMU][FMU internal][FMU status:OK] running task_20
[VERBOSE][FMUCHK] Simulation step from time: 2.67 until: 2.68
	[FMU][FMU internal][FMU status:OK] running task_10
[VERBOSE][FMUCHK] Simulation step from time: 2.68 until: 2.69
	[FMU][FMU internal][FMU status:OK] running task_10
	[FMU][FMU internal][FMU status:OK] running task_20
	[FMU][FMU internal][FMU status:OK] running task_40
[VERBOSE][FMUCHK] Simulation step from time: 2.69 until: 2.7
	[FMU][FMU internal][FMU status:OK] running task_10
[VERBOSE][FMUCHK] Simulation step from time: 2.7 until: 2.71
	[FMU][FMU internal][FMU status:OK] running task_10
	[FMU][FMU internal][FMU status:OK] running task_20
[VERBOSE][FMUCHK] Simulation step from time: 2.71 until: 2.72
	[FMU][FMU internal][FMU status:OK] running task_10
[VERBOSE][FMUCHK] Simulation step from time: 2.72 until: 2.73
	[FMU][FMU internal][FMU status:OK] running task_10
	[FMU][FMU internal][FMU status:OK] running task_20
	[FMU][FMU internal][FMU status:OK] running task_40
[VERBOSE][FMUCHK] Simulation step from time: 2.73 until: 2.74
	[FMU][FMU internal][FMU status:OK] running task_10
[VERBOSE][FMUCHK] Simulation step from time: 2.74 until: 2.75
	[FMU][FMU internal][FMU status:OK] running task_10
	[FMU][FMU internal][FMU status:OK] running task_20
[VERBOSE][FMUCHK] Simulation step from time: 2.75 until: 2.76
	[FMU][FMU internal][FMU status:OK] running task_10
[VERBOSE][FMUCHK] Simulation step from time: 2.76 until: 2.77
	[FMU][FMU internal][FMU status:OK] running task_10
	[FMU][FMU internal][FMU status:OK] running task_20
	[FMU][FMU internal][FMU status:OK] running task_40
[VERBOSE][FMUCHK] Simulation step from time: 2.77 until: 2.78
	[FMU][FMU internal][FMU status:OK] running task_10
[VERBOSE][FMUCHK] Simulation step from time: 2.78 until: 2.79
	[FMU][FMU internal][FMU status:OK] running task_10
	[FMU][FMU internal][FMU status:OK] running task_20
[VERBOSE][FMUCHK] Simulation step from time: 2.79 until: 2.8
	[FMU][FMU internal][FMU status:OK] running task_10
[VERBOSE][FMUCHK] Simulation step from time: 2.8 until: 2.81
	[FMU][FMU internal][FMU status:OK] running task_10
	[FMU][FMU internal][FMU status:OK] running task_20
	[FMU][FMU internal][FMU status:OK] running task_40
[VERBOSE][FMUCHK] Simulation step from time: 2.81 until: 2.82
	[FMU][FMU internal][FMU status:OK] running task_10
[VERBOSE][FMUCHK] Simulation step from time: 2.82 until: 2.83
	[FMU][FMU internal][FMU status:OK] running task_10
	[FMU][FMU internal][FMU status:OK] running task_20
[VERBOSE][FMUCHK] Simulation step from time: 2.83 until: 2.84
	[FMU][FMU internal][FMU status:OK] running task_10
[VERBOSE][FMUCHK] Simulation step from time: 2.84 until: 2.85
	[FMU][FMU internal][FMU status:OK] running task_10
	[FMU][FMU internal][FMU status:OK] running task_20
	[FMU][FMU internal][FMU status:OK] running task_40
[VERBOSE][FMUCHK] Simulation step from time: 2.85 until: 2.86
	[FMU][FMU internal][FMU status:OK] running task_10
[VERBOSE][FMUCHK] Simulation step from time: 2.86 until: 2.87
	[FMU][FMU internal][FMU status:OK] running task_10
	[FMU][FMU internal][FMU status:OK] running task_20
[VERBOSE][FMUCHK] Simulation step from time: 2.87 until: 2.88
	[FMU][FMU internal][FMU status:OK] running task_10
[VERBOSE][FMUCHK] Simulation step from time: 2.88 until: 2.89
	[FMU][FMU internal][FMU status:OK] running task_10
	[FMU][FMU internal][FMU status:OK] running task_20
	[FMU][FMU internal][FMU status:OK] running task_40
[VERBOSE][FMUCHK] Simulation step from time: 2.89 until: 2.9
	[FMU][FMU internal][FMU status:OK] running task_10
[VERBOSE][FMUCHK] Simulation step from time: 2.9 until: 2.91
	[FMU][FMU internal][FMU status:OK] running task_10
	[FMU][FMU internal][FMU status:OK] running task_20
[VERBOSE][FMUCHK] Simulation step from time: 2.91 until: 2.92
	[FMU][FMU internal][FMU status:OK] running task_10
[VERBOSE][FMUCHK] Simulation step from time: 2.92 until: 2.93
	[FMU][FMU internal][FMU status:OK] running task_10
	[FMU][FMU internal][FMU status:OK] running task_20
	[FMU][FMU internal][FMU status:OK] running task_40
[VERBOSE][FMUCHK] Simulation step from time: 2.93 until: 2.94
	[FMU][FMU internal][FMU status:OK] running task_10
[VERBOSE][FMUCHK] Simulation step from time: 2.94 until: 2.95
	[FMU][FMU internal][FMU status:OK] running task_10
	[FMU][FMU internal][FMU status:OK] running task_20
[VERBOSE][FMUCHK] Simulation step from time: 2.95 until: 2.96
	[FMU][FMU internal][FMU status:OK] running task_10
[VERBOSE][FMUCHK] Simulation step from time: 2.96 until: 2.97
	[FMU][FMU internal][FMU status:OK] running task_10
	[FMU][FMU internal][FMU status:OK] running task_20
	[FMU][FMU internal][FMU status:OK] running task_40
[VERBOSE][FMUCHK] Simulation step from time: 2.97 until: 2.98
	[FMU][FMU internal][FMU status:OK] running task_10
[VERBOSE][FMUCHK] Simulation step from time: 2.98 until: 2.99
	[FMU][FMU internal][FMU status:OK] running task_10
	[FMU][FMU internal][FMU status:OK] running task_20
[VERBOSE][FMUCHK] Simulation step from time: 2.99 until: 3
	[FMU][FMU internal][FMU status:OK] running task_10
[VERBOSE][FMUCHK] Simulation step from time: 3 until: 3.01
	[FMU][FMU internal][FMU status:OK] running task_10
	[FMU][FMU internal][FMU status:OK] running task_20
	[FMU][FMU internal][FMU status:OK] running task_40
[VERBOSE][FMUCHK] Simulation step from time: 3.01 until: 3.02
	[FMU][FMU internal][FMU status:OK] running task_10
[VERBOSE][FMUCHK] Simulation step from time: 3.02 until: 3.03
	[FMU][FMU internal][FMU status:OK] running task_10
	[FMU][FMU internal][FMU status:OK] running task_20
[VERBOSE][FMUCHK] Simulation step from time: 3.03 until: 3.04
	[FMU][FMU internal][FMU status:OK] running task_10
[VERBOSE][FMUCHK] Simulation step from time: 3.04 until: 3.05
	[FMU][FMU internal][FMU status:OK] running task_10
	[FMU][FMU internal][FMU status:OK] running task_20
	[FMU][FMU internal][FMU status:OK] running task_40
[VERBOSE][FMUCHK] Simulation step from time: 3.05 until: 3.06
	[FMU][FMU internal][FMU status:OK] running task_10
[VERBOSE][FMUCHK] Simulation step from time: 3.06 until: 3.07
	[FMU][FMU internal][FMU status:OK] running task_10
	[FMU][FMU internal][FMU status:OK] running task_20
[VERBOSE][FMUCHK] Simulation step from time: 3.07 until: 3.08
	[FMU][FMU internal][FMU status:OK] running task_10
[VERBOSE][FMUCHK] Simulation step from time: 3.08 until: 3.09
	[FMU][FMU internal][FMU status:OK] running task_10
	[FMU][FMU internal][FMU status:OK] running task_20
	[FMU][FMU internal][FMU status:OK] running task_40
[VERBOSE][FMUCHK] Simulation step from time: 3.09 until: 3.1
	[FMU][FMU internal][FMU status:OK] running task_10
[VERBOSE][FMUCHK] Simulation step from time: 3.1 until: 3.11
	[FMU][FMU internal][FMU status:OK] running task_10
	[FMU][FMU internal][FMU status:OK] running task_20
[VERBOSE][FMUCHK] Simulation step from time: 3.11 until: 3.12
	[FMU][FMU internal][FMU status:OK] running task_10
[VERBOSE][FMUCHK] Simulation step from time: 3.12 until: 3.13
	[FMU][FMU internal][FMU status:OK] running task_10
	[FMU][FMU internal][FMU status:OK] running task_20
	[FMU][FMU internal][FMU status:OK] running task_40
[VERBOSE][FMUCHK] Simulation step from time: 3.13 until: 3.14
	[FMU][FMU internal][FMU status:OK] running task_10
[VERBOSE][FMUCHK] Simulation step from time: 3.14 until: 3.15
	[FMU][FMU internal][FMU status:OK] running task_10
	[FMU][FMU internal][FMU status:OK] running task_20
[VERBOSE][FMUCHK] Simulation step from time: 3.15 until: 3.16
	[FMU][FMU internal][FMU status:OK] running task_10
[VERBOSE][FMUCHK] Simulation step from time: 3.16 until: 3.17
	[FMU][FMU internal][FMU status:OK] running task_10
	[FMU][FMU internal][FMU status:OK] running task_20
	[FMU][FMU internal][FMU status:OK] running task_40
[VERBOSE][FMUCHK] Simulation step from time: 3.17 until: 3.18
	[FMU][FMU internal][FMU status:OK] running task_10
[VERBOSE][FMUCHK] Simulation step from time: 3.18 until: 3.19
	[FMU][FMU internal][FMU status:OK] running task_10
	[FMU][FMU internal][FMU status:OK] running task_20
[VERBOSE][FMUCHK] Simulation step from time: 3.19 until: 3.2
	[FMU][FMU internal][FMU status:OK] running task_10
[VERBOSE][FMUCHK] Simulation step from time: 3.2 until: 3.21
	[FMU][FMU internal][FMU status:OK] running task_10
	[FMU][FMU internal][FMU status:OK] running task_20
	[FMU][FMU internal][FMU status:OK] running task_40
[VERBOSE][FMUCHK] Simulation step from time: 3.21 until: 3.22
	[FMU][FMU internal][FMU status:OK] running task_10
[VERBOSE][FMUCHK] Simulation step from time: 3.22 until: 3.23
	[FMU][FMU internal][FMU status:OK] running task_10
	[FMU][FMU internal][FMU status:OK] running task_20
[VERBOSE][FMUCHK] Simulation step from time: 3.23 until: 3.24
	[FMU][FMU internal][FMU status:OK] running task_10
[VERBOSE][FMUCHK] Simulation step from time: 3.24 until: 3.25
	[FMU][FMU internal][FMU status:OK] running task_10
	[FMU][FMU internal][FMU status:OK] running task_20
	[FMU][FMU internal][FMU status:OK] running task_40
[VERBOSE][FMUCHK] Simulation step from time: 3.25 until: 3.26
	[FMU][FMU internal][FMU status:OK] running task_10
[VERBOSE][FMUCHK] Simulation step from time: 3.26 until: 3.27
	[FMU][FMU internal][FMU status:OK] running task_10
	[FMU][FMU internal][FMU status:OK] running task_20
[VERBOSE][FMUCHK] Simulation step from time: 3.27 until: 3.28
	[FMU][FMU internal][FMU status:OK] running task_10
[VERBOSE][FMUCHK] Simulation step from time: 3.28 until: 3.29
	[FMU][FMU internal][FMU status:OK] running task_10
	[FMU][FMU internal][FMU status:OK] running task_20
	[FMU][FMU internal][FMU status:OK] running task_40
[VERBOSE][FMUCHK] Simulation step from time: 3.29 until: 3.3
	[FMU][FMU internal][FMU status:OK] running task_10
[VERBOSE][FMUCHK] Simulation step from time: 3.3 until: 3.31
	[FMU][FMU internal][FMU status:OK] running task_10
	[FMU][FMU internal][FMU status:OK] running task_20
[VERBOSE][FMUCHK] Simulation step from time: 3.31 until: 3.32
	[FMU][FMU internal][FMU status:OK] running task_10
[VERBOSE][FMUCHK] Simulation step from time: 3.32 until: 3.33
	[FMU][FMU internal][FMU status:OK] running task_10
	[FMU][FMU internal][FMU status:OK] running task_20
	[FMU][FMU internal][FMU status:OK] running task_40
[VERBOSE][FMUCHK] Simulation step from time: 3.33 until: 3.34
	[FMU][FMU internal][FMU status:OK] running task_10
[VERBOSE][FMUCHK] Simulation step from time: 3.34 until: 3.35
	[FMU][FMU internal][FMU status:OK] running task_10
	[FMU][FMU internal][FMU status:OK] running task_20
[VERBOSE][FMUCHK] Simulation step from time: 3.35 until: 3.36
	[FMU][FMU internal][FMU status:OK] running task_10
[VERBOSE][FMUCHK] Simulation step from time: 3.36 until: 3.37
	[FMU][FMU internal][FMU status:OK] running task_10
	[FMU][FMU internal][FMU status:OK] running task_20
	[FMU][FMU internal][FMU status:OK] running task_40
[VERBOSE][FMUCHK] Simulation step from time: 3.37 until: 3.38
	[FMU][FMU internal][FMU status:OK] running task_10
[VERBOSE][FMUCHK] Simulation step from time: 3.38 until: 3.39
	[FMU][FMU internal][FMU status:OK] running task_10
	[FMU][FMU internal][FMU status:OK] running task_20
[VERBOSE][FMUCHK] Simulation step from time: 3.39 until: 3.4
	[FMU][FMU internal][FMU status:OK] running task_10
[VERBOSE][FMUCHK] Simulation step from time: 3.4 until: 3.41
	[FMU][FMU internal][FMU status:OK] running task_10
	[FMU][FMU internal][FMU status:OK] running task_20
	[FMU][FMU internal][FMU status:OK] running task_40
[VERBOSE][FMUCHK] Simulation step from time: 3.41 until: 3.42
	[FMU][FMU internal][FMU status:OK] running task_10
[VERBOSE][FMUCHK] Simulation step from time: 3.42 until: 3.43
	[FMU][FMU internal][FMU status:OK] running task_10
	[FMU][FMU internal][FMU status:OK] running task_20
[VERBOSE][FMUCHK] Simulation step from time: 3.43 until: 3.44
	[FMU][FMU internal][FMU status:OK] running task_10
[VERBOSE][FMUCHK] Simulation step from time: 3.44 until: 3.45
	[FMU][FMU internal][FMU status:OK] running task_10
	[FMU][FMU internal][FMU status:OK] running task_20
	[FMU][FMU internal][FMU status:OK] running task_40
[VERBOSE][FMUCHK] Simulation step from time: 3.45 until: 3.46
	[FMU][FMU internal][FMU status:OK] running task_10
[VERBOSE][FMUCHK] Simulation step from time: 3.46 until: 3.47
	[FMU][FMU internal][FMU status:OK] running task_10
	[FMU][FMU internal][FMU status:OK] running task_20
[VERBOSE][FMUCHK] Simulation step from time: 3.47 until: 3.48
	[FMU][FMU internal][FMU status:OK] running task_10
[VERBOSE][FMUCHK] Simulation step from time: 3.48 until: 3.49
	[FMU][FMU internal][FMU status:OK] running task_10
	[FMU][FMU internal][FMU status:OK] running task_20
	[FMU][FMU internal][FMU status:OK] running task_40
[VERBOSE][FMUCHK] Simulation step from time: 3.49 until: 3.5
	[FMU][FMU internal][FMU status:OK] running task_10
[VERBOSE][FMUCHK] Simulation step from time: 3.5 until: 3.51
	[FMU][FMU internal][FMU status:OK] running task_10
	[FMU][FMU internal][FMU status:OK] running task_20
[VERBOSE][FMUCHK] Simulation step from time: 3.51 until: 3.52
	[FMU][FMU internal][FMU status:OK] running task_10
[VERBOSE][FMUCHK] Simulation step from time: 3.52 until: 3.53
	[FMU][FMU internal][FMU status:OK] running task_10
	[FMU][FMU internal][FMU status:OK] running task_20
	[FMU][FMU internal][FMU status:OK] running task_40
[VERBOSE][FMUCHK] Simulation step from time: 3.53 until: 3.54
	[FMU][FMU internal][FMU status:OK] running task_10
[VERBOSE][FMUCHK] Simulation step from time: 3.54 until: 3.55
	[FMU][FMU internal][FMU status:OK] running task_10
	[FMU][FMU internal][FMU status:OK] running task_20
[VERBOSE][FMUCHK] Simulation step from time: 3.55 until: 3.56
	[FMU][FMU internal][FMU status:OK] running task_10
[VERBOSE][FMUCHK] Simulation step from time: 3.56 until: 3.57
	[FMU][FMU internal][FMU status:OK] running task_10
	[FMU][FMU internal][FMU status:OK] running task_20
	[FMU][FMU internal][FMU status:OK] running task_40
[VERBOSE][FMUCHK] Simulation step from time: 3.57 until: 3.58
	[FMU][FMU internal][FMU status:OK] running task_10
[VERBOSE][FMUCHK] Simulation step from time: 3.58 until: 3.59
	[FMU][FMU internal][FMU status:OK] running task_10
	[FMU][FMU internal][FMU status:OK] running task_20
[VERBOSE][FMUCHK] Simulation step from time: 3.59 until: 3.6
	[FMU][FMU internal][FMU status:OK] running task_10
[VERBOSE][FMUCHK] Simulation step from time: 3.6 until: 3.61
	[FMU][FMU internal][FMU status:OK] running task_10
	[FMU][FMU internal][FMU status:OK] running task_20
	[FMU][FMU internal][FMU status:OK] running task_40
[VERBOSE][FMUCHK] Simulation step from time: 3.61 until: 3.62
	[FMU][FMU internal][FMU status:OK] running task_10
[VERBOSE][FMUCHK] Simulation step from time: 3.62 until: 3.63
	[FMU][FMU internal][FMU status:OK] running task_10
	[FMU][FMU internal][FMU status:OK] running task_20
[VERBOSE][FMUCHK] Simulation step from time: 3.63 until: 3.64
	[FMU][FMU internal][FMU status:OK] running task_10
[VERBOSE][FMUCHK] Simulation step from time: 3.64 until: 3.65
	[FMU][FMU internal][FMU status:OK] running task_10
	[FMU][FMU internal][FMU status:OK] running task_20
	[FMU][FMU internal][FMU status:OK] running task_40
[VERBOSE][FMUCHK] Simulation step from time: 3.65 until: 3.66
	[FMU][FMU internal][FMU status:OK] running task_10
[VERBOSE][FMUCHK] Simulation step from time: 3.66 until: 3.67
	[FMU][FMU internal][FMU status:OK] running task_10
	[FMU][FMU internal][FMU status:OK] running task_20
[VERBOSE][FMUCHK] Simulation step from time: 3.67 until: 3.68
	[FMU][FMU internal][FMU status:OK] running task_10
[VERBOSE][FMUCHK] Simulation step from time: 3.68 until: 3.69
	[FMU][FMU internal][FMU status:OK] running task_10
	[FMU][FMU internal][FMU status:OK] running task_20
	[FMU][FMU internal][FMU status:OK] running task_40
[VERBOSE][FMUCHK] Simulation step from time: 3.69 until: 3.7
	[FMU][FMU internal][FMU status:OK] running task_10
[VERBOSE][FMUCHK] Simulation step from time: 3.7 until: 3.71
	[FMU][FMU internal][FMU status:OK] running task_10
	[FMU][FMU internal][FMU status:OK] running task_20
[VERBOSE][FMUCHK] Simulation step from time: 3.71 until: 3.72
	[FMU][FMU internal][FMU status:OK] running task_10
[VERBOSE][FMUCHK] Simulation step from time: 3.72 until: 3.73
	[FMU][FMU internal][FMU status:OK] running task_10
	[FMU][FMU internal][FMU status:OK] running task_20
	[FMU][FMU internal][FMU status:OK] running task_40
[VERBOSE][FMUCHK] Simulation step from time: 3.73 until: 3.74
	[FMU][FMU internal][FMU status:OK] running task_10
[VERBOSE][FMUCHK] Simulation step from time: 3.74 until: 3.75
	[FMU][FMU internal][FMU status:OK] running task_10
	[FMU][FMU internal][FMU status:OK] running task_20
[VERBOSE][FMUCHK] Simulation step from time: 3.75 until: 3.76
	[FMU][FMU internal][FMU status:OK] running task_10
[VERBOSE][FMUCHK] Simulation step from time: 3.76 until: 3.77
	[FMU][FMU internal][FMU status:OK] running task_10
	[FMU][FMU internal][FMU status:OK] running task_20
	[FMU][FMU internal][FMU status:OK] running task_40
[VERBOSE][FMUCHK] Simulation step from time: 3.77 until: 3.78
	[FMU][FMU internal][FMU status:OK] running task_10
[VERBOSE][FMUCHK] Simulation step from time: 3.78 until: 3.79
	[FMU][FMU internal][FMU status:OK] running task_10
	[FMU][FMU internal][FMU status:OK] running task_20
[VERBOSE][FMUCHK] Simulation step from time: 3.79 until: 3.8
	[FMU][FMU internal][FMU status:OK] running task_10
[VERBOSE][FMUCHK] Simulation step from time: 3.8 until: 3.81
	[FMU][FMU internal][FMU status:OK] running task_10
	[FMU][FMU internal][FMU status:OK] running task_20
	[FMU][FMU internal][FMU status:OK] running task_40
[VERBOSE][FMUCHK] Simulation step from time: 3.81 until: 3.82
	[FMU][FMU internal][FMU status:OK] running task_10
[VERBOSE][FMUCHK] Simulation step from time: 3.82 until: 3.83
	[FMU][FMU internal][FMU status:OK] running task_10
	[FMU][FMU internal][FMU status:OK] running task_20
[VERBOSE][FMUCHK] Simulation step from time: 3.83 until: 3.84
	[FMU][FMU internal][FMU status:OK] running task_10
[VERBOSE][FMUCHK] Simulation step from time: 3.84 until: 3.85
	[FMU][FMU internal][FMU status:OK] running task_10
	[FMU][FMU internal][FMU status:OK] running task_20
	[FMU][FMU internal][FMU status:OK] running task_40
[VERBOSE][FMUCHK] Simulation step from time: 3.85 until: 3.86
	[FMU][FMU internal][FMU status:OK] running task_10
[VERBOSE][FMUCHK] Simulation step from time: 3.86 until: 3.87
	[FMU][FMU internal][FMU status:OK] running task_10
	[FMU][FMU internal][FMU status:OK] running task_20
[VERBOSE][FMUCHK] Simulation step from time: 3.87 until: 3.88
	[FMU][FMU internal][FMU status:OK] running task_10
[VERBOSE][FMUCHK] Simulation step from time: 3.88 until: 3.89
	[FMU][FMU internal][FMU status:OK] running task_10
	[FMU][FMU internal][FMU status:OK] running task_20
	[FMU][FMU internal][FMU status:OK] running task_40
[VERBOSE][FMUCHK] Simulation step from time: 3.89 until: 3.9
	[FMU][FMU internal][FMU status:OK] running task_10
[VERBOSE][FMUCHK] Simulation step from time: 3.9 until: 3.91
	[FMU][FMU internal][FMU status:OK] running task_10
	[FMU][FMU internal][FMU status:OK] running task_20
[VERBOSE][FMUCHK] Simulation step from time: 3.91 until: 3.92
	[FMU][FMU internal][FMU status:OK] running task_10
[VERBOSE][FMUCHK] Simulation step from time: 3.92 until: 3.93
	[FMU][FMU internal][FMU status:OK] running task_10
	[FMU][FMU internal][FMU status:OK] running task_20
	[FMU][FMU internal][FMU status:OK] running task_40
[VERBOSE][FMUCHK] Simulation step from time: 3.93 until: 3.94
	[FMU][FMU internal][FMU status:OK] running task_10
[VERBOSE][FMUCHK] Simulation step from time: 3.94 until: 3.95
	[FMU][FMU internal][FMU status:OK] running task_10
	[FMU][FMU internal][FMU status:OK] running task_20
[VERBOSE][FMUCHK] Simulation step from time: 3.95 until: 3.96
	[FMU][FMU internal][FMU status:OK] running task_10
[VERBOSE][FMUCHK] Simulation step from time: 3.96 until: 3.97
	[FMU][FMU internal][FMU status:OK] running task_10
	[FMU][FMU internal][FMU status:OK] running task_20
	[FMU][FMU internal][FMU status:OK] running task_40
[VERBOSE][FMUCHK] Simulation step from time: 3.97 until: 3.98
	[FMU][FMU internal][FMU status:OK] running task_10
[VERBOSE][FMUCHK] Simulation step from time: 3.98 until: 3.99
	[FMU][FMU internal][FMU status:OK] running task_10
	[FMU][FMU internal][FMU status:OK] running task_20
[VERBOSE][FMUCHK] Simulation step from time: 3.99 until: 4
	[FMU][FMU internal][FMU status:OK] running task_10
[INFO][FMUCHK] Simulation finished successfully at time 4
	[FMU][FMU internal][FMU status:OK] running task_stop
[VERBOSE][FMILIB] Releasing allocated library resources
[VERBOSE][FMILIB] Releasing FMU CAPI interface
[VERBOSE][FMICAPI] Successfully unloaded FMU binary
[VERBOSE][JMPRT] Removing C:\Users\adrian\AppData\Local\Temp\fmucktmpa36932
FMU check summary:
FMU reported:
	0 warning(s) and error(s)
Checker reported:
	0 Warning(s)
	0 Error(s)
