[INFO][FMUCHK] FMI compliance checker 2.0.1 [FMILibrary: 2.0.1] build date: Oct 24 2014
[INFO][FMUCHK] Called with following options:
[INFO][FMUCHK] Z:/maple2015.2/2015-11-13/1087998\toolbox_source\FMIConnector\bin.X86_64_WINDOWS\FMUChecker-2.0.1\fmuCheck.win64.exe -i Z:/maple2015.2/2015-11-13/1087998\toolbox_source\FMIConnector\maple\tst\data\CoupledClutches_in.csv -e Z:/maple2015.2/2015-11-13/1087998\toolbox_source\FMIConnector\maple\tst\temp\ICW8KHPC01\CoupledClutches_ME_cc.log -o Z:/maple2015.2/2015-11-13/1087998\toolbox_source\FMIConnector\maple\tst\temp\ICW8KHPC01\CoupledClutches_ME_cc.csv -n 151 -s 1.5 -h 1e-2 -t C:/temp/tester2/tester.42856/zJ7VJVtQ/ C:/temp/tester2/tester.42856/zJ7VJVtQ/\CoupledClutches.fmu
[INFO][FMUCHK] Will process FMU C:/temp/tester2/tester.42856/zJ7VJVtQ/\CoupledClutches.fmu
[INFO][FMILIB] XML specifies FMI standard version 2.0
[INFO][FMUCHK] Model name: CoupledClutches
[INFO][FMUCHK] Model GUID: {ca60af48-f788-8e15-128f-9f3b78ccd225}
[INFO][FMUCHK] Model version: 
[INFO][FMUCHK] FMU kind: ModelExchange
[INFO][FMUCHK] The FMU contains:
0 constants
2 parameters
38 discrete variables
136 continuous variables
1 inputs
4 outputs
169 local variables
0 independent variables
0 calculated parameters
176 real variables
0 integer variables
0 enumeration variables
0 boolean variables
0 string variables

[INFO][FMUCHK] Printing output file header
[INFO][FMUCHK] Opening input file Z:/maple2015.2/2015-11-13/1087998\toolbox_source\FMIConnector\maple\tst\data\CoupledClutches_in.csv
[INFO][FMUCHK] Detected separator character in input file: ,
[INFO][FMUCHK] Model identifier for ModelExchange: CoupledClutches
[INFO][FMILIB] Loading 'win64' binary with 'default' platform types
[INFO][FMUCHK] Version returned from ME FMU: '2.0'

[INFO][FMUCHK] Initialized FMU for simulation starting at time 0
[INFO][FMUCHK] Simulation finished successfully at time 1.5
FMU check summary:
FMU reported:
	0 warning(s) and error(s)
Checker reported:
	0 Warning(s)
	0 Error(s)
