[INFO][FMUCHK] FMI compliance checker rev215 [FMILibrary: 2.0.2] build date: Sep 30 2016
[INFO][FMUCHK] Called with following options:
[INFO][FMUCHK] E:\ez5b\source\L06229-03\Easy5\EASY52017\thirdparty\FMI\ComplianceChecker\win64\fmuCheck.win64.exe -e E:\ez5b\EASY52017\nt\build\applibs\xi\demos\FMU_Export\ServoControlledActuator\ModelExchange_v2\lib_em64t_IFORT\CleanTest\testlinear_pos.log -o E:\ez5b\EASY52017\nt\build\applibs\xi\demos\FMU_Export\ServoControlledActuator\ModelExchange_v2\lib_em64t_IFORT\CleanTest\testlinear_pos.csv -c , -i E:\ez5b\EASY52017\nt\build\applibs\xi\demos\FMU_Export\ServoControlledActuator\ModelExchange_v2\lib_em64t_IFORT\CleanTest\linear_pos_in.csv -h 0.0005 -s 8.0 -n 801.0 E:\ez5b\EASY52017\nt\build\applibs\xi\demos\FMU_Export\ServoControlledActuator\ModelExchange_v2\lib_em64t_IFORT\linear_pos.fmu
[INFO][FMUCHK] Will process FMU E:\ez5b\EASY52017\nt\build\applibs\xi\demos\FMU_Export\ServoControlledActuator\ModelExchange_v2\lib_em64t_IFORT\linear_pos.fmu
[INFO][FMILIB] XML specifies FMI standard version 2.0
[INFO][FMUCHK] Model name: linear_pos
[INFO][FMUCHK] Model GUID: d02d955b-1ca4-4818-9bd4-7bc2bf6817aa
[INFO][FMUCHK] Model version: 
[INFO][FMUCHK] FMU kind: ModelExchange
[INFO][FMUCHK] The FMU contains:
0 constants
2 parameters
0 discrete variables
17 continuous variables
1 inputs
5 outputs
11 local variables
0 independent variables
0 calculated parameters
19 real variables
0 integer variables
0 enumeration variables
0 boolean variables
0 string variables

[INFO][FMUCHK] Printing output file header
[INFO][FMUCHK] Opening input file E:\ez5b\EASY52017\nt\build\applibs\xi\demos\FMU_Export\ServoControlledActuator\ModelExchange_v2\lib_em64t_IFORT\CleanTest\linear_pos_in.csv
[INFO][FMUCHK] Detected separator character in input file: ,
[INFO][FMUCHK] Model identifier for ModelExchange: linear_pos
[INFO][FMILIB] Loading 'win64' binary with 'default' platform types
[INFO][FMUCHK] Version returned from ME FMU: '2.0'

[INFO][FMUCHK] Initialized FMU for simulation starting at time 0
[INFO][FMUCHK] Simulation finished successfully at time 8
FMU check summary:
FMU reported:
	0 warning(s) and error(s)
Checker reported:
	0 Warning(s)
	0 Error(s)
