[VERBOSE][FMUCHK] Setting log level to [DEBUG]
[VERBOSE][FMUCHK] This binary is build without debug log messages.
 Reconfigure with FMUCHK_ENABLE_LOG_LEVEL_DEBUG=ON and rebuild to enable debug level logging
[INFO][FMUCHK] FMI compliance checker 2.0 [FMILibrary: 2.0] build date: Aug 22 2014
[INFO][FMUCHK] Will process FMU lights_control.fmu
[VERBOSE][FMILIB] Allocating FMIL context
[VERBOSE][FMILIB] Detecting FMI standard version
[VERBOSE][FMIZIP] Unpacking FMU into C:\Users\adrian\AppData\Local\Temp\fmucktmpa06488
[VERBOSE][FMIXML] Parsing XML to detect FMI standard version
[VERBOSE][FMIXML] XML specifies FMI 2.0
[INFO][FMILIB] XML specifies FMI standard version 2.0
[VERBOSE][FMILIB] Parsing model description XML
[VERBOSE][FMI2XML] Parsing XML element fmiModelDescription
[VERBOSE][FMI2XML] Parsing XML element CoSimulation
[VERBOSE][FMI2XML] Parsing XML element UnitDefinitions
[VERBOSE][FMI2XML] Parsing XML element LogCategories
[VERBOSE][FMI2XML] Parsing XML element ModelVariables
[VERBOSE][FMI2XML] Building alias index
[VERBOSE][FMI2XML] Parsing XML element ModelStructure
[VERBOSE][FMI2XML] Parsing XML element Outputs
[VERBOSE][FMI2XML] Parsing XML element InitialUnknowns
[VERBOSE][FMILIB] Parsing finished successfully
[INFO][FMUCHK] Model name: lights_control
[INFO][FMUCHK] Model GUID: {08151e06-0a0b-1f28-0028-26757e726270}
[INFO][FMUCHK] Model version: 
[INFO][FMUCHK] FMU kind: CoSimulation
[INFO][FMUCHK] The FMU contains:
0 constants
5 parameters
0 discrete variables
8 continuous variables
3 inputs
4 outputs
1 local variables
0 independent variables
0 calculated parameters
13 real variables
0 integer variables
0 enumeration variables
0 boolean variables
0 string variables

[INFO][FMUCHK] Printing output file header
[INFO][FMUCHK] Opening input file lights_control_in.csv
[INFO][FMUCHK] Detected separator character in input file: ,
[INFO][FMUCHK] Model identifier for CoSimulation: lights_control
[INFO][FMILIB] Loading 'win32' binary with 'default' platform types
[VERBOSE][FMICAPI] Loaded FMU binary from C:\Users\adrian\AppData\Local\Temp\fmucktmpa06488\binaries\win32\lights_control.dll
[VERBOSE][FMICAPI] Loading functions for the co-simulation interface
[VERBOSE][FMILIB] Successfully loaded all the interface functions
[INFO][FMUCHK] Version returned from CS FMU:   2.0
[VERBOSE][FMICAPI] Calling fmi2GetModelTypesPlatform
	[FMU][FMU internal][FMU status:OK] Reading a2l-file C:\Users\adrian\AppData\Local\Temp\fmucktmpa06488\binaries\win32\lights_control.a2l
	[FMU][FMU internal][FMU status:OK] Created GUID: {08151e06-0a0b-1f28-0028-26757e726270}
[VERBOSE][FMICAPI] Calling fmi2SetupExperiment
[VERBOSE][FMICAPI] Calling fmi2EnterInitializationMode
[VERBOSE][FMICAPI] Calling fmi2ExitInitializationMode
[INFO][FMUCHK] Initialized FMU for simulation starting at time 0
[VERBOSE][FMUCHK] Writing simulation output for start time
[VERBOSE][FMUCHK] Simulation step from time: 0 until: 0.01
[VERBOSE][FMUCHK] Simulation step from time: 0.01 until: 0.02
[VERBOSE][FMUCHK] Simulation step from time: 0.02 until: 0.03
[VERBOSE][FMUCHK] Simulation step from time: 0.03 until: 0.04
[VERBOSE][FMUCHK] Simulation step from time: 0.04 until: 0.05
[VERBOSE][FMUCHK] Simulation step from time: 0.05 until: 0.06
[VERBOSE][FMUCHK] Simulation step from time: 0.06 until: 0.07
[VERBOSE][FMUCHK] Simulation step from time: 0.07 until: 0.08
[VERBOSE][FMUCHK] Simulation step from time: 0.08 until: 0.09
[VERBOSE][FMUCHK] Simulation step from time: 0.09 until: 0.1
[VERBOSE][FMUCHK] Simulation step from time: 0.1 until: 0.11
[VERBOSE][FMUCHK] Simulation step from time: 0.11 until: 0.12
[VERBOSE][FMUCHK] Simulation step from time: 0.12 until: 0.13
[VERBOSE][FMUCHK] Simulation step from time: 0.13 until: 0.14
[VERBOSE][FMUCHK] Simulation step from time: 0.14 until: 0.15
[VERBOSE][FMUCHK] Simulation step from time: 0.15 until: 0.16
[VERBOSE][FMUCHK] Simulation step from time: 0.16 until: 0.17
[VERBOSE][FMUCHK] Simulation step from time: 0.17 until: 0.18
[VERBOSE][FMUCHK] Simulation step from time: 0.18 until: 0.19
[VERBOSE][FMUCHK] Simulation step from time: 0.19 until: 0.2
[VERBOSE][FMUCHK] Simulation step from time: 0.2 until: 0.21
[VERBOSE][FMUCHK] Simulation step from time: 0.21 until: 0.22
[VERBOSE][FMUCHK] Simulation step from time: 0.22 until: 0.23
[VERBOSE][FMUCHK] Simulation step from time: 0.23 until: 0.24
[VERBOSE][FMUCHK] Simulation step from time: 0.24 until: 0.25
[VERBOSE][FMUCHK] Simulation step from time: 0.25 until: 0.26
[VERBOSE][FMUCHK] Simulation step from time: 0.26 until: 0.27
[VERBOSE][FMUCHK] Simulation step from time: 0.27 until: 0.28
[VERBOSE][FMUCHK] Simulation step from time: 0.28 until: 0.29
[VERBOSE][FMUCHK] Simulation step from time: 0.29 until: 0.3
[VERBOSE][FMUCHK] Simulation step from time: 0.3 until: 0.31
[VERBOSE][FMUCHK] Simulation step from time: 0.31 until: 0.32
[VERBOSE][FMUCHK] Simulation step from time: 0.32 until: 0.33
[VERBOSE][FMUCHK] Simulation step from time: 0.33 until: 0.34
[VERBOSE][FMUCHK] Simulation step from time: 0.34 until: 0.35
[VERBOSE][FMUCHK] Simulation step from time: 0.35 until: 0.36
[VERBOSE][FMUCHK] Simulation step from time: 0.36 until: 0.37
[VERBOSE][FMUCHK] Simulation step from time: 0.37 until: 0.38
[VERBOSE][FMUCHK] Simulation step from time: 0.38 until: 0.39
[VERBOSE][FMUCHK] Simulation step from time: 0.39 until: 0.4
[VERBOSE][FMUCHK] Simulation step from time: 0.4 until: 0.41
[VERBOSE][FMUCHK] Simulation step from time: 0.41 until: 0.42
[VERBOSE][FMUCHK] Simulation step from time: 0.42 until: 0.43
[VERBOSE][FMUCHK] Simulation step from time: 0.43 until: 0.44
[VERBOSE][FMUCHK] Simulation step from time: 0.44 until: 0.45
[VERBOSE][FMUCHK] Simulation step from time: 0.45 until: 0.46
[VERBOSE][FMUCHK] Simulation step from time: 0.46 until: 0.47
[VERBOSE][FMUCHK] Simulation step from time: 0.47 until: 0.48
[VERBOSE][FMUCHK] Simulation step from time: 0.48 until: 0.49
[VERBOSE][FMUCHK] Simulation step from time: 0.49 until: 0.5
[VERBOSE][FMUCHK] Simulation step from time: 0.5 until: 0.51
[VERBOSE][FMUCHK] Simulation step from time: 0.51 until: 0.52
[VERBOSE][FMUCHK] Simulation step from time: 0.52 until: 0.53
[VERBOSE][FMUCHK] Simulation step from time: 0.53 until: 0.54
[VERBOSE][FMUCHK] Simulation step from time: 0.54 until: 0.55
[VERBOSE][FMUCHK] Simulation step from time: 0.55 until: 0.56
[VERBOSE][FMUCHK] Simulation step from time: 0.56 until: 0.57
[VERBOSE][FMUCHK] Simulation step from time: 0.57 until: 0.58
[VERBOSE][FMUCHK] Simulation step from time: 0.58 until: 0.59
[VERBOSE][FMUCHK] Simulation step from time: 0.59 until: 0.6
[VERBOSE][FMUCHK] Simulation step from time: 0.6 until: 0.61
[VERBOSE][FMUCHK] Simulation step from time: 0.61 until: 0.62
[VERBOSE][FMUCHK] Simulation step from time: 0.62 until: 0.63
[VERBOSE][FMUCHK] Simulation step from time: 0.63 until: 0.64
[VERBOSE][FMUCHK] Simulation step from time: 0.64 until: 0.65
[VERBOSE][FMUCHK] Simulation step from time: 0.65 until: 0.66
[VERBOSE][FMUCHK] Simulation step from time: 0.66 until: 0.67
[VERBOSE][FMUCHK] Simulation step from time: 0.67 until: 0.68
[VERBOSE][FMUCHK] Simulation step from time: 0.68 until: 0.69
[VERBOSE][FMUCHK] Simulation step from time: 0.69 until: 0.7
[VERBOSE][FMUCHK] Simulation step from time: 0.7 until: 0.71
[VERBOSE][FMUCHK] Simulation step from time: 0.71 until: 0.72
[VERBOSE][FMUCHK] Simulation step from time: 0.72 until: 0.73
[VERBOSE][FMUCHK] Simulation step from time: 0.73 until: 0.74
[VERBOSE][FMUCHK] Simulation step from time: 0.74 until: 0.75
[VERBOSE][FMUCHK] Simulation step from time: 0.75 until: 0.76
[VERBOSE][FMUCHK] Simulation step from time: 0.76 until: 0.77
[VERBOSE][FMUCHK] Simulation step from time: 0.77 until: 0.78
[VERBOSE][FMUCHK] Simulation step from time: 0.78 until: 0.79
[VERBOSE][FMUCHK] Simulation step from time: 0.79 until: 0.8
[VERBOSE][FMUCHK] Simulation step from time: 0.8 until: 0.81
[VERBOSE][FMUCHK] Simulation step from time: 0.81 until: 0.82
[VERBOSE][FMUCHK] Simulation step from time: 0.82 until: 0.83
[VERBOSE][FMUCHK] Simulation step from time: 0.83 until: 0.84
[VERBOSE][FMUCHK] Simulation step from time: 0.84 until: 0.85
[VERBOSE][FMUCHK] Simulation step from time: 0.85 until: 0.86
[VERBOSE][FMUCHK] Simulation step from time: 0.86 until: 0.87
[VERBOSE][FMUCHK] Simulation step from time: 0.87 until: 0.88
[VERBOSE][FMUCHK] Simulation step from time: 0.88 until: 0.89
[VERBOSE][FMUCHK] Simulation step from time: 0.89 until: 0.9
[VERBOSE][FMUCHK] Simulation step from time: 0.9 until: 0.91
[VERBOSE][FMUCHK] Simulation step from time: 0.91 until: 0.92
[VERBOSE][FMUCHK] Simulation step from time: 0.92 until: 0.93
[VERBOSE][FMUCHK] Simulation step from time: 0.93 until: 0.94
[VERBOSE][FMUCHK] Simulation step from time: 0.94 until: 0.95
[VERBOSE][FMUCHK] Simulation step from time: 0.95 until: 0.96
[VERBOSE][FMUCHK] Simulation step from time: 0.96 until: 0.97
[VERBOSE][FMUCHK] Simulation step from time: 0.97 until: 0.98
[VERBOSE][FMUCHK] Simulation step from time: 0.98 until: 0.99
[VERBOSE][FMUCHK] Simulation step from time: 0.99 until: 1
[VERBOSE][FMUCHK] Simulation step from time: 1 until: 1.01
[VERBOSE][FMUCHK] Simulation step from time: 1.01 until: 1.02
[VERBOSE][FMUCHK] Simulation step from time: 1.02 until: 1.03
[VERBOSE][FMUCHK] Simulation step from time: 1.03 until: 1.04
[VERBOSE][FMUCHK] Simulation step from time: 1.04 until: 1.05
[VERBOSE][FMUCHK] Simulation step from time: 1.05 until: 1.06
[VERBOSE][FMUCHK] Simulation step from time: 1.06 until: 1.07
[VERBOSE][FMUCHK] Simulation step from time: 1.07 until: 1.08
[VERBOSE][FMUCHK] Simulation step from time: 1.08 until: 1.09
[VERBOSE][FMUCHK] Simulation step from time: 1.09 until: 1.1
[VERBOSE][FMUCHK] Simulation step from time: 1.1 until: 1.11
[VERBOSE][FMUCHK] Simulation step from time: 1.11 until: 1.12
[VERBOSE][FMUCHK] Simulation step from time: 1.12 until: 1.13
[VERBOSE][FMUCHK] Simulation step from time: 1.13 until: 1.14
[VERBOSE][FMUCHK] Simulation step from time: 1.14 until: 1.15
[VERBOSE][FMUCHK] Simulation step from time: 1.15 until: 1.16
[VERBOSE][FMUCHK] Simulation step from time: 1.16 until: 1.17
[VERBOSE][FMUCHK] Simulation step from time: 1.17 until: 1.18
[VERBOSE][FMUCHK] Simulation step from time: 1.18 until: 1.19
[VERBOSE][FMUCHK] Simulation step from time: 1.19 until: 1.2
[VERBOSE][FMUCHK] Simulation step from time: 1.2 until: 1.21
[VERBOSE][FMUCHK] Simulation step from time: 1.21 until: 1.22
[VERBOSE][FMUCHK] Simulation step from time: 1.22 until: 1.23
[VERBOSE][FMUCHK] Simulation step from time: 1.23 until: 1.24
[VERBOSE][FMUCHK] Simulation step from time: 1.24 until: 1.25
[VERBOSE][FMUCHK] Simulation step from time: 1.25 until: 1.26
[VERBOSE][FMUCHK] Simulation step from time: 1.26 until: 1.27
[VERBOSE][FMUCHK] Simulation step from time: 1.27 until: 1.28
[VERBOSE][FMUCHK] Simulation step from time: 1.28 until: 1.29
[VERBOSE][FMUCHK] Simulation step from time: 1.29 until: 1.3
[VERBOSE][FMUCHK] Simulation step from time: 1.3 until: 1.31
[VERBOSE][FMUCHK] Simulation step from time: 1.31 until: 1.32
[VERBOSE][FMUCHK] Simulation step from time: 1.32 until: 1.33
[VERBOSE][FMUCHK] Simulation step from time: 1.33 until: 1.34
[VERBOSE][FMUCHK] Simulation step from time: 1.34 until: 1.35
[VERBOSE][FMUCHK] Simulation step from time: 1.35 until: 1.36
[VERBOSE][FMUCHK] Simulation step from time: 1.36 until: 1.37
[VERBOSE][FMUCHK] Simulation step from time: 1.37 until: 1.38
[VERBOSE][FMUCHK] Simulation step from time: 1.38 until: 1.39
[VERBOSE][FMUCHK] Simulation step from time: 1.39 until: 1.4
[VERBOSE][FMUCHK] Simulation step from time: 1.4 until: 1.41
[VERBOSE][FMUCHK] Simulation step from time: 1.41 until: 1.42
[VERBOSE][FMUCHK] Simulation step from time: 1.42 until: 1.43
[VERBOSE][FMUCHK] Simulation step from time: 1.43 until: 1.44
[VERBOSE][FMUCHK] Simulation step from time: 1.44 until: 1.45
[VERBOSE][FMUCHK] Simulation step from time: 1.45 until: 1.46
[VERBOSE][FMUCHK] Simulation step from time: 1.46 until: 1.47
[VERBOSE][FMUCHK] Simulation step from time: 1.47 until: 1.48
[VERBOSE][FMUCHK] Simulation step from time: 1.48 until: 1.49
[VERBOSE][FMUCHK] Simulation step from time: 1.49 until: 1.5
[VERBOSE][FMUCHK] Simulation step from time: 1.5 until: 1.51
[VERBOSE][FMUCHK] Simulation step from time: 1.51 until: 1.52
[VERBOSE][FMUCHK] Simulation step from time: 1.52 until: 1.53
[VERBOSE][FMUCHK] Simulation step from time: 1.53 until: 1.54
[VERBOSE][FMUCHK] Simulation step from time: 1.54 until: 1.55
[VERBOSE][FMUCHK] Simulation step from time: 1.55 until: 1.56
[VERBOSE][FMUCHK] Simulation step from time: 1.56 until: 1.57
[VERBOSE][FMUCHK] Simulation step from time: 1.57 until: 1.58
[VERBOSE][FMUCHK] Simulation step from time: 1.58 until: 1.59
[VERBOSE][FMUCHK] Simulation step from time: 1.59 until: 1.6
[VERBOSE][FMUCHK] Simulation step from time: 1.6 until: 1.61
[VERBOSE][FMUCHK] Simulation step from time: 1.61 until: 1.62
[VERBOSE][FMUCHK] Simulation step from time: 1.62 until: 1.63
[VERBOSE][FMUCHK] Simulation step from time: 1.63 until: 1.64
[VERBOSE][FMUCHK] Simulation step from time: 1.64 until: 1.65
[VERBOSE][FMUCHK] Simulation step from time: 1.65 until: 1.66
[VERBOSE][FMUCHK] Simulation step from time: 1.66 until: 1.67
[VERBOSE][FMUCHK] Simulation step from time: 1.67 until: 1.68
[VERBOSE][FMUCHK] Simulation step from time: 1.68 until: 1.69
[VERBOSE][FMUCHK] Simulation step from time: 1.69 until: 1.7
[VERBOSE][FMUCHK] Simulation step from time: 1.7 until: 1.71
[VERBOSE][FMUCHK] Simulation step from time: 1.71 until: 1.72
[VERBOSE][FMUCHK] Simulation step from time: 1.72 until: 1.73
[VERBOSE][FMUCHK] Simulation step from time: 1.73 until: 1.74
[VERBOSE][FMUCHK] Simulation step from time: 1.74 until: 1.75
[VERBOSE][FMUCHK] Simulation step from time: 1.75 until: 1.76
[VERBOSE][FMUCHK] Simulation step from time: 1.76 until: 1.77
[VERBOSE][FMUCHK] Simulation step from time: 1.77 until: 1.78
[VERBOSE][FMUCHK] Simulation step from time: 1.78 until: 1.79
[VERBOSE][FMUCHK] Simulation step from time: 1.79 until: 1.8
[VERBOSE][FMUCHK] Simulation step from time: 1.8 until: 1.81
[VERBOSE][FMUCHK] Simulation step from time: 1.81 until: 1.82
[VERBOSE][FMUCHK] Simulation step from time: 1.82 until: 1.83
[VERBOSE][FMUCHK] Simulation step from time: 1.83 until: 1.84
[VERBOSE][FMUCHK] Simulation step from time: 1.84 until: 1.85
[VERBOSE][FMUCHK] Simulation step from time: 1.85 until: 1.86
[VERBOSE][FMUCHK] Simulation step from time: 1.86 until: 1.87
[VERBOSE][FMUCHK] Simulation step from time: 1.87 until: 1.88
[VERBOSE][FMUCHK] Simulation step from time: 1.88 until: 1.89
[VERBOSE][FMUCHK] Simulation step from time: 1.89 until: 1.9
[VERBOSE][FMUCHK] Simulation step from time: 1.9 until: 1.91
[VERBOSE][FMUCHK] Simulation step from time: 1.91 until: 1.92
[VERBOSE][FMUCHK] Simulation step from time: 1.92 until: 1.93
[VERBOSE][FMUCHK] Simulation step from time: 1.93 until: 1.94
[VERBOSE][FMUCHK] Simulation step from time: 1.94 until: 1.95
[VERBOSE][FMUCHK] Simulation step from time: 1.95 until: 1.96
[VERBOSE][FMUCHK] Simulation step from time: 1.96 until: 1.97
[VERBOSE][FMUCHK] Simulation step from time: 1.97 until: 1.98
[VERBOSE][FMUCHK] Simulation step from time: 1.98 until: 1.99
[VERBOSE][FMUCHK] Simulation step from time: 1.99 until: 2
[VERBOSE][FMUCHK] Simulation step from time: 2 until: 2.01
[VERBOSE][FMUCHK] Simulation step from time: 2.01 until: 2.02
[VERBOSE][FMUCHK] Simulation step from time: 2.02 until: 2.03
[VERBOSE][FMUCHK] Simulation step from time: 2.03 until: 2.04
[VERBOSE][FMUCHK] Simulation step from time: 2.04 until: 2.05
[VERBOSE][FMUCHK] Simulation step from time: 2.05 until: 2.06
[VERBOSE][FMUCHK] Simulation step from time: 2.06 until: 2.07
[VERBOSE][FMUCHK] Simulation step from time: 2.07 until: 2.08
[VERBOSE][FMUCHK] Simulation step from time: 2.08 until: 2.09
[VERBOSE][FMUCHK] Simulation step from time: 2.09 until: 2.1
[VERBOSE][FMUCHK] Simulation step from time: 2.1 until: 2.11
[VERBOSE][FMUCHK] Simulation step from time: 2.11 until: 2.12
[VERBOSE][FMUCHK] Simulation step from time: 2.12 until: 2.13
[VERBOSE][FMUCHK] Simulation step from time: 2.13 until: 2.14
[VERBOSE][FMUCHK] Simulation step from time: 2.14 until: 2.15
[VERBOSE][FMUCHK] Simulation step from time: 2.15 until: 2.16
[VERBOSE][FMUCHK] Simulation step from time: 2.16 until: 2.17
[VERBOSE][FMUCHK] Simulation step from time: 2.17 until: 2.18
[VERBOSE][FMUCHK] Simulation step from time: 2.18 until: 2.19
[VERBOSE][FMUCHK] Simulation step from time: 2.19 until: 2.2
[VERBOSE][FMUCHK] Simulation step from time: 2.2 until: 2.21
[VERBOSE][FMUCHK] Simulation step from time: 2.21 until: 2.22
[VERBOSE][FMUCHK] Simulation step from time: 2.22 until: 2.23
[VERBOSE][FMUCHK] Simulation step from time: 2.23 until: 2.24
[VERBOSE][FMUCHK] Simulation step from time: 2.24 until: 2.25
[VERBOSE][FMUCHK] Simulation step from time: 2.25 until: 2.26
[VERBOSE][FMUCHK] Simulation step from time: 2.26 until: 2.27
[VERBOSE][FMUCHK] Simulation step from time: 2.27 until: 2.28
[VERBOSE][FMUCHK] Simulation step from time: 2.28 until: 2.29
[VERBOSE][FMUCHK] Simulation step from time: 2.29 until: 2.3
[VERBOSE][FMUCHK] Simulation step from time: 2.3 until: 2.31
[VERBOSE][FMUCHK] Simulation step from time: 2.31 until: 2.32
[VERBOSE][FMUCHK] Simulation step from time: 2.32 until: 2.33
[VERBOSE][FMUCHK] Simulation step from time: 2.33 until: 2.34
[VERBOSE][FMUCHK] Simulation step from time: 2.34 until: 2.35
[VERBOSE][FMUCHK] Simulation step from time: 2.35 until: 2.36
[VERBOSE][FMUCHK] Simulation step from time: 2.36 until: 2.37
[VERBOSE][FMUCHK] Simulation step from time: 2.37 until: 2.38
[VERBOSE][FMUCHK] Simulation step from time: 2.38 until: 2.39
[VERBOSE][FMUCHK] Simulation step from time: 2.39 until: 2.4
[VERBOSE][FMUCHK] Simulation step from time: 2.4 until: 2.41
[VERBOSE][FMUCHK] Simulation step from time: 2.41 until: 2.42
[VERBOSE][FMUCHK] Simulation step from time: 2.42 until: 2.43
[VERBOSE][FMUCHK] Simulation step from time: 2.43 until: 2.44
[VERBOSE][FMUCHK] Simulation step from time: 2.44 until: 2.45
[VERBOSE][FMUCHK] Simulation step from time: 2.45 until: 2.46
[VERBOSE][FMUCHK] Simulation step from time: 2.46 until: 2.47
[VERBOSE][FMUCHK] Simulation step from time: 2.47 until: 2.48
[VERBOSE][FMUCHK] Simulation step from time: 2.48 until: 2.49
[VERBOSE][FMUCHK] Simulation step from time: 2.49 until: 2.5
[VERBOSE][FMUCHK] Simulation step from time: 2.5 until: 2.51
[VERBOSE][FMUCHK] Simulation step from time: 2.51 until: 2.52
[VERBOSE][FMUCHK] Simulation step from time: 2.52 until: 2.53
[VERBOSE][FMUCHK] Simulation step from time: 2.53 until: 2.54
[VERBOSE][FMUCHK] Simulation step from time: 2.54 until: 2.55
[VERBOSE][FMUCHK] Simulation step from time: 2.55 until: 2.56
[VERBOSE][FMUCHK] Simulation step from time: 2.56 until: 2.57
[VERBOSE][FMUCHK] Simulation step from time: 2.57 until: 2.58
[VERBOSE][FMUCHK] Simulation step from time: 2.58 until: 2.59
[VERBOSE][FMUCHK] Simulation step from time: 2.59 until: 2.6
[VERBOSE][FMUCHK] Simulation step from time: 2.6 until: 2.61
[VERBOSE][FMUCHK] Simulation step from time: 2.61 until: 2.62
[VERBOSE][FMUCHK] Simulation step from time: 2.62 until: 2.63
[VERBOSE][FMUCHK] Simulation step from time: 2.63 until: 2.64
[VERBOSE][FMUCHK] Simulation step from time: 2.64 until: 2.65
[VERBOSE][FMUCHK] Simulation step from time: 2.65 until: 2.66
[VERBOSE][FMUCHK] Simulation step from time: 2.66 until: 2.67
[VERBOSE][FMUCHK] Simulation step from time: 2.67 until: 2.68
[VERBOSE][FMUCHK] Simulation step from time: 2.68 until: 2.69
[VERBOSE][FMUCHK] Simulation step from time: 2.69 until: 2.7
[VERBOSE][FMUCHK] Simulation step from time: 2.7 until: 2.71
[VERBOSE][FMUCHK] Simulation step from time: 2.71 until: 2.72
[VERBOSE][FMUCHK] Simulation step from time: 2.72 until: 2.73
[VERBOSE][FMUCHK] Simulation step from time: 2.73 until: 2.74
[VERBOSE][FMUCHK] Simulation step from time: 2.74 until: 2.75
[VERBOSE][FMUCHK] Simulation step from time: 2.75 until: 2.76
[VERBOSE][FMUCHK] Simulation step from time: 2.76 until: 2.77
[VERBOSE][FMUCHK] Simulation step from time: 2.77 until: 2.78
[VERBOSE][FMUCHK] Simulation step from time: 2.78 until: 2.79
[VERBOSE][FMUCHK] Simulation step from time: 2.79 until: 2.8
[VERBOSE][FMUCHK] Simulation step from time: 2.8 until: 2.81
[VERBOSE][FMUCHK] Simulation step from time: 2.81 until: 2.82
[VERBOSE][FMUCHK] Simulation step from time: 2.82 until: 2.83
[VERBOSE][FMUCHK] Simulation step from time: 2.83 until: 2.84
[VERBOSE][FMUCHK] Simulation step from time: 2.84 until: 2.85
[VERBOSE][FMUCHK] Simulation step from time: 2.85 until: 2.86
[VERBOSE][FMUCHK] Simulation step from time: 2.86 until: 2.87
[VERBOSE][FMUCHK] Simulation step from time: 2.87 until: 2.88
[VERBOSE][FMUCHK] Simulation step from time: 2.88 until: 2.89
[VERBOSE][FMUCHK] Simulation step from time: 2.89 until: 2.9
[VERBOSE][FMUCHK] Simulation step from time: 2.9 until: 2.91
[VERBOSE][FMUCHK] Simulation step from time: 2.91 until: 2.92
[VERBOSE][FMUCHK] Simulation step from time: 2.92 until: 2.93
[VERBOSE][FMUCHK] Simulation step from time: 2.93 until: 2.94
[VERBOSE][FMUCHK] Simulation step from time: 2.94 until: 2.95
[VERBOSE][FMUCHK] Simulation step from time: 2.95 until: 2.96
[VERBOSE][FMUCHK] Simulation step from time: 2.96 until: 2.97
[VERBOSE][FMUCHK] Simulation step from time: 2.97 until: 2.98
[VERBOSE][FMUCHK] Simulation step from time: 2.98 until: 2.99
[VERBOSE][FMUCHK] Simulation step from time: 2.99 until: 3
[VERBOSE][FMUCHK] Simulation step from time: 3 until: 3.01
[VERBOSE][FMUCHK] Simulation step from time: 3.01 until: 3.02
[VERBOSE][FMUCHK] Simulation step from time: 3.02 until: 3.03
[VERBOSE][FMUCHK] Simulation step from time: 3.03 until: 3.04
[VERBOSE][FMUCHK] Simulation step from time: 3.04 until: 3.05
[VERBOSE][FMUCHK] Simulation step from time: 3.05 until: 3.06
[VERBOSE][FMUCHK] Simulation step from time: 3.06 until: 3.07
[VERBOSE][FMUCHK] Simulation step from time: 3.07 until: 3.08
[VERBOSE][FMUCHK] Simulation step from time: 3.08 until: 3.09
[VERBOSE][FMUCHK] Simulation step from time: 3.09 until: 3.1
[VERBOSE][FMUCHK] Simulation step from time: 3.1 until: 3.11
[VERBOSE][FMUCHK] Simulation step from time: 3.11 until: 3.12
[VERBOSE][FMUCHK] Simulation step from time: 3.12 until: 3.13
[VERBOSE][FMUCHK] Simulation step from time: 3.13 until: 3.14
[VERBOSE][FMUCHK] Simulation step from time: 3.14 until: 3.15
[VERBOSE][FMUCHK] Simulation step from time: 3.15 until: 3.16
[VERBOSE][FMUCHK] Simulation step from time: 3.16 until: 3.17
[VERBOSE][FMUCHK] Simulation step from time: 3.17 until: 3.18
[VERBOSE][FMUCHK] Simulation step from time: 3.18 until: 3.19
[VERBOSE][FMUCHK] Simulation step from time: 3.19 until: 3.2
[VERBOSE][FMUCHK] Simulation step from time: 3.2 until: 3.21
[VERBOSE][FMUCHK] Simulation step from time: 3.21 until: 3.22
[VERBOSE][FMUCHK] Simulation step from time: 3.22 until: 3.23
[VERBOSE][FMUCHK] Simulation step from time: 3.23 until: 3.24
[VERBOSE][FMUCHK] Simulation step from time: 3.24 until: 3.25
[VERBOSE][FMUCHK] Simulation step from time: 3.25 until: 3.26
[VERBOSE][FMUCHK] Simulation step from time: 3.26 until: 3.27
[VERBOSE][FMUCHK] Simulation step from time: 3.27 until: 3.28
[VERBOSE][FMUCHK] Simulation step from time: 3.28 until: 3.29
[VERBOSE][FMUCHK] Simulation step from time: 3.29 until: 3.3
[VERBOSE][FMUCHK] Simulation step from time: 3.3 until: 3.31
[VERBOSE][FMUCHK] Simulation step from time: 3.31 until: 3.32
[VERBOSE][FMUCHK] Simulation step from time: 3.32 until: 3.33
[VERBOSE][FMUCHK] Simulation step from time: 3.33 until: 3.34
[VERBOSE][FMUCHK] Simulation step from time: 3.34 until: 3.35
[VERBOSE][FMUCHK] Simulation step from time: 3.35 until: 3.36
[VERBOSE][FMUCHK] Simulation step from time: 3.36 until: 3.37
[VERBOSE][FMUCHK] Simulation step from time: 3.37 until: 3.38
[VERBOSE][FMUCHK] Simulation step from time: 3.38 until: 3.39
[VERBOSE][FMUCHK] Simulation step from time: 3.39 until: 3.4
[VERBOSE][FMUCHK] Simulation step from time: 3.4 until: 3.41
[VERBOSE][FMUCHK] Simulation step from time: 3.41 until: 3.42
[VERBOSE][FMUCHK] Simulation step from time: 3.42 until: 3.43
[VERBOSE][FMUCHK] Simulation step from time: 3.43 until: 3.44
[VERBOSE][FMUCHK] Simulation step from time: 3.44 until: 3.45
[VERBOSE][FMUCHK] Simulation step from time: 3.45 until: 3.46
[VERBOSE][FMUCHK] Simulation step from time: 3.46 until: 3.47
[VERBOSE][FMUCHK] Simulation step from time: 3.47 until: 3.48
[VERBOSE][FMUCHK] Simulation step from time: 3.48 until: 3.49
[VERBOSE][FMUCHK] Simulation step from time: 3.49 until: 3.5
[VERBOSE][FMUCHK] Simulation step from time: 3.5 until: 3.51
[VERBOSE][FMUCHK] Simulation step from time: 3.51 until: 3.52
[VERBOSE][FMUCHK] Simulation step from time: 3.52 until: 3.53
[VERBOSE][FMUCHK] Simulation step from time: 3.53 until: 3.54
[VERBOSE][FMUCHK] Simulation step from time: 3.54 until: 3.55
[VERBOSE][FMUCHK] Simulation step from time: 3.55 until: 3.56
[VERBOSE][FMUCHK] Simulation step from time: 3.56 until: 3.57
[VERBOSE][FMUCHK] Simulation step from time: 3.57 until: 3.58
[VERBOSE][FMUCHK] Simulation step from time: 3.58 until: 3.59
[VERBOSE][FMUCHK] Simulation step from time: 3.59 until: 3.6
[VERBOSE][FMUCHK] Simulation step from time: 3.6 until: 3.61
[VERBOSE][FMUCHK] Simulation step from time: 3.61 until: 3.62
[VERBOSE][FMUCHK] Simulation step from time: 3.62 until: 3.63
[VERBOSE][FMUCHK] Simulation step from time: 3.63 until: 3.64
[VERBOSE][FMUCHK] Simulation step from time: 3.64 until: 3.65
[VERBOSE][FMUCHK] Simulation step from time: 3.65 until: 3.66
[VERBOSE][FMUCHK] Simulation step from time: 3.66 until: 3.67
[VERBOSE][FMUCHK] Simulation step from time: 3.67 until: 3.68
[VERBOSE][FMUCHK] Simulation step from time: 3.68 until: 3.69
[VERBOSE][FMUCHK] Simulation step from time: 3.69 until: 3.7
[VERBOSE][FMUCHK] Simulation step from time: 3.7 until: 3.71
[VERBOSE][FMUCHK] Simulation step from time: 3.71 until: 3.72
[VERBOSE][FMUCHK] Simulation step from time: 3.72 until: 3.73
[VERBOSE][FMUCHK] Simulation step from time: 3.73 until: 3.74
[VERBOSE][FMUCHK] Simulation step from time: 3.74 until: 3.75
[VERBOSE][FMUCHK] Simulation step from time: 3.75 until: 3.76
[VERBOSE][FMUCHK] Simulation step from time: 3.76 until: 3.77
[VERBOSE][FMUCHK] Simulation step from time: 3.77 until: 3.78
[VERBOSE][FMUCHK] Simulation step from time: 3.78 until: 3.79
[VERBOSE][FMUCHK] Simulation step from time: 3.79 until: 3.8
[VERBOSE][FMUCHK] Simulation step from time: 3.8 until: 3.81
[VERBOSE][FMUCHK] Simulation step from time: 3.81 until: 3.82
[VERBOSE][FMUCHK] Simulation step from time: 3.82 until: 3.83
[VERBOSE][FMUCHK] Simulation step from time: 3.83 until: 3.84
[VERBOSE][FMUCHK] Simulation step from time: 3.84 until: 3.85
[VERBOSE][FMUCHK] Simulation step from time: 3.85 until: 3.86
[VERBOSE][FMUCHK] Simulation step from time: 3.86 until: 3.87
[VERBOSE][FMUCHK] Simulation step from time: 3.87 until: 3.88
[VERBOSE][FMUCHK] Simulation step from time: 3.88 until: 3.89
[VERBOSE][FMUCHK] Simulation step from time: 3.89 until: 3.9
[VERBOSE][FMUCHK] Simulation step from time: 3.9 until: 3.91
[VERBOSE][FMUCHK] Simulation step from time: 3.91 until: 3.92
[VERBOSE][FMUCHK] Simulation step from time: 3.92 until: 3.93
[VERBOSE][FMUCHK] Simulation step from time: 3.93 until: 3.94
[VERBOSE][FMUCHK] Simulation step from time: 3.94 until: 3.95
[VERBOSE][FMUCHK] Simulation step from time: 3.95 until: 3.96
[VERBOSE][FMUCHK] Simulation step from time: 3.96 until: 3.97
[VERBOSE][FMUCHK] Simulation step from time: 3.97 until: 3.98
[VERBOSE][FMUCHK] Simulation step from time: 3.98 until: 3.99
[VERBOSE][FMUCHK] Simulation step from time: 3.99 until: 4
[VERBOSE][FMUCHK] Simulation step from time: 4 until: 4.01
[VERBOSE][FMUCHK] Simulation step from time: 4.01 until: 4.02
[VERBOSE][FMUCHK] Simulation step from time: 4.02 until: 4.03
[VERBOSE][FMUCHK] Simulation step from time: 4.03 until: 4.04
[VERBOSE][FMUCHK] Simulation step from time: 4.04 until: 4.05
[VERBOSE][FMUCHK] Simulation step from time: 4.05 until: 4.06
[VERBOSE][FMUCHK] Simulation step from time: 4.06 until: 4.07
[VERBOSE][FMUCHK] Simulation step from time: 4.07 until: 4.08
[VERBOSE][FMUCHK] Simulation step from time: 4.08 until: 4.09
[VERBOSE][FMUCHK] Simulation step from time: 4.09 until: 4.1
[VERBOSE][FMUCHK] Simulation step from time: 4.1 until: 4.11
[VERBOSE][FMUCHK] Simulation step from time: 4.11 until: 4.12
[VERBOSE][FMUCHK] Simulation step from time: 4.12 until: 4.13
[VERBOSE][FMUCHK] Simulation step from time: 4.13 until: 4.14
[VERBOSE][FMUCHK] Simulation step from time: 4.14 until: 4.15
[VERBOSE][FMUCHK] Simulation step from time: 4.15 until: 4.16
[VERBOSE][FMUCHK] Simulation step from time: 4.16 until: 4.17
[VERBOSE][FMUCHK] Simulation step from time: 4.17 until: 4.18
[VERBOSE][FMUCHK] Simulation step from time: 4.18 until: 4.19
[VERBOSE][FMUCHK] Simulation step from time: 4.19 until: 4.2
[VERBOSE][FMUCHK] Simulation step from time: 4.2 until: 4.21
[VERBOSE][FMUCHK] Simulation step from time: 4.21 until: 4.22
[VERBOSE][FMUCHK] Simulation step from time: 4.22 until: 4.23
[VERBOSE][FMUCHK] Simulation step from time: 4.23 until: 4.24
[VERBOSE][FMUCHK] Simulation step from time: 4.24 until: 4.25
[VERBOSE][FMUCHK] Simulation step from time: 4.25 until: 4.26
[VERBOSE][FMUCHK] Simulation step from time: 4.26 until: 4.27
[VERBOSE][FMUCHK] Simulation step from time: 4.27 until: 4.28
[VERBOSE][FMUCHK] Simulation step from time: 4.28 until: 4.29
[VERBOSE][FMUCHK] Simulation step from time: 4.29 until: 4.3
[VERBOSE][FMUCHK] Simulation step from time: 4.3 until: 4.31
[VERBOSE][FMUCHK] Simulation step from time: 4.31 until: 4.32
[VERBOSE][FMUCHK] Simulation step from time: 4.32 until: 4.33
[VERBOSE][FMUCHK] Simulation step from time: 4.33 until: 4.34
[VERBOSE][FMUCHK] Simulation step from time: 4.34 until: 4.35
[VERBOSE][FMUCHK] Simulation step from time: 4.35 until: 4.36
[VERBOSE][FMUCHK] Simulation step from time: 4.36 until: 4.37
[VERBOSE][FMUCHK] Simulation step from time: 4.37 until: 4.38
[VERBOSE][FMUCHK] Simulation step from time: 4.38 until: 4.39
[VERBOSE][FMUCHK] Simulation step from time: 4.39 until: 4.4
[VERBOSE][FMUCHK] Simulation step from time: 4.4 until: 4.41
[VERBOSE][FMUCHK] Simulation step from time: 4.41 until: 4.42
[VERBOSE][FMUCHK] Simulation step from time: 4.42 until: 4.43
[VERBOSE][FMUCHK] Simulation step from time: 4.43 until: 4.44
[VERBOSE][FMUCHK] Simulation step from time: 4.44 until: 4.45
[VERBOSE][FMUCHK] Simulation step from time: 4.45 until: 4.46
[VERBOSE][FMUCHK] Simulation step from time: 4.46 until: 4.47
[VERBOSE][FMUCHK] Simulation step from time: 4.47 until: 4.48
[VERBOSE][FMUCHK] Simulation step from time: 4.48 until: 4.49
[VERBOSE][FMUCHK] Simulation step from time: 4.49 until: 4.5
[VERBOSE][FMUCHK] Simulation step from time: 4.5 until: 4.51
[VERBOSE][FMUCHK] Simulation step from time: 4.51 until: 4.52
[VERBOSE][FMUCHK] Simulation step from time: 4.52 until: 4.53
[VERBOSE][FMUCHK] Simulation step from time: 4.53 until: 4.54
[VERBOSE][FMUCHK] Simulation step from time: 4.54 until: 4.55
[VERBOSE][FMUCHK] Simulation step from time: 4.55 until: 4.56
[VERBOSE][FMUCHK] Simulation step from time: 4.56 until: 4.57
[VERBOSE][FMUCHK] Simulation step from time: 4.57 until: 4.58
[VERBOSE][FMUCHK] Simulation step from time: 4.58 until: 4.59
[VERBOSE][FMUCHK] Simulation step from time: 4.59 until: 4.6
[VERBOSE][FMUCHK] Simulation step from time: 4.6 until: 4.61
[VERBOSE][FMUCHK] Simulation step from time: 4.61 until: 4.62
[VERBOSE][FMUCHK] Simulation step from time: 4.62 until: 4.63
[VERBOSE][FMUCHK] Simulation step from time: 4.63 until: 4.64
[VERBOSE][FMUCHK] Simulation step from time: 4.64 until: 4.65
[VERBOSE][FMUCHK] Simulation step from time: 4.65 until: 4.66
[VERBOSE][FMUCHK] Simulation step from time: 4.66 until: 4.67
[VERBOSE][FMUCHK] Simulation step from time: 4.67 until: 4.68
[VERBOSE][FMUCHK] Simulation step from time: 4.68 until: 4.69
[VERBOSE][FMUCHK] Simulation step from time: 4.69 until: 4.7
[VERBOSE][FMUCHK] Simulation step from time: 4.7 until: 4.71
[VERBOSE][FMUCHK] Simulation step from time: 4.71 until: 4.72
[VERBOSE][FMUCHK] Simulation step from time: 4.72 until: 4.73
[VERBOSE][FMUCHK] Simulation step from time: 4.73 until: 4.74
[VERBOSE][FMUCHK] Simulation step from time: 4.74 until: 4.75
[VERBOSE][FMUCHK] Simulation step from time: 4.75 until: 4.76
[VERBOSE][FMUCHK] Simulation step from time: 4.76 until: 4.77
[VERBOSE][FMUCHK] Simulation step from time: 4.77 until: 4.78
[VERBOSE][FMUCHK] Simulation step from time: 4.78 until: 4.79
[VERBOSE][FMUCHK] Simulation step from time: 4.79 until: 4.8
[VERBOSE][FMUCHK] Simulation step from time: 4.8 until: 4.81
[VERBOSE][FMUCHK] Simulation step from time: 4.81 until: 4.82
[VERBOSE][FMUCHK] Simulation step from time: 4.82 until: 4.83
[VERBOSE][FMUCHK] Simulation step from time: 4.83 until: 4.84
[VERBOSE][FMUCHK] Simulation step from time: 4.84 until: 4.85
[VERBOSE][FMUCHK] Simulation step from time: 4.85 until: 4.86
[VERBOSE][FMUCHK] Simulation step from time: 4.86 until: 4.87
[VERBOSE][FMUCHK] Simulation step from time: 4.87 until: 4.88
[VERBOSE][FMUCHK] Simulation step from time: 4.88 until: 4.89
[VERBOSE][FMUCHK] Simulation step from time: 4.89 until: 4.9
[VERBOSE][FMUCHK] Simulation step from time: 4.9 until: 4.91
[VERBOSE][FMUCHK] Simulation step from time: 4.91 until: 4.92
[VERBOSE][FMUCHK] Simulation step from time: 4.92 until: 4.93
[VERBOSE][FMUCHK] Simulation step from time: 4.93 until: 4.94
[VERBOSE][FMUCHK] Simulation step from time: 4.94 until: 4.95
[VERBOSE][FMUCHK] Simulation step from time: 4.95 until: 4.96
[VERBOSE][FMUCHK] Simulation step from time: 4.96 until: 4.97
[VERBOSE][FMUCHK] Simulation step from time: 4.97 until: 4.98
[VERBOSE][FMUCHK] Simulation step from time: 4.98 until: 4.99
[VERBOSE][FMUCHK] Simulation step from time: 4.99 until: 5
[VERBOSE][FMUCHK] Simulation step from time: 5 until: 5.01
[VERBOSE][FMUCHK] Simulation step from time: 5.01 until: 5.02
[VERBOSE][FMUCHK] Simulation step from time: 5.02 until: 5.03
[VERBOSE][FMUCHK] Simulation step from time: 5.03 until: 5.04
[VERBOSE][FMUCHK] Simulation step from time: 5.04 until: 5.05
[VERBOSE][FMUCHK] Simulation step from time: 5.05 until: 5.06
[VERBOSE][FMUCHK] Simulation step from time: 5.06 until: 5.07
[VERBOSE][FMUCHK] Simulation step from time: 5.07 until: 5.08
[VERBOSE][FMUCHK] Simulation step from time: 5.08 until: 5.09
[VERBOSE][FMUCHK] Simulation step from time: 5.09 until: 5.1
[VERBOSE][FMUCHK] Simulation step from time: 5.1 until: 5.11
[VERBOSE][FMUCHK] Simulation step from time: 5.11 until: 5.12
[VERBOSE][FMUCHK] Simulation step from time: 5.12 until: 5.13
[VERBOSE][FMUCHK] Simulation step from time: 5.13 until: 5.14
[VERBOSE][FMUCHK] Simulation step from time: 5.14 until: 5.15
[VERBOSE][FMUCHK] Simulation step from time: 5.15 until: 5.16
[VERBOSE][FMUCHK] Simulation step from time: 5.16 until: 5.17
[VERBOSE][FMUCHK] Simulation step from time: 5.17 until: 5.18
[VERBOSE][FMUCHK] Simulation step from time: 5.18 until: 5.19
[VERBOSE][FMUCHK] Simulation step from time: 5.19 until: 5.2
[VERBOSE][FMUCHK] Simulation step from time: 5.2 until: 5.21
[VERBOSE][FMUCHK] Simulation step from time: 5.21 until: 5.22
[VERBOSE][FMUCHK] Simulation step from time: 5.22 until: 5.23
[VERBOSE][FMUCHK] Simulation step from time: 5.23 until: 5.24
[VERBOSE][FMUCHK] Simulation step from time: 5.24 until: 5.25
[VERBOSE][FMUCHK] Simulation step from time: 5.25 until: 5.26
[VERBOSE][FMUCHK] Simulation step from time: 5.26 until: 5.27
[VERBOSE][FMUCHK] Simulation step from time: 5.27 until: 5.28
[VERBOSE][FMUCHK] Simulation step from time: 5.28 until: 5.29
[VERBOSE][FMUCHK] Simulation step from time: 5.29 until: 5.3
[VERBOSE][FMUCHK] Simulation step from time: 5.3 until: 5.31
[VERBOSE][FMUCHK] Simulation step from time: 5.31 until: 5.32
[VERBOSE][FMUCHK] Simulation step from time: 5.32 until: 5.33
[VERBOSE][FMUCHK] Simulation step from time: 5.33 until: 5.34
[VERBOSE][FMUCHK] Simulation step from time: 5.34 until: 5.35
[VERBOSE][FMUCHK] Simulation step from time: 5.35 until: 5.36
[VERBOSE][FMUCHK] Simulation step from time: 5.36 until: 5.37
[VERBOSE][FMUCHK] Simulation step from time: 5.37 until: 5.38
[VERBOSE][FMUCHK] Simulation step from time: 5.38 until: 5.39
[VERBOSE][FMUCHK] Simulation step from time: 5.39 until: 5.4
[VERBOSE][FMUCHK] Simulation step from time: 5.4 until: 5.41
[VERBOSE][FMUCHK] Simulation step from time: 5.41 until: 5.42
[VERBOSE][FMUCHK] Simulation step from time: 5.42 until: 5.43
[VERBOSE][FMUCHK] Simulation step from time: 5.43 until: 5.44
[VERBOSE][FMUCHK] Simulation step from time: 5.44 until: 5.45
[VERBOSE][FMUCHK] Simulation step from time: 5.45 until: 5.46
[VERBOSE][FMUCHK] Simulation step from time: 5.46 until: 5.47
[VERBOSE][FMUCHK] Simulation step from time: 5.47 until: 5.48
[VERBOSE][FMUCHK] Simulation step from time: 5.48 until: 5.49
[VERBOSE][FMUCHK] Simulation step from time: 5.49 until: 5.5
[VERBOSE][FMUCHK] Simulation step from time: 5.5 until: 5.51
[VERBOSE][FMUCHK] Simulation step from time: 5.51 until: 5.52
[VERBOSE][FMUCHK] Simulation step from time: 5.52 until: 5.53
[VERBOSE][FMUCHK] Simulation step from time: 5.53 until: 5.54
[VERBOSE][FMUCHK] Simulation step from time: 5.54 until: 5.55
[VERBOSE][FMUCHK] Simulation step from time: 5.55 until: 5.56
[VERBOSE][FMUCHK] Simulation step from time: 5.56 until: 5.57
[VERBOSE][FMUCHK] Simulation step from time: 5.57 until: 5.58
[VERBOSE][FMUCHK] Simulation step from time: 5.58 until: 5.59
[VERBOSE][FMUCHK] Simulation step from time: 5.59 until: 5.6
[VERBOSE][FMUCHK] Simulation step from time: 5.6 until: 5.61
[VERBOSE][FMUCHK] Simulation step from time: 5.61 until: 5.62
[VERBOSE][FMUCHK] Simulation step from time: 5.62 until: 5.63
[VERBOSE][FMUCHK] Simulation step from time: 5.63 until: 5.64
[VERBOSE][FMUCHK] Simulation step from time: 5.64 until: 5.65
[VERBOSE][FMUCHK] Simulation step from time: 5.65 until: 5.66
[VERBOSE][FMUCHK] Simulation step from time: 5.66 until: 5.67
[VERBOSE][FMUCHK] Simulation step from time: 5.67 until: 5.68
[VERBOSE][FMUCHK] Simulation step from time: 5.68 until: 5.69
[VERBOSE][FMUCHK] Simulation step from time: 5.69 until: 5.7
[VERBOSE][FMUCHK] Simulation step from time: 5.7 until: 5.71
[VERBOSE][FMUCHK] Simulation step from time: 5.71 until: 5.72
[VERBOSE][FMUCHK] Simulation step from time: 5.72 until: 5.73
[VERBOSE][FMUCHK] Simulation step from time: 5.73 until: 5.74
[VERBOSE][FMUCHK] Simulation step from time: 5.74 until: 5.75
[VERBOSE][FMUCHK] Simulation step from time: 5.75 until: 5.76
[VERBOSE][FMUCHK] Simulation step from time: 5.76 until: 5.77
[VERBOSE][FMUCHK] Simulation step from time: 5.77 until: 5.78
[VERBOSE][FMUCHK] Simulation step from time: 5.78 until: 5.79
[VERBOSE][FMUCHK] Simulation step from time: 5.79 until: 5.8
[VERBOSE][FMUCHK] Simulation step from time: 5.8 until: 5.81
[VERBOSE][FMUCHK] Simulation step from time: 5.81 until: 5.82
[VERBOSE][FMUCHK] Simulation step from time: 5.82 until: 5.83
[VERBOSE][FMUCHK] Simulation step from time: 5.83 until: 5.84
[VERBOSE][FMUCHK] Simulation step from time: 5.84 until: 5.85
[VERBOSE][FMUCHK] Simulation step from time: 5.85 until: 5.86
[VERBOSE][FMUCHK] Simulation step from time: 5.86 until: 5.87
[VERBOSE][FMUCHK] Simulation step from time: 5.87 until: 5.88
[VERBOSE][FMUCHK] Simulation step from time: 5.88 until: 5.89
[VERBOSE][FMUCHK] Simulation step from time: 5.89 until: 5.9
[VERBOSE][FMUCHK] Simulation step from time: 5.9 until: 5.91
[VERBOSE][FMUCHK] Simulation step from time: 5.91 until: 5.92
[VERBOSE][FMUCHK] Simulation step from time: 5.92 until: 5.93
[VERBOSE][FMUCHK] Simulation step from time: 5.93 until: 5.94
[VERBOSE][FMUCHK] Simulation step from time: 5.94 until: 5.95
[VERBOSE][FMUCHK] Simulation step from time: 5.95 until: 5.96
[VERBOSE][FMUCHK] Simulation step from time: 5.96 until: 5.97
[VERBOSE][FMUCHK] Simulation step from time: 5.97 until: 5.98
[VERBOSE][FMUCHK] Simulation step from time: 5.98 until: 5.99
[VERBOSE][FMUCHK] Simulation step from time: 5.99 until: 6
[VERBOSE][FMUCHK] Simulation step from time: 6 until: 6.01
[VERBOSE][FMUCHK] Simulation step from time: 6.01 until: 6.02
[VERBOSE][FMUCHK] Simulation step from time: 6.02 until: 6.03
[VERBOSE][FMUCHK] Simulation step from time: 6.03 until: 6.04
[VERBOSE][FMUCHK] Simulation step from time: 6.04 until: 6.05
[VERBOSE][FMUCHK] Simulation step from time: 6.05 until: 6.06
[VERBOSE][FMUCHK] Simulation step from time: 6.06 until: 6.07
[VERBOSE][FMUCHK] Simulation step from time: 6.07 until: 6.08
[VERBOSE][FMUCHK] Simulation step from time: 6.08 until: 6.09
[VERBOSE][FMUCHK] Simulation step from time: 6.09 until: 6.1
[VERBOSE][FMUCHK] Simulation step from time: 6.1 until: 6.11
[VERBOSE][FMUCHK] Simulation step from time: 6.11 until: 6.12
[VERBOSE][FMUCHK] Simulation step from time: 6.12 until: 6.13
[VERBOSE][FMUCHK] Simulation step from time: 6.13 until: 6.14
[VERBOSE][FMUCHK] Simulation step from time: 6.14 until: 6.15
[VERBOSE][FMUCHK] Simulation step from time: 6.15 until: 6.16
[VERBOSE][FMUCHK] Simulation step from time: 6.16 until: 6.17
[VERBOSE][FMUCHK] Simulation step from time: 6.17 until: 6.18
[VERBOSE][FMUCHK] Simulation step from time: 6.18 until: 6.19
[VERBOSE][FMUCHK] Simulation step from time: 6.19 until: 6.2
[VERBOSE][FMUCHK] Simulation step from time: 6.2 until: 6.21
[VERBOSE][FMUCHK] Simulation step from time: 6.21 until: 6.22
[VERBOSE][FMUCHK] Simulation step from time: 6.22 until: 6.23
[VERBOSE][FMUCHK] Simulation step from time: 6.23 until: 6.24
[VERBOSE][FMUCHK] Simulation step from time: 6.24 until: 6.25
[VERBOSE][FMUCHK] Simulation step from time: 6.25 until: 6.26
[VERBOSE][FMUCHK] Simulation step from time: 6.26 until: 6.27
[VERBOSE][FMUCHK] Simulation step from time: 6.27 until: 6.28
[VERBOSE][FMUCHK] Simulation step from time: 6.28 until: 6.29
[VERBOSE][FMUCHK] Simulation step from time: 6.29 until: 6.3
[VERBOSE][FMUCHK] Simulation step from time: 6.3 until: 6.31
[VERBOSE][FMUCHK] Simulation step from time: 6.31 until: 6.32
[VERBOSE][FMUCHK] Simulation step from time: 6.32 until: 6.33
[VERBOSE][FMUCHK] Simulation step from time: 6.33 until: 6.34
[VERBOSE][FMUCHK] Simulation step from time: 6.34 until: 6.35
[VERBOSE][FMUCHK] Simulation step from time: 6.35 until: 6.36
[VERBOSE][FMUCHK] Simulation step from time: 6.36 until: 6.37
[VERBOSE][FMUCHK] Simulation step from time: 6.37 until: 6.38
[VERBOSE][FMUCHK] Simulation step from time: 6.38 until: 6.39
[VERBOSE][FMUCHK] Simulation step from time: 6.39 until: 6.4
[VERBOSE][FMUCHK] Simulation step from time: 6.4 until: 6.41
[VERBOSE][FMUCHK] Simulation step from time: 6.41 until: 6.42
[VERBOSE][FMUCHK] Simulation step from time: 6.42 until: 6.43
[VERBOSE][FMUCHK] Simulation step from time: 6.43 until: 6.44
[VERBOSE][FMUCHK] Simulation step from time: 6.44 until: 6.45
[VERBOSE][FMUCHK] Simulation step from time: 6.45 until: 6.46
[VERBOSE][FMUCHK] Simulation step from time: 6.46 until: 6.47
[VERBOSE][FMUCHK] Simulation step from time: 6.47 until: 6.48
[VERBOSE][FMUCHK] Simulation step from time: 6.48 until: 6.49
[VERBOSE][FMUCHK] Simulation step from time: 6.49 until: 6.5
[VERBOSE][FMUCHK] Simulation step from time: 6.5 until: 6.51
[VERBOSE][FMUCHK] Simulation step from time: 6.51 until: 6.52
[VERBOSE][FMUCHK] Simulation step from time: 6.52 until: 6.53
[VERBOSE][FMUCHK] Simulation step from time: 6.53 until: 6.54
[VERBOSE][FMUCHK] Simulation step from time: 6.54 until: 6.55
[VERBOSE][FMUCHK] Simulation step from time: 6.55 until: 6.56
[VERBOSE][FMUCHK] Simulation step from time: 6.56 until: 6.57
[VERBOSE][FMUCHK] Simulation step from time: 6.57 until: 6.58
[VERBOSE][FMUCHK] Simulation step from time: 6.58 until: 6.59
[VERBOSE][FMUCHK] Simulation step from time: 6.59 until: 6.6
[VERBOSE][FMUCHK] Simulation step from time: 6.6 until: 6.61
[VERBOSE][FMUCHK] Simulation step from time: 6.61 until: 6.62
[VERBOSE][FMUCHK] Simulation step from time: 6.62 until: 6.63
[VERBOSE][FMUCHK] Simulation step from time: 6.63 until: 6.64
[VERBOSE][FMUCHK] Simulation step from time: 6.64 until: 6.65
[VERBOSE][FMUCHK] Simulation step from time: 6.65 until: 6.66
[VERBOSE][FMUCHK] Simulation step from time: 6.66 until: 6.67
[VERBOSE][FMUCHK] Simulation step from time: 6.67 until: 6.68
[VERBOSE][FMUCHK] Simulation step from time: 6.68 until: 6.69
[VERBOSE][FMUCHK] Simulation step from time: 6.69 until: 6.7
[VERBOSE][FMUCHK] Simulation step from time: 6.7 until: 6.71
[VERBOSE][FMUCHK] Simulation step from time: 6.71 until: 6.72
[VERBOSE][FMUCHK] Simulation step from time: 6.72 until: 6.73
[VERBOSE][FMUCHK] Simulation step from time: 6.73 until: 6.74
[VERBOSE][FMUCHK] Simulation step from time: 6.74 until: 6.75
[VERBOSE][FMUCHK] Simulation step from time: 6.75 until: 6.76
[VERBOSE][FMUCHK] Simulation step from time: 6.76 until: 6.77
[VERBOSE][FMUCHK] Simulation step from time: 6.77 until: 6.78
[VERBOSE][FMUCHK] Simulation step from time: 6.78 until: 6.79
[VERBOSE][FMUCHK] Simulation step from time: 6.79 until: 6.8
[VERBOSE][FMUCHK] Simulation step from time: 6.8 until: 6.81
[VERBOSE][FMUCHK] Simulation step from time: 6.81 until: 6.82
[VERBOSE][FMUCHK] Simulation step from time: 6.82 until: 6.83
[VERBOSE][FMUCHK] Simulation step from time: 6.83 until: 6.84
[VERBOSE][FMUCHK] Simulation step from time: 6.84 until: 6.85
[VERBOSE][FMUCHK] Simulation step from time: 6.85 until: 6.86
[VERBOSE][FMUCHK] Simulation step from time: 6.86 until: 6.87
[VERBOSE][FMUCHK] Simulation step from time: 6.87 until: 6.88
[VERBOSE][FMUCHK] Simulation step from time: 6.88 until: 6.89
[VERBOSE][FMUCHK] Simulation step from time: 6.89 until: 6.9
[VERBOSE][FMUCHK] Simulation step from time: 6.9 until: 6.91
[VERBOSE][FMUCHK] Simulation step from time: 6.91 until: 6.92
[VERBOSE][FMUCHK] Simulation step from time: 6.92 until: 6.93
[VERBOSE][FMUCHK] Simulation step from time: 6.93 until: 6.94
[VERBOSE][FMUCHK] Simulation step from time: 6.94 until: 6.95
[VERBOSE][FMUCHK] Simulation step from time: 6.95 until: 6.96
[VERBOSE][FMUCHK] Simulation step from time: 6.96 until: 6.97
[VERBOSE][FMUCHK] Simulation step from time: 6.97 until: 6.98
[VERBOSE][FMUCHK] Simulation step from time: 6.98 until: 6.99
[VERBOSE][FMUCHK] Simulation step from time: 6.99 until: 7
[INFO][FMUCHK] Simulation finished successfully at time 7
[VERBOSE][FMILIB] Releasing allocated library resources
[VERBOSE][FMILIB] Releasing FMU CAPI interface
[VERBOSE][FMICAPI] Successfully unloaded FMU binary
[VERBOSE][JMPRT] Removing C:\Users\adrian\AppData\Local\Temp\fmucktmpa06488
FMU check summary:
FMU reported:
	0 warning(s) and error(s)
Checker reported:
	0 Warning(s)
	0 Error(s)
