[INFO][FMUCHK] FMI compliance checker 2.0.2b1 [FMILibrary: rev7051] build date: Dec 22 2014
[INFO][FMUCHK] Called with following options:
[INFO][FMUCHK] fmuCheck.win32.exe -e drill_cc.log -o drill_cc.csv -h 1e-2 -s 12.0 drill.fmu
[INFO][FMUCHK] Will process FMU drill.fmu
[INFO][FMILIB] XML specifies FMI standard version 2.0
[INFO][FMUCHK] Model name: drill
[INFO][FMUCHK] Model GUID: 3975545782
[INFO][FMUCHK] Model version: 
[INFO][FMUCHK] FMU kind: CoSimulation
[INFO][FMUCHK] The FMU contains:
0 constants
0 parameters
50 discrete variables
0 continuous variables
0 inputs
50 outputs
0 local variables
0 independent variables
0 calculated parameters
5 real variables
1 integer variables
0 enumeration variables
44 boolean variables
0 string variables

[INFO][FMUCHK] Printing output file header
[INFO][FMUCHK] Model identifier for CoSimulation: drill
[INFO][FMILIB] Loading 'win32' binary with 'default' platform types
[INFO][FMUCHK] Version returned from CS FMU:   2.0
[INFO][FMUCHK] Initialized FMU for simulation starting at time 0
[INFO][FMUCHK] Simulation finished successfully at time 12
FMU check summary:
FMU reported:
	0 warning(s) and error(s)
Checker reported:
	0 Warning(s)
	0 Error(s)
