[INFO][FMUCHK] FMI compliance checker Test [FMILibrary: Test] build date: Nov 11 2016
[INFO][FMUCHK] Will process FMU BouncingBall.fmu
[INFO][FMILIB] XML specifies FMI standard version 2.0
[INFO][FMUCHK] Model name: BouncingBall
[INFO][FMUCHK] Model GUID: {0428e26e-b8b6-417b-ac5b-54f699ae2491}
[INFO][FMUCHK] Model version: 
[INFO][FMUCHK] FMU kind: ModelExchange
[INFO][FMUCHK] The FMU contains:
0 constants
2 parameters
1 discrete variables
6 continuous variables
0 inputs
2 outputs
5 local variables
0 independent variables
0 calculated parameters
8 real variables
0 integer variables
0 enumeration variables
1 boolean variables
0 string variables

[INFO][FMUCHK] Printing output file header
[INFO][FMUCHK] Model identifier for ModelExchange: BouncingBall
[INFO][FMILIB] Loading 'win32' binary with 'default' platform types
[INFO][FMUCHK] Version returned from ME FMU: '2.0'

[INFO][FMUCHK] Initialized FMU for simulation starting at time 0
[INFO][FMUCHK] Simulation finished successfully at time 10
FMU check summary:
FMU reported:
	0 warning(s) and error(s)
Checker reported:
	0 Warning(s)
	0 Error(s)
