[INFO][FMUCHK] FMI compliance checker Test [FMILibrary: Test] build date: Apr 14 2015
[INFO][FMUCHK] Called with following options:
[INFO][FMUCHK] /maple/cbat/maple2015_main/2015-04-23/1038805/toolbox_source/FMIConnector/bin.X86_64_LINUX/FMUChecker-2.0.1/fmuCheck.linux64 -e /maple/cbat/maple2015_main/2015-04-23/1038805/toolbox_source/FMIConnector/maple/tst/temp/rdctpluto.maplesoft.com/ControlledTemperature_CS_cc.log -o /maple/cbat/maple2015_main/2015-04-23/1038805/toolbox_source/FMIConnector/maple/tst/temp/rdctpluto.maplesoft.com/ControlledTemperature_CS_cc.csv -n 500 -s 10 -h 1e-3 -t /usr/local/tmp/maple/tester1/tester.23831/XugPid1b/ /usr/local/tmp/maple/tester1/tester.23831/XugPid1b//ControlledTemperature.fmu
[INFO][FMUCHK] Will process FMU /usr/local/tmp/maple/tester1/tester.23831/XugPid1b//ControlledTemperature.fmu
[INFO][FMILIB] XML specifies FMI standard version 2.0
[INFO][FMUCHK] Model name: ControlledTemperature
[INFO][FMUCHK] Model GUID: {a4142d0d-67f5-c117-7479-6cf979048205}
[INFO][FMUCHK] Model version: 
[INFO][FMUCHK] FMU kind: CoSimulation
[INFO][FMUCHK] The FMU contains:
0 constants
2 parameters
5 discrete variables
25 continuous variables
0 inputs
2 outputs
28 local variables
0 independent variables
0 calculated parameters
32 real variables
0 integer variables
0 enumeration variables
0 boolean variables
0 string variables

[INFO][FMUCHK] Printing output file header
[INFO][FMUCHK] Model identifier for CoSimulation: ControlledTemperature
[INFO][FMILIB] Loading 'linux64' binary with 'default' platform types
[INFO][FMUCHK] Version returned from CS FMU:   2.0
[INFO][FMUCHK] Initialized FMU for simulation starting at time 0
[INFO][FMUCHK] Simulation finished successfully at time 10
FMU check summary:
FMU reported:
	0 warning(s) and error(s)
Checker reported:
	0 Warning(s)
	0 Error(s)
