[INFO][FMUCHK] FMI compliance checker 2.0.2b1 [FMILibrary: rev7051] build date: Dec 22 2014
[INFO][FMUCHK] Called with following options:
[INFO][FMUCHK] fmuCheck.win32.exe -e Signal_Attributes_cc.log -o Signal_Attributes_cc.csv -s 10.000000 -h 0.001000 -c , Signal_Attributes.fmu
[INFO][FMUCHK] Will process FMU Signal_Attributes.fmu
[INFO][FMILIB] XML specifies FMI standard version 2.0
[INFO][FMUCHK] Model name: Signal_Attributes
[INFO][FMUCHK] Model GUID: dc60ce6e1014a19056f6d4fab7e85cf0
[INFO][FMUCHK] Model version: 1.54
[INFO][FMUCHK] FMU kind: CoSimulation
[INFO][FMUCHK] The FMU contains:
0 constants
50 parameters
4 discrete variables
14 continuous variables
0 inputs
18 outputs
0 local variables
0 independent variables
0 calculated parameters
62 real variables
6 integer variables
0 enumeration variables
0 boolean variables
0 string variables

[INFO][FMUCHK] Printing output file header
[INFO][FMUCHK] Model identifier for CoSimulation: Signal_Attributes
[INFO][FMILIB] Loading 'win32' binary with 'default' platform types
[INFO][FMUCHK] Version returned from CS FMU:   2.0
[INFO][FMUCHK] Initialized FMU for simulation starting at time 0
[WARNING][FMUCHK] FMU does not support variable communication stepsize. Stepsize may not be altered to reach stopTime exactly.
[WARNING][FMUCHK] FMU does not support variable communication stepsize. Stepsize may not be altered to reach stopTime exactly.
[INFO][FMUCHK] Simulation finished successfully at time 10.001
FMU check summary:
FMU reported:
	0 warning(s) and error(s)
Checker reported:
	2 Warning(s)
	0 Error(s)
