[INFO][FMUCHK] FMI compliance checker rev215 [FMILibrary: 2.0.2] build date: Sep 30 2016
[INFO][FMUCHK] Called with following options:
[INFO][FMUCHK] fmuCheck.win64.exe -e valve_cc.log -o valve_cc.csv -i valve_in.csv -n 0 -h 0.001 -s 5 valve.fmu
[INFO][FMUCHK] Will process FMU valve.fmu
[INFO][FMILIB] XML specifies FMI standard version 2.0
[INFO][FMUCHK] Model name: valve
[INFO][FMUCHK] Model GUID: {a3e04ecc-fad7-4737-a2e6-964697147ffb}
[INFO][FMUCHK] Model version: 
[INFO][FMUCHK] FMU kind: CoSimulation
[INFO][FMUCHK] The FMU contains:
0 constants
1 parameters
0 discrete variables
2 continuous variables
1 inputs
1 outputs
0 local variables
0 independent variables
0 calculated parameters
3 real variables
0 integer variables
0 enumeration variables
0 boolean variables
0 string variables

[INFO][FMUCHK] Printing output file header
[INFO][FMUCHK] Opening input file valve_in.csv
[INFO][FMUCHK] Detected separator character in input file: ,
[INFO][FMUCHK] Model identifier for CoSimulation: valve
[INFO][FMILIB] Loading 'win64' binary with 'default' platform types
[INFO][FMUCHK] Version returned from CS FMU:   2.0
[INFO][FMUCHK] Initialized FMU for simulation starting at time 0
[INFO][FMUCHK] Simulation finished successfully at time 5
FMU check summary:
FMU reported:
	0 warning(s) and error(s)
Checker reported:
	0 Warning(s)
	0 Error(s)
