[INFO][FMUCHK] FMI compliance checker rev215 [FMILibrary: 2.0.2] build date: Sep 30 2016
[INFO][FMUCHK] Called with following options:
[INFO][FMUCHK] fmuCheck.win64.exe -e ControlledTemperature_cc.log -o ControlledTemperature_cc.csv -s 10.000000 -h 0.001000 -f -c , ControlledTemperature.fmu
[INFO][FMUCHK] Will process FMU ControlledTemperature.fmu
[INFO][FMILIB] XML specifies FMI standard version 2.0
[INFO][FMUCHK] Model name: ControlledTemperature
[INFO][FMUCHK] Model GUID: f68827c10f906f46840c4403d768b902
[INFO][FMUCHK] Model version: 
[INFO][FMUCHK] FMU kind: ModelExchange
[INFO][FMUCHK] The FMU contains:
10 constants
55 parameters
5 discrete variables
38 continuous variables
0 inputs
1 outputs
52 local variables
0 independent variables
8 calculated parameters
82 real variables
13 integer variables
0 enumeration variables
21 boolean variables
0 string variables

[INFO][FMUCHK] Printing output file header
[INFO][FMUCHK] Model identifier for ModelExchange: ControlledTemperature
[INFO][FMILIB] Loading 'win64' binary with 'default' platform types
[INFO][FMUCHK] Version returned from ME FMU: '2.0'

[INFO][FMUCHK] Initialized FMU for simulation starting at time 0
[INFO][FMUCHK] Simulation finished successfully at time 10
FMU check summary:
FMU reported:
	0 warning(s) and error(s)
Checker reported:
	0 Warning(s)
	0 Error(s)
