[INFO][FMUCHK] Will process FMU C:/temp/tester1/tester.5224/b8YcKdUe/\CoupledClutches.fmu
[INFO][FMILIB] XML specifies FMI standard version 2.0
[INFO][FMUCHK] Model name: CoupledClutches
[INFO][FMUCHK] Model GUID: {e0902580-ead3-8d4d-0a96-6235e82b7d84}
[INFO][FMUCHK] Model version: 
[INFO][FMUCHK] FMU kind: CoSimulation
[INFO][FMUCHK] The FMU contains:
0 constants
2 parameters
38 discrete variables
108 continuous variables
1 inputs
4 outputs
141 local variables
0 independent variables
0 calculated parameters
148 real variables
0 integer variables
0 enumeration variables
0 boolean variables
0 string variables

[INFO][FMUCHK] Printing output file header
[INFO][FMUCHK] Opening input file Z:/maple18/2015-02-26/1023788\toolbox_source\FMIConnector\maple\tst\data\CoupledClutches_in.csv
[INFO][FMUCHK] Detected separator character in input file: ,
[INFO][FMUCHK] Model identifier for CoSimulation: CoupledClutches
[INFO][FMILIB] Loading 'win64' binary with 'default' platform types
[INFO][FMUCHK] Version returned from CS FMU:   2.0
	[FMU][log][FMU status:OK] [CoSimulation]: GUID = {e0902580-ead3-8d4d-0a96-6235e82b7d84}
	[FMU][log][FMU status:OK] fmi2SetReal: nvr = 1
	[FMU][log][FMU status:OK] fmi2SetReal: inputs = 0
	[FMU][log][FMU status:OK] fmi2EnterInitializationMode
[INFO][FMUCHK] Initialized FMU for simulation starting at time 0
	[FMU][log][FMU status:OK] fmi2GetReal: outputs[1] = 10
	[FMU][log][FMU status:OK] fmi2GetReal: outputs[2] = 0
	[FMU][log][FMU status:OK] fmi2GetReal: outputs[3] = 0
	[FMU][log][FMU status:OK] fmi2GetReal: outputs[4] = 0
	[FMU][log][FMU status:OK] fmi2SetReal: nvr = 1
	[FMU][log][FMU status:OK] fmi2SetReal: inputs = 0
	[FMU][log][FMU status:OK] fmi2DoStep: currentCommunicationPoint = 0, communicationStepSize = 0.01, newStep = fmi2True
	[FMU][log][FMU status:OK] fmi2GetReal: outputs[1] = 9.900000031706817
	[FMU][log][FMU status:OK] fmi2GetReal: outputs[2] = 0.09999996829318347
	[FMU][log][FMU status:OK] fmi2GetReal: outputs[3] = 0
	[FMU][log][FMU status:OK] fmi2GetReal: outputs[4] = 0
	[FMU][log][FMU status:OK] fmi2SetReal: nvr = 1
	[FMU][log][FMU status:OK] fmi2SetReal: inputs = 0
	[FMU][log][FMU status:OK] fmi2DoStep: currentCommunicationPoint = 0.01, communicationStepSize = 0.01, newStep = fmi2True
	[FMU][log][FMU status:OK] fmi2GetReal: outputs[1] = 9.830908657760922
	[FMU][log][FMU status:OK] fmi2GetReal: outputs[2] = 0.1999930416765727
	[FMU][log][FMU status:OK] fmi2GetReal: outputs[3] = 0
	[FMU][log][FMU status:OK] fmi2GetReal: outputs[4] = 0
	[FMU][log][FMU status:OK] fmi2SetReal: nvr = 1
	[FMU][log][FMU status:OK] fmi2SetReal: inputs = 0
	[FMU][log][FMU status:OK] fmi2DoStep: currentCommunicationPoint = 0.02, communicationStepSize = 0.01, newStep = fmi2True
	[FMU][log][FMU status:OK] fmi2GetReal: outputs[1] = 9.789716794582018
	[FMU][log][FMU status:OK] fmi2GetReal: outputs[2] = 0.299963430084724
	[FMU][log][FMU status:OK] fmi2GetReal: outputs[3] = 0
	[FMU][log][FMU status:OK] fmi2GetReal: outputs[4] = 0
	[FMU][log][FMU status:OK] fmi2SetReal: nvr = 1
	[FMU][log][FMU status:OK] fmi2SetReal: inputs = 0
	[FMU][log][FMU status:OK] fmi2DoStep: currentCommunicationPoint = 0.03, communicationStepSize = 0.01, newStep = fmi2True
	[FMU][log][FMU status:OK] fmi2GetReal: outputs[1] = 9.770686577069823
	[FMU][log][FMU status:OK] fmi2GetReal: outputs[2] = 0.3998953470344142
	[FMU][log][FMU status:OK] fmi2GetReal: outputs[3] = 0
	[FMU][log][FMU status:OK] fmi2GetReal: outputs[4] = 0
	[FMU][log][FMU status:OK] fmi2SetReal: nvr = 1
	[FMU][log][FMU status:OK] fmi2SetReal: inputs = 0
	[FMU][log][FMU status:OK] fmi2DoStep: currentCommunicationPoint = 0.04, communicationStepSize = 0.01, newStep = fmi2True
	[FMU][log][FMU status:OK] fmi2GetReal: outputs[1] = 9.765914563616242
	[FMU][log][FMU status:OK] fmi2GetReal: outputs[2] = 0.4997730121175094
	[FMU][log][FMU status:OK] fmi2GetReal: outputs[3] = 0
	[FMU][log][FMU status:OK] fmi2GetReal: outputs[4] = 0
	[FMU][log][FMU status:OK] fmi2SetReal: nvr = 1
	[FMU][log][FMU status:OK] fmi2SetReal: inputs = 0
	[FMU][log][FMU status:OK] fmi2DoStep: currentCommunicationPoint = 0.05, communicationStepSize = 0.01, newStep = fmi2True
	[FMU][log][FMU status:OK] fmi2GetReal: outputs[1] = 9.766106922240876
	[FMU][log][FMU status:OK] fmi2GetReal: outputs[2] = 0.5995806534928744
	[FMU][log][FMU status:OK] fmi2GetReal: outputs[3] = 0
	[FMU][log][FMU status:OK] fmi2GetReal: outputs[4] = 0
	[FMU][log][FMU status:OK] fmi2SetReal: nvr = 1
	[FMU][log][FMU status:OK] fmi2SetReal: inputs = 0
	[FMU][log][FMU status:OK] fmi2DoStep: currentCommunicationPoint = 0.06, communicationStepSize = 0.01, newStep = fmi2True
	[FMU][log][FMU status:OK] fmi2GetReal: outputs[1] = 9.761490716986337
	[FMU][log][FMU status:OK] fmi2GetReal: outputs[2] = 0.699302510376929
	[FMU][log][FMU status:OK] fmi2GetReal: outputs[3] = 0
	[FMU][log][FMU status:OK] fmi2GetReal: outputs[4] = 0
	[FMU][log][FMU status:OK] fmi2SetReal: nvr = 1
	[FMU][log][FMU status:OK] fmi2SetReal: inputs = 0
	[FMU][log][FMU status:OK] fmi2DoStep: currentCommunicationPoint = 0.07, communicationStepSize = 0.01, newStep = fmi2True
	[FMU][log][FMU status:OK] fmi2GetReal: outputs[1] = 9.742772091268302
	[FMU][log][FMU status:OK] fmi2GetReal: outputs[2] = 0.798922835532459
	[FMU][log][FMU status:OK] fmi2GetReal: outputs[3] = 0
	[FMU][log][FMU status:OK] fmi2GetReal: outputs[4] = 0
	[FMU][log][FMU status:OK] fmi2SetReal: nvr = 1
	[FMU][log][FMU status:OK] fmi2SetReal: inputs = 0
	[FMU][log][FMU status:OK] fmi2DoStep: currentCommunicationPoint = 0.08, communicationStepSize = 0.01, newStep = fmi2True
	[FMU][log][FMU status:OK] fmi2GetReal: outputs[1] = 9.702047554274721
	[FMU][log][FMU status:OK] fmi2GetReal: outputs[2] = 0.8984258977552868
	[FMU][log][FMU status:OK] fmi2GetReal: outputs[3] = 0
	[FMU][log][FMU status:OK] fmi2GetReal: outputs[4] = 0
	[FMU][log][FMU status:OK] fmi2SetReal: nvr = 1
	[FMU][log][FMU status:OK] fmi2SetReal: inputs = 0
	[FMU][log][FMU status:OK] fmi2DoStep: currentCommunicationPoint = 0.09, communicationStepSize = 0.01, newStep = fmi2True
	[FMU][log][FMU status:OK] fmi2GetReal: outputs[1] = 9.63357916710909
	[FMU][log][FMU status:OK] fmi2GetReal: outputs[2] = 0.9977959843584113
	[FMU][log][FMU status:OK] fmi2GetReal: outputs[3] = 0
	[FMU][log][FMU status:OK] fmi2GetReal: outputs[4] = 0
	[FMU][log][FMU status:OK] fmi2SetReal: nvr = 1
	[FMU][log][FMU status:OK] fmi2SetReal: inputs = 0
	[FMU][log][FMU status:OK] fmi2DoStep: currentCommunicationPoint = 0.1, communicationStepSize = 0.01, newStep = fmi2True
	[FMU][log][FMU status:OK] fmi2GetReal: outputs[1] = 9.534357747814278
	[FMU][log][FMU status:OK] fmi2GetReal: outputs[2] = 1.097017403653223
	[FMU][log][FMU status:OK] fmi2GetReal: outputs[3] = 0
	[FMU][log][FMU status:OK] fmi2GetReal: outputs[4] = 0
	[FMU][log][FMU status:OK] fmi2SetReal: nvr = 1
	[FMU][log][FMU status:OK] fmi2SetReal: inputs = 0
	[FMU][log][FMU status:OK] fmi2DoStep: currentCommunicationPoint = 0.11, communicationStepSize = 0.01, newStep = fmi2True
	[FMU][log][FMU status:OK] fmi2GetReal: outputs[1] = 9.404398964602601
	[FMU][log][FMU status:OK] fmi2GetReal: outputs[2] = 1.196074487427405
	[FMU][log][FMU status:OK] fmi2GetReal: outputs[3] = 0
	[FMU][log][FMU status:OK] fmi2GetReal: outputs[4] = 0
	[FMU][log][FMU status:OK] fmi2SetReal: nvr = 1
	[FMU][log][FMU status:OK] fmi2SetReal: inputs = 0
	[FMU][log][FMU status:OK] fmi2DoStep: currentCommunicationPoint = 0.12, communicationStepSize = 0.01, newStep = fmi2True
	[FMU][log][FMU status:OK] fmi2GetReal: outputs[1] = 9.246743333381637
	[FMU][log][FMU status:OK] fmi2GetReal: outputs[2] = 1.294951593419122
	[FMU][log][FMU status:OK] fmi2GetReal: outputs[3] = 0
	[FMU][log][FMU status:OK] fmi2GetReal: outputs[4] = 0
	[FMU][log][FMU status:OK] fmi2SetReal: nvr = 1
	[FMU][log][FMU status:OK] fmi2SetReal: inputs = 0
	[FMU][log][FMU status:OK] fmi2DoStep: currentCommunicationPoint = 0.13, communicationStepSize = 0.01, newStep = fmi2True
	[FMU][log][FMU status:OK] fmi2GetReal: outputs[1] = 9.067160119576146
	[FMU][log][FMU status:OK] fmi2GetReal: outputs[2] = 1.393633107787119
	[FMU][log][FMU status:OK] fmi2GetReal: outputs[3] = 0
	[FMU][log][FMU status:OK] fmi2GetReal: outputs[4] = 0
	[FMU][log][FMU status:OK] fmi2SetReal: nvr = 1
	[FMU][log][FMU status:OK] fmi2SetReal: inputs = 0
	[FMU][log][FMU status:OK] fmi2DoStep: currentCommunicationPoint = 0.14, communicationStepSize = 0.01, newStep = fmi2True
	[FMU][log][FMU status:OK] fmi2GetReal: outputs[1] = 8.873584128157425
	[FMU][log][FMU status:OK] fmi2GetReal: outputs[2] = 1.492103447576324
	[FMU][log][FMU status:OK] fmi2GetReal: outputs[3] = 0
	[FMU][log][FMU status:OK] fmi2GetReal: outputs[4] = 0
	[FMU][log][FMU status:OK] fmi2SetReal: nvr = 1
	[FMU][log][FMU status:OK] fmi2SetReal: inputs = 0
	[FMU][log][FMU status:OK] fmi2DoStep: currentCommunicationPoint = 0.15, communicationStepSize = 0.01, newStep = fmi2True
	[FMU][log][FMU status:OK] fmi2GetReal: outputs[1] = 8.675340512555168
	[FMU][log][FMU status:OK] fmi2GetReal: outputs[2] = 1.590347063178581
	[FMU][log][FMU status:OK] fmi2GetReal: outputs[3] = 0
	[FMU][log][FMU status:OK] fmi2GetReal: outputs[4] = 0
	[FMU][log][FMU status:OK] fmi2SetReal: nvr = 1
	[FMU][log][FMU status:OK] fmi2SetReal: inputs = 0
	[FMU][log][FMU status:OK] fmi2DoStep: currentCommunicationPoint = 0.16, communicationStepSize = 0.01, newStep = fmi2True
	[FMU][log][FMU status:OK] fmi2GetReal: outputs[1] = 8.482233483316124
	[FMU][log][FMU status:OK] fmi2GetReal: outputs[2] = 1.68834844078811
	[FMU][log][FMU status:OK] fmi2GetReal: outputs[3] = 0
	[FMU][log][FMU status:OK] fmi2GetReal: outputs[4] = 0
	[FMU][log][FMU status:OK] fmi2SetReal: nvr = 1
	[FMU][log][FMU status:OK] fmi2SetReal: inputs = 0
	[FMU][log][FMU status:OK] fmi2DoStep: currentCommunicationPoint = 0.17, communicationStepSize = 0.01, newStep = fmi2True
	[FMU][log][FMU status:OK] fmi2GetReal: outputs[1] = 8.303588119815421
	[FMU][log][FMU status:OK] fmi2GetReal: outputs[2] = 1.786092104851318
	[FMU][log][FMU status:OK] fmi2GetReal: outputs[3] = 0
	[FMU][log][FMU status:OK] fmi2GetReal: outputs[4] = 0
	[FMU][log][FMU status:OK] fmi2SetReal: nvr = 1
	[FMU][log][FMU status:OK] fmi2SetReal: inputs = 0
	[FMU][log][FMU status:OK] fmi2DoStep: currentCommunicationPoint = 0.18, communicationStepSize = 0.01, newStep = fmi2True
	[FMU][log][FMU status:OK] fmi2GetReal: outputs[1] = 8.147339078926922
	[FMU][log][FMU status:OK] fmi2GetReal: outputs[2] = 1.883562620510569
	[FMU][log][FMU status:OK] fmi2GetReal: outputs[3] = 0
	[FMU][log][FMU status:OK] fmi2GetReal: outputs[4] = 0
	[FMU][log][FMU status:OK] fmi2SetReal: nvr = 1
	[FMU][log][FMU status:OK] fmi2SetReal: inputs = 0
	[FMU][log][FMU status:OK] fmi2DoStep: currentCommunicationPoint = 0.19, communicationStepSize = 0.01, newStep = fmi2True
	[FMU][log][FMU status:OK] fmi2GetReal: outputs[1] = 8.01925540395847
	[FMU][log][FMU status:OK] fmi2GetReal: outputs[2] = 1.980744596041527
	[FMU][log][FMU status:OK] fmi2GetReal: outputs[3] = 0
	[FMU][log][FMU status:OK] fmi2GetReal: outputs[4] = 0
	[FMU][log][FMU status:OK] fmi2SetReal: nvr = 1
	[FMU][log][FMU status:OK] fmi2SetReal: inputs = 0
	[FMU][log][FMU status:OK] fmi2DoStep: currentCommunicationPoint = 0.2, communicationStepSize = 0.01, newStep = fmi2True
	[FMU][log][FMU status:OK] fmi2GetReal: outputs[1] = 7.922377314716312
	[FMU][log][FMU status:OK] fmi2GetReal: outputs[2] = 2.077622685283685
	[FMU][log][FMU status:OK] fmi2GetReal: outputs[3] = 0
	[FMU][log][FMU status:OK] fmi2GetReal: outputs[4] = 0
	[FMU][log][FMU status:OK] fmi2SetReal: nvr = 1
	[FMU][log][FMU status:OK] fmi2SetReal: inputs = 0
	[FMU][log][FMU status:OK] fmi2DoStep: currentCommunicationPoint = 0.21, communicationStepSize = 0.01, newStep = fmi2True
	[FMU][log][FMU status:OK] fmi2GetReal: outputs[1] = 7.856720109373785
	[FMU][log][FMU status:OK] fmi2GetReal: outputs[2] = 2.174181590063707
	[FMU][log][FMU status:OK] fmi2GetReal: outputs[3] = 0
	[FMU][log][FMU status:OK] fmi2GetReal: outputs[4] = 0
	[FMU][log][FMU status:OK] fmi2SetReal: nvr = 1
	[FMU][log][FMU status:OK] fmi2SetReal: inputs = 0
	[FMU][log][FMU status:OK] fmi2DoStep: currentCommunicationPoint = 0.22, communicationStepSize = 0.01, newStep = fmi2True
	[FMU][log][FMU status:OK] fmi2GetReal: outputs[1] = 7.819274162055558
	[FMU][log][FMU status:OK] fmi2GetReal: outputs[2] = 2.27040606261118
	[FMU][log][FMU status:OK] fmi2GetReal: outputs[3] = 0
	[FMU][log][FMU status:OK] fmi2GetReal: outputs[4] = 0
	[FMU][log][FMU status:OK] fmi2SetReal: nvr = 1
	[FMU][log][FMU status:OK] fmi2SetReal: inputs = 0
	[FMU][log][FMU status:OK] fmi2DoStep: currentCommunicationPoint = 0.23, communicationStepSize = 0.01, newStep = fmi2True
	[FMU][log][FMU status:OK] fmi2GetReal: outputs[1] = 7.804301016137813
	[FMU][log][FMU status:OK] fmi2GetReal: outputs[2] = 2.366280907966421
	[FMU][log][FMU status:OK] fmi2GetReal: outputs[3] = 0
	[FMU][log][FMU status:OK] fmi2GetReal: outputs[4] = 0
	[FMU][log][FMU status:OK] fmi2SetReal: nvr = 1
	[FMU][log][FMU status:OK] fmi2SetReal: inputs = 0
	[FMU][log][FMU status:OK] fmi2DoStep: currentCommunicationPoint = 0.24, communicationStepSize = 0.01, newStep = fmi2True
	[FMU][log][FMU status:OK] fmi2GetReal: outputs[1] = 7.803896589353818
	[FMU][log][FMU status:OK] fmi2GetReal: outputs[2] = 2.461790986379931
	[FMU][log][FMU status:OK] fmi2GetReal: outputs[3] = 0
	[FMU][log][FMU status:OK] fmi2GetReal: outputs[4] = 0
	[FMU][log][FMU status:OK] fmi2SetReal: nvr = 1
	[FMU][log][FMU status:OK] fmi2SetReal: inputs = 0
	[FMU][log][FMU status:OK] fmi2DoStep: currentCommunicationPoint = 0.25, communicationStepSize = 0.01, newStep = fmi2True
	[FMU][log][FMU status:OK] fmi2GetReal: outputs[1] = 7.808766360030608
	[FMU][log][FMU status:OK] fmi2GetReal: outputs[2] = 2.556921215703141
	[FMU][log][FMU status:OK] fmi2GetReal: outputs[3] = 0
	[FMU][log][FMU status:OK] fmi2GetReal: outputs[4] = 0
	[FMU][log][FMU status:OK] fmi2SetReal: nvr = 1
	[FMU][log][FMU status:OK] fmi2SetReal: inputs = 0
	[FMU][log][FMU status:OK] fmi2DoStep: currentCommunicationPoint = 0.26, communicationStepSize = 0.01, newStep = fmi2True
	[FMU][log][FMU status:OK] fmi2GetReal: outputs[1] = 7.809136653593209
	[FMU][log][FMU status:OK] fmi2GetReal: outputs[2] = 2.651656573770056
	[FMU][log][FMU status:OK] fmi2GetReal: outputs[3] = 0
	[FMU][log][FMU status:OK] fmi2GetReal: outputs[4] = 0
	[FMU][log][FMU status:OK] fmi2SetReal: nvr = 1
	[FMU][log][FMU status:OK] fmi2SetReal: inputs = 0
	[FMU][log][FMU status:OK] fmi2DoStep: currentCommunicationPoint = 0.27, communicationStepSize = 0.01, newStep = fmi2True
	[FMU][log][FMU status:OK] fmi2GetReal: outputs[1] = 7.795712826031329
	[FMU][log][FMU status:OK] fmi2GetReal: outputs[2] = 2.745982100769431
	[FMU][log][FMU status:OK] fmi2GetReal: outputs[3] = 0
	[FMU][log][FMU status:OK] fmi2GetReal: outputs[4] = 0
	[FMU][log][FMU status:OK] fmi2SetReal: nvr = 1
	[FMU][log][FMU status:OK] fmi2SetReal: inputs = 0
	[FMU][log][FMU status:OK] fmi2DoStep: currentCommunicationPoint = 0.28, communicationStepSize = 0.01, newStep = fmi2True
	[FMU][log][FMU status:OK] fmi2GetReal: outputs[1] = 7.760590550422911
	[FMU][log][FMU status:OK] fmi2GetReal: outputs[2] = 2.839882901607095
	[FMU][log][FMU status:OK] fmi2GetReal: outputs[3] = 0
	[FMU][log][FMU status:OK] fmi2GetReal: outputs[4] = 0
	[FMU][log][FMU status:OK] fmi2SetReal: nvr = 1
	[FMU][log][FMU status:OK] fmi2SetReal: inputs = 0
	[FMU][log][FMU status:OK] fmi2DoStep: currentCommunicationPoint = 0.29, communicationStepSize = 0.01, newStep = fmi2True
	[FMU][log][FMU status:OK] fmi2GetReal: outputs[1] = 7.698031003209437
	[FMU][log][FMU status:OK] fmi2GetReal: outputs[2] = 2.933344148258064
	[FMU][log][FMU status:OK] fmi2GetReal: outputs[3] = 0
	[FMU][log][FMU status:OK] fmi2GetReal: outputs[4] = 0
	[FMU][log][FMU status:OK] fmi2SetReal: nvr = 1
	[FMU][log][FMU status:OK] fmi2SetReal: inputs = 0
	[FMU][log][FMU status:OK] fmi2DoStep: currentCommunicationPoint = 0.3, communicationStepSize = 0.01, newStep = fmi2True
	[FMU][log][FMU status:OK] fmi2GetReal: outputs[1] = 7.605024069359446
	[FMU][log][FMU status:OK] fmi2GetReal: outputs[2] = 3.026351082108055
	[FMU][log][FMU status:OK] fmi2GetReal: outputs[3] = 0
	[FMU][log][FMU status:OK] fmi2GetReal: outputs[4] = 0
	[FMU][log][FMU status:OK] fmi2SetReal: nvr = 1
	[FMU][log][FMU status:OK] fmi2SetReal: inputs = 0
	[FMU][log][FMU status:OK] fmi2DoStep: currentCommunicationPoint = 0.31, communicationStepSize = 0.01, newStep = fmi2True
	[FMU][log][FMU status:OK] fmi2GetReal: outputs[1] = 7.481584435745964
	[FMU][log][FMU status:OK] fmi2GetReal: outputs[2] = 3.118889016284042
	[FMU][log][FMU status:OK] fmi2GetReal: outputs[3] = 0
	[FMU][log][FMU status:OK] fmi2GetReal: outputs[4] = 0
	[FMU][log][FMU status:OK] fmi2SetReal: nvr = 1
	[FMU][log][FMU status:OK] fmi2SetReal: inputs = 0
	[FMU][log][FMU status:OK] fmi2DoStep: currentCommunicationPoint = 0.32, communicationStepSize = 0.01, newStep = fmi2True
	[FMU][log][FMU status:OK] fmi2GetReal: outputs[1] = 7.330751588827273
	[FMU][log][FMU status:OK] fmi2GetReal: outputs[2] = 3.210943337973484
	[FMU][log][FMU status:OK] fmi2GetReal: outputs[3] = 0
	[FMU][log][FMU status:OK] fmi2GetReal: outputs[4] = 0
	[FMU][log][FMU status:OK] fmi2SetReal: nvr = 1
	[FMU][log][FMU status:OK] fmi2SetReal: inputs = 0
	[FMU][log][FMU status:OK] fmi2DoStep: currentCommunicationPoint = 0.33, communicationStepSize = 0.01, newStep = fmi2True
	[FMU][log][FMU status:OK] fmi2GetReal: outputs[1] = 7.158293716631402
	[FMU][log][FMU status:OK] fmi2GetReal: outputs[2] = 3.30249951073186
	[FMU][log][FMU status:OK] fmi2GetReal: outputs[3] = 0
	[FMU][log][FMU status:OK] fmi2GetReal: outputs[4] = 0
	[FMU][log][FMU status:OK] fmi2SetReal: nvr = 1
	[FMU][log][FMU status:OK] fmi2SetReal: inputs = 0
	[FMU][log][FMU status:OK] fmi2DoStep: currentCommunicationPoint = 0.34, communicationStepSize = 0.01, newStep = fmi2True
	[FMU][log][FMU status:OK] fmi2GetReal: outputs[1] = 6.972144498955608
	[FMU][log][FMU status:OK] fmi2GetReal: outputs[2] = 3.393543076778139
	[FMU][log][FMU status:OK] fmi2GetReal: outputs[3] = 0
	[FMU][log][FMU status:OK] fmi2GetReal: outputs[4] = 0
	[FMU][log][FMU status:OK] fmi2SetReal: nvr = 1
	[FMU][log][FMU status:OK] fmi2SetReal: inputs = 0
	[FMU][log][FMU status:OK] fmi2DoStep: currentCommunicationPoint = 0.35, communicationStepSize = 0.01, newStep = fmi2True
	[FMU][log][FMU status:OK] fmi2GetReal: outputs[1] = 6.781627916455916
	[FMU][log][FMU status:OK] fmi2GetReal: outputs[2] = 3.484059659277831
	[FMU][log][FMU status:OK] fmi2GetReal: outputs[3] = 0
	[FMU][log][FMU status:OK] fmi2GetReal: outputs[4] = 0
	[FMU][log][FMU status:OK] fmi2SetReal: nvr = 1
	[FMU][log][FMU status:OK] fmi2SetReal: inputs = 0
	[FMU][log][FMU status:OK] fmi2DoStep: currentCommunicationPoint = 0.36, communicationStepSize = 0.01, newStep = fmi2True
	[FMU][log][FMU status:OK] fmi2GetReal: outputs[1] = 6.596546959490974
	[FMU][log][FMU status:OK] fmi2GetReal: outputs[2] = 3.574034964613257
	[FMU][log][FMU status:OK] fmi2GetReal: outputs[3] = 0
	[FMU][log][FMU status:OK] fmi2GetReal: outputs[4] = 0
	[FMU][log][FMU status:OK] fmi2SetReal: nvr = 1
	[FMU][log][FMU status:OK] fmi2SetReal: inputs = 0
	[FMU][log][FMU status:OK] fmi2DoStep: currentCommunicationPoint = 0.37, communicationStepSize = 0.01, newStep = fmi2True
	[FMU][log][FMU status:OK] fmi2GetReal: outputs[1] = 6.426225440026057
	[FMU][log][FMU status:OK] fmi2GetReal: outputs[2] = 3.663454784640679
	[FMU][log][FMU status:OK] fmi2GetReal: outputs[3] = 0
	[FMU][log][FMU status:OK] fmi2GetReal: outputs[4] = 0
	[FMU][log][FMU status:OK] fmi2SetReal: nvr = 1
	[FMU][log][FMU status:OK] fmi2SetReal: inputs = 0
	[FMU][log][FMU status:OK] fmi2DoStep: currentCommunicationPoint = 0.38, communicationStepSize = 0.01, newStep = fmi2True
	[FMU][log][FMU status:OK] fmi2GetReal: outputs[1] = 6.278596700503562
	[FMU][log][FMU status:OK] fmi2GetReal: outputs[2] = 3.752304998933927
	[FMU][log][FMU status:OK] fmi2GetReal: outputs[3] = 0
	[FMU][log][FMU status:OK] fmi2GetReal: outputs[4] = 0
	[FMU][log][FMU status:OK] fmi2SetReal: nvr = 1
	[FMU][log][FMU status:OK] fmi2SetReal: inputs = 0
	[FMU][log][FMU status:OK] fmi2DoStep: currentCommunicationPoint = 0.39, communicationStepSize = 0.01, newStep = fmi2True
	[FMU][log][FMU status:OK] fmi2GetReal: outputs[1] = 6.159428422985815
	[FMU][log][FMU status:OK] fmi2GetReal: outputs[2] = 3.84057157701418
	[FMU][log][FMU status:OK] fmi2GetReal: outputs[3] = 0
	[FMU][log][FMU status:OK] fmi2GetReal: outputs[4] = 0
	[FMU][log][FMU status:OK] fmi2SetReal: nvr = 1
	[FMU][log][FMU status:OK] fmi2SetReal: inputs = 0
	[FMU][log][FMU status:OK] fmi2DoStep: currentCommunicationPoint = 0.4, communicationStepSize = 0.01, newStep = fmi2True
	[FMU][log][FMU status:OK] fmi2DoStep: state event at 0.41, z2 crosses zero -\-
	[FMU][log][FMU status:OK] fmi2DoStep: state event at 0.41, z9 crosses zero -\-
	[FMU][log][FMU status:OK] fmi2DoStep: state event at 0.41, z19 crosses zero -\-
	[FMU][log][FMU status:OK] fmi2DoStep: state event at 0.41, z22 crosses zero -/-
	[FMU][log][FMU status:OK] fmi2DoStep: state event at 0.41, z23 crosses zero -/-
	[FMU][log][FMU status:OK] fmi2GetReal: outputs[1] = 6.071759419434456
	[FMU][log][FMU status:OK] fmi2GetReal: outputs[2] = 3.928240580565539
	[FMU][log][FMU status:OK] fmi2GetReal: outputs[3] = 0
	[FMU][log][FMU status:OK] fmi2GetReal: outputs[4] = 0
	[FMU][log][FMU status:OK] fmi2SetReal: nvr = 1
	[FMU][log][FMU status:OK] fmi2SetReal: inputs = 0
	[FMU][log][FMU status:OK] fmi2DoStep: currentCommunicationPoint = 0.41, communicationStepSize = 0.01, newStep = fmi2True
	[FMU][log][FMU status:OK] fmi2GetReal: outputs[1] = 6.015603533801437
	[FMU][log][FMU status:OK] fmi2GetReal: outputs[2] = 3.915298165636053
	[FMU][log][FMU status:OK] fmi2GetReal: outputs[3] = 0.1
	[FMU][log][FMU status:OK] fmi2GetReal: outputs[4] = 0
	[FMU][log][FMU status:OK] fmi2SetReal: nvr = 1
	[FMU][log][FMU status:OK] fmi2SetReal: inputs = 0
	[FMU][log][FMU status:OK] fmi2DoStep: currentCommunicationPoint = 0.42, communicationStepSize = 0.01, newStep = fmi2True
	[FMU][log][FMU status:OK] fmi2DoStep: state event at 0.43, z17 crosses zero -/-
	[FMU][log][FMU status:OK] fmi2GetReal: outputs[1] = 5.987949639842902
	[FMU][log][FMU status:OK] fmi2GetReal: outputs[2] = 3.901730584823836
	[FMU][log][FMU status:OK] fmi2GetReal: outputs[3] = 0.2
	[FMU][log][FMU status:OK] fmi2GetReal: outputs[4] = 0
	[FMU][log][FMU status:OK] fmi2SetReal: nvr = 1
	[FMU][log][FMU status:OK] fmi2SetReal: inputs = 0
	[FMU][log][FMU status:OK] fmi2DoStep: currentCommunicationPoint = 0.43, communicationStepSize = 0.01, newStep = fmi2True
	[FMU][log][FMU status:OK] fmi2GetReal: outputs[1] = 5.983057734656291
	[FMU][log][FMU status:OK] fmi2GetReal: outputs[2] = 3.887524189447942
	[FMU][log][FMU status:OK] fmi2GetReal: outputs[3] = 0.3
	[FMU][log][FMU status:OK] fmi2GetReal: outputs[4] = 0
	[FMU][log][FMU status:OK] fmi2SetReal: nvr = 1
	[FMU][log][FMU status:OK] fmi2SetReal: inputs = 0
	[FMU][log][FMU status:OK] fmi2DoStep: currentCommunicationPoint = 0.44, communicationStepSize = 0.01, newStep = fmi2True
	[FMU][log][FMU status:OK] fmi2GetReal: outputs[1] = 5.9930221440301
	[FMU][log][FMU status:OK] fmi2GetReal: outputs[2] = 3.872665431703649
	[FMU][log][FMU status:OK] fmi2GetReal: outputs[3] = 0.4
	[FMU][log][FMU status:OK] fmi2GetReal: outputs[4] = 0
	[FMU][log][FMU status:OK] fmi2SetReal: nvr = 1
	[FMU][log][FMU status:OK] fmi2SetReal: inputs = 0
	[FMU][log][FMU status:OK] fmi2DoStep: currentCommunicationPoint = 0.45, communicationStepSize = 0.01, newStep = fmi2True
	[FMU][log][FMU status:OK] fmi2GetReal: outputs[1] = 6.008546708931932
	[FMU][log][FMU status:OK] fmi2GetReal: outputs[2] = 3.857140866801817
	[FMU][log][FMU status:OK] fmi2GetReal: outputs[3] = 0.5
	[FMU][log][FMU status:OK] fmi2GetReal: outputs[4] = 0
	[FMU][log][FMU status:OK] fmi2SetReal: nvr = 1
	[FMU][log][FMU status:OK] fmi2SetReal: inputs = 0
	[FMU][log][FMU status:OK] fmi2DoStep: currentCommunicationPoint = 0.46, communicationStepSize = 0.01, newStep = fmi2True
	[FMU][log][FMU status:OK] fmi2GetReal: outputs[1] = 6.019856072271291
	[FMU][log][FMU status:OK] fmi2GetReal: outputs[2] = 3.840937155091973
	[FMU][log][FMU status:OK] fmi2GetReal: outputs[3] = 0.6
	[FMU][log][FMU status:OK] fmi2GetReal: outputs[4] = 0
	[FMU][log][FMU status:OK] fmi2SetReal: nvr = 1
	[FMU][log][FMU status:OK] fmi2SetReal: inputs = 0
	[FMU][log][FMU status:OK] fmi2DoStep: currentCommunicationPoint = 0.47, communicationStepSize = 0.01, newStep = fmi2True
	[FMU][log][FMU status:OK] fmi2DoStep: state event at 0.48, z17 crosses zero -\-
	[FMU][log][FMU status:OK] fmi2GetReal: outputs[1] = 6.01765386263196
	[FMU][log][FMU status:OK] fmi2GetReal: outputs[2] = 3.824041064168799
	[FMU][log][FMU status:OK] fmi2GetReal: outputs[3] = 0.7
	[FMU][log][FMU status:OK] fmi2GetReal: outputs[4] = 0
	[FMU][log][FMU status:OK] fmi2SetReal: nvr = 1
	[FMU][log][FMU status:OK] fmi2SetReal: inputs = 0
	[FMU][log][FMU status:OK] fmi2DoStep: currentCommunicationPoint = 0.48, communicationStepSize = 0.01, newStep = fmi2True
	[FMU][log][FMU status:OK] fmi2GetReal: outputs[1] = 5.994033981068325
	[FMU][log][FMU status:OK] fmi2GetReal: outputs[2] = 3.80643947096168
	[FMU][log][FMU status:OK] fmi2GetReal: outputs[3] = 0.7999999999999999
	[FMU][log][FMU status:OK] fmi2GetReal: outputs[4] = 0
	[FMU][log][FMU status:OK] fmi2SetReal: nvr = 1
	[FMU][log][FMU status:OK] fmi2SetReal: inputs = 0
	[FMU][log][FMU status:OK] fmi2DoStep: currentCommunicationPoint = 0.49, communicationStepSize = 0.01, newStep = fmi2True
	[FMU][log][FMU status:OK] fmi2GetReal: outputs[1] = 5.943255787660507
	[FMU][log][FMU status:OK] fmi2GetReal: outputs[2] = 3.788119363806993
	[FMU][log][FMU status:OK] fmi2GetReal: outputs[3] = 0.8999999999999999
	[FMU][log][FMU status:OK] fmi2GetReal: outputs[4] = 0
	[FMU][log][FMU status:OK] fmi2SetReal: nvr = 1
	[FMU][log][FMU status:OK] fmi2SetReal: inputs = 0
	[FMU][log][FMU status:OK] fmi2DoStep: currentCommunicationPoint = 0.5, communicationStepSize = 0.01, newStep = fmi2True
	[FMU][log][FMU status:OK] fmi2GetReal: outputs[1] = 5.862307306964707
	[FMU][log][FMU status:OK] fmi2GetReal: outputs[2] = 3.769067844502791
	[FMU][log][FMU status:OK] fmi2GetReal: outputs[3] = 0.9999999999999999
	[FMU][log][FMU status:OK] fmi2GetReal: outputs[4] = 0
	[FMU][log][FMU status:OK] fmi2SetReal: nvr = 1
	[FMU][log][FMU status:OK] fmi2SetReal: inputs = 0
	[FMU][log][FMU status:OK] fmi2DoStep: currentCommunicationPoint = 0.51, communicationStepSize = 0.01, newStep = fmi2True
	[FMU][log][FMU status:OK] fmi2GetReal: outputs[1] = 5.751201321684412
	[FMU][log][FMU status:OK] fmi2GetReal: outputs[2] = 3.749272130345591
	[FMU][log][FMU status:OK] fmi2GetReal: outputs[3] = 1.1
	[FMU][log][FMU status:OK] fmi2GetReal: outputs[4] = 0
	[FMU][log][FMU status:OK] fmi2SetReal: nvr = 1
	[FMU][log][FMU status:OK] fmi2SetReal: inputs = 0
	[FMU][log][FMU status:OK] fmi2DoStep: currentCommunicationPoint = 0.52, communicationStepSize = 0.01, newStep = fmi2True
	[FMU][log][FMU status:OK] fmi2GetReal: outputs[1] = 5.612975370651857
	[FMU][log][FMU status:OK] fmi2GetReal: outputs[2] = 3.728719556148898
	[FMU][log][FMU status:OK] fmi2GetReal: outputs[3] = 1.2
	[FMU][log][FMU status:OK] fmi2GetReal: outputs[4] = 0
	[FMU][log][FMU status:OK] fmi2SetReal: nvr = 1
	[FMU][log][FMU status:OK] fmi2SetReal: inputs = 0
	[FMU][log][FMU status:OK] fmi2DoStep: currentCommunicationPoint = 0.53, communicationStepSize = 0.01, newStep = fmi2True
	[FMU][log][FMU status:OK] fmi2GetReal: outputs[1] = 5.453395651120064
	[FMU][log][FMU status:OK] fmi2GetReal: outputs[2] = 3.707397576243196
	[FMU][log][FMU status:OK] fmi2GetReal: outputs[3] = 1.3
	[FMU][log][FMU status:OK] fmi2GetReal: outputs[4] = 0
	[FMU][log][FMU status:OK] fmi2SetReal: nvr = 1
	[FMU][log][FMU status:OK] fmi2SetReal: inputs = 0
	[FMU][log][FMU status:OK] fmi2DoStep: currentCommunicationPoint = 0.54, communicationStepSize = 0.01, newStep = fmi2True
	[FMU][log][FMU status:OK] fmi2GetReal: outputs[1] = 5.280393809276698
	[FMU][log][FMU status:OK] fmi2GetReal: outputs[2] = 3.685293766457046
	[FMU][log][FMU status:OK] fmi2GetReal: outputs[3] = 1.4
	[FMU][log][FMU status:OK] fmi2GetReal: outputs[4] = 0
	[FMU][log][FMU status:OK] fmi2SetReal: nvr = 1
	[FMU][log][FMU status:OK] fmi2SetReal: inputs = 0
	[FMU][log][FMU status:OK] fmi2DoStep: currentCommunicationPoint = 0.55, communicationStepSize = 0.01, newStep = fmi2True
	[FMU][log][FMU status:OK] fmi2GetReal: outputs[1] = 5.103291749654732
	[FMU][log][FMU status:OK] fmi2GetReal: outputs[2] = 3.662395826079013
	[FMU][log][FMU status:OK] fmi2GetReal: outputs[3] = 1.5
	[FMU][log][FMU status:OK] fmi2GetReal: outputs[4] = 0
	[FMU][log][FMU status:OK] fmi2SetReal: nvr = 1
	[FMU][log][FMU status:OK] fmi2SetReal: inputs = 0
	[FMU][log][FMU status:OK] fmi2DoStep: currentCommunicationPoint = 0.56, communicationStepSize = 0.01, newStep = fmi2True
	[FMU][log][FMU status:OK] fmi2GetReal: outputs[1] = 4.931890344304143
	[FMU][log][FMU status:OK] fmi2GetReal: outputs[2] = 3.638691579800086
	[FMU][log][FMU status:OK] fmi2GetReal: outputs[3] = 1.6
	[FMU][log][FMU status:OK] fmi2GetReal: outputs[4] = 0
	[FMU][log][FMU status:OK] fmi2SetReal: nvr = 1
	[FMU][log][FMU status:OK] fmi2SetReal: inputs = 0
	[FMU][log][FMU status:OK] fmi2DoStep: currentCommunicationPoint = 0.57, communicationStepSize = 0.01, newStep = fmi2True
	[FMU][log][FMU status:OK] fmi2GetReal: outputs[1] = 4.775511245030429
	[FMU][log][FMU status:OK] fmi2GetReal: outputs[2] = 3.614168979636306
	[FMU][log][FMU status:OK] fmi2GetReal: outputs[3] = 1.7
	[FMU][log][FMU status:OK] fmi2GetReal: outputs[4] = 0
	[FMU][log][FMU status:OK] fmi2SetReal: nvr = 1
	[FMU][log][FMU status:OK] fmi2SetReal: inputs = 0
	[FMU][log][FMU status:OK] fmi2DoStep: currentCommunicationPoint = 0.58, communicationStepSize = 0.01, newStep = fmi2True
	[FMU][log][FMU status:OK] fmi2GetReal: outputs[1] = 4.642085592606213
	[FMU][log][FMU status:OK] fmi2GetReal: outputs[2] = 3.588816106831275
	[FMU][log][FMU status:OK] fmi2GetReal: outputs[3] = 1.800000000000001
	[FMU][log][FMU status:OK] fmi2GetReal: outputs[4] = 0
	[FMU][log][FMU status:OK] fmi2SetReal: nvr = 1
	[FMU][log][FMU status:OK] fmi2SetReal: inputs = 0
	[FMU][log][FMU status:OK] fmi2DoStep: currentCommunicationPoint = 0.59, communicationStepSize = 0.01, newStep = fmi2True
	[FMU][log][FMU status:OK] fmi2GetReal: outputs[1] = 4.537378826261721
	[FMU][log][FMU status:OK] fmi2GetReal: outputs[2] = 3.562621173738273
	[FMU][log][FMU status:OK] fmi2GetReal: outputs[3] = 1.900000000000001
	[FMU][log][FMU status:OK] fmi2GetReal: outputs[4] = 0
	[FMU][log][FMU status:OK] fmi2SetReal: nvr = 1
	[FMU][log][FMU status:OK] fmi2SetReal: inputs = 0
	[FMU][log][FMU status:OK] fmi2DoStep: currentCommunicationPoint = 0.6, communicationStepSize = 0.01, newStep = fmi2True
	[FMU][log][FMU status:OK] fmi2GetReal: outputs[1] = 4.464427474318335
	[FMU][log][FMU status:OK] fmi2GetReal: outputs[2] = 3.535572525681661
	[FMU][log][FMU status:OK] fmi2GetReal: outputs[3] = 2
	[FMU][log][FMU status:OK] fmi2GetReal: outputs[4] = 0
	[FMU][log][FMU status:OK] fmi2SetReal: nvr = 1
	[FMU][log][FMU status:OK] fmi2SetReal: inputs = 0
	[FMU][log][FMU status:OK] fmi2DoStep: currentCommunicationPoint = 0.61, communicationStepSize = 0.01, newStep = fmi2True
	[FMU][log][FMU status:OK] fmi2DoStep: state event at 0.62, z17 crosses zero -/-
	[FMU][log][FMU status:OK] fmi2GetReal: outputs[1] = 4.423243056640205
	[FMU][log][FMU status:OK] fmi2GetReal: outputs[2] = 3.507658642797286
	[FMU][log][FMU status:OK] fmi2GetReal: outputs[3] = 2.100000000000001
	[FMU][log][FMU status:OK] fmi2GetReal: outputs[4] = 0
	[FMU][log][FMU status:OK] fmi2SetReal: nvr = 1
	[FMU][log][FMU status:OK] fmi2SetReal: inputs = 0
	[FMU][log][FMU status:OK] fmi2DoStep: currentCommunicationPoint = 0.62, communicationStepSize = 0.01, newStep = fmi2True
	[FMU][log][FMU status:OK] fmi2GetReal: outputs[1] = 4.410812082815131
	[FMU][log][FMU status:OK] fmi2GetReal: outputs[2] = 3.478868141851608
	[FMU][log][FMU status:OK] fmi2GetReal: outputs[3] = 2.200000000000001
	[FMU][log][FMU status:OK] fmi2GetReal: outputs[4] = 0
	[FMU][log][FMU status:OK] fmi2SetReal: nvr = 1
	[FMU][log][FMU status:OK] fmi2SetReal: inputs = 0
	[FMU][log][FMU status:OK] fmi2DoStep: currentCommunicationPoint = 0.63, communicationStepSize = 0.01, newStep = fmi2True
	[FMU][log][FMU status:OK] fmi2GetReal: outputs[1] = 4.421392146064995
	[FMU][log][FMU status:OK] fmi2GetReal: outputs[2] = 3.449189778039239
	[FMU][log][FMU status:OK] fmi2GetReal: outputs[3] = 2.300000000000001
	[FMU][log][FMU status:OK] fmi2GetReal: outputs[4] = 0
	[FMU][log][FMU status:OK] fmi2SetReal: nvr = 1
	[FMU][log][FMU status:OK] fmi2SetReal: inputs = 0
	[FMU][log][FMU status:OK] fmi2DoStep: currentCommunicationPoint = 0.64, communicationStepSize = 0.01, newStep = fmi2True
	[FMU][log][FMU status:OK] fmi2GetReal: outputs[1] = 4.447075128975118
	[FMU][log][FMU status:OK] fmi2GetReal: outputs[2] = 3.418612446758631
	[FMU][log][FMU status:OK] fmi2GetReal: outputs[3] = 2.400000000000001
	[FMU][log][FMU status:OK] fmi2GetReal: outputs[4] = 0
	[FMU][log][FMU status:OK] fmi2SetReal: nvr = 1
	[FMU][log][FMU status:OK] fmi2SetReal: inputs = 0
	[FMU][log][FMU status:OK] fmi2DoStep: currentCommunicationPoint = 0.65, communicationStepSize = 0.01, newStep = fmi2True
	[FMU][log][FMU status:OK] fmi2GetReal: outputs[1] = 4.478562390368128
	[FMU][log][FMU status:OK] fmi2GetReal: outputs[2] = 3.387125185365621
	[FMU][log][FMU status:OK] fmi2GetReal: outputs[3] = 2.500000000000001
	[FMU][log][FMU status:OK] fmi2GetReal: outputs[4] = 0
	[FMU][log][FMU status:OK] fmi2SetReal: nvr = 1
	[FMU][log][FMU status:OK] fmi2SetReal: inputs = 0
	[FMU][log][FMU status:OK] fmi2DoStep: currentCommunicationPoint = 0.66, communicationStepSize = 0.01, newStep = fmi2True
	[FMU][log][FMU status:OK] fmi2GetReal: outputs[1] = 4.506076052458708
	[FMU][log][FMU status:OK] fmi2GetReal: outputs[2] = 3.354717174904557
	[FMU][log][FMU status:OK] fmi2GetReal: outputs[3] = 2.600000000000001
	[FMU][log][FMU status:OK] fmi2GetReal: outputs[4] = 0
	[FMU][log][FMU status:OK] fmi2SetReal: nvr = 1
	[FMU][log][FMU status:OK] fmi2SetReal: inputs = 0
	[FMU][log][FMU status:OK] fmi2DoStep: currentCommunicationPoint = 0.67, communicationStepSize = 0.01, newStep = fmi2True
	[FMU][log][FMU status:OK] fmi2GetReal: outputs[1] = 4.52031718498402
	[FMU][log][FMU status:OK] fmi2GetReal: outputs[2] = 3.321377741816739
	[FMU][log][FMU status:OK] fmi2GetReal: outputs[3] = 2.700000000000001
	[FMU][log][FMU status:OK] fmi2GetReal: outputs[4] = 0
	[FMU][log][FMU status:OK] fmi2SetReal: nvr = 1
	[FMU][log][FMU status:OK] fmi2SetReal: inputs = 0
	[FMU][log][FMU status:OK] fmi2DoStep: currentCommunicationPoint = 0.68, communicationStepSize = 0.01, newStep = fmi2True
	[FMU][log][FMU status:OK] fmi2GetReal: outputs[1] = 4.513377092404106
	[FMU][log][FMU status:OK] fmi2GetReal: outputs[2] = 3.287096359625899
	[FMU][log][FMU status:OK] fmi2GetReal: outputs[3] = 2.800000000000001
	[FMU][log][FMU status:OK] fmi2GetReal: outputs[4] = 0
	[FMU][log][FMU status:OK] fmi2SetReal: nvr = 1
	[FMU][log][FMU status:OK] fmi2SetReal: inputs = 0
	[FMU][log][FMU status:OK] fmi2DoStep: currentCommunicationPoint = 0.69, communicationStepSize = 0.01, newStep = fmi2True
	[FMU][log][FMU status:OK] fmi2DoStep: state event at 0.7, z17 crosses zero -\-
	[FMU][log][FMU status:OK] fmi2GetReal: outputs[1] = 4.479512500867048
	[FMU][log][FMU status:OK] fmi2GetReal: outputs[2] = 3.251862650600451
	[FMU][log][FMU status:OK] fmi2GetReal: outputs[3] = 2.900000000000001
	[FMU][log][FMU status:OK] fmi2GetReal: outputs[4] = 0
	[FMU][log][FMU status:OK] fmi2SetReal: nvr = 1
	[FMU][log][FMU status:OK] fmi2SetReal: inputs = 0
	[FMU][log][FMU status:OK] fmi2DoStep: currentCommunicationPoint = 0.7, communicationStepSize = 0.01, newStep = fmi2True
	[FMU][log][FMU status:OK] fmi2GetReal: outputs[1] = 4.415708764075244
	[FMU][log][FMU status:OK] fmi2GetReal: outputs[2] = 3.215666387392254
	[FMU][log][FMU status:OK] fmi2GetReal: outputs[3] = 3.000000000000001
	[FMU][log][FMU status:OK] fmi2GetReal: outputs[4] = 0
	[FMU][log][FMU status:OK] fmi2SetReal: nvr = 1
	[FMU][log][FMU status:OK] fmi2SetReal: inputs = 0
	[FMU][log][FMU status:OK] fmi2DoStep: currentCommunicationPoint = 0.71, communicationStepSize = 0.01, newStep = fmi2True
	[FMU][log][FMU status:OK] fmi2GetReal: outputs[1] = 4.321975957378369
	[FMU][log][FMU status:OK] fmi2GetReal: outputs[2] = 3.178497494651633
	[FMU][log][FMU status:OK] fmi2GetReal: outputs[3] = 3.100000000000001
	[FMU][log][FMU status:OK] fmi2GetReal: outputs[4] = 0
	[FMU][log][FMU status:OK] fmi2SetReal: nvr = 1
	[FMU][log][FMU status:OK] fmi2SetReal: inputs = 0
	[FMU][log][FMU status:OK] fmi2DoStep: currentCommunicationPoint = 0.72, communicationStepSize = 0.01, newStep = fmi2True
	[FMU][log][FMU status:OK] fmi2DoStep: state event at 0.73, z4 crosses zero -/-
	[FMU][log][FMU status:OK] fmi2DoStep: state event at 0.73, z20 crosses zero -\-
	[FMU][log][FMU status:OK] fmi2GetReal: outputs[1] = 4.201348876182363
	[FMU][log][FMU status:OK] fmi2GetReal: outputs[2] = 3.14034605061839
	[FMU][log][FMU status:OK] fmi2GetReal: outputs[3] = 3.200000000000002
	[FMU][log][FMU status:OK] fmi2GetReal: outputs[4] = 0
	[FMU][log][FMU status:OK] fmi2SetReal: nvr = 1
	[FMU][log][FMU status:OK] fmi2SetReal: inputs = 0
	[FMU][log][FMU status:OK] fmi2DoStep: currentCommunicationPoint = 0.73, communicationStepSize = 0.01, newStep = fmi2True
	[FMU][log][FMU status:OK] fmi2GetReal: outputs[1] = 4.059590938674691
	[FMU][log][FMU status:OK] fmi2GetReal: outputs[2] = 3.170774169653478
	[FMU][log][FMU status:OK] fmi2GetReal: outputs[3] = 3.23042811903509
	[FMU][log][FMU status:OK] fmi2GetReal: outputs[4] = 0
	[FMU][log][FMU status:OK] fmi2SetReal: nvr = 1
	[FMU][log][FMU status:OK] fmi2SetReal: inputs = 0
	[FMU][log][FMU status:OK] fmi2DoStep: currentCommunicationPoint = 0.74, communicationStepSize = 0.01, newStep = fmi2True
	[FMU][log][FMU status:OK] fmi2GetReal: outputs[1] = 3.904630976777038
	[FMU][log][FMU status:OK] fmi2GetReal: outputs[2] = 3.200701324787547
	[FMU][log][FMU status:OK] fmi2GetReal: outputs[3] = 3.260355274169159
	[FMU][log][FMU status:OK] fmi2GetReal: outputs[4] = 0
	[FMU][log][FMU status:OK] fmi2SetReal: nvr = 1
	[FMU][log][FMU status:OK] fmi2SetReal: inputs = 0
	[FMU][log][FMU status:OK] fmi2DoStep: currentCommunicationPoint = 0.75, communicationStepSize = 0.01, newStep = fmi2True
	[FMU][log][FMU status:OK] fmi2GetReal: outputs[1] = 3.745788046000384
	[FMU][log][FMU status:OK] fmi2GetReal: outputs[2] = 3.230122790175874
	[FMU][log][FMU status:OK] fmi2GetReal: outputs[3] = 3.289776739557486
	[FMU][log][FMU status:OK] fmi2GetReal: outputs[4] = 0
	[FMU][log][FMU status:OK] fmi2SetReal: nvr = 1
	[FMU][log][FMU status:OK] fmi2SetReal: inputs = 0
	[FMU][log][FMU status:OK] fmi2DoStep: currentCommunicationPoint = 0.76, communicationStepSize = 0.01, newStep = fmi2True
	[FMU][log][FMU status:OK] fmi2GetReal: outputs[1] = 3.592860135066597
	[FMU][log][FMU status:OK] fmi2GetReal: outputs[2] = 3.25903391982801
	[FMU][log][FMU status:OK] fmi2GetReal: outputs[3] = 3.318687869209622
	[FMU][log][FMU status:OK] fmi2GetReal: outputs[4] = 0
	[FMU][log][FMU status:OK] fmi2SetReal: nvr = 1
	[FMU][log][FMU status:OK] fmi2SetReal: inputs = 0
	[FMU][log][FMU status:OK] fmi2DoStep: currentCommunicationPoint = 0.77, communicationStepSize = 0.01, newStep = fmi2True
	[FMU][log][FMU status:OK] fmi2GetReal: outputs[1] = 3.455165978602255
	[FMU][log][FMU status:OK] fmi2GetReal: outputs[2] = 3.287430148341434
	[FMU][log][FMU status:OK] fmi2GetReal: outputs[3] = 3.347084097723046
	[FMU][log][FMU status:OK] fmi2GetReal: outputs[4] = 0
	[FMU][log][FMU status:OK] fmi2SetReal: nvr = 1
	[FMU][log][FMU status:OK] fmi2SetReal: inputs = 0
	[FMU][log][FMU status:OK] fmi2DoStep: currentCommunicationPoint = 0.78, communicationStepSize = 0.01, newStep = fmi2True
	[FMU][log][FMU status:OK] fmi2GetReal: outputs[1] = 3.340633766810907
	[FMU][log][FMU status:OK] fmi2GetReal: outputs[2] = 3.315306991622485
	[FMU][log][FMU status:OK] fmi2GetReal: outputs[3] = 3.374960941004097
	[FMU][log][FMU status:OK] fmi2GetReal: outputs[4] = 0
	[FMU][log][FMU status:OK] fmi2SetReal: nvr = 1
	[FMU][log][FMU status:OK] fmi2SetReal: inputs = 0
	[FMU][log][FMU status:OK] fmi2DoStep: currentCommunicationPoint = 0.79, communicationStepSize = 0.01, newStep = fmi2True
	[FMU][log][FMU status:OK] fmi2DoStep: state event at 0.8, z3 crosses zero -/-
	[FMU][log][FMU status:OK] fmi2DoStep: state event at 0.8, z18 crosses zero -\-
	[FMU][log][FMU status:OK] fmi2GetReal: outputs[1] = 3.255025955429485
	[FMU][log][FMU status:OK] fmi2GetReal: outputs[2] = 3.342660047594449
	[FMU][log][FMU status:OK] fmi2GetReal: outputs[3] = 3.402313996976061
	[FMU][log][FMU status:OK] fmi2GetReal: outputs[4] = 0
	[FMU][log][FMU status:OK] fmi2SetReal: nvr = 1
	[FMU][log][FMU status:OK] fmi2SetReal: inputs = 0
	[FMU][log][FMU status:OK] fmi2DoStep: currentCommunicationPoint = 0.8, communicationStepSize = 0.01, newStep = fmi2True
	[FMU][log][FMU status:OK] fmi2GetReal: outputs[1] = 3.255025955429486
	[FMU][log][FMU status:OK] fmi2GetReal: outputs[2] = 3.34266004759445
	[FMU][log][FMU status:OK] fmi2GetReal: outputs[3] = 3.402313996976062
	[FMU][log][FMU status:OK] fmi2GetReal: outputs[4] = 0
	[FMU][log][FMU status:OK] fmi2SetReal: nvr = 1
	[FMU][log][FMU status:OK] fmi2SetReal: inputs = 0
	[FMU][log][FMU status:OK] fmi2DoStep: currentCommunicationPoint = 0.81, communicationStepSize = 0.01, newStep = fmi2True
	[FMU][log][FMU status:OK] fmi2GetReal: outputs[1] = 3.265326521908651
	[FMU][log][FMU status:OK] fmi2GetReal: outputs[2] = 3.352960614073615
	[FMU][log][FMU status:OK] fmi2GetReal: outputs[3] = 3.412614563455227
	[FMU][log][FMU status:OK] fmi2GetReal: outputs[4] = 0
	[FMU][log][FMU status:OK] fmi2SetReal: nvr = 1
	[FMU][log][FMU status:OK] fmi2SetReal: inputs = 0
	[FMU][log][FMU status:OK] fmi2DoStep: currentCommunicationPoint = 0.82, communicationStepSize = 0.01, newStep = fmi2True
	[FMU][log][FMU status:OK] fmi2DoStep: state event at 0.83, z18 crosses zero -/-
	[FMU][log][FMU status:OK] fmi2GetReal: outputs[1] = 3.284919363651734
	[FMU][log][FMU status:OK] fmi2GetReal: outputs[2] = 3.372553455816698
	[FMU][log][FMU status:OK] fmi2GetReal: outputs[3] = 3.43220740519831
	[FMU][log][FMU status:OK] fmi2GetReal: outputs[4] = 0
	[FMU][log][FMU status:OK] fmi2SetReal: nvr = 1
	[FMU][log][FMU status:OK] fmi2SetReal: inputs = 0
	[FMU][log][FMU status:OK] fmi2DoStep: currentCommunicationPoint = 0.83, communicationStepSize = 0.01, newStep = fmi2True
	[FMU][log][FMU status:OK] fmi2DoStep: state event at 0.84, z17 crosses zero -/-
	[FMU][log][FMU status:OK] fmi2GetReal: outputs[1] = 3.311886596797566
	[FMU][log][FMU status:OK] fmi2GetReal: outputs[2] = 3.39952068896253
	[FMU][log][FMU status:OK] fmi2GetReal: outputs[3] = 3.459174638344142
	[FMU][log][FMU status:OK] fmi2GetReal: outputs[4] = 0
	[FMU][log][FMU status:OK] fmi2SetReal: nvr = 1
	[FMU][log][FMU status:OK] fmi2SetReal: inputs = 0
	[FMU][log][FMU status:OK] fmi2DoStep: currentCommunicationPoint = 0.84, communicationStepSize = 0.01, newStep = fmi2True
	[FMU][log][FMU status:OK] fmi2GetReal: outputs[1] = 3.357650234838359
	[FMU][log][FMU status:OK] fmi2GetReal: outputs[2] = 3.424191695756891
	[FMU][log][FMU status:OK] fmi2GetReal: outputs[3] = 3.483845645138503
	[FMU][log][FMU status:OK] fmi2GetReal: outputs[4] = 0
	[FMU][log][FMU status:OK] fmi2SetReal: nvr = 1
	[FMU][log][FMU status:OK] fmi2SetReal: inputs = 0
	[FMU][log][FMU status:OK] fmi2DoStep: currentCommunicationPoint = 0.85, communicationStepSize = 0.01, newStep = fmi2True
	[FMU][log][FMU status:OK] fmi2GetReal: outputs[1] = 3.409405100061451
	[FMU][log][FMU status:OK] fmi2GetReal: outputs[2] = 3.448314263145345
	[FMU][log][FMU status:OK] fmi2GetReal: outputs[3] = 3.507968212526957
	[FMU][log][FMU status:OK] fmi2GetReal: outputs[4] = 0
	[FMU][log][FMU status:OK] fmi2SetReal: nvr = 1
	[FMU][log][FMU status:OK] fmi2SetReal: inputs = 0
	[FMU][log][FMU status:OK] fmi2DoStep: currentCommunicationPoint = 0.86, communicationStepSize = 0.01, newStep = fmi2True
	[FMU][log][FMU status:OK] fmi2GetReal: outputs[1] = 3.457370114191931
	[FMU][log][FMU status:OK] fmi2GetReal: outputs[2] = 3.471884581894862
	[FMU][log][FMU status:OK] fmi2GetReal: outputs[3] = 3.531538531276474
	[FMU][log][FMU status:OK] fmi2GetReal: outputs[4] = 0
	[FMU][log][FMU status:OK] fmi2SetReal: nvr = 1
	[FMU][log][FMU status:OK] fmi2SetReal: inputs = 0
	[FMU][log][FMU status:OK] fmi2DoStep: currentCommunicationPoint = 0.87, communicationStepSize = 0.01, newStep = fmi2True
	[FMU][log][FMU status:OK] fmi2DoStep: state event at 0.88, z17 crosses zero -\-
	[FMU][log][FMU status:OK] fmi2GetReal: outputs[1] = 3.492243117461394
	[FMU][log][FMU status:OK] fmi2GetReal: outputs[2] = 3.494898929978878
	[FMU][log][FMU status:OK] fmi2GetReal: outputs[3] = 3.55455287936049
	[FMU][log][FMU status:OK] fmi2GetReal: outputs[4] = 0
	[FMU][log][FMU status:OK] fmi2SetReal: nvr = 1
	[FMU][log][FMU status:OK] fmi2SetReal: inputs = 0
	[FMU][log][FMU status:OK] fmi2DoStep: currentCommunicationPoint = 0.88, communicationStepSize = 0.01, newStep = fmi2True
	[FMU][log][FMU status:OK] fmi2GetReal: outputs[1] = 3.50611215631832
	[FMU][log][FMU status:OK] fmi2GetReal: outputs[2] = 3.517353673165038
	[FMU][log][FMU status:OK] fmi2GetReal: outputs[3] = 3.57700762254665
	[FMU][log][FMU status:OK] fmi2GetReal: outputs[4] = 0
	[FMU][log][FMU status:OK] fmi2SetReal: nvr = 1
	[FMU][log][FMU status:OK] fmi2SetReal: inputs = 0
	[FMU][log][FMU status:OK] fmi2DoStep: currentCommunicationPoint = 0.89, communicationStepSize = 0.01, newStep = fmi2True
	[FMU][log][FMU status:OK] fmi2GetReal: outputs[1] = 3.493230670907709
	[FMU][log][FMU status:OK] fmi2GetReal: outputs[2] = 3.53924526558909
	[FMU][log][FMU status:OK] fmi2GetReal: outputs[3] = 3.598899214970702
	[FMU][log][FMU status:OK] fmi2GetReal: outputs[4] = 0
	[FMU][log][FMU status:OK] fmi2SetReal: nvr = 1
	[FMU][log][FMU status:OK] fmi2SetReal: inputs = 0.9999999999999445
	[FMU][log][FMU status:OK] fmi2DoStep: currentCommunicationPoint = 0.9, communicationStepSize = 0.01, newStep = fmi2True
	[FMU][log][FMU status:OK] fmi2DoStep: state event at 0.91, z0 crosses zero -\-
	[FMU][log][FMU status:OK] fmi2DoStep: state event at 0.91, z22 crosses zero -\-
	[FMU][log][FMU status:OK] fmi2GetReal: outputs[1] = 3.450580701456259
	[FMU][log][FMU status:OK] fmi2GetReal: outputs[2] = 3.560570250314814
	[FMU][log][FMU status:OK] fmi2GetReal: outputs[3] = 3.620224199696426
	[FMU][log][FMU status:OK] fmi2GetReal: outputs[4] = 0
	[FMU][log][FMU status:OK] fmi2SetReal: nvr = 1
	[FMU][log][FMU status:OK] fmi2SetReal: inputs = 1
	[FMU][log][FMU status:OK] fmi2DoStep: currentCommunicationPoint = 0.91, communicationStepSize = 0.01, newStep = fmi2True
	[FMU][log][FMU status:OK] fmi2GetReal: outputs[1] = 3.378168982888559
	[FMU][log][FMU status:OK] fmi2GetReal: outputs[2] = 3.531325259879918
	[FMU][log][FMU status:OK] fmi2GetReal: outputs[3] = 3.59097920926153
	[FMU][log][FMU status:OK] fmi2GetReal: outputs[4] = 0.09999999999999444
	[FMU][log][FMU status:OK] fmi2SetReal: nvr = 1
	[FMU][log][FMU status:OK] fmi2SetReal: inputs = 1
	[FMU][log][FMU status:OK] fmi2DoStep: currentCommunicationPoint = 0.92, communicationStepSize = 0.01, newStep = fmi2True
	[FMU][log][FMU status:OK] fmi2GetReal: outputs[1] = 3.279026943763573
	[FMU][log][FMU status:OK] fmi2GetReal: outputs[2] = 3.501507016827787
	[FMU][log][FMU status:OK] fmi2GetReal: outputs[3] = 3.561160966209399
	[FMU][log][FMU status:OK] fmi2GetReal: outputs[4] = 0.1999999999999945
	[FMU][log][FMU status:OK] fmi2SetReal: nvr = 1
	[FMU][log][FMU status:OK] fmi2SetReal: inputs = 1
	[FMU][log][FMU status:OK] fmi2DoStep: currentCommunicationPoint = 0.93, communicationStepSize = 0.01, newStep = fmi2True
	[FMU][log][FMU status:OK] fmi2GetReal: outputs[1] = 3.158914609531557
	[FMU][log][FMU status:OK] fmi2GetReal: outputs[2] = 3.471112334225047
	[FMU][log][FMU status:OK] fmi2GetReal: outputs[3] = 3.530766283606659
	[FMU][log][FMU status:OK] fmi2GetReal: outputs[4] = 0.2999999999999945
	[FMU][log][FMU status:OK] fmi2SetReal: nvr = 1
	[FMU][log][FMU status:OK] fmi2SetReal: inputs = 1
	[FMU][log][FMU status:OK] fmi2DoStep: currentCommunicationPoint = 0.94, communicationStepSize = 0.01, newStep = fmi2True
	[FMU][log][FMU status:OK] fmi2GetReal: outputs[1] = 3.025757394022518
	[FMU][log][FMU status:OK] fmi2GetReal: outputs[2] = 3.440138116164809
	[FMU][log][FMU status:OK] fmi2GetReal: outputs[3] = 3.499792065546421
	[FMU][log][FMU status:OK] fmi2GetReal: outputs[4] = 0.3999999999999945
	[FMU][log][FMU status:OK] fmi2SetReal: nvr = 1
	[FMU][log][FMU status:OK] fmi2SetReal: inputs = 1
	[FMU][log][FMU status:OK] fmi2DoStep: currentCommunicationPoint = 0.95, communicationStepSize = 0.01, newStep = fmi2True
	[FMU][log][FMU status:OK] fmi2GetReal: outputs[1] = 2.888870909841035
	[FMU][log][FMU status:OK] fmi2GetReal: outputs[2] = 3.40858135825555
	[FMU][log][FMU status:OK] fmi2GetReal: outputs[3] = 3.468235307637162
	[FMU][log][FMU status:OK] fmi2GetReal: outputs[4] = 0.4999999999999945
	[FMU][log][FMU status:OK] fmi2SetReal: nvr = 1
	[FMU][log][FMU status:OK] fmi2SetReal: inputs = 1
	[FMU][log][FMU status:OK] fmi2DoStep: currentCommunicationPoint = 0.96, communicationStepSize = 0.01, newStep = fmi2True
	[FMU][log][FMU status:OK] fmi2GetReal: outputs[1] = 2.758049678531533
	[FMU][log][FMU status:OK] fmi2GetReal: outputs[2] = 3.376439148095544
	[FMU][log][FMU status:OK] fmi2GetReal: outputs[3] = 3.436093097477156
	[FMU][log][FMU status:OK] fmi2GetReal: outputs[4] = 0.5999999999999944
	[FMU][log][FMU status:OK] fmi2SetReal: nvr = 1
	[FMU][log][FMU status:OK] fmi2SetReal: inputs = 1
	[FMU][log][FMU status:OK] fmi2DoStep: currentCommunicationPoint = 0.97, communicationStepSize = 0.01, newStep = fmi2True
	[FMU][log][FMU status:OK] fmi2GetReal: outputs[1] = 2.642608943819605
	[FMU][log][FMU status:OK] fmi2GetReal: outputs[2] = 3.343708665732761
	[FMU][log][FMU status:OK] fmi2GetReal: outputs[3] = 3.403362615114373
	[FMU][log][FMU status:OK] fmi2GetReal: outputs[4] = 0.6999999999999944
	[FMU][log][FMU status:OK] fmi2SetReal: nvr = 1
	[FMU][log][FMU status:OK] fmi2SetReal: inputs = 1
	[FMU][log][FMU status:OK] fmi2DoStep: currentCommunicationPoint = 0.98, communicationStepSize = 0.01, newStep = fmi2True
	[FMU][log][FMU status:OK] fmi2GetReal: outputs[1] = 2.550473381835539
	[FMU][log][FMU status:OK] fmi2GetReal: outputs[2] = 3.310387184110171
	[FMU][log][FMU status:OK] fmi2GetReal: outputs[3] = 3.370041133491783
	[FMU][log][FMU status:OK] fmi2GetReal: outputs[4] = 0.7999999999999944
	[FMU][log][FMU status:OK] fmi2SetReal: nvr = 1
	[FMU][log][FMU status:OK] fmi2SetReal: inputs = 1
	[FMU][log][FMU status:OK] fmi2DoStep: currentCommunicationPoint = 0.99, communicationStepSize = 0.01, newStep = fmi2True
	[FMU][log][FMU status:OK] fmi2DoStep: state event at 1, z17 crosses zero -/-
	[FMU][log][FMU status:OK] fmi2GetReal: outputs[1] = 2.487401911625629
	[FMU][log][FMU status:OK] fmi2GetReal: outputs[2] = 3.276472069496379
	[FMU][log][FMU status:OK] fmi2GetReal: outputs[3] = 3.336126018877991
	[FMU][log][FMU status:OK] fmi2GetReal: outputs[4] = 0.8999999999999944
	[FMU][log][FMU status:OK] fmi2SetReal: nvr = 1
	[FMU][log][FMU status:OK] fmi2SetReal: inputs = 1
	[FMU][log][FMU status:OK] fmi2DoStep: currentCommunicationPoint = 1, communicationStepSize = 0.01, newStep = fmi2True
	[FMU][log][FMU status:OK] fmi2GetReal: outputs[1] = 2.456424486815348
	[FMU][log][FMU status:OK] fmi2GetReal: outputs[2] = 3.241960781901521
	[FMU][log][FMU status:OK] fmi2GetReal: outputs[3] = 3.301614731283133
	[FMU][log][FMU status:OK] fmi2GetReal: outputs[4] = 0.9999999999999943
	[FMU][log][FMU status:OK] fmi2SetReal: nvr = 1
	[FMU][log][FMU status:OK] fmi2SetReal: inputs = 1
	[FMU][log][FMU status:OK] fmi2DoStep: currentCommunicationPoint = 1.01, communicationStepSize = 0.01, newStep = fmi2True
	[FMU][log][FMU status:OK] fmi2GetReal: outputs[1] = 2.457545999099172
	[FMU][log][FMU status:OK] fmi2GetReal: outputs[2] = 3.206850875478357
	[FMU][log][FMU status:OK] fmi2GetReal: outputs[3] = 3.266504824859969
	[FMU][log][FMU status:OK] fmi2GetReal: outputs[4] = 1.099999999999994
	[FMU][log][FMU status:OK] fmi2SetReal: nvr = 1
	[FMU][log][FMU status:OK] fmi2SetReal: inputs = 1
	[FMU][log][FMU status:OK] fmi2DoStep: currentCommunicationPoint = 1.02, communicationStepSize = 0.01, newStep = fmi2True
	[FMU][log][FMU status:OK] fmi2GetReal: outputs[1] = 2.487746277468136
	[FMU][log][FMU status:OK] fmi2GetReal: outputs[2] = 3.1711399989085
	[FMU][log][FMU status:OK] fmi2GetReal: outputs[3] = 3.230793948290112
	[FMU][log][FMU status:OK] fmi2GetReal: outputs[4] = 1.199999999999994
	[FMU][log][FMU status:OK] fmi2SetReal: nvr = 1
	[FMU][log][FMU status:OK] fmi2SetReal: inputs = 1
	[FMU][log][FMU status:OK] fmi2DoStep: currentCommunicationPoint = 1.03, communicationStepSize = 0.01, newStep = fmi2True
	[FMU][log][FMU status:OK] fmi2GetReal: outputs[1] = 2.541276183175202
	[FMU][log][FMU status:OK] fmi2GetReal: outputs[2] = 3.134825895773715
	[FMU][log][FMU status:OK] fmi2GetReal: outputs[3] = 3.194479845155327
	[FMU][log][FMU status:OK] fmi2GetReal: outputs[4] = 1.299999999999995
	[FMU][log][FMU status:OK] fmi2SetReal: nvr = 1
	[FMU][log][FMU status:OK] fmi2SetReal: inputs = 1
	[FMU][log][FMU status:OK] fmi2DoStep: currentCommunicationPoint = 1.04, communicationStepSize = 0.01, newStep = fmi2True
	[FMU][log][FMU status:OK] fmi2GetReal: outputs[1] = 2.610220816527676
	[FMU][log][FMU status:OK] fmi2GetReal: outputs[2] = 3.097906404912236
	[FMU][log][FMU status:OK] fmi2GetReal: outputs[3] = 3.157560354293848
	[FMU][log][FMU status:OK] fmi2GetReal: outputs[4] = 1.399999999999995
	[FMU][log][FMU status:OK] fmi2SetReal: nvr = 1
	[FMU][log][FMU status:OK] fmi2SetReal: inputs = 1
	[FMU][log][FMU status:OK] fmi2DoStep: currentCommunicationPoint = 1.05, communicationStepSize = 0.01, newStep = fmi2True
	[FMU][log][FMU status:OK] fmi2GetReal: outputs[1] = 2.685274704832078
	[FMU][log][FMU status:OK] fmi2GetReal: outputs[2] = 3.060379460760035
	[FMU][log][FMU status:OK] fmi2GetReal: outputs[3] = 3.120033410141647
	[FMU][log][FMU status:OK] fmi2GetReal: outputs[4] = 1.499999999999995
	[FMU][log][FMU status:OK] fmi2SetReal: nvr = 1
	[FMU][log][FMU status:OK] fmi2SetReal: inputs = 1
	[FMU][log][FMU status:OK] fmi2DoStep: currentCommunicationPoint = 1.06, communicationStepSize = 0.01, newStep = fmi2True
	[FMU][log][FMU status:OK] fmi2GetReal: outputs[1] = 2.756653090627659
	[FMU][log][FMU status:OK] fmi2GetReal: outputs[2] = 3.022243093677002
	[FMU][log][FMU status:OK] fmi2GetReal: outputs[3] = 3.081897043058614
	[FMU][log][FMU status:OK] fmi2GetReal: outputs[4] = 1.599999999999995
	[FMU][log][FMU status:OK] fmi2SetReal: nvr = 1
	[FMU][log][FMU status:OK] fmi2SetReal: inputs = 1
	[FMU][log][FMU status:OK] fmi2DoStep: currentCommunicationPoint = 1.07, communicationStepSize = 0.01, newStep = fmi2True
	[FMU][log][FMU status:OK] fmi2GetReal: outputs[1] = 2.815050116903214
	[FMU][log][FMU status:OK] fmi2GetReal: outputs[2] = 2.983495430257972
	[FMU][log][FMU status:OK] fmi2GetReal: outputs[3] = 3.043149379639583
	[FMU][log][FMU status:OK] fmi2GetReal: outputs[4] = 1.699999999999995
	[FMU][log][FMU status:OK] fmi2SetReal: nvr = 1
	[FMU][log][FMU status:OK] fmi2SetReal: inputs = 1
	[FMU][log][FMU status:OK] fmi2DoStep: currentCommunicationPoint = 1.08, communicationStepSize = 0.01, newStep = fmi2True
	[FMU][log][FMU status:OK] fmi2GetReal: outputs[1] = 2.85255011539129
	[FMU][log][FMU status:OK] fmi2GetReal: outputs[2] = 2.944134693628556
	[FMU][log][FMU status:OK] fmi2GetReal: outputs[3] = 3.003788643010168
	[FMU][log][FMU status:OK] fmi2GetReal: outputs[4] = 1.799999999999995
	[FMU][log][FMU status:OK] fmi2SetReal: nvr = 1
	[FMU][log][FMU status:OK] fmi2SetReal: inputs = 1
	[FMU][log][FMU status:OK] fmi2DoStep: currentCommunicationPoint = 1.09, communicationStepSize = 0.01, newStep = fmi2True
	[FMU][log][FMU status:OK] fmi2GetReal: outputs[1] = 2.863402794634424
	[FMU][log][FMU status:OK] fmi2GetReal: outputs[2] = 2.904159203725735
	[FMU][log][FMU status:OK] fmi2GetReal: outputs[3] = 2.963813153107347
	[FMU][log][FMU status:OK] fmi2GetReal: outputs[4] = 1.899999999999995
	[FMU][log][FMU status:OK] fmi2SetReal: nvr = 1
	[FMU][log][FMU status:OK] fmi2SetReal: inputs = 1
	[FMU][log][FMU status:OK] fmi2DoStep: currentCommunicationPoint = 1.1, communicationStepSize = 0.01, newStep = fmi2True
	[FMU][log][FMU status:OK] fmi2DoStep: state event at 1.11, z17 crosses zero -\-
	[FMU][log][FMU status:OK] fmi2GetReal: outputs[1] = 2.844586446959577
	[FMU][log][FMU status:OK] fmi2GetReal: outputs[2] = 2.863567377563157
	[FMU][log][FMU status:OK] fmi2GetReal: outputs[3] = 2.923221326944769
	[FMU][log][FMU status:OK] fmi2GetReal: outputs[4] = 1.999999999999995
	[FMU][log][FMU status:OK] fmi2SetReal: nvr = 1
	[FMU][log][FMU status:OK] fmi2SetReal: inputs = 1
	[FMU][log][FMU status:OK] fmi2DoStep: currentCommunicationPoint = 1.11, communicationStepSize = 0.01, newStep = fmi2True
	[FMU][log][FMU status:OK] fmi2GetReal: outputs[1] = 2.796104043686175
	[FMU][log][FMU status:OK] fmi2GetReal: outputs[2] = 2.82235772948111
	[FMU][log][FMU status:OK] fmi2GetReal: outputs[3] = 2.882011678862722
	[FMU][log][FMU status:OK] fmi2GetReal: outputs[4] = 2.099999999999995
	[FMU][log][FMU status:OK] fmi2SetReal: nvr = 1
	[FMU][log][FMU status:OK] fmi2SetReal: inputs = 1
	[FMU][log][FMU status:OK] fmi2DoStep: currentCommunicationPoint = 1.12, communicationStepSize = 0.01, newStep = fmi2True
	[FMU][log][FMU status:OK] fmi2GetReal: outputs[1] = 2.720983234656897
	[FMU][log][FMU status:OK] fmi2GetReal: outputs[2] = 2.780528871381125
	[FMU][log][FMU status:OK] fmi2GetReal: outputs[3] = 2.840182820762736
	[FMU][log][FMU status:OK] fmi2GetReal: outputs[4] = 2.199999999999995
	[FMU][log][FMU status:OK] fmi2SetReal: nvr = 1
	[FMU][log][FMU status:OK] fmi2SetReal: inputs = 1
	[FMU][log][FMU status:OK] fmi2DoStep: currentCommunicationPoint = 1.13, communicationStepSize = 0.01, newStep = fmi2True
	[FMU][log][FMU status:OK] fmi2GetReal: outputs[1] = 2.624980252091306
	[FMU][log][FMU status:OK] fmi2GetReal: outputs[2] = 2.738079512945172
	[FMU][log][FMU status:OK] fmi2GetReal: outputs[3] = 2.797733462326784
	[FMU][log][FMU status:OK] fmi2GetReal: outputs[4] = 2.299999999999995
	[FMU][log][FMU status:OK] fmi2SetReal: nvr = 1
	[FMU][log][FMU status:OK] fmi2SetReal: inputs = 1
	[FMU][log][FMU status:OK] fmi2DoStep: currentCommunicationPoint = 1.14, communicationStepSize = 0.01, newStep = fmi2True
	[FMU][log][FMU status:OK] fmi2GetReal: outputs[1] = 2.516016702673294
	[FMU][log][FMU status:OK] fmi2GetReal: outputs[2] = 2.69500846183942
	[FMU][log][FMU status:OK] fmi2GetReal: outputs[3] = 2.754662411221032
	[FMU][log][FMU status:OK] fmi2GetReal: outputs[4] = 2.399999999999996
	[FMU][log][FMU status:OK] fmi2SetReal: nvr = 1
	[FMU][log][FMU status:OK] fmi2SetReal: inputs = 1
	[FMU][log][FMU status:OK] fmi2DoStep: currentCommunicationPoint = 1.15, communicationStepSize = 0.01, newStep = fmi2True
	[FMU][log][FMU status:OK] fmi2GetReal: outputs[1] = 2.403404378547104
	[FMU][log][FMU status:OK] fmi2GetReal: outputs[2] = 2.651314623902514
	[FMU][log][FMU status:OK] fmi2GetReal: outputs[3] = 2.710968573284126
	[FMU][log][FMU status:OK] fmi2GetReal: outputs[4] = 2.499999999999996
	[FMU][log][FMU status:OK] fmi2SetReal: nvr = 1
	[FMU][log][FMU status:OK] fmi2SetReal: inputs = 1
	[FMU][log][FMU status:OK] fmi2DoStep: currentCommunicationPoint = 1.16, communicationStepSize = 0.01, newStep = fmi2True
	[FMU][log][FMU status:OK] fmi2GetReal: outputs[1] = 2.296933968085893
	[FMU][log][FMU status:OK] fmi2GetReal: outputs[2] = 2.606997003318363
	[FMU][log][FMU status:OK] fmi2GetReal: outputs[3] = 2.666650952699975
	[FMU][log][FMU status:OK] fmi2GetReal: outputs[4] = 2.599999999999996
	[FMU][log][FMU status:OK] fmi2SetReal: nvr = 1
	[FMU][log][FMU status:OK] fmi2SetReal: inputs = 1
	[FMU][log][FMU status:OK] fmi2DoStep: currentCommunicationPoint = 1.17, communicationStepSize = 0.01, newStep = fmi2True
	[FMU][log][FMU status:OK] fmi2DoStep: state event at 1.18, z5 crosses zero -/-
	[FMU][log][FMU status:OK] fmi2DoStep: state event at 1.18, z23 crosses zero -\-
	[FMU][log][FMU status:OK] fmi2GetReal: outputs[1] = 2.20591686973836
	[FMU][log][FMU status:OK] fmi2GetReal: outputs[2] = 2.562054702773383
	[FMU][log][FMU status:OK] fmi2GetReal: outputs[3] = 2.621708652154995
	[FMU][log][FMU status:OK] fmi2GetReal: outputs[4] = 2.699999999999996
	[FMU][log][FMU status:OK] fmi2SetReal: nvr = 1
	[FMU][log][FMU status:OK] fmi2SetReal: inputs = 1
	[FMU][log][FMU status:OK] fmi2DoStep: currentCommunicationPoint = 1.18, communicationStepSize = 0.01, newStep = fmi2True
	[FMU][log][FMU status:OK] fmi2GetReal: outputs[1] = 2.13827390285948
	[FMU][log][FMU status:OK] fmi2GetReal: outputs[2] = 2.565009516656594
	[FMU][log][FMU status:OK] fmi2GetReal: outputs[3] = 2.624663466038206
	[FMU][log][FMU status:OK] fmi2GetReal: outputs[4] = 2.702954813883207
	[FMU][log][FMU status:OK] fmi2SetReal: nvr = 1
	[FMU][log][FMU status:OK] fmi2SetReal: inputs = 1
	[FMU][log][FMU status:OK] fmi2DoStep: currentCommunicationPoint = 1.19, communicationStepSize = 0.01, newStep = fmi2True
	[FMU][log][FMU status:OK] fmi2GetReal: outputs[1] = 2.099760118830855
	[FMU][log][FMU status:OK] fmi2GetReal: outputs[2] = 2.567546878186972
	[FMU][log][FMU status:OK] fmi2GetReal: outputs[3] = 2.627200827568584
	[FMU][log][FMU status:OK] fmi2GetReal: outputs[4] = 2.705492175413585
	[FMU][log][FMU status:OK] fmi2SetReal: nvr = 1
	[FMU][log][FMU status:OK] fmi2SetReal: inputs = 1
	[FMU][log][FMU status:OK] fmi2DoStep: currentCommunicationPoint = 1.2, communicationStepSize = 0.01, newStep = fmi2True
	[FMU][log][FMU status:OK] fmi2DoStep: state event at 1.21, z17 crosses zero -/-
	[FMU][log][FMU status:OK] fmi2GetReal: outputs[1] = 2.093401593334627
	[FMU][log][FMU status:OK] fmi2GetReal: outputs[2] = 2.569666386685715
	[FMU][log][FMU status:OK] fmi2GetReal: outputs[3] = 2.629320336067327
	[FMU][log][FMU status:OK] fmi2GetReal: outputs[4] = 2.707611683912328
	[FMU][log][FMU status:OK] fmi2SetReal: nvr = 1
	[FMU][log][FMU status:OK] fmi2SetReal: inputs = 1
	[FMU][log][FMU status:OK] fmi2DoStep: currentCommunicationPoint = 1.21, communicationStepSize = 0.01, newStep = fmi2True
	[FMU][log][FMU status:OK] fmi2GetReal: outputs[1] = 2.119199330455681
	[FMU][log][FMU status:OK] fmi2GetReal: outputs[2] = 2.571367707457863
	[FMU][log][FMU status:OK] fmi2GetReal: outputs[3] = 2.631021656839475
	[FMU][log][FMU status:OK] fmi2GetReal: outputs[4] = 2.709313004684476
	[FMU][log][FMU status:OK] fmi2SetReal: nvr = 1
	[FMU][log][FMU status:OK] fmi2SetReal: inputs = 1
	[FMU][log][FMU status:OK] fmi2DoStep: currentCommunicationPoint = 1.22, communicationStepSize = 0.01, newStep = fmi2True
	[FMU][log][FMU status:OK] fmi2GetReal: outputs[1] = 2.17412926252309
	[FMU][log][FMU status:OK] fmi2GetReal: outputs[2] = 2.572650571845143
	[FMU][log][FMU status:OK] fmi2GetReal: outputs[3] = 2.632304521226755
	[FMU][log][FMU status:OK] fmi2GetReal: outputs[4] = 2.710595869071756
	[FMU][log][FMU status:OK] fmi2SetReal: nvr = 1
	[FMU][log][FMU status:OK] fmi2SetReal: inputs = 1
	[FMU][log][FMU status:OK] fmi2DoStep: currentCommunicationPoint = 1.23, communicationStepSize = 0.01, newStep = fmi2True
	[FMU][log][FMU status:OK] fmi2GetReal: outputs[1] = 2.252438345690826
	[FMU][log][FMU status:OK] fmi2GetReal: outputs[2] = 2.573514777268396
	[FMU][log][FMU status:OK] fmi2GetReal: outputs[3] = 2.633168726650008
	[FMU][log][FMU status:OK] fmi2GetReal: outputs[4] = 2.711460074495009
	[FMU][log][FMU status:OK] fmi2SetReal: nvr = 1
	[FMU][log][FMU status:OK] fmi2SetReal: inputs = 1
	[FMU][log][FMU status:OK] fmi2DoStep: currentCommunicationPoint = 1.24, communicationStepSize = 0.01, newStep = fmi2True
	[FMU][log][FMU status:OK] fmi2GetReal: outputs[1] = 2.346207767346823
	[FMU][log][FMU status:OK] fmi2GetReal: outputs[2] = 2.573960187259569
	[FMU][log][FMU status:OK] fmi2GetReal: outputs[3] = 2.633614136641181
	[FMU][log][FMU status:OK] fmi2GetReal: outputs[4] = 2.711905484486182
	[FMU][log][FMU status:OK] fmi2SetReal: nvr = 1
	[FMU][log][FMU status:OK] fmi2SetReal: inputs = 1
	[FMU][log][FMU status:OK] fmi2DoStep: currentCommunicationPoint = 1.25, communicationStepSize = 0.01, newStep = fmi2True
	[FMU][log][FMU status:OK] fmi2DoStep: state event at 1.26, z1 crosses zero -/-
	[FMU][log][FMU status:OK] fmi2DoStep: state event at 1.26, z10 crosses zero -/-
	[FMU][log][FMU status:OK] fmi2DoStep: state event at 1.26, z11 crosses zero -/-
	[FMU][log][FMU status:OK] fmi2GetReal: outputs[1] = 2.44612813467575
	[FMU][log][FMU status:OK] fmi2GetReal: outputs[2] = 2.57398673148326
	[FMU][log][FMU status:OK] fmi2GetReal: outputs[3] = 2.633640680864872
	[FMU][log][FMU status:OK] fmi2GetReal: outputs[4] = 2.711932028709873
	[FMU][log][FMU status:OK] fmi2SetReal: nvr = 1
	[FMU][log][FMU status:OK] fmi2SetReal: inputs = 1
	[FMU][log][FMU status:OK] fmi2DoStep: currentCommunicationPoint = 1.26, communicationStepSize = 0.01, newStep = fmi2True
	[FMU][log][FMU status:OK] fmi2GetReal: outputs[1] = 2.541233786305265
	[FMU][log][FMU status:OK] fmi2GetReal: outputs[2] = 2.57398673148326
	[FMU][log][FMU status:OK] fmi2GetReal: outputs[3] = 2.633640680864872
	[FMU][log][FMU status:OK] fmi2GetReal: outputs[4] = 2.711932028709873
	[FMU][log][FMU status:OK] fmi2SetReal: nvr = 1
	[FMU][log][FMU status:OK] fmi2SetReal: inputs = 1
	[FMU][log][FMU status:OK] fmi2DoStep: currentCommunicationPoint = 1.27, communicationStepSize = 0.01, newStep = fmi2True
	[FMU][log][FMU status:OK] fmi2DoStep: state event at 1.28, z3 crosses zero -\-
	[FMU][log][FMU status:OK] fmi2GetReal: outputs[1] = 2.622135485742758
	[FMU][log][FMU status:OK] fmi2GetReal: outputs[2] = 2.57398673148326
	[FMU][log][FMU status:OK] fmi2GetReal: outputs[3] = 2.633640680864872
	[FMU][log][FMU status:OK] fmi2GetReal: outputs[4] = 2.711932028709873
	[FMU][log][FMU status:OK] fmi2SetReal: nvr = 1
	[FMU][log][FMU status:OK] fmi2SetReal: inputs = 1
	[FMU][log][FMU status:OK] fmi2DoStep: currentCommunicationPoint = 1.28, communicationStepSize = 0.01, newStep = fmi2True
	[FMU][log][FMU status:OK] fmi2GetReal: outputs[1] = 2.680914010972003
	[FMU][log][FMU status:OK] fmi2GetReal: outputs[2] = 2.57398673148326
	[FMU][log][FMU status:OK] fmi2GetReal: outputs[3] = 2.633640680864872
	[FMU][log][FMU status:OK] fmi2GetReal: outputs[4] = 2.711932028709873
	[FMU][log][FMU status:OK] fmi2SetReal: nvr = 1
	[FMU][log][FMU status:OK] fmi2SetReal: inputs = 1
	[FMU][log][FMU status:OK] fmi2DoStep: currentCommunicationPoint = 1.29, communicationStepSize = 0.01, newStep = fmi2True
	[FMU][log][FMU status:OK] fmi2GetReal: outputs[1] = 2.711815710409495
	[FMU][log][FMU status:OK] fmi2GetReal: outputs[2] = 2.57398673148326
	[FMU][log][FMU status:OK] fmi2GetReal: outputs[3] = 2.633640680864872
	[FMU][log][FMU status:OK] fmi2GetReal: outputs[4] = 2.711932028709873
	[FMU][log][FMU status:OK] fmi2SetReal: nvr = 1
	[FMU][log][FMU status:OK] fmi2SetReal: inputs = 1
	[FMU][log][FMU status:OK] fmi2DoStep: currentCommunicationPoint = 1.3, communicationStepSize = 0.01, newStep = fmi2True
	[FMU][log][FMU status:OK] fmi2GetReal: outputs[1] = 2.711815710409492
	[FMU][log][FMU status:OK] fmi2GetReal: outputs[2] = 2.57398673148326
	[FMU][log][FMU status:OK] fmi2GetReal: outputs[3] = 2.633640680864872
	[FMU][log][FMU status:OK] fmi2GetReal: outputs[4] = 2.711932028709873
	[FMU][log][FMU status:OK] fmi2SetReal: nvr = 1
	[FMU][log][FMU status:OK] fmi2SetReal: inputs = 1
	[FMU][log][FMU status:OK] fmi2DoStep: currentCommunicationPoint = 1.31, communicationStepSize = 0.01, newStep = fmi2True
	[FMU][log][FMU status:OK] fmi2GetReal: outputs[1] = 2.680914010971994
	[FMU][log][FMU status:OK] fmi2GetReal: outputs[2] = 2.57398673148326
	[FMU][log][FMU status:OK] fmi2GetReal: outputs[3] = 2.633640680864872
	[FMU][log][FMU status:OK] fmi2GetReal: outputs[4] = 2.711932028709873
	[FMU][log][FMU status:OK] fmi2SetReal: nvr = 1
	[FMU][log][FMU status:OK] fmi2SetReal: inputs = 1
	[FMU][log][FMU status:OK] fmi2DoStep: currentCommunicationPoint = 1.32, communicationStepSize = 0.01, newStep = fmi2True
	[FMU][log][FMU status:OK] fmi2GetReal: outputs[1] = 2.622135485742745
	[FMU][log][FMU status:OK] fmi2GetReal: outputs[2] = 2.57398673148326
	[FMU][log][FMU status:OK] fmi2GetReal: outputs[3] = 2.633640680864872
	[FMU][log][FMU status:OK] fmi2GetReal: outputs[4] = 2.711932028709873
	[FMU][log][FMU status:OK] fmi2SetReal: nvr = 1
	[FMU][log][FMU status:OK] fmi2SetReal: inputs = 1
	[FMU][log][FMU status:OK] fmi2DoStep: currentCommunicationPoint = 1.33, communicationStepSize = 0.01, newStep = fmi2True
	[FMU][log][FMU status:OK] fmi2DoStep: state event at 1.34, z3 crosses zero -/-
	[FMU][log][FMU status:OK] fmi2GetReal: outputs[1] = 2.541233786305249
	[FMU][log][FMU status:OK] fmi2GetReal: outputs[2] = 2.57398673148326
	[FMU][log][FMU status:OK] fmi2GetReal: outputs[3] = 2.633640680864872
	[FMU][log][FMU status:OK] fmi2GetReal: outputs[4] = 2.711932028709873
	[FMU][log][FMU status:OK] fmi2SetReal: nvr = 1
	[FMU][log][FMU status:OK] fmi2SetReal: inputs = 1
	[FMU][log][FMU status:OK] fmi2DoStep: currentCommunicationPoint = 1.34, communicationStepSize = 0.01, newStep = fmi2True
	[FMU][log][FMU status:OK] fmi2GetReal: outputs[1] = 2.446128134675732
	[FMU][log][FMU status:OK] fmi2GetReal: outputs[2] = 2.57398673148326
	[FMU][log][FMU status:OK] fmi2GetReal: outputs[3] = 2.633640680864872
	[FMU][log][FMU status:OK] fmi2GetReal: outputs[4] = 2.711932028709873
	[FMU][log][FMU status:OK] fmi2SetReal: nvr = 1
	[FMU][log][FMU status:OK] fmi2SetReal: inputs = 1
	[FMU][log][FMU status:OK] fmi2DoStep: currentCommunicationPoint = 1.35, communicationStepSize = 0.01, newStep = fmi2True
	[FMU][log][FMU status:OK] fmi2GetReal: outputs[1] = 2.346128134675732
	[FMU][log][FMU status:OK] fmi2GetReal: outputs[2] = 2.57398673148326
	[FMU][log][FMU status:OK] fmi2GetReal: outputs[3] = 2.633640680864872
	[FMU][log][FMU status:OK] fmi2GetReal: outputs[4] = 2.711932028709873
	[FMU][log][FMU status:OK] fmi2SetReal: nvr = 1
	[FMU][log][FMU status:OK] fmi2SetReal: inputs = 1
	[FMU][log][FMU status:OK] fmi2DoStep: currentCommunicationPoint = 1.36, communicationStepSize = 0.01, newStep = fmi2True
	[FMU][log][FMU status:OK] fmi2GetReal: outputs[1] = 2.251022483046218
	[FMU][log][FMU status:OK] fmi2GetReal: outputs[2] = 2.57398673148326
	[FMU][log][FMU status:OK] fmi2GetReal: outputs[3] = 2.633640680864872
	[FMU][log][FMU status:OK] fmi2GetReal: outputs[4] = 2.711932028709873
	[FMU][log][FMU status:OK] fmi2SetReal: nvr = 1
	[FMU][log][FMU status:OK] fmi2SetReal: inputs = 1
	[FMU][log][FMU status:OK] fmi2DoStep: currentCommunicationPoint = 1.37, communicationStepSize = 0.01, newStep = fmi2True
	[FMU][log][FMU status:OK] fmi2GetReal: outputs[1] = 2.170120783608724
	[FMU][log][FMU status:OK] fmi2GetReal: outputs[2] = 2.57398673148326
	[FMU][log][FMU status:OK] fmi2GetReal: outputs[3] = 2.633640680864872
	[FMU][log][FMU status:OK] fmi2GetReal: outputs[4] = 2.711932028709873
	[FMU][log][FMU status:OK] fmi2SetReal: nvr = 1
	[FMU][log][FMU status:OK] fmi2SetReal: inputs = 1
	[FMU][log][FMU status:OK] fmi2DoStep: currentCommunicationPoint = 1.38, communicationStepSize = 0.01, newStep = fmi2True
	[FMU][log][FMU status:OK] fmi2GetReal: outputs[1] = 2.11134225837948
	[FMU][log][FMU status:OK] fmi2GetReal: outputs[2] = 2.57398673148326
	[FMU][log][FMU status:OK] fmi2GetReal: outputs[3] = 2.633640680864872
	[FMU][log][FMU status:OK] fmi2GetReal: outputs[4] = 2.711932028709873
	[FMU][log][FMU status:OK] fmi2SetReal: nvr = 1
	[FMU][log][FMU status:OK] fmi2SetReal: inputs = 1
	[FMU][log][FMU status:OK] fmi2DoStep: currentCommunicationPoint = 1.39, communicationStepSize = 0.01, newStep = fmi2True
	[FMU][log][FMU status:OK] fmi2GetReal: outputs[1] = 2.080440558941988
	[FMU][log][FMU status:OK] fmi2GetReal: outputs[2] = 2.57398673148326
	[FMU][log][FMU status:OK] fmi2GetReal: outputs[3] = 2.633640680864872
	[FMU][log][FMU status:OK] fmi2GetReal: outputs[4] = 2.711932028709873
	[FMU][log][FMU status:OK] fmi2SetReal: nvr = 1
	[FMU][log][FMU status:OK] fmi2SetReal: inputs = 1
	[FMU][log][FMU status:OK] fmi2DoStep: currentCommunicationPoint = 1.4, communicationStepSize = 0.01, newStep = fmi2True
	[FMU][log][FMU status:OK] fmi2GetReal: outputs[1] = 2.080440558941992
	[FMU][log][FMU status:OK] fmi2GetReal: outputs[2] = 2.57398673148326
	[FMU][log][FMU status:OK] fmi2GetReal: outputs[3] = 2.633640680864872
	[FMU][log][FMU status:OK] fmi2GetReal: outputs[4] = 2.711932028709873
	[FMU][log][FMU status:OK] fmi2SetReal: nvr = 1
	[FMU][log][FMU status:OK] fmi2SetReal: inputs = 1
	[FMU][log][FMU status:OK] fmi2DoStep: currentCommunicationPoint = 1.41, communicationStepSize = 0.01, newStep = fmi2True
	[FMU][log][FMU status:OK] fmi2GetReal: outputs[1] = 2.111342258379489
	[FMU][log][FMU status:OK] fmi2GetReal: outputs[2] = 2.57398673148326
	[FMU][log][FMU status:OK] fmi2GetReal: outputs[3] = 2.633640680864872
	[FMU][log][FMU status:OK] fmi2GetReal: outputs[4] = 2.711932028709873
	[FMU][log][FMU status:OK] fmi2SetReal: nvr = 1
	[FMU][log][FMU status:OK] fmi2SetReal: inputs = 1
	[FMU][log][FMU status:OK] fmi2DoStep: currentCommunicationPoint = 1.42, communicationStepSize = 0.01, newStep = fmi2True
	[FMU][log][FMU status:OK] fmi2GetReal: outputs[1] = 2.170120783608739
	[FMU][log][FMU status:OK] fmi2GetReal: outputs[2] = 2.57398673148326
	[FMU][log][FMU status:OK] fmi2GetReal: outputs[3] = 2.633640680864872
	[FMU][log][FMU status:OK] fmi2GetReal: outputs[4] = 2.711932028709873
	[FMU][log][FMU status:OK] fmi2SetReal: nvr = 1
	[FMU][log][FMU status:OK] fmi2SetReal: inputs = 1
	[FMU][log][FMU status:OK] fmi2DoStep: currentCommunicationPoint = 1.43, communicationStepSize = 0.01, newStep = fmi2True
	[FMU][log][FMU status:OK] fmi2GetReal: outputs[1] = 2.251022483046235
	[FMU][log][FMU status:OK] fmi2GetReal: outputs[2] = 2.57398673148326
	[FMU][log][FMU status:OK] fmi2GetReal: outputs[3] = 2.633640680864872
	[FMU][log][FMU status:OK] fmi2GetReal: outputs[4] = 2.711932028709873
	[FMU][log][FMU status:OK] fmi2SetReal: nvr = 1
	[FMU][log][FMU status:OK] fmi2SetReal: inputs = 1
	[FMU][log][FMU status:OK] fmi2DoStep: currentCommunicationPoint = 1.44, communicationStepSize = 0.01, newStep = fmi2True
	[FMU][log][FMU status:OK] fmi2GetReal: outputs[1] = 2.346128134675752
	[FMU][log][FMU status:OK] fmi2GetReal: outputs[2] = 2.57398673148326
	[FMU][log][FMU status:OK] fmi2GetReal: outputs[3] = 2.633640680864872
	[FMU][log][FMU status:OK] fmi2GetReal: outputs[4] = 2.711932028709873
	[FMU][log][FMU status:OK] fmi2SetReal: nvr = 1
	[FMU][log][FMU status:OK] fmi2SetReal: inputs = 1
	[FMU][log][FMU status:OK] fmi2DoStep: currentCommunicationPoint = 1.45, communicationStepSize = 0.01, newStep = fmi2True
	[FMU][log][FMU status:OK] fmi2GetReal: outputs[1] = 2.446128134675752
	[FMU][log][FMU status:OK] fmi2GetReal: outputs[2] = 2.57398673148326
	[FMU][log][FMU status:OK] fmi2GetReal: outputs[3] = 2.633640680864872
	[FMU][log][FMU status:OK] fmi2GetReal: outputs[4] = 2.711932028709873
	[FMU][log][FMU status:OK] fmi2SetReal: nvr = 1
	[FMU][log][FMU status:OK] fmi2SetReal: inputs = 1
	[FMU][log][FMU status:OK] fmi2DoStep: currentCommunicationPoint = 1.46, communicationStepSize = 0.01, newStep = fmi2True
	[FMU][log][FMU status:OK] fmi2GetReal: outputs[1] = 2.541233786305266
	[FMU][log][FMU status:OK] fmi2GetReal: outputs[2] = 2.57398673148326
	[FMU][log][FMU status:OK] fmi2GetReal: outputs[3] = 2.633640680864872
	[FMU][log][FMU status:OK] fmi2GetReal: outputs[4] = 2.711932028709873
	[FMU][log][FMU status:OK] fmi2SetReal: nvr = 1
	[FMU][log][FMU status:OK] fmi2SetReal: inputs = 1
	[FMU][log][FMU status:OK] fmi2DoStep: currentCommunicationPoint = 1.47, communicationStepSize = 0.01, newStep = fmi2True
	[FMU][log][FMU status:OK] fmi2DoStep: state event at 1.48, z3 crosses zero -\-
	[FMU][log][FMU status:OK] fmi2GetReal: outputs[1] = 2.622135485742759
	[FMU][log][FMU status:OK] fmi2GetReal: outputs[2] = 2.57398673148326
	[FMU][log][FMU status:OK] fmi2GetReal: outputs[3] = 2.633640680864872
	[FMU][log][FMU status:OK] fmi2GetReal: outputs[4] = 2.711932028709873
	[FMU][log][FMU status:OK] fmi2SetReal: nvr = 1
	[FMU][log][FMU status:OK] fmi2SetReal: inputs = 1
	[FMU][log][FMU status:OK] fmi2DoStep: currentCommunicationPoint = 1.48, communicationStepSize = 0.01, newStep = fmi2True
	[FMU][log][FMU status:OK] fmi2GetReal: outputs[1] = 2.680914010972004
	[FMU][log][FMU status:OK] fmi2GetReal: outputs[2] = 2.57398673148326
	[FMU][log][FMU status:OK] fmi2GetReal: outputs[3] = 2.633640680864872
	[FMU][log][FMU status:OK] fmi2GetReal: outputs[4] = 2.711932028709873
	[FMU][log][FMU status:OK] fmi2SetReal: nvr = 1
	[FMU][log][FMU status:OK] fmi2SetReal: inputs = 1
	[FMU][log][FMU status:OK] fmi2DoStep: currentCommunicationPoint = 1.49, communicationStepSize = 0.01, newStep = fmi2True
	[FMU][log][FMU status:OK] fmi2GetReal: outputs[1] = 2.711815710409492
	[FMU][log][FMU status:OK] fmi2GetReal: outputs[2] = 2.57398673148326
	[FMU][log][FMU status:OK] fmi2GetReal: outputs[3] = 2.633640680864872
	[FMU][log][FMU status:OK] fmi2GetReal: outputs[4] = 2.711932028709873
[INFO][FMUCHK] Simulation finished successfully at time 1.5
	[FMU][log][FMU status:OK] fmi2Terminate
	[FMU][log][FMU status:OK] fmi2FreeInstance
FMU check summary:
FMU reported:
	0 warning(s) and error(s)
Checker reported:
	0 Warning(s)
	0 Error(s)
