[INFO][FMUCHK] Will process FMU e:\users\R38\adele\CSR417MDrel_r38\CATSysExecModelica.tst\FunctionTests\InputData\CATSysExecExportFMUForCheck.rec\bin\win64\ControlledTemperature.fmu
[INFO][FMILIB] XML specifies FMI standard version 2.0
[INFO][FMUCHK] Model name: ControlledTemperature
[INFO][FMUCHK] Model GUID: {1f3aff7c-06e9-4818-8457-9f4a676cf057}
[INFO][FMUCHK] Model version: 
[INFO][FMUCHK] FMU kind: CoSimulation
[INFO][FMUCHK] The FMU contains:
7 constants
15 parameters
5 discrete variables
42 continuous variables
0 inputs
3 outputs
55 local variables
0 independent variables
0 calculated parameters
67 real variables
0 integer variables
0 enumeration variables
6 boolean variables
0 string variables

[INFO][FMUCHK] Printing output file header
[INFO][FMUCHK] Model identifier for CoSimulation: ControlledTemperature
[INFO][FMILIB] Loading 'win64' binary with 'default' platform types
[INFO][FMUCHK] Version returned from CS FMU:   2.0
	[FMU][FMU status:OK] fmiInstantiateModel completed
	[FMU][FMU status:OK] fmiInstantiateSlave
	[FMU][FMU status:OK] fmiEnterSlaveInitializationMode...
	[FMU][FMU status:OK] fmiSetTime to 0
	[FMU][FMU status:OK] fmiEnterSlaveInitializationMode completed
	[FMU][FMU status:OK] fmiExitSlaveInitializationMode...
	[FMU][FMU status:OK] fmiExitSlaveInitializationMode completed
[INFO][FMUCHK] Initialized FMU for simulation starting at time 0
	[FMU][FMU status:OK] fmiGetReal: TRes = 293.15
	[FMU][FMU status:OK] fmiGetReal: heatCapacitor_T = 20
	[FMU][FMU status:OK] fmiGetBoolean: switch_Controll = 0
	[FMU][FMU status:OK] fmiGetDerivatives
	[FMU][FMU status:OK] fmiGetDerivatives
	[FMU][FMU status:OK] fmiGetDerivatives
	[FMU][FMU status:OK] fmiGetDerivatives
	[FMU][FMU status:OK] fmiGetEventIndicators
	[FMU][FMU status:OK] fmiGetDerivatives
	[FMU][FMU status:OK] fmiGetDerivatives
	[FMU][FMU status:OK] fmiGetEventIndicators
	[FMU][FMU status:OK] fmiGetDerivatives
	[FMU][FMU status:OK] fmiGetDerivatives
	[FMU][FMU status:OK] fmiGetEventIndicators
	[FMU][FMU status:OK] fmiGetDerivatives
	[FMU][FMU status:OK] fmiGetDerivatives
	[FMU][FMU status:OK] fmiGetDerivatives
	[FMU][FMU status:OK] fmiGetDerivatives
	[FMU][FMU status:OK] fmiGetEventIndicators
	[FMU][FMU status:OK] fmiGetDerivatives
	[FMU][FMU status:OK] fmiGetEventIndicators
	[FMU][FMU status:OK] fmiGetDerivatives
	[FMU][FMU status:OK] fmiGetEventIndicators
	[FMU][FMU status:OK] fmiGetEventIndicators
	[FMU][FMU status:OK] fmiGetEventIndicators
	[FMU][FMU status:OK] fmiGetEventIndicators
	[FMU][FMU status:OK] fmiGetEventIndicators
	[FMU][FMU status:OK] fmiGetEventIndicators
	[FMU][FMU status:OK] fmiGetEventIndicators
	[FMU][FMU status:OK] fmiGetEventIndicators
	[FMU][FMU status:OK] fmiGetEventIndicators
	[FMU][FMU status:OK] fmiSetTime to 0.62834
	[FMU][FMU status:OK] fmiGetDerivatives
	[FMU][FMU status:OK] fmiGetDerivatives
	[FMU][FMU status:OK] fmiGetDerivatives
	[FMU][FMU status:OK] fmiGetDerivatives
	[FMU][FMU status:OK] fmiGetEventIndicators
	[FMU][FMU status:OK] fmiGetDerivatives
	[FMU][FMU status:OK] fmiGetDerivatives
	[FMU][FMU status:OK] fmiGetEventIndicators
	[FMU][FMU status:OK] fmiGetDerivatives
	[FMU][FMU status:OK] fmiGetEventIndicators
	[FMU][FMU status:OK] fmiGetDerivatives
	[FMU][FMU status:OK] fmiGetDerivatives
	[FMU][FMU status:OK] fmiGetEventIndicators
	[FMU][FMU status:OK] fmiSetTime to 1
	[FMU][FMU status:OK] fmiDoStep
	[FMU][FMU status:OK] fmiGetReal: TRes = 298.937
	[FMU][FMU status:OK] fmiGetReal: heatCapacitor_T = 25.7868
	[FMU][FMU status:OK] fmiGetBoolean: switch_Controll = 1
	[FMU][FMU status:OK] fmiGetEventIndicators
	[FMU][FMU status:OK] fmiSetTime to 2
	[FMU][FMU status:OK] fmiSetTime to 2
	[FMU][FMU status:OK] fmiDoStep
	[FMU][FMU status:OK] fmiGetReal: TRes = 298.398
	[FMU][FMU status:OK] fmiGetReal: heatCapacitor_T = 25.2479
	[FMU][FMU status:OK] fmiGetBoolean: switch_Controll = 1
	[FMU][FMU status:OK] fmiGetDerivatives
	[FMU][FMU status:OK] fmiGetDerivatives
	[FMU][FMU status:OK] fmiGetDerivatives
	[FMU][FMU status:OK] fmiGetDerivatives
	[FMU][FMU status:OK] fmiGetEventIndicators
	[FMU][FMU status:OK] fmiGetDerivatives
	[FMU][FMU status:OK] fmiGetDerivatives
	[FMU][FMU status:OK] fmiGetEventIndicators
	[FMU][FMU status:OK] fmiGetDerivatives
	[FMU][FMU status:OK] fmiGetDerivatives
	[FMU][FMU status:OK] fmiGetEventIndicators
	[FMU][FMU status:OK] fmiGetEventIndicators
	[FMU][FMU status:OK] fmiGetEventIndicators
	[FMU][FMU status:OK] fmiGetEventIndicators
	[FMU][FMU status:OK] fmiGetEventIndicators
	[FMU][FMU status:OK] fmiGetEventIndicators
	[FMU][FMU status:OK] fmiGetEventIndicators
	[FMU][FMU status:OK] fmiGetEventIndicators
	[FMU][FMU status:OK] fmiGetEventIndicators
	[FMU][FMU status:OK] fmiGetEventIndicators
	[FMU][FMU status:OK] fmiGetEventIndicators
	[FMU][FMU status:OK] fmiGetEventIndicators
	[FMU][FMU status:OK] fmiGetEventIndicators
	[FMU][FMU status:OK] fmiGetEventIndicators
	[FMU][FMU status:OK] fmiGetEventIndicators
	[FMU][FMU status:OK] fmiSetTime to 2.26723
	[FMU][FMU status:OK] fmiGetDerivatives
	[FMU][FMU status:OK] fmiGetDerivatives
	[FMU][FMU status:OK] fmiGetDerivatives
	[FMU][FMU status:OK] fmiGetDerivatives
	[FMU][FMU status:OK] fmiGetEventIndicators
	[FMU][FMU status:OK] fmiGetDerivatives
	[FMU][FMU status:OK] fmiGetDerivatives
	[FMU][FMU status:OK] fmiGetEventIndicators
	[FMU][FMU status:OK] fmiGetDerivatives
	[FMU][FMU status:OK] fmiGetDerivatives
	[FMU][FMU status:OK] fmiGetEventIndicators
	[FMU][FMU status:OK] fmiGetDerivatives
	[FMU][FMU status:OK] fmiGetDerivatives
	[FMU][FMU status:OK] fmiGetDerivatives
	[FMU][FMU status:OK] fmiGetDerivatives
	[FMU][FMU status:OK] fmiGetEventIndicators
	[FMU][FMU status:OK] fmiGetDerivatives
	[FMU][FMU status:OK] fmiGetEventIndicators
	[FMU][FMU status:OK] fmiGetEventIndicators
	[FMU][FMU status:OK] fmiGetEventIndicators
	[FMU][FMU status:OK] fmiGetEventIndicators
	[FMU][FMU status:OK] fmiGetEventIndicators
	[FMU][FMU status:OK] fmiGetEventIndicators
	[FMU][FMU status:OK] fmiGetEventIndicators
	[FMU][FMU status:OK] fmiGetEventIndicators
	[FMU][FMU status:OK] fmiGetEventIndicators
	[FMU][FMU status:OK] fmiSetTime to 2.68172
	[FMU][FMU status:OK] fmiGetDerivatives
	[FMU][FMU status:OK] fmiGetDerivatives
	[FMU][FMU status:OK] fmiGetDerivatives
	[FMU][FMU status:OK] fmiGetDerivatives
	[FMU][FMU status:OK] fmiGetEventIndicators
	[FMU][FMU status:OK] fmiGetDerivatives
	[FMU][FMU status:OK] fmiGetDerivatives
	[FMU][FMU status:OK] fmiGetEventIndicators
	[FMU][FMU status:OK] fmiGetDerivatives
	[FMU][FMU status:OK] fmiGetEventIndicators
	[FMU][FMU status:OK] fmiGetDerivatives
	[FMU][FMU status:OK] fmiGetDerivatives
	[FMU][FMU status:OK] fmiGetEventIndicators
	[FMU][FMU status:OK] fmiSetTime to 3
	[FMU][FMU status:OK] fmiDoStep
	[FMU][FMU status:OK] fmiGetReal: TRes = 301.719
	[FMU][FMU status:OK] fmiGetReal: heatCapacitor_T = 28.5692
	[FMU][FMU status:OK] fmiGetBoolean: switch_Controll = 1
	[FMU][FMU status:OK] fmiGetEventIndicators
	[FMU][FMU status:OK] fmiGetEventIndicators
	[FMU][FMU status:OK] fmiGetEventIndicators
	[FMU][FMU status:OK] fmiGetEventIndicators
	[FMU][FMU status:OK] fmiGetEventIndicators
	[FMU][FMU status:OK] fmiGetEventIndicators
	[FMU][FMU status:OK] fmiGetEventIndicators
	[FMU][FMU status:OK] fmiGetEventIndicators
	[FMU][FMU status:OK] fmiGetEventIndicators
	[FMU][FMU status:OK] fmiGetEventIndicators
	[FMU][FMU status:OK] fmiGetEventIndicators
	[FMU][FMU status:OK] fmiGetEventIndicators
	[FMU][FMU status:OK] fmiSetTime to 3.08065
	[FMU][FMU status:OK] fmiGetDerivatives
	[FMU][FMU status:OK] fmiGetDerivatives
	[FMU][FMU status:OK] fmiGetDerivatives
	[FMU][FMU status:OK] fmiGetDerivatives
	[FMU][FMU status:OK] fmiGetEventIndicators
	[FMU][FMU status:OK] fmiGetDerivatives
	[FMU][FMU status:OK] fmiGetDerivatives
	[FMU][FMU status:OK] fmiGetEventIndicators
	[FMU][FMU status:OK] fmiGetDerivatives
	[FMU][FMU status:OK] fmiGetDerivatives
	[FMU][FMU status:OK] fmiGetEventIndicators
	[FMU][FMU status:OK] fmiGetDerivatives
	[FMU][FMU status:OK] fmiGetDerivatives
	[FMU][FMU status:OK] fmiGetDerivatives
	[FMU][FMU status:OK] fmiGetDerivatives
	[FMU][FMU status:OK] fmiGetEventIndicators
	[FMU][FMU status:OK] fmiGetDerivatives
	[FMU][FMU status:OK] fmiGetEventIndicators
	[FMU][FMU status:OK] fmiGetEventIndicators
	[FMU][FMU status:OK] fmiGetEventIndicators
	[FMU][FMU status:OK] fmiGetEventIndicators
	[FMU][FMU status:OK] fmiGetEventIndicators
	[FMU][FMU status:OK] fmiGetEventIndicators
	[FMU][FMU status:OK] fmiGetEventIndicators
	[FMU][FMU status:OK] fmiGetEventIndicators
	[FMU][FMU status:OK] fmiGetEventIndicators
	[FMU][FMU status:OK] fmiGetEventIndicators
	[FMU][FMU status:OK] fmiGetEventIndicators
	[FMU][FMU status:OK] fmiGetEventIndicators
	[FMU][FMU status:OK] fmiGetEventIndicators
	[FMU][FMU status:OK] fmiGetEventIndicators
	[FMU][FMU status:OK] fmiGetEventIndicators
	[FMU][FMU status:OK] fmiSetTime to 3.54023
	[FMU][FMU status:OK] fmiGetDerivatives
	[FMU][FMU status:OK] fmiGetDerivatives
	[FMU][FMU status:OK] fmiGetDerivatives
	[FMU][FMU status:OK] fmiGetDerivatives
	[FMU][FMU status:OK] fmiGetEventIndicators
	[FMU][FMU status:OK] fmiGetDerivatives
	[FMU][FMU status:OK] fmiGetDerivatives
	[FMU][FMU status:OK] fmiGetEventIndicators
	[FMU][FMU status:OK] fmiGetDerivatives
	[FMU][FMU status:OK] fmiGetDerivatives
	[FMU][FMU status:OK] fmiGetEventIndicators
	[FMU][FMU status:OK] fmiGetDerivatives
	[FMU][FMU status:OK] fmiGetDerivatives
	[FMU][FMU status:OK] fmiGetEventIndicators
	[FMU][FMU status:OK] fmiGetEventIndicators
	[FMU][FMU status:OK] fmiGetEventIndicators
	[FMU][FMU status:OK] fmiGetEventIndicators
	[FMU][FMU status:OK] fmiGetEventIndicators
	[FMU][FMU status:OK] fmiGetEventIndicators
	[FMU][FMU status:OK] fmiGetEventIndicators
	[FMU][FMU status:OK] fmiGetEventIndicators
	[FMU][FMU status:OK] fmiGetEventIndicators
	[FMU][FMU status:OK] fmiGetEventIndicators
	[FMU][FMU status:OK] fmiGetEventIndicators
	[FMU][FMU status:OK] fmiSetTime to 3.91316
	[FMU][FMU status:OK] fmiGetDerivatives
	[FMU][FMU status:OK] fmiGetDerivatives
	[FMU][FMU status:OK] fmiGetDerivatives
	[FMU][FMU status:OK] fmiGetDerivatives
	[FMU][FMU status:OK] fmiGetEventIndicators
	[FMU][FMU status:OK] fmiGetDerivatives
	[FMU][FMU status:OK] fmiGetDerivatives
	[FMU][FMU status:OK] fmiGetEventIndicators
	[FMU][FMU status:OK] fmiGetDerivatives
	[FMU][FMU status:OK] fmiGetDerivatives
	[FMU][FMU status:OK] fmiGetEventIndicators
	[FMU][FMU status:OK] fmiGetDerivatives
	[FMU][FMU status:OK] fmiGetDerivatives
	[FMU][FMU status:OK] fmiGetDerivatives
	[FMU][FMU status:OK] fmiGetDerivatives
	[FMU][FMU status:OK] fmiGetEventIndicators
	[FMU][FMU status:OK] fmiSetTime to 4
	[FMU][FMU status:OK] fmiDoStep
	[FMU][FMU status:OK] fmiGetReal: TRes = 305.839
	[FMU][FMU status:OK] fmiGetReal: heatCapacitor_T = 32.6886
	[FMU][FMU status:OK] fmiGetBoolean: switch_Controll = 0
	[FMU][FMU status:OK] fmiGetEventIndicators
	[FMU][FMU status:OK] fmiGetDerivatives
	[FMU][FMU status:OK] fmiGetEventIndicators
	[FMU][FMU status:OK] fmiGetEventIndicators
	[FMU][FMU status:OK] fmiGetEventIndicators
	[FMU][FMU status:OK] fmiGetEventIndicators
	[FMU][FMU status:OK] fmiGetEventIndicators
	[FMU][FMU status:OK] fmiGetEventIndicators
	[FMU][FMU status:OK] fmiGetEventIndicators
	[FMU][FMU status:OK] fmiGetEventIndicators
	[FMU][FMU status:OK] fmiGetEventIndicators
	[FMU][FMU status:OK] fmiGetEventIndicators
	[FMU][FMU status:OK] fmiSetTime to 4.42984
	[FMU][FMU status:OK] fmiGetDerivatives
	[FMU][FMU status:OK] fmiGetDerivatives
	[FMU][FMU status:OK] fmiGetDerivatives
	[FMU][FMU status:OK] fmiGetDerivatives
	[FMU][FMU status:OK] fmiGetEventIndicators
	[FMU][FMU status:OK] fmiGetDerivatives
	[FMU][FMU status:OK] fmiGetDerivatives
	[FMU][FMU status:OK] fmiGetEventIndicators
	[FMU][FMU status:OK] fmiGetDerivatives
	[FMU][FMU status:OK] fmiGetDerivatives
	[FMU][FMU status:OK] fmiGetEventIndicators
	[FMU][FMU status:OK] fmiGetDerivatives
	[FMU][FMU status:OK] fmiGetDerivatives
	[FMU][FMU status:OK] fmiGetEventIndicators
	[FMU][FMU status:OK] fmiGetEventIndicators
	[FMU][FMU status:OK] fmiGetEventIndicators
	[FMU][FMU status:OK] fmiGetEventIndicators
	[FMU][FMU status:OK] fmiGetEventIndicators
	[FMU][FMU status:OK] fmiGetEventIndicators
	[FMU][FMU status:OK] fmiGetEventIndicators
	[FMU][FMU status:OK] fmiGetEventIndicators
	[FMU][FMU status:OK] fmiGetEventIndicators
	[FMU][FMU status:OK] fmiGetEventIndicators
	[FMU][FMU status:OK] fmiGetEventIndicators
	[FMU][FMU status:OK] fmiGetEventIndicators
	[FMU][FMU status:OK] fmiSetTime to 4.77926
	[FMU][FMU status:OK] fmiGetDerivatives
	[FMU][FMU status:OK] fmiGetDerivatives
	[FMU][FMU status:OK] fmiGetDerivatives
	[FMU][FMU status:OK] fmiGetDerivatives
	[FMU][FMU status:OK] fmiGetEventIndicators
	[FMU][FMU status:OK] fmiGetDerivatives
	[FMU][FMU status:OK] fmiGetDerivatives
	[FMU][FMU status:OK] fmiGetEventIndicators
	[FMU][FMU status:OK] fmiGetDerivatives
	[FMU][FMU status:OK] fmiGetDerivatives
	[FMU][FMU status:OK] fmiGetEventIndicators
	[FMU][FMU status:OK] fmiGetDerivatives
	[FMU][FMU status:OK] fmiGetDerivatives
	[FMU][FMU status:OK] fmiGetDerivatives
	[FMU][FMU status:OK] fmiGetDerivatives
	[FMU][FMU status:OK] fmiGetEventIndicators
	[FMU][FMU status:OK] fmiSetTime to 5
	[FMU][FMU status:OK] fmiDoStep
	[FMU][FMU status:OK] fmiGetReal: TRes = 310.428
	[FMU][FMU status:OK] fmiGetReal: heatCapacitor_T = 37.2783
	[FMU][FMU status:OK] fmiGetBoolean: switch_Controll = 0
	[FMU][FMU status:OK] fmiGetEventIndicators
	[FMU][FMU status:OK] fmiGetDerivatives
	[FMU][FMU status:OK] fmiGetEventIndicators
	[FMU][FMU status:OK] fmiGetEventIndicators
	[FMU][FMU status:OK] fmiGetEventIndicators
	[FMU][FMU status:OK] fmiGetEventIndicators
	[FMU][FMU status:OK] fmiGetEventIndicators
	[FMU][FMU status:OK] fmiGetEventIndicators
	[FMU][FMU status:OK] fmiGetEventIndicators
	[FMU][FMU status:OK] fmiGetEventIndicators
	[FMU][FMU status:OK] fmiGetEventIndicators
	[FMU][FMU status:OK] fmiGetEventIndicators
	[FMU][FMU status:OK] fmiGetEventIndicators
	[FMU][FMU status:OK] fmiGetEventIndicators
	[FMU][FMU status:OK] fmiGetEventIndicators
	[FMU][FMU status:OK] fmiGetEventIndicators
	[FMU][FMU status:OK] fmiSetTime to 5.3739
	[FMU][FMU status:OK] fmiGetDerivatives
	[FMU][FMU status:OK] fmiGetDerivatives
	[FMU][FMU status:OK] fmiGetDerivatives
	[FMU][FMU status:OK] fmiGetDerivatives
	[FMU][FMU status:OK] fmiGetEventIndicators
	[FMU][FMU status:OK] fmiGetDerivatives
	[FMU][FMU status:OK] fmiGetDerivatives
	[FMU][FMU status:OK] fmiGetEventIndicators
	[FMU][FMU status:OK] fmiGetDerivatives
	[FMU][FMU status:OK] fmiGetDerivatives
	[FMU][FMU status:OK] fmiGetEventIndicators
	[FMU][FMU status:OK] fmiGetDerivatives
	[FMU][FMU status:OK] fmiGetDerivatives
	[FMU][FMU status:OK] fmiGetEventIndicators
	[FMU][FMU status:OK] fmiGetEventIndicators
	[FMU][FMU status:OK] fmiGetEventIndicators
	[FMU][FMU status:OK] fmiGetEventIndicators
	[FMU][FMU status:OK] fmiGetEventIndicators
	[FMU][FMU status:OK] fmiGetEventIndicators
	[FMU][FMU status:OK] fmiGetEventIndicators
	[FMU][FMU status:OK] fmiGetEventIndicators
	[FMU][FMU status:OK] fmiGetEventIndicators
	[FMU][FMU status:OK] fmiGetEventIndicators
	[FMU][FMU status:OK] fmiGetEventIndicators
	[FMU][FMU status:OK] fmiGetEventIndicators
	[FMU][FMU status:OK] fmiSetTime to 5.70137
	[FMU][FMU status:OK] fmiGetDerivatives
	[FMU][FMU status:OK] fmiGetDerivatives
	[FMU][FMU status:OK] fmiGetDerivatives
	[FMU][FMU status:OK] fmiGetDerivatives
	[FMU][FMU status:OK] fmiGetEventIndicators
	[FMU][FMU status:OK] fmiGetDerivatives
	[FMU][FMU status:OK] fmiGetDerivatives
	[FMU][FMU status:OK] fmiGetEventIndicators
	[FMU][FMU status:OK] fmiGetDerivatives
	[FMU][FMU status:OK] fmiGetDerivatives
	[FMU][FMU status:OK] fmiGetEventIndicators
	[FMU][FMU status:OK] fmiGetDerivatives
	[FMU][FMU status:OK] fmiGetDerivatives
	[FMU][FMU status:OK] fmiGetDerivatives
	[FMU][FMU status:OK] fmiGetDerivatives
	[FMU][FMU status:OK] fmiGetEventIndicators
	[FMU][FMU status:OK] fmiSetTime to 6
	[FMU][FMU status:OK] fmiDoStep
	[FMU][FMU status:OK] fmiGetReal: TRes = 314.709
	[FMU][FMU status:OK] fmiGetReal: heatCapacitor_T = 41.5592
	[FMU][FMU status:OK] fmiGetBoolean: switch_Controll = 0
	[FMU][FMU status:OK] fmiGetEventIndicators
	[FMU][FMU status:OK] fmiGetDerivatives
	[FMU][FMU status:OK] fmiGetEventIndicators
	[FMU][FMU status:OK] fmiGetDerivatives
	[FMU][FMU status:OK] fmiGetEventIndicators
	[FMU][FMU status:OK] fmiGetEventIndicators
	[FMU][FMU status:OK] fmiGetEventIndicators
	[FMU][FMU status:OK] fmiGetEventIndicators
	[FMU][FMU status:OK] fmiGetEventIndicators
	[FMU][FMU status:OK] fmiGetEventIndicators
	[FMU][FMU status:OK] fmiGetEventIndicators
	[FMU][FMU status:OK] fmiGetEventIndicators
	[FMU][FMU status:OK] fmiGetEventIndicators
	[FMU][FMU status:OK] fmiGetEventIndicators
	[FMU][FMU status:OK] fmiSetTime to 6.41034
	[FMU][FMU status:OK] fmiGetDerivatives
	[FMU][FMU status:OK] fmiGetDerivatives
	[FMU][FMU status:OK] fmiGetDerivatives
	[FMU][FMU status:OK] fmiGetDerivatives
	[FMU][FMU status:OK] fmiGetEventIndicators
	[FMU][FMU status:OK] fmiGetDerivatives
	[FMU][FMU status:OK] fmiGetDerivatives
	[FMU][FMU status:OK] fmiGetEventIndicators
	[FMU][FMU status:OK] fmiGetDerivatives
	[FMU][FMU status:OK] fmiGetDerivatives
	[FMU][FMU status:OK] fmiGetEventIndicators
	[FMU][FMU status:OK] fmiGetDerivatives
	[FMU][FMU status:OK] fmiGetDerivatives
	[FMU][FMU status:OK] fmiGetEventIndicators
	[FMU][FMU status:OK] fmiGetEventIndicators
	[FMU][FMU status:OK] fmiGetEventIndicators
	[FMU][FMU status:OK] fmiGetEventIndicators
	[FMU][FMU status:OK] fmiGetEventIndicators
	[FMU][FMU status:OK] fmiGetEventIndicators
	[FMU][FMU status:OK] fmiGetEventIndicators
	[FMU][FMU status:OK] fmiGetEventIndicators
	[FMU][FMU status:OK] fmiGetEventIndicators
	[FMU][FMU status:OK] fmiGetEventIndicators
	[FMU][FMU status:OK] fmiGetEventIndicators
	[FMU][FMU status:OK] fmiGetEventIndicators
	[FMU][FMU status:OK] fmiSetTime to 6.71662
	[FMU][FMU status:OK] fmiGetDerivatives
	[FMU][FMU status:OK] fmiGetDerivatives
	[FMU][FMU status:OK] fmiGetDerivatives
	[FMU][FMU status:OK] fmiGetDerivatives
	[FMU][FMU status:OK] fmiGetEventIndicators
	[FMU][FMU status:OK] fmiGetDerivatives
	[FMU][FMU status:OK] fmiGetDerivatives
	[FMU][FMU status:OK] fmiGetEventIndicators
	[FMU][FMU status:OK] fmiGetDerivatives
	[FMU][FMU status:OK] fmiGetDerivatives
	[FMU][FMU status:OK] fmiGetEventIndicators
	[FMU][FMU status:OK] fmiGetDerivatives
	[FMU][FMU status:OK] fmiGetDerivatives
	[FMU][FMU status:OK] fmiGetDerivatives
	[FMU][FMU status:OK] fmiGetDerivatives
	[FMU][FMU status:OK] fmiGetEventIndicators
	[FMU][FMU status:OK] fmiSetTime to 7
	[FMU][FMU status:OK] fmiDoStep
	[FMU][FMU status:OK] fmiGetReal: TRes = 318.676
	[FMU][FMU status:OK] fmiGetReal: heatCapacitor_T = 45.5256
	[FMU][FMU status:OK] fmiGetBoolean: switch_Controll = 0
	[FMU][FMU status:OK] fmiGetEventIndicators
	[FMU][FMU status:OK] fmiGetDerivatives
	[FMU][FMU status:OK] fmiGetEventIndicators
	[FMU][FMU status:OK] fmiGetDerivatives
	[FMU][FMU status:OK] fmiGetEventIndicators
	[FMU][FMU status:OK] fmiGetEventIndicators
	[FMU][FMU status:OK] fmiGetEventIndicators
	[FMU][FMU status:OK] fmiGetEventIndicators
	[FMU][FMU status:OK] fmiGetEventIndicators
	[FMU][FMU status:OK] fmiGetEventIndicators
	[FMU][FMU status:OK] fmiGetEventIndicators
	[FMU][FMU status:OK] fmiGetEventIndicators
	[FMU][FMU status:OK] fmiGetEventIndicators
	[FMU][FMU status:OK] fmiGetEventIndicators
	[FMU][FMU status:OK] fmiGetEventIndicators
	[FMU][FMU status:OK] fmiGetEventIndicators
	[FMU][FMU status:OK] fmiGetEventIndicators
	[FMU][FMU status:OK] fmiGetEventIndicators
	[FMU][FMU status:OK] fmiGetEventIndicators
	[FMU][FMU status:OK] fmiSetTime to 7.62218
	[FMU][FMU status:OK] fmiGetDerivatives
	[FMU][FMU status:OK] fmiGetDerivatives
	[FMU][FMU status:OK] fmiGetDerivatives
	[FMU][FMU status:OK] fmiGetDerivatives
	[FMU][FMU status:OK] fmiGetEventIndicators
	[FMU][FMU status:OK] fmiGetDerivatives
	[FMU][FMU status:OK] fmiGetDerivatives
	[FMU][FMU status:OK] fmiGetEventIndicators
	[FMU][FMU status:OK] fmiGetDerivatives
	[FMU][FMU status:OK] fmiGetDerivatives
	[FMU][FMU status:OK] fmiGetEventIndicators
	[FMU][FMU status:OK] fmiGetDerivatives
	[FMU][FMU status:OK] fmiGetDerivatives
	[FMU][FMU status:OK] fmiGetDerivatives
	[FMU][FMU status:OK] fmiGetDerivatives
	[FMU][FMU status:OK] fmiGetEventIndicators
	[FMU][FMU status:OK] fmiGetEventIndicators
	[FMU][FMU status:OK] fmiGetEventIndicators
	[FMU][FMU status:OK] fmiGetEventIndicators
	[FMU][FMU status:OK] fmiGetEventIndicators
	[FMU][FMU status:OK] fmiGetEventIndicators
	[FMU][FMU status:OK] fmiGetEventIndicators
	[FMU][FMU status:OK] fmiGetEventIndicators
	[FMU][FMU status:OK] fmiGetEventIndicators
	[FMU][FMU status:OK] fmiGetEventIndicators
	[FMU][FMU status:OK] fmiGetEventIndicators
	[FMU][FMU status:OK] fmiSetTime to 7.9064
	[FMU][FMU status:OK] fmiGetDerivatives
	[FMU][FMU status:OK] fmiGetDerivatives
	[FMU][FMU status:OK] fmiGetDerivatives
	[FMU][FMU status:OK] fmiGetDerivatives
	[FMU][FMU status:OK] fmiGetEventIndicators
	[FMU][FMU status:OK] fmiGetDerivatives
	[FMU][FMU status:OK] fmiGetDerivatives
	[FMU][FMU status:OK] fmiGetEventIndicators
	[FMU][FMU status:OK] fmiGetDerivatives
	[FMU][FMU status:OK] fmiGetDerivatives
	[FMU][FMU status:OK] fmiGetEventIndicators
	[FMU][FMU status:OK] fmiSetTime to 8
	[FMU][FMU status:OK] fmiSetTime to 8
	[FMU][FMU status:OK] fmiDoStep
	[FMU][FMU status:OK] fmiGetReal: TRes = 322.326
	[FMU][FMU status:OK] fmiGetReal: heatCapacitor_T = 49.1765
	[FMU][FMU status:OK] fmiGetBoolean: switch_Controll = 0
	[FMU][FMU status:OK] fmiGetDerivatives
	[FMU][FMU status:OK] fmiGetDerivatives
	[FMU][FMU status:OK] fmiGetDerivatives
	[FMU][FMU status:OK] fmiGetDerivatives
	[FMU][FMU status:OK] fmiGetEventIndicators
	[FMU][FMU status:OK] fmiGetDerivatives
	[FMU][FMU status:OK] fmiGetDerivatives
	[FMU][FMU status:OK] fmiGetEventIndicators
	[FMU][FMU status:OK] fmiGetDerivatives
	[FMU][FMU status:OK] fmiGetDerivatives
	[FMU][FMU status:OK] fmiGetEventIndicators
	[FMU][FMU status:OK] fmiGetDerivatives
	[FMU][FMU status:OK] fmiGetDerivatives
	[FMU][FMU status:OK] fmiGetDerivatives
	[FMU][FMU status:OK] fmiGetDerivatives
	[FMU][FMU status:OK] fmiGetEventIndicators
	[FMU][FMU status:OK] fmiGetEventIndicators
	[FMU][FMU status:OK] fmiGetEventIndicators
	[FMU][FMU status:OK] fmiGetEventIndicators
	[FMU][FMU status:OK] fmiGetEventIndicators
	[FMU][FMU status:OK] fmiGetEventIndicators
	[FMU][FMU status:OK] fmiGetEventIndicators
	[FMU][FMU status:OK] fmiGetEventIndicators
	[FMU][FMU status:OK] fmiGetEventIndicators
	[FMU][FMU status:OK] fmiGetEventIndicators
	[FMU][FMU status:OK] fmiGetEventIndicators
	[FMU][FMU status:OK] fmiGetEventIndicators
	[FMU][FMU status:OK] fmiGetEventIndicators
	[FMU][FMU status:OK] fmiGetEventIndicators
	[FMU][FMU status:OK] fmiSetTime to 8.30975
	[FMU][FMU status:OK] fmiGetDerivatives
	[FMU][FMU status:OK] fmiGetDerivatives
	[FMU][FMU status:OK] fmiGetDerivatives
	[FMU][FMU status:OK] fmiGetDerivatives
	[FMU][FMU status:OK] fmiGetEventIndicators
	[FMU][FMU status:OK] fmiGetDerivatives
	[FMU][FMU status:OK] fmiGetDerivatives
	[FMU][FMU status:OK] fmiGetEventIndicators
	[FMU][FMU status:OK] fmiGetDerivatives
	[FMU][FMU status:OK] fmiGetDerivatives
	[FMU][FMU status:OK] fmiGetEventIndicators
	[FMU][FMU status:OK] fmiGetDerivatives
	[FMU][FMU status:OK] fmiGetDerivatives
	[FMU][FMU status:OK] fmiGetDerivatives
	[FMU][FMU status:OK] fmiGetDerivatives
	[FMU][FMU status:OK] fmiGetEventIndicators
	[FMU][FMU status:OK] fmiGetDerivatives
	[FMU][FMU status:OK] fmiGetEventIndicators
	[FMU][FMU status:OK] fmiGetEventIndicators
	[FMU][FMU status:OK] fmiGetEventIndicators
	[FMU][FMU status:OK] fmiGetEventIndicators
	[FMU][FMU status:OK] fmiGetEventIndicators
	[FMU][FMU status:OK] fmiGetEventIndicators
	[FMU][FMU status:OK] fmiGetEventIndicators
	[FMU][FMU status:OK] fmiGetEventIndicators
	[FMU][FMU status:OK] fmiGetEventIndicators
	[FMU][FMU status:OK] fmiGetEventIndicators
	[FMU][FMU status:OK] fmiSetTime to 8.98196
	[FMU][FMU status:OK] fmiGetDerivatives
	[FMU][FMU status:OK] fmiGetDerivatives
	[FMU][FMU status:OK] fmiGetDerivatives
	[FMU][FMU status:OK] fmiGetDerivatives
	[FMU][FMU status:OK] fmiGetEventIndicators
	[FMU][FMU status:OK] fmiGetDerivatives
	[FMU][FMU status:OK] fmiGetDerivatives
	[FMU][FMU status:OK] fmiGetEventIndicators
	[FMU][FMU status:OK] fmiGetDerivatives
	[FMU][FMU status:OK] fmiGetEventIndicators
	[FMU][FMU status:OK] fmiSetTime to 9
	[FMU][FMU status:OK] fmiDoStep
	[FMU][FMU status:OK] fmiGetReal: TRes = 322.259
	[FMU][FMU status:OK] fmiGetReal: heatCapacitor_T = 49.1092
	[FMU][FMU status:OK] fmiGetBoolean: switch_Controll = 0
	[FMU][FMU status:OK] fmiGetEventIndicators
	[FMU][FMU status:OK] fmiGetDerivatives
	[FMU][FMU status:OK] fmiGetDerivatives
	[FMU][FMU status:OK] fmiGetEventIndicators
	[FMU][FMU status:OK] fmiGetDerivatives
	[FMU][FMU status:OK] fmiGetEventIndicators
	[FMU][FMU status:OK] fmiGetEventIndicators
	[FMU][FMU status:OK] fmiGetEventIndicators
	[FMU][FMU status:OK] fmiGetEventIndicators
	[FMU][FMU status:OK] fmiGetEventIndicators
	[FMU][FMU status:OK] fmiGetEventIndicators
	[FMU][FMU status:OK] fmiGetEventIndicators
	[FMU][FMU status:OK] fmiGetEventIndicators
	[FMU][FMU status:OK] fmiGetEventIndicators
	[FMU][FMU status:OK] fmiGetEventIndicators
	[FMU][FMU status:OK] fmiGetEventIndicators
	[FMU][FMU status:OK] fmiGetEventIndicators
	[FMU][FMU status:OK] fmiSetTime to 9.32024
	[FMU][FMU status:OK] fmiGetDerivatives
	[FMU][FMU status:OK] fmiGetDerivatives
	[FMU][FMU status:OK] fmiGetDerivatives
	[FMU][FMU status:OK] fmiGetDerivatives
	[FMU][FMU status:OK] fmiGetEventIndicators
	[FMU][FMU status:OK] fmiGetDerivatives
	[FMU][FMU status:OK] fmiGetDerivatives
	[FMU][FMU status:OK] fmiGetEventIndicators
	[FMU][FMU status:OK] fmiGetDerivatives
	[FMU][FMU status:OK] fmiGetDerivatives
	[FMU][FMU status:OK] fmiGetEventIndicators
	[FMU][FMU status:OK] fmiGetDerivatives
	[FMU][FMU status:OK] fmiGetDerivatives
	[FMU][FMU status:OK] fmiGetDerivatives
	[FMU][FMU status:OK] fmiGetDerivatives
	[FMU][FMU status:OK] fmiGetEventIndicators
	[FMU][FMU status:OK] fmiGetDerivatives
	[FMU][FMU status:OK] fmiGetEventIndicators
	[FMU][FMU status:OK] fmiGetEventIndicators
	[FMU][FMU status:OK] fmiGetEventIndicators
	[FMU][FMU status:OK] fmiGetEventIndicators
	[FMU][FMU status:OK] fmiGetEventIndicators
	[FMU][FMU status:OK] fmiGetEventIndicators
	[FMU][FMU status:OK] fmiGetEventIndicators
	[FMU][FMU status:OK] fmiGetEventIndicators
	[FMU][FMU status:OK] fmiGetEventIndicators
	[FMU][FMU status:OK] fmiGetEventIndicators
	[FMU][FMU status:OK] fmiSetTime to 9.99246
	[FMU][FMU status:OK] fmiGetDerivatives
	[FMU][FMU status:OK] fmiGetDerivatives
	[FMU][FMU status:OK] fmiGetDerivatives
	[FMU][FMU status:OK] fmiGetDerivatives
	[FMU][FMU status:OK] fmiGetEventIndicators
	[FMU][FMU status:OK] fmiGetDerivatives
	[FMU][FMU status:OK] fmiGetDerivatives
	[FMU][FMU status:OK] fmiGetEventIndicators
	[FMU][FMU status:OK] fmiGetDerivatives
	[FMU][FMU status:OK] fmiGetEventIndicators
	[FMU][FMU status:OK] fmiSetTime to 10
	[FMU][FMU status:OK] fmiDoStep
	[FMU][FMU status:OK] fmiGetReal: TRes = 322.196
	[FMU][FMU status:OK] fmiGetReal: heatCapacitor_T = 49.0458
	[FMU][FMU status:OK] fmiGetBoolean: switch_Controll = 0
	[FMU][FMU status:OK] fmiGetEventIndicators
	[FMU][FMU status:OK] fmiGetDerivatives
	[FMU][FMU status:OK] fmiGetEventIndicators
	[FMU][FMU status:OK] fmiGetDerivatives
	[FMU][FMU status:OK] fmiGetEventIndicators
	[FMU][FMU status:OK] fmiGetDerivatives
	[FMU][FMU status:OK] fmiGetEventIndicators
	[FMU][FMU status:OK] fmiGetEventIndicators
	[FMU][FMU status:OK] fmiGetEventIndicators
	[FMU][FMU status:OK] fmiGetEventIndicators
	[FMU][FMU status:OK] fmiGetEventIndicators
	[FMU][FMU status:OK] fmiGetEventIndicators
	[FMU][FMU status:OK] fmiGetEventIndicators
	[FMU][FMU status:OK] fmiGetEventIndicators
	[FMU][FMU status:OK] fmiGetEventIndicators
	[FMU][FMU status:OK] fmiGetEventIndicators
	[FMU][FMU status:OK] fmiGetEventIndicators
	[FMU][FMU status:OK] fmiSetTime to 10.3295
	[FMU][FMU status:OK] fmiGetDerivatives
	[FMU][FMU status:OK] fmiGetDerivatives
	[FMU][FMU status:OK] fmiGetDerivatives
	[FMU][FMU status:OK] fmiGetDerivatives
	[FMU][FMU status:OK] fmiGetEventIndicators
	[FMU][FMU status:OK] fmiGetDerivatives
	[FMU][FMU status:OK] fmiGetDerivatives
	[FMU][FMU status:OK] fmiGetEventIndicators
	[FMU][FMU status:OK] fmiGetDerivatives
	[FMU][FMU status:OK] fmiGetDerivatives
	[FMU][FMU status:OK] fmiGetEventIndicators
	[FMU][FMU status:OK] fmiGetDerivatives
	[FMU][FMU status:OK] fmiGetDerivatives
	[FMU][FMU status:OK] fmiGetDerivatives
	[FMU][FMU status:OK] fmiGetDerivatives
	[FMU][FMU status:OK] fmiGetEventIndicators
	[FMU][FMU status:OK] fmiGetDerivatives
	[FMU][FMU status:OK] fmiGetEventIndicators
	[FMU][FMU status:OK] fmiSetTime to 11
	[FMU][FMU status:OK] fmiDoStep
	[FMU][FMU status:OK] fmiGetReal: TRes = 322.155
	[FMU][FMU status:OK] fmiGetReal: heatCapacitor_T = 49.005
	[FMU][FMU status:OK] fmiGetBoolean: switch_Controll = 1
	[FMU][FMU status:OK] fmiGetEventIndicators
	[FMU][FMU status:OK] fmiGetEventIndicators
	[FMU][FMU status:OK] fmiGetEventIndicators
	[FMU][FMU status:OK] fmiGetEventIndicators
	[FMU][FMU status:OK] fmiGetEventIndicators
	[FMU][FMU status:OK] fmiGetEventIndicators
	[FMU][FMU status:OK] fmiGetEventIndicators
	[FMU][FMU status:OK] fmiGetEventIndicators
	[FMU][FMU status:OK] fmiGetEventIndicators
	[FMU][FMU status:OK] fmiSetTime to 11.0017
	[FMU][FMU status:OK] fmiGetDerivatives
	[FMU][FMU status:OK] fmiGetDerivatives
	[FMU][FMU status:OK] fmiGetDerivatives
	[FMU][FMU status:OK] fmiGetDerivatives
	[FMU][FMU status:OK] fmiGetEventIndicators
	[FMU][FMU status:OK] fmiGetDerivatives
	[FMU][FMU status:OK] fmiGetDerivatives
	[FMU][FMU status:OK] fmiGetEventIndicators
	[FMU][FMU status:OK] fmiGetDerivatives
	[FMU][FMU status:OK] fmiGetDerivatives
	[FMU][FMU status:OK] fmiGetEventIndicators
	[FMU][FMU status:OK] fmiGetDerivatives
	[FMU][FMU status:OK] fmiGetDerivatives
	[FMU][FMU status:OK] fmiGetDerivatives
	[FMU][FMU status:OK] fmiGetDerivatives
	[FMU][FMU status:OK] fmiGetEventIndicators
	[FMU][FMU status:OK] fmiGetEventIndicators
	[FMU][FMU status:OK] fmiGetEventIndicators
	[FMU][FMU status:OK] fmiGetEventIndicators
	[FMU][FMU status:OK] fmiGetEventIndicators
	[FMU][FMU status:OK] fmiGetEventIndicators
	[FMU][FMU status:OK] fmiGetEventIndicators
	[FMU][FMU status:OK] fmiSetTime to 11.3407
	[FMU][FMU status:OK] fmiGetDerivatives
	[FMU][FMU status:OK] fmiGetDerivatives
	[FMU][FMU status:OK] fmiGetDerivatives
	[FMU][FMU status:OK] fmiGetDerivatives
	[FMU][FMU status:OK] fmiGetEventIndicators
	[FMU][FMU status:OK] fmiGetDerivatives
	[FMU][FMU status:OK] fmiGetDerivatives
	[FMU][FMU status:OK] fmiGetEventIndicators
	[FMU][FMU status:OK] fmiGetDerivatives
	[FMU][FMU status:OK] fmiGetDerivatives
	[FMU][FMU status:OK] fmiGetEventIndicators
	[FMU][FMU status:OK] fmiGetDerivatives
	[FMU][FMU status:OK] fmiGetDerivatives
	[FMU][FMU status:OK] fmiGetDerivatives
	[FMU][FMU status:OK] fmiGetDerivatives
	[FMU][FMU status:OK] fmiGetEventIndicators
	[FMU][FMU status:OK] fmiGetDerivatives
	[FMU][FMU status:OK] fmiGetEventIndicators
	[FMU][FMU status:OK] fmiSetTime to 12
	[FMU][FMU status:OK] fmiDoStep
	[FMU][FMU status:OK] fmiGetReal: TRes = 322.187
	[FMU][FMU status:OK] fmiGetReal: heatCapacitor_T = 49.0372
	[FMU][FMU status:OK] fmiGetBoolean: switch_Controll = 1
	[FMU][FMU status:OK] fmiGetEventIndicators
	[FMU][FMU status:OK] fmiGetEventIndicators
	[FMU][FMU status:OK] fmiGetEventIndicators
	[FMU][FMU status:OK] fmiGetEventIndicators
	[FMU][FMU status:OK] fmiGetEventIndicators
	[FMU][FMU status:OK] fmiGetEventIndicators
	[FMU][FMU status:OK] fmiGetEventIndicators
	[FMU][FMU status:OK] fmiGetEventIndicators
	[FMU][FMU status:OK] fmiGetEventIndicators
	[FMU][FMU status:OK] fmiGetEventIndicators
	[FMU][FMU status:OK] fmiGetEventIndicators
	[FMU][FMU status:OK] fmiSetTime to 12.0129
	[FMU][FMU status:OK] fmiGetDerivatives
	[FMU][FMU status:OK] fmiGetDerivatives
	[FMU][FMU status:OK] fmiGetDerivatives
	[FMU][FMU status:OK] fmiGetDerivatives
	[FMU][FMU status:OK] fmiGetEventIndicators
	[FMU][FMU status:OK] fmiGetDerivatives
	[FMU][FMU status:OK] fmiGetDerivatives
	[FMU][FMU status:OK] fmiGetEventIndicators
	[FMU][FMU status:OK] fmiGetDerivatives
	[FMU][FMU status:OK] fmiGetDerivatives
	[FMU][FMU status:OK] fmiGetEventIndicators
	[FMU][FMU status:OK] fmiGetDerivatives
	[FMU][FMU status:OK] fmiGetDerivatives
	[FMU][FMU status:OK] fmiGetDerivatives
	[FMU][FMU status:OK] fmiGetDerivatives
	[FMU][FMU status:OK] fmiGetEventIndicators
	[FMU][FMU status:OK] fmiGetEventIndicators
	[FMU][FMU status:OK] fmiGetEventIndicators
	[FMU][FMU status:OK] fmiGetEventIndicators
	[FMU][FMU status:OK] fmiGetEventIndicators
	[FMU][FMU status:OK] fmiGetEventIndicators
	[FMU][FMU status:OK] fmiGetEventIndicators
	[FMU][FMU status:OK] fmiSetTime to 12.3518
	[FMU][FMU status:OK] fmiGetDerivatives
	[FMU][FMU status:OK] fmiGetDerivatives
	[FMU][FMU status:OK] fmiGetDerivatives
	[FMU][FMU status:OK] fmiGetDerivatives
	[FMU][FMU status:OK] fmiGetEventIndicators
	[FMU][FMU status:OK] fmiGetDerivatives
	[FMU][FMU status:OK] fmiGetDerivatives
	[FMU][FMU status:OK] fmiGetEventIndicators
	[FMU][FMU status:OK] fmiGetDerivatives
	[FMU][FMU status:OK] fmiGetDerivatives
	[FMU][FMU status:OK] fmiGetEventIndicators
	[FMU][FMU status:OK] fmiGetDerivatives
	[FMU][FMU status:OK] fmiGetDerivatives
	[FMU][FMU status:OK] fmiGetDerivatives
	[FMU][FMU status:OK] fmiGetDerivatives
	[FMU][FMU status:OK] fmiGetEventIndicators
	[FMU][FMU status:OK] fmiSetTime to 13
	[FMU][FMU status:OK] fmiDoStep
	[FMU][FMU status:OK] fmiGetReal: TRes = 322.219
	[FMU][FMU status:OK] fmiGetReal: heatCapacitor_T = 49.0695
	[FMU][FMU status:OK] fmiGetBoolean: switch_Controll = 1
	[FMU][FMU status:OK] fmiGetEventIndicators
	[FMU][FMU status:OK] fmiGetDerivatives
	[FMU][FMU status:OK] fmiGetEventIndicators
	[FMU][FMU status:OK] fmiGetEventIndicators
	[FMU][FMU status:OK] fmiGetEventIndicators
	[FMU][FMU status:OK] fmiGetEventIndicators
	[FMU][FMU status:OK] fmiGetEventIndicators
	[FMU][FMU status:OK] fmiGetEventIndicators
	[FMU][FMU status:OK] fmiGetEventIndicators
	[FMU][FMU status:OK] fmiGetEventIndicators
	[FMU][FMU status:OK] fmiGetEventIndicators
	[FMU][FMU status:OK] fmiGetEventIndicators
	[FMU][FMU status:OK] fmiGetEventIndicators
	[FMU][FMU status:OK] fmiGetEventIndicators
	[FMU][FMU status:OK] fmiSetTime to 13.024
	[FMU][FMU status:OK] fmiGetDerivatives
	[FMU][FMU status:OK] fmiGetDerivatives
	[FMU][FMU status:OK] fmiGetDerivatives
	[FMU][FMU status:OK] fmiGetDerivatives
	[FMU][FMU status:OK] fmiGetEventIndicators
	[FMU][FMU status:OK] fmiGetDerivatives
	[FMU][FMU status:OK] fmiGetDerivatives
	[FMU][FMU status:OK] fmiGetEventIndicators
	[FMU][FMU status:OK] fmiGetDerivatives
	[FMU][FMU status:OK] fmiGetDerivatives
	[FMU][FMU status:OK] fmiGetEventIndicators
	[FMU][FMU status:OK] fmiGetDerivatives
	[FMU][FMU status:OK] fmiGetDerivatives
	[FMU][FMU status:OK] fmiGetDerivatives
	[FMU][FMU status:OK] fmiGetDerivatives
	[FMU][FMU status:OK] fmiGetEventIndicators
	[FMU][FMU status:OK] fmiGetEventIndicators
	[FMU][FMU status:OK] fmiGetEventIndicators
	[FMU][FMU status:OK] fmiGetEventIndicators
	[FMU][FMU status:OK] fmiGetEventIndicators
	[FMU][FMU status:OK] fmiGetEventIndicators
	[FMU][FMU status:OK] fmiGetEventIndicators
	[FMU][FMU status:OK] fmiSetTime to 13.363
	[FMU][FMU status:OK] fmiGetDerivatives
	[FMU][FMU status:OK] fmiGetDerivatives
	[FMU][FMU status:OK] fmiGetDerivatives
	[FMU][FMU status:OK] fmiGetDerivatives
	[FMU][FMU status:OK] fmiGetEventIndicators
	[FMU][FMU status:OK] fmiGetDerivatives
	[FMU][FMU status:OK] fmiGetDerivatives
	[FMU][FMU status:OK] fmiGetEventIndicators
	[FMU][FMU status:OK] fmiGetDerivatives
	[FMU][FMU status:OK] fmiGetDerivatives
	[FMU][FMU status:OK] fmiGetEventIndicators
	[FMU][FMU status:OK] fmiGetDerivatives
	[FMU][FMU status:OK] fmiGetDerivatives
	[FMU][FMU status:OK] fmiGetDerivatives
	[FMU][FMU status:OK] fmiGetDerivatives
	[FMU][FMU status:OK] fmiGetEventIndicators
	[FMU][FMU status:OK] fmiSetTime to 14
	[FMU][FMU status:OK] fmiDoStep
	[FMU][FMU status:OK] fmiGetReal: TRes = 322.252
	[FMU][FMU status:OK] fmiGetReal: heatCapacitor_T = 49.1019
	[FMU][FMU status:OK] fmiGetBoolean: switch_Controll = 1
	[FMU][FMU status:OK] fmiGetEventIndicators
	[FMU][FMU status:OK] fmiGetDerivatives
	[FMU][FMU status:OK] fmiGetEventIndicators
	[FMU][FMU status:OK] fmiGetEventIndicators
	[FMU][FMU status:OK] fmiGetEventIndicators
	[FMU][FMU status:OK] fmiGetEventIndicators
	[FMU][FMU status:OK] fmiGetEventIndicators
	[FMU][FMU status:OK] fmiGetEventIndicators
	[FMU][FMU status:OK] fmiGetEventIndicators
	[FMU][FMU status:OK] fmiGetEventIndicators
	[FMU][FMU status:OK] fmiGetEventIndicators
	[FMU][FMU status:OK] fmiGetEventIndicators
	[FMU][FMU status:OK] fmiGetEventIndicators
	[FMU][FMU status:OK] fmiGetEventIndicators
	[FMU][FMU status:OK] fmiSetTime to 14.0352
	[FMU][FMU status:OK] fmiGetDerivatives
	[FMU][FMU status:OK] fmiGetDerivatives
	[FMU][FMU status:OK] fmiGetDerivatives
	[FMU][FMU status:OK] fmiGetDerivatives
	[FMU][FMU status:OK] fmiGetEventIndicators
	[FMU][FMU status:OK] fmiGetDerivatives
	[FMU][FMU status:OK] fmiGetDerivatives
	[FMU][FMU status:OK] fmiGetEventIndicators
	[FMU][FMU status:OK] fmiGetDerivatives
	[FMU][FMU status:OK] fmiGetDerivatives
	[FMU][FMU status:OK] fmiGetEventIndicators
	[FMU][FMU status:OK] fmiGetDerivatives
	[FMU][FMU status:OK] fmiGetDerivatives
	[FMU][FMU status:OK] fmiGetDerivatives
	[FMU][FMU status:OK] fmiGetDerivatives
	[FMU][FMU status:OK] fmiGetEventIndicators
	[FMU][FMU status:OK] fmiGetEventIndicators
	[FMU][FMU status:OK] fmiGetEventIndicators
	[FMU][FMU status:OK] fmiGetEventIndicators
	[FMU][FMU status:OK] fmiGetEventIndicators
	[FMU][FMU status:OK] fmiGetEventIndicators
	[FMU][FMU status:OK] fmiGetEventIndicators
	[FMU][FMU status:OK] fmiSetTime to 14.3741
	[FMU][FMU status:OK] fmiGetDerivatives
	[FMU][FMU status:OK] fmiGetDerivatives
	[FMU][FMU status:OK] fmiGetDerivatives
	[FMU][FMU status:OK] fmiGetDerivatives
	[FMU][FMU status:OK] fmiGetEventIndicators
	[FMU][FMU status:OK] fmiGetDerivatives
	[FMU][FMU status:OK] fmiGetDerivatives
	[FMU][FMU status:OK] fmiGetEventIndicators
	[FMU][FMU status:OK] fmiGetDerivatives
	[FMU][FMU status:OK] fmiGetDerivatives
	[FMU][FMU status:OK] fmiGetEventIndicators
	[FMU][FMU status:OK] fmiGetDerivatives
	[FMU][FMU status:OK] fmiGetDerivatives
	[FMU][FMU status:OK] fmiGetDerivatives
	[FMU][FMU status:OK] fmiGetDerivatives
	[FMU][FMU status:OK] fmiGetEventIndicators
	[FMU][FMU status:OK] fmiSetTime to 15
	[FMU][FMU status:OK] fmiDoStep
	[FMU][FMU status:OK] fmiGetReal: TRes = 322.284
	[FMU][FMU status:OK] fmiGetReal: heatCapacitor_T = 49.1344
	[FMU][FMU status:OK] fmiGetBoolean: switch_Controll = 1
	[FMU][FMU status:OK] fmiGetEventIndicators
	[FMU][FMU status:OK] fmiGetDerivatives
	[FMU][FMU status:OK] fmiGetEventIndicators
	[FMU][FMU status:OK] fmiGetEventIndicators
	[FMU][FMU status:OK] fmiGetEventIndicators
	[FMU][FMU status:OK] fmiGetEventIndicators
	[FMU][FMU status:OK] fmiGetEventIndicators
	[FMU][FMU status:OK] fmiGetEventIndicators
	[FMU][FMU status:OK] fmiGetEventIndicators
	[FMU][FMU status:OK] fmiGetEventIndicators
	[FMU][FMU status:OK] fmiGetEventIndicators
	[FMU][FMU status:OK] fmiGetEventIndicators
	[FMU][FMU status:OK] fmiGetEventIndicators
	[FMU][FMU status:OK] fmiGetEventIndicators
	[FMU][FMU status:OK] fmiSetTime to 15.0463
	[FMU][FMU status:OK] fmiGetDerivatives
	[FMU][FMU status:OK] fmiGetDerivatives
	[FMU][FMU status:OK] fmiGetDerivatives
	[FMU][FMU status:OK] fmiGetDerivatives
	[FMU][FMU status:OK] fmiGetEventIndicators
	[FMU][FMU status:OK] fmiGetDerivatives
	[FMU][FMU status:OK] fmiGetDerivatives
	[FMU][FMU status:OK] fmiGetEventIndicators
	[FMU][FMU status:OK] fmiGetDerivatives
	[FMU][FMU status:OK] fmiGetDerivatives
	[FMU][FMU status:OK] fmiGetEventIndicators
	[FMU][FMU status:OK] fmiGetDerivatives
	[FMU][FMU status:OK] fmiGetDerivatives
	[FMU][FMU status:OK] fmiGetDerivatives
	[FMU][FMU status:OK] fmiGetDerivatives
	[FMU][FMU status:OK] fmiGetEventIndicators
	[FMU][FMU status:OK] fmiGetEventIndicators
	[FMU][FMU status:OK] fmiGetEventIndicators
	[FMU][FMU status:OK] fmiGetEventIndicators
	[FMU][FMU status:OK] fmiGetEventIndicators
	[FMU][FMU status:OK] fmiGetEventIndicators
	[FMU][FMU status:OK] fmiGetEventIndicators
	[FMU][FMU status:OK] fmiSetTime to 15.3853
	[FMU][FMU status:OK] fmiGetDerivatives
	[FMU][FMU status:OK] fmiGetDerivatives
	[FMU][FMU status:OK] fmiGetDerivatives
	[FMU][FMU status:OK] fmiGetDerivatives
	[FMU][FMU status:OK] fmiGetEventIndicators
	[FMU][FMU status:OK] fmiGetDerivatives
	[FMU][FMU status:OK] fmiGetDerivatives
	[FMU][FMU status:OK] fmiGetEventIndicators
	[FMU][FMU status:OK] fmiGetDerivatives
	[FMU][FMU status:OK] fmiGetDerivatives
	[FMU][FMU status:OK] fmiGetEventIndicators
	[FMU][FMU status:OK] fmiGetDerivatives
	[FMU][FMU status:OK] fmiGetDerivatives
	[FMU][FMU status:OK] fmiGetDerivatives
	[FMU][FMU status:OK] fmiGetDerivatives
	[FMU][FMU status:OK] fmiGetEventIndicators
	[FMU][FMU status:OK] fmiSetTime to 16
	[FMU][FMU status:OK] fmiDoStep
	[FMU][FMU status:OK] fmiGetReal: TRes = 322.317
	[FMU][FMU status:OK] fmiGetReal: heatCapacitor_T = 49.1668
	[FMU][FMU status:OK] fmiGetBoolean: switch_Controll = 1
	[FMU][FMU status:OK] fmiGetEventIndicators
	[FMU][FMU status:OK] fmiGetDerivatives
	[FMU][FMU status:OK] fmiGetEventIndicators
	[FMU][FMU status:OK] fmiGetEventIndicators
	[FMU][FMU status:OK] fmiGetEventIndicators
	[FMU][FMU status:OK] fmiGetEventIndicators
	[FMU][FMU status:OK] fmiGetEventIndicators
	[FMU][FMU status:OK] fmiGetEventIndicators
	[FMU][FMU status:OK] fmiGetEventIndicators
	[FMU][FMU status:OK] fmiGetEventIndicators
	[FMU][FMU status:OK] fmiGetEventIndicators
	[FMU][FMU status:OK] fmiGetEventIndicators
	[FMU][FMU status:OK] fmiGetEventIndicators
	[FMU][FMU status:OK] fmiGetEventIndicators
	[FMU][FMU status:OK] fmiSetTime to 16.0575
	[FMU][FMU status:OK] fmiGetDerivatives
	[FMU][FMU status:OK] fmiGetDerivatives
	[FMU][FMU status:OK] fmiGetDerivatives
	[FMU][FMU status:OK] fmiGetDerivatives
	[FMU][FMU status:OK] fmiGetEventIndicators
	[FMU][FMU status:OK] fmiGetDerivatives
	[FMU][FMU status:OK] fmiGetDerivatives
	[FMU][FMU status:OK] fmiGetEventIndicators
	[FMU][FMU status:OK] fmiGetDerivatives
	[FMU][FMU status:OK] fmiGetDerivatives
	[FMU][FMU status:OK] fmiGetEventIndicators
	[FMU][FMU status:OK] fmiGetDerivatives
	[FMU][FMU status:OK] fmiGetDerivatives
	[FMU][FMU status:OK] fmiGetDerivatives
	[FMU][FMU status:OK] fmiGetDerivatives
	[FMU][FMU status:OK] fmiGetEventIndicators
	[FMU][FMU status:OK] fmiGetEventIndicators
	[FMU][FMU status:OK] fmiGetEventIndicators
	[FMU][FMU status:OK] fmiGetEventIndicators
	[FMU][FMU status:OK] fmiGetEventIndicators
	[FMU][FMU status:OK] fmiGetEventIndicators
	[FMU][FMU status:OK] fmiGetEventIndicators
	[FMU][FMU status:OK] fmiSetTime to 16.3964
	[FMU][FMU status:OK] fmiGetDerivatives
	[FMU][FMU status:OK] fmiGetDerivatives
	[FMU][FMU status:OK] fmiGetDerivatives
	[FMU][FMU status:OK] fmiGetDerivatives
	[FMU][FMU status:OK] fmiGetEventIndicators
	[FMU][FMU status:OK] fmiGetDerivatives
	[FMU][FMU status:OK] fmiGetDerivatives
	[FMU][FMU status:OK] fmiGetEventIndicators
	[FMU][FMU status:OK] fmiGetDerivatives
	[FMU][FMU status:OK] fmiGetDerivatives
	[FMU][FMU status:OK] fmiGetEventIndicators
	[FMU][FMU status:OK] fmiGetDerivatives
	[FMU][FMU status:OK] fmiGetDerivatives
	[FMU][FMU status:OK] fmiGetDerivatives
	[FMU][FMU status:OK] fmiGetDerivatives
	[FMU][FMU status:OK] fmiGetEventIndicators
	[FMU][FMU status:OK] fmiSetTime to 17
	[FMU][FMU status:OK] fmiDoStep
	[FMU][FMU status:OK] fmiGetReal: TRes = 322.349
	[FMU][FMU status:OK] fmiGetReal: heatCapacitor_T = 49.1993
	[FMU][FMU status:OK] fmiGetBoolean: switch_Controll = 1
	[FMU][FMU status:OK] fmiGetEventIndicators
	[FMU][FMU status:OK] fmiGetDerivatives
	[FMU][FMU status:OK] fmiGetEventIndicators
	[FMU][FMU status:OK] fmiGetEventIndicators
	[FMU][FMU status:OK] fmiGetEventIndicators
	[FMU][FMU status:OK] fmiGetEventIndicators
	[FMU][FMU status:OK] fmiGetEventIndicators
	[FMU][FMU status:OK] fmiGetEventIndicators
	[FMU][FMU status:OK] fmiGetEventIndicators
	[FMU][FMU status:OK] fmiGetEventIndicators
	[FMU][FMU status:OK] fmiGetEventIndicators
	[FMU][FMU status:OK] fmiGetEventIndicators
	[FMU][FMU status:OK] fmiGetEventIndicators
	[FMU][FMU status:OK] fmiSetTime to 17.0686
	[FMU][FMU status:OK] fmiGetDerivatives
	[FMU][FMU status:OK] fmiGetDerivatives
	[FMU][FMU status:OK] fmiGetDerivatives
	[FMU][FMU status:OK] fmiGetDerivatives
	[FMU][FMU status:OK] fmiGetEventIndicators
	[FMU][FMU status:OK] fmiGetDerivatives
	[FMU][FMU status:OK] fmiGetDerivatives
	[FMU][FMU status:OK] fmiGetEventIndicators
	[FMU][FMU status:OK] fmiGetDerivatives
	[FMU][FMU status:OK] fmiGetDerivatives
	[FMU][FMU status:OK] fmiGetEventIndicators
	[FMU][FMU status:OK] fmiGetDerivatives
	[FMU][FMU status:OK] fmiGetDerivatives
	[FMU][FMU status:OK] fmiGetDerivatives
	[FMU][FMU status:OK] fmiGetDerivatives
	[FMU][FMU status:OK] fmiGetEventIndicators
	[FMU][FMU status:OK] fmiGetEventIndicators
	[FMU][FMU status:OK] fmiGetEventIndicators
	[FMU][FMU status:OK] fmiGetEventIndicators
	[FMU][FMU status:OK] fmiGetEventIndicators
	[FMU][FMU status:OK] fmiGetEventIndicators
	[FMU][FMU status:OK] fmiGetEventIndicators
	[FMU][FMU status:OK] fmiSetTime to 17.4076
	[FMU][FMU status:OK] fmiGetDerivatives
	[FMU][FMU status:OK] fmiGetDerivatives
	[FMU][FMU status:OK] fmiGetDerivatives
	[FMU][FMU status:OK] fmiGetDerivatives
	[FMU][FMU status:OK] fmiGetEventIndicators
	[FMU][FMU status:OK] fmiGetDerivatives
	[FMU][FMU status:OK] fmiGetDerivatives
	[FMU][FMU status:OK] fmiGetEventIndicators
	[FMU][FMU status:OK] fmiGetDerivatives
	[FMU][FMU status:OK] fmiGetDerivatives
	[FMU][FMU status:OK] fmiGetEventIndicators
	[FMU][FMU status:OK] fmiGetDerivatives
	[FMU][FMU status:OK] fmiGetDerivatives
	[FMU][FMU status:OK] fmiGetDerivatives
	[FMU][FMU status:OK] fmiGetDerivatives
	[FMU][FMU status:OK] fmiGetEventIndicators
	[FMU][FMU status:OK] fmiSetTime to 18
	[FMU][FMU status:OK] fmiDoStep
	[FMU][FMU status:OK] fmiGetReal: TRes = 322.382
	[FMU][FMU status:OK] fmiGetReal: heatCapacitor_T = 49.2319
	[FMU][FMU status:OK] fmiGetBoolean: switch_Controll = 1
	[FMU][FMU status:OK] fmiGetEventIndicators
	[FMU][FMU status:OK] fmiGetDerivatives
	[FMU][FMU status:OK] fmiGetEventIndicators
	[FMU][FMU status:OK] fmiGetEventIndicators
	[FMU][FMU status:OK] fmiGetEventIndicators
	[FMU][FMU status:OK] fmiGetEventIndicators
	[FMU][FMU status:OK] fmiGetEventIndicators
	[FMU][FMU status:OK] fmiGetEventIndicators
	[FMU][FMU status:OK] fmiGetEventIndicators
	[FMU][FMU status:OK] fmiGetEventIndicators
	[FMU][FMU status:OK] fmiGetEventIndicators
	[FMU][FMU status:OK] fmiGetEventIndicators
	[FMU][FMU status:OK] fmiGetEventIndicators
	[FMU][FMU status:OK] fmiSetTime to 18.0798
	[FMU][FMU status:OK] fmiGetDerivatives
	[FMU][FMU status:OK] fmiGetDerivatives
	[FMU][FMU status:OK] fmiGetDerivatives
	[FMU][FMU status:OK] fmiGetDerivatives
	[FMU][FMU status:OK] fmiGetEventIndicators
	[FMU][FMU status:OK] fmiGetDerivatives
	[FMU][FMU status:OK] fmiGetDerivatives
	[FMU][FMU status:OK] fmiGetEventIndicators
	[FMU][FMU status:OK] fmiGetDerivatives
	[FMU][FMU status:OK] fmiGetDerivatives
	[FMU][FMU status:OK] fmiGetEventIndicators
	[FMU][FMU status:OK] fmiGetDerivatives
	[FMU][FMU status:OK] fmiGetDerivatives
	[FMU][FMU status:OK] fmiGetDerivatives
	[FMU][FMU status:OK] fmiGetDerivatives
	[FMU][FMU status:OK] fmiGetEventIndicators
	[FMU][FMU status:OK] fmiGetEventIndicators
	[FMU][FMU status:OK] fmiGetEventIndicators
	[FMU][FMU status:OK] fmiGetEventIndicators
	[FMU][FMU status:OK] fmiGetEventIndicators
	[FMU][FMU status:OK] fmiGetEventIndicators
	[FMU][FMU status:OK] fmiGetEventIndicators
	[FMU][FMU status:OK] fmiSetTime to 18.4187
	[FMU][FMU status:OK] fmiGetDerivatives
	[FMU][FMU status:OK] fmiGetDerivatives
	[FMU][FMU status:OK] fmiGetDerivatives
	[FMU][FMU status:OK] fmiGetDerivatives
	[FMU][FMU status:OK] fmiGetEventIndicators
	[FMU][FMU status:OK] fmiGetDerivatives
	[FMU][FMU status:OK] fmiGetDerivatives
	[FMU][FMU status:OK] fmiGetEventIndicators
	[FMU][FMU status:OK] fmiGetDerivatives
	[FMU][FMU status:OK] fmiGetDerivatives
	[FMU][FMU status:OK] fmiGetEventIndicators
	[FMU][FMU status:OK] fmiGetDerivatives
	[FMU][FMU status:OK] fmiGetDerivatives
	[FMU][FMU status:OK] fmiGetDerivatives
	[FMU][FMU status:OK] fmiGetDerivatives
	[FMU][FMU status:OK] fmiGetEventIndicators
	[FMU][FMU status:OK] fmiSetTime to 19
	[FMU][FMU status:OK] fmiDoStep
	[FMU][FMU status:OK] fmiGetReal: TRes = 322.414
	[FMU][FMU status:OK] fmiGetReal: heatCapacitor_T = 49.2644
	[FMU][FMU status:OK] fmiGetBoolean: switch_Controll = 1
	[FMU][FMU status:OK] fmiGetEventIndicators
	[FMU][FMU status:OK] fmiGetDerivatives
	[FMU][FMU status:OK] fmiGetEventIndicators
	[FMU][FMU status:OK] fmiGetEventIndicators
	[FMU][FMU status:OK] fmiGetEventIndicators
	[FMU][FMU status:OK] fmiGetEventIndicators
	[FMU][FMU status:OK] fmiGetEventIndicators
	[FMU][FMU status:OK] fmiGetEventIndicators
	[FMU][FMU status:OK] fmiGetEventIndicators
	[FMU][FMU status:OK] fmiGetEventIndicators
	[FMU][FMU status:OK] fmiGetEventIndicators
	[FMU][FMU status:OK] fmiGetEventIndicators
	[FMU][FMU status:OK] fmiGetEventIndicators
	[FMU][FMU status:OK] fmiSetTime to 19.0909
	[FMU][FMU status:OK] fmiGetDerivatives
	[FMU][FMU status:OK] fmiGetDerivatives
	[FMU][FMU status:OK] fmiGetDerivatives
	[FMU][FMU status:OK] fmiGetDerivatives
	[FMU][FMU status:OK] fmiGetEventIndicators
	[FMU][FMU status:OK] fmiGetDerivatives
	[FMU][FMU status:OK] fmiGetDerivatives
	[FMU][FMU status:OK] fmiGetEventIndicators
	[FMU][FMU status:OK] fmiGetDerivatives
	[FMU][FMU status:OK] fmiGetDerivatives
	[FMU][FMU status:OK] fmiGetEventIndicators
	[FMU][FMU status:OK] fmiGetDerivatives
	[FMU][FMU status:OK] fmiGetDerivatives
	[FMU][FMU status:OK] fmiGetDerivatives
	[FMU][FMU status:OK] fmiGetDerivatives
	[FMU][FMU status:OK] fmiGetEventIndicators
	[FMU][FMU status:OK] fmiGetEventIndicators
	[FMU][FMU status:OK] fmiGetEventIndicators
	[FMU][FMU status:OK] fmiGetEventIndicators
	[FMU][FMU status:OK] fmiGetEventIndicators
	[FMU][FMU status:OK] fmiGetEventIndicators
	[FMU][FMU status:OK] fmiGetEventIndicators
	[FMU][FMU status:OK] fmiSetTime to 19.4299
	[FMU][FMU status:OK] fmiGetDerivatives
	[FMU][FMU status:OK] fmiGetDerivatives
	[FMU][FMU status:OK] fmiGetDerivatives
	[FMU][FMU status:OK] fmiGetDerivatives
	[FMU][FMU status:OK] fmiGetEventIndicators
	[FMU][FMU status:OK] fmiGetDerivatives
	[FMU][FMU status:OK] fmiGetDerivatives
	[FMU][FMU status:OK] fmiGetEventIndicators
	[FMU][FMU status:OK] fmiGetDerivatives
	[FMU][FMU status:OK] fmiGetDerivatives
	[FMU][FMU status:OK] fmiGetEventIndicators
	[FMU][FMU status:OK] fmiGetDerivatives
	[FMU][FMU status:OK] fmiGetDerivatives
	[FMU][FMU status:OK] fmiGetDerivatives
	[FMU][FMU status:OK] fmiGetDerivatives
	[FMU][FMU status:OK] fmiGetEventIndicators
	[FMU][FMU status:OK] fmiSetTime to 20
	[FMU][FMU status:OK] fmiDoStep
	[FMU][FMU status:OK] fmiGetReal: TRes = 322.447
	[FMU][FMU status:OK] fmiGetReal: heatCapacitor_T = 49.297
	[FMU][FMU status:OK] fmiGetBoolean: switch_Controll = 1
	[FMU][FMU status:OK] fmiGetEventIndicators
	[FMU][FMU status:OK] fmiGetDerivatives
	[FMU][FMU status:OK] fmiGetEventIndicators
	[FMU][FMU status:OK] fmiGetEventIndicators
	[FMU][FMU status:OK] fmiGetEventIndicators
	[FMU][FMU status:OK] fmiGetEventIndicators
	[FMU][FMU status:OK] fmiGetEventIndicators
	[FMU][FMU status:OK] fmiGetEventIndicators
	[FMU][FMU status:OK] fmiGetEventIndicators
	[FMU][FMU status:OK] fmiGetEventIndicators
	[FMU][FMU status:OK] fmiGetEventIndicators
	[FMU][FMU status:OK] fmiGetEventIndicators
	[FMU][FMU status:OK] fmiGetEventIndicators
	[FMU][FMU status:OK] fmiSetTime to 20.1021
	[FMU][FMU status:OK] fmiGetDerivatives
	[FMU][FMU status:OK] fmiGetDerivatives
	[FMU][FMU status:OK] fmiGetDerivatives
	[FMU][FMU status:OK] fmiGetDerivatives
	[FMU][FMU status:OK] fmiGetEventIndicators
	[FMU][FMU status:OK] fmiGetDerivatives
	[FMU][FMU status:OK] fmiGetDerivatives
	[FMU][FMU status:OK] fmiGetEventIndicators
	[FMU][FMU status:OK] fmiGetDerivatives
	[FMU][FMU status:OK] fmiGetDerivatives
	[FMU][FMU status:OK] fmiGetEventIndicators
	[FMU][FMU status:OK] fmiGetDerivatives
	[FMU][FMU status:OK] fmiGetDerivatives
	[FMU][FMU status:OK] fmiGetDerivatives
	[FMU][FMU status:OK] fmiGetDerivatives
	[FMU][FMU status:OK] fmiGetEventIndicators
	[FMU][FMU status:OK] fmiGetEventIndicators
	[FMU][FMU status:OK] fmiGetEventIndicators
	[FMU][FMU status:OK] fmiGetEventIndicators
	[FMU][FMU status:OK] fmiGetEventIndicators
	[FMU][FMU status:OK] fmiGetEventIndicators
	[FMU][FMU status:OK] fmiGetEventIndicators
	[FMU][FMU status:OK] fmiSetTime to 20.441
	[FMU][FMU status:OK] fmiGetDerivatives
	[FMU][FMU status:OK] fmiGetDerivatives
	[FMU][FMU status:OK] fmiGetDerivatives
	[FMU][FMU status:OK] fmiGetDerivatives
	[FMU][FMU status:OK] fmiGetEventIndicators
	[FMU][FMU status:OK] fmiGetDerivatives
	[FMU][FMU status:OK] fmiGetDerivatives
	[FMU][FMU status:OK] fmiGetEventIndicators
	[FMU][FMU status:OK] fmiGetDerivatives
	[FMU][FMU status:OK] fmiGetDerivatives
	[FMU][FMU status:OK] fmiGetEventIndicators
	[FMU][FMU status:OK] fmiGetDerivatives
	[FMU][FMU status:OK] fmiGetDerivatives
	[FMU][FMU status:OK] fmiGetDerivatives
	[FMU][FMU status:OK] fmiGetDerivatives
	[FMU][FMU status:OK] fmiGetEventIndicators
	[FMU][FMU status:OK] fmiSetTime to 21
	[FMU][FMU status:OK] fmiDoStep
	[FMU][FMU status:OK] fmiGetReal: TRes = 322.48
	[FMU][FMU status:OK] fmiGetReal: heatCapacitor_T = 49.3296
	[FMU][FMU status:OK] fmiGetBoolean: switch_Controll = 1
	[FMU][FMU status:OK] fmiGetEventIndicators
	[FMU][FMU status:OK] fmiGetDerivatives
	[FMU][FMU status:OK] fmiGetEventIndicators
	[FMU][FMU status:OK] fmiGetEventIndicators
	[FMU][FMU status:OK] fmiGetEventIndicators
	[FMU][FMU status:OK] fmiGetEventIndicators
	[FMU][FMU status:OK] fmiGetEventIndicators
	[FMU][FMU status:OK] fmiGetEventIndicators
	[FMU][FMU status:OK] fmiGetEventIndicators
	[FMU][FMU status:OK] fmiGetEventIndicators
	[FMU][FMU status:OK] fmiGetEventIndicators
	[FMU][FMU status:OK] fmiGetEventIndicators
	[FMU][FMU status:OK] fmiGetEventIndicators
	[FMU][FMU status:OK] fmiSetTime to 21.1132
	[FMU][FMU status:OK] fmiGetDerivatives
	[FMU][FMU status:OK] fmiGetDerivatives
	[FMU][FMU status:OK] fmiGetDerivatives
	[FMU][FMU status:OK] fmiGetDerivatives
	[FMU][FMU status:OK] fmiGetEventIndicators
	[FMU][FMU status:OK] fmiGetDerivatives
	[FMU][FMU status:OK] fmiGetDerivatives
	[FMU][FMU status:OK] fmiGetEventIndicators
	[FMU][FMU status:OK] fmiGetDerivatives
	[FMU][FMU status:OK] fmiGetDerivatives
	[FMU][FMU status:OK] fmiGetEventIndicators
	[FMU][FMU status:OK] fmiGetDerivatives
	[FMU][FMU status:OK] fmiGetDerivatives
	[FMU][FMU status:OK] fmiGetDerivatives
	[FMU][FMU status:OK] fmiGetDerivatives
	[FMU][FMU status:OK] fmiGetEventIndicators
	[FMU][FMU status:OK] fmiGetEventIndicators
	[FMU][FMU status:OK] fmiGetEventIndicators
	[FMU][FMU status:OK] fmiGetEventIndicators
	[FMU][FMU status:OK] fmiGetEventIndicators
	[FMU][FMU status:OK] fmiGetEventIndicators
	[FMU][FMU status:OK] fmiGetEventIndicators
	[FMU][FMU status:OK] fmiSetTime to 21.4522
	[FMU][FMU status:OK] fmiGetDerivatives
	[FMU][FMU status:OK] fmiGetDerivatives
	[FMU][FMU status:OK] fmiGetDerivatives
	[FMU][FMU status:OK] fmiGetDerivatives
	[FMU][FMU status:OK] fmiGetEventIndicators
	[FMU][FMU status:OK] fmiGetDerivatives
	[FMU][FMU status:OK] fmiGetDerivatives
	[FMU][FMU status:OK] fmiGetEventIndicators
	[FMU][FMU status:OK] fmiGetDerivatives
	[FMU][FMU status:OK] fmiGetDerivatives
	[FMU][FMU status:OK] fmiGetEventIndicators
	[FMU][FMU status:OK] fmiGetDerivatives
	[FMU][FMU status:OK] fmiGetDerivatives
	[FMU][FMU status:OK] fmiGetDerivatives
	[FMU][FMU status:OK] fmiGetDerivatives
	[FMU][FMU status:OK] fmiGetEventIndicators
	[FMU][FMU status:OK] fmiSetTime to 22
	[FMU][FMU status:OK] fmiDoStep
	[FMU][FMU status:OK] fmiGetReal: TRes = 322.512
	[FMU][FMU status:OK] fmiGetReal: heatCapacitor_T = 49.3622
	[FMU][FMU status:OK] fmiGetBoolean: switch_Controll = 1
	[FMU][FMU status:OK] fmiGetEventIndicators
	[FMU][FMU status:OK] fmiGetDerivatives
	[FMU][FMU status:OK] fmiGetEventIndicators
	[FMU][FMU status:OK] fmiGetEventIndicators
	[FMU][FMU status:OK] fmiGetEventIndicators
	[FMU][FMU status:OK] fmiGetEventIndicators
	[FMU][FMU status:OK] fmiGetEventIndicators
	[FMU][FMU status:OK] fmiGetEventIndicators
	[FMU][FMU status:OK] fmiGetEventIndicators
	[FMU][FMU status:OK] fmiGetEventIndicators
	[FMU][FMU status:OK] fmiGetEventIndicators
	[FMU][FMU status:OK] fmiGetEventIndicators
	[FMU][FMU status:OK] fmiGetEventIndicators
	[FMU][FMU status:OK] fmiSetTime to 22.1244
	[FMU][FMU status:OK] fmiGetDerivatives
	[FMU][FMU status:OK] fmiGetDerivatives
	[FMU][FMU status:OK] fmiGetDerivatives
	[FMU][FMU status:OK] fmiGetDerivatives
	[FMU][FMU status:OK] fmiGetEventIndicators
	[FMU][FMU status:OK] fmiGetDerivatives
	[FMU][FMU status:OK] fmiGetDerivatives
	[FMU][FMU status:OK] fmiGetEventIndicators
	[FMU][FMU status:OK] fmiGetDerivatives
	[FMU][FMU status:OK] fmiGetDerivatives
	[FMU][FMU status:OK] fmiGetEventIndicators
	[FMU][FMU status:OK] fmiGetDerivatives
	[FMU][FMU status:OK] fmiGetDerivatives
	[FMU][FMU status:OK] fmiGetDerivatives
	[FMU][FMU status:OK] fmiGetDerivatives
	[FMU][FMU status:OK] fmiGetEventIndicators
	[FMU][FMU status:OK] fmiGetEventIndicators
	[FMU][FMU status:OK] fmiGetEventIndicators
	[FMU][FMU status:OK] fmiGetEventIndicators
	[FMU][FMU status:OK] fmiGetEventIndicators
	[FMU][FMU status:OK] fmiGetEventIndicators
	[FMU][FMU status:OK] fmiGetEventIndicators
	[FMU][FMU status:OK] fmiSetTime to 22.4633
	[FMU][FMU status:OK] fmiGetDerivatives
	[FMU][FMU status:OK] fmiGetDerivatives
	[FMU][FMU status:OK] fmiGetDerivatives
	[FMU][FMU status:OK] fmiGetDerivatives
	[FMU][FMU status:OK] fmiGetEventIndicators
	[FMU][FMU status:OK] fmiGetDerivatives
	[FMU][FMU status:OK] fmiGetDerivatives
	[FMU][FMU status:OK] fmiGetEventIndicators
	[FMU][FMU status:OK] fmiGetDerivatives
	[FMU][FMU status:OK] fmiGetDerivatives
	[FMU][FMU status:OK] fmiGetEventIndicators
	[FMU][FMU status:OK] fmiGetDerivatives
	[FMU][FMU status:OK] fmiGetDerivatives
	[FMU][FMU status:OK] fmiGetDerivatives
	[FMU][FMU status:OK] fmiGetDerivatives
	[FMU][FMU status:OK] fmiGetEventIndicators
	[FMU][FMU status:OK] fmiSetTime to 23
	[FMU][FMU status:OK] fmiDoStep
	[FMU][FMU status:OK] fmiGetReal: TRes = 322.545
	[FMU][FMU status:OK] fmiGetReal: heatCapacitor_T = 49.3949
	[FMU][FMU status:OK] fmiGetBoolean: switch_Controll = 1
	[FMU][FMU status:OK] fmiGetEventIndicators
	[FMU][FMU status:OK] fmiGetDerivatives
	[FMU][FMU status:OK] fmiGetEventIndicators
	[FMU][FMU status:OK] fmiGetEventIndicators
	[FMU][FMU status:OK] fmiGetEventIndicators
	[FMU][FMU status:OK] fmiGetEventIndicators
	[FMU][FMU status:OK] fmiGetEventIndicators
	[FMU][FMU status:OK] fmiGetEventIndicators
	[FMU][FMU status:OK] fmiGetEventIndicators
	[FMU][FMU status:OK] fmiGetEventIndicators
	[FMU][FMU status:OK] fmiGetEventIndicators
	[FMU][FMU status:OK] fmiGetEventIndicators
	[FMU][FMU status:OK] fmiGetEventIndicators
	[FMU][FMU status:OK] fmiSetTime to 23.1355
	[FMU][FMU status:OK] fmiGetDerivatives
	[FMU][FMU status:OK] fmiGetDerivatives
	[FMU][FMU status:OK] fmiGetDerivatives
	[FMU][FMU status:OK] fmiGetDerivatives
	[FMU][FMU status:OK] fmiGetEventIndicators
	[FMU][FMU status:OK] fmiGetDerivatives
	[FMU][FMU status:OK] fmiGetDerivatives
	[FMU][FMU status:OK] fmiGetEventIndicators
	[FMU][FMU status:OK] fmiGetDerivatives
	[FMU][FMU status:OK] fmiGetDerivatives
	[FMU][FMU status:OK] fmiGetEventIndicators
	[FMU][FMU status:OK] fmiGetDerivatives
	[FMU][FMU status:OK] fmiGetDerivatives
	[FMU][FMU status:OK] fmiGetDerivatives
	[FMU][FMU status:OK] fmiGetDerivatives
	[FMU][FMU status:OK] fmiGetEventIndicators
	[FMU][FMU status:OK] fmiGetEventIndicators
	[FMU][FMU status:OK] fmiGetEventIndicators
	[FMU][FMU status:OK] fmiGetEventIndicators
	[FMU][FMU status:OK] fmiGetEventIndicators
	[FMU][FMU status:OK] fmiGetEventIndicators
	[FMU][FMU status:OK] fmiGetEventIndicators
	[FMU][FMU status:OK] fmiSetTime to 23.4745
	[FMU][FMU status:OK] fmiGetDerivatives
	[FMU][FMU status:OK] fmiGetDerivatives
	[FMU][FMU status:OK] fmiGetDerivatives
	[FMU][FMU status:OK] fmiGetDerivatives
	[FMU][FMU status:OK] fmiGetEventIndicators
	[FMU][FMU status:OK] fmiGetDerivatives
	[FMU][FMU status:OK] fmiGetDerivatives
	[FMU][FMU status:OK] fmiGetEventIndicators
	[FMU][FMU status:OK] fmiGetDerivatives
	[FMU][FMU status:OK] fmiGetDerivatives
	[FMU][FMU status:OK] fmiGetEventIndicators
	[FMU][FMU status:OK] fmiGetDerivatives
	[FMU][FMU status:OK] fmiGetDerivatives
	[FMU][FMU status:OK] fmiGetDerivatives
	[FMU][FMU status:OK] fmiGetDerivatives
	[FMU][FMU status:OK] fmiGetEventIndicators
	[FMU][FMU status:OK] fmiSetTime to 24
	[FMU][FMU status:OK] fmiDoStep
	[FMU][FMU status:OK] fmiGetReal: TRes = 322.578
	[FMU][FMU status:OK] fmiGetReal: heatCapacitor_T = 49.4275
	[FMU][FMU status:OK] fmiGetBoolean: switch_Controll = 1
	[FMU][FMU status:OK] fmiGetEventIndicators
	[FMU][FMU status:OK] fmiGetDerivatives
	[FMU][FMU status:OK] fmiGetEventIndicators
	[FMU][FMU status:OK] fmiGetEventIndicators
	[FMU][FMU status:OK] fmiGetEventIndicators
	[FMU][FMU status:OK] fmiGetEventIndicators
	[FMU][FMU status:OK] fmiGetEventIndicators
	[FMU][FMU status:OK] fmiGetEventIndicators
	[FMU][FMU status:OK] fmiGetEventIndicators
	[FMU][FMU status:OK] fmiGetEventIndicators
	[FMU][FMU status:OK] fmiGetEventIndicators
	[FMU][FMU status:OK] fmiGetEventIndicators
	[FMU][FMU status:OK] fmiGetEventIndicators
	[FMU][FMU status:OK] fmiSetTime to 24.1467
	[FMU][FMU status:OK] fmiGetDerivatives
	[FMU][FMU status:OK] fmiGetDerivatives
	[FMU][FMU status:OK] fmiGetDerivatives
	[FMU][FMU status:OK] fmiGetDerivatives
	[FMU][FMU status:OK] fmiGetEventIndicators
	[FMU][FMU status:OK] fmiGetDerivatives
	[FMU][FMU status:OK] fmiGetDerivatives
	[FMU][FMU status:OK] fmiGetEventIndicators
	[FMU][FMU status:OK] fmiGetDerivatives
	[FMU][FMU status:OK] fmiGetDerivatives
	[FMU][FMU status:OK] fmiGetEventIndicators
	[FMU][FMU status:OK] fmiGetDerivatives
	[FMU][FMU status:OK] fmiGetDerivatives
	[FMU][FMU status:OK] fmiGetDerivatives
	[FMU][FMU status:OK] fmiGetDerivatives
	[FMU][FMU status:OK] fmiGetEventIndicators
	[FMU][FMU status:OK] fmiGetEventIndicators
	[FMU][FMU status:OK] fmiGetEventIndicators
	[FMU][FMU status:OK] fmiGetEventIndicators
	[FMU][FMU status:OK] fmiGetEventIndicators
	[FMU][FMU status:OK] fmiGetEventIndicators
	[FMU][FMU status:OK] fmiGetEventIndicators
	[FMU][FMU status:OK] fmiSetTime to 24.4856
	[FMU][FMU status:OK] fmiGetDerivatives
	[FMU][FMU status:OK] fmiGetDerivatives
	[FMU][FMU status:OK] fmiGetDerivatives
	[FMU][FMU status:OK] fmiGetDerivatives
	[FMU][FMU status:OK] fmiGetEventIndicators
	[FMU][FMU status:OK] fmiGetDerivatives
	[FMU][FMU status:OK] fmiGetDerivatives
	[FMU][FMU status:OK] fmiGetEventIndicators
	[FMU][FMU status:OK] fmiGetDerivatives
	[FMU][FMU status:OK] fmiGetDerivatives
	[FMU][FMU status:OK] fmiGetEventIndicators
	[FMU][FMU status:OK] fmiGetDerivatives
	[FMU][FMU status:OK] fmiGetDerivatives
	[FMU][FMU status:OK] fmiGetDerivatives
	[FMU][FMU status:OK] fmiGetDerivatives
	[FMU][FMU status:OK] fmiGetEventIndicators
	[FMU][FMU status:OK] fmiSetTime to 25
	[FMU][FMU status:OK] fmiDoStep
	[FMU][FMU status:OK] fmiGetReal: TRes = 322.61
	[FMU][FMU status:OK] fmiGetReal: heatCapacitor_T = 49.4602
	[FMU][FMU status:OK] fmiGetBoolean: switch_Controll = 1
[INFO][FMUCHK] Simulation finished successfully at time 25
	[FMU][FMU status:OK] fmiTerminateSlave...
	[FMU][FMU status:OK] Sundials CVode Statistics
    Stop time                                : 25.00 s
    Simulation time                          : 0.01 s
    Number of external steps              
	[FMU][FMU status:OK] Rejected count
    Number of external steps                 : 0
    Number of internal steps                 : 0
    Number of f function evaluations         : 0 (0.00 s)
    Nu
	[FMU][FMU status:OK] fmiTerminateSlave completed
	[FMU][FMU status:OK] fmiFreeModelInstance
FMU check summary:
FMU reported:
	0 warning(s) and error(s)
Checker reported:
	0 Warning(s)
	0 Error(s)
